ERROR - 2022-07-06 11:08:38 --> [Microsoft][ODBC Driver 17 for SQL Server][SQL Server]The query processor could not start the necessary thread resources for parallel query execution.
ERROR - 2022-07-06 11:08:38 --> [Microsoft][ODBC Driver 17 for SQL Server][SQL Server]The query processor could not start the necessary thread resources for parallel query execution.
CRITICAL - 2022-07-06 11:08:38 --> [Microsoft][ODBC Driver 17 for SQL Server][SQL Server]The query processor could not start the necessary thread resources for parallel query execution.
#0 E:\SERVER\laragon\www\api\vendor\codeigniter4\framework\system\Database\BaseConnection.php(670): CodeIgniter\Database\SQLSRV\Connection->execute('ECOMMERCE.sp_ge...')
#1 E:\SERVER\laragon\www\api\vendor\codeigniter4\framework\system\Database\BaseConnection.php(598): CodeIgniter\Database\BaseConnection->simpleQuery('ECOMMERCE.sp_ge...')
#2 E:\SERVER\laragon\www\api\app\Models\GetInformeVentaFacturador_Model.php(16): CodeIgniter\Database\BaseConnection->query('ECOMMERCE.sp_ge...', Array)
#3 E:\SERVER\laragon\www\api\app\Controllers\GetInformeVentaFacturador.php(27): App\Models\GetInformeVentaFacturador_Model->GetInformeVentaFacturador('PRUEBAPMA', 'C', NULL)
#4 E:\SERVER\laragon\www\api\vendor\codeigniter4\framework\system\CodeIgniter.php(824): App\Controllers\GetInformeVentaFacturador->index()
#5 E:\SERVER\laragon\www\api\vendor\codeigniter4\framework\system\CodeIgniter.php(410): CodeIgniter\CodeIgniter->runController(Object(App\Controllers\GetInformeVentaFacturador))
#6 E:\SERVER\laragon\www\api\vendor\codeigniter4\framework\system\CodeIgniter.php(318): CodeIgniter\CodeIgniter->handleRequest(NULL, Object(Config\Cache), false)
#7 E:\SERVER\laragon\www\api\public\index.php(41): CodeIgniter\CodeIgniter->run()
#8 {main}
CRITICAL - 2022-07-06 11:08:38 --> [Microsoft][ODBC Driver 17 for SQL Server][SQL Server]The query processor could not start the necessary thread resources for parallel query execution.
#0 E:\SERVER\laragon\www\api\vendor\codeigniter4\framework\system\Database\BaseConnection.php(670): CodeIgniter\Database\SQLSRV\Connection->execute('ECOMMERCE.sp_ge...')
#1 E:\SERVER\laragon\www\api\vendor\codeigniter4\framework\system\Database\BaseConnection.php(598): CodeIgniter\Database\BaseConnection->simpleQuery('ECOMMERCE.sp_ge...')
#2 E:\SERVER\laragon\www\api\app\Models\GetInformeVentaFacturador_Model.php(16): CodeIgniter\Database\BaseConnection->query('ECOMMERCE.sp_ge...', Array)
#3 E:\SERVER\laragon\www\api\app\Controllers\GetInformeVentaFacturador.php(27): App\Models\GetInformeVentaFacturador_Model->GetInformeVentaFacturador('PRUEBAPMA', 'D', NULL)
#4 E:\SERVER\laragon\www\api\vendor\codeigniter4\framework\system\CodeIgniter.php(824): App\Controllers\GetInformeVentaFacturador->index()
#5 E:\SERVER\laragon\www\api\vendor\codeigniter4\framework\system\CodeIgniter.php(410): CodeIgniter\CodeIgniter->runController(Object(App\Controllers\GetInformeVentaFacturador))
#6 E:\SERVER\laragon\www\api\vendor\codeigniter4\framework\system\CodeIgniter.php(318): CodeIgniter\CodeIgniter->handleRequest(NULL, Object(Config\Cache), false)
#7 E:\SERVER\laragon\www\api\public\index.php(41): CodeIgniter\CodeIgniter->run()
#8 {main}
