CRITICAL - 2022-06-02 11:52:26 --> You must set the database table to be used with your query.
#0 E:\SERVER\laragon\www\api\vendor\codeigniter4\framework\system\Model.php(545): CodeIgniter\Database\BaseConnection->table(NULL)
#1 E:\SERVER\laragon\www\api\vendor\codeigniter4\framework\system\Model.php(717): CodeIgniter\Model->builder()
#2 E:\SERVER\laragon\www\api\app\Controllers\Insertar_Pedido.php(22): CodeIgniter\Model->__call('findTipoAll', Array)
#3 E:\SERVER\laragon\www\api\vendor\codeigniter4\framework\system\CodeIgniter.php(824): App\Controllers\Insertar_Pedido->index()
#4 E:\SERVER\laragon\www\api\vendor\codeigniter4\framework\system\CodeIgniter.php(410): CodeIgniter\CodeIgniter->runController(Object(App\Controllers\Insertar_Pedido))
#5 E:\SERVER\laragon\www\api\vendor\codeigniter4\framework\system\CodeIgniter.php(318): CodeIgniter\CodeIgniter->handleRequest(NULL, Object(Config\Cache), false)
#6 E:\SERVER\laragon\www\api\public\index.php(41): CodeIgniter\CodeIgniter->run()
#7 {main}
CRITICAL - 2022-06-02 12:23:23 --> You must set the database table to be used with your query.
#0 E:\SERVER\laragon\www\api\vendor\codeigniter4\framework\system\Model.php(545): CodeIgniter\Database\BaseConnection->table(NULL)
#1 E:\SERVER\laragon\www\api\vendor\codeigniter4\framework\system\Model.php(717): CodeIgniter\Model->builder()
#2 E:\SERVER\laragon\www\api\vendor\codeigniter4\framework\system\Model.php(592): CodeIgniter\Model->__call('where', Array)
#3 E:\SERVER\laragon\www\api\vendor\codeigniter4\framework\system\BaseModel.php(655): CodeIgniter\Model->shouldUpdate(Array)
#4 E:\SERVER\laragon\www\api\app\Controllers\Insertar_Pedido.php(70): CodeIgniter\BaseModel->save(Array)
#5 E:\SERVER\laragon\www\api\vendor\codeigniter4\framework\system\CodeIgniter.php(824): App\Controllers\Insertar_Pedido->store()
#6 E:\SERVER\laragon\www\api\vendor\codeigniter4\framework\system\CodeIgniter.php(410): CodeIgniter\CodeIgniter->runController(Object(App\Controllers\Insertar_Pedido))
#7 E:\SERVER\laragon\www\api\vendor\codeigniter4\framework\system\CodeIgniter.php(318): CodeIgniter\CodeIgniter->handleRequest(NULL, Object(Config\Cache), false)
#8 E:\SERVER\laragon\www\api\public\index.php(41): CodeIgniter\CodeIgniter->run()
#9 {main}
CRITICAL - 2022-06-02 14:09:02 --> You must set the database table to be used with your query.
#0 E:\SERVER\laragon\www\api\vendor\codeigniter4\framework\system\Model.php(545): CodeIgniter\Database\BaseConnection->table(NULL)
#1 E:\SERVER\laragon\www\api\vendor\codeigniter4\framework\system\Model.php(717): CodeIgniter\Model->builder()
#2 E:\SERVER\laragon\www\api\vendor\codeigniter4\framework\system\Model.php(592): CodeIgniter\Model->__call('where', Array)
#3 E:\SERVER\laragon\www\api\vendor\codeigniter4\framework\system\BaseModel.php(655): CodeIgniter\Model->shouldUpdate(Array)
#4 E:\SERVER\laragon\www\api\app\Controllers\Insertar_Pedido.php(70): CodeIgniter\BaseModel->save(Array)
#5 E:\SERVER\laragon\www\api\vendor\codeigniter4\framework\system\CodeIgniter.php(824): App\Controllers\Insertar_Pedido->create()
#6 E:\SERVER\laragon\www\api\vendor\codeigniter4\framework\system\CodeIgniter.php(410): CodeIgniter\CodeIgniter->runController(Object(App\Controllers\Insertar_Pedido))
#7 E:\SERVER\laragon\www\api\vendor\codeigniter4\framework\system\CodeIgniter.php(318): CodeIgniter\CodeIgniter->handleRequest(NULL, Object(Config\Cache), false)
#8 E:\SERVER\laragon\www\api\public\index.php(41): CodeIgniter\CodeIgniter->run()
#9 {main}
CRITICAL - 2022-06-02 14:10:16 --> You must set the database table to be used with your query.
#0 E:\SERVER\laragon\www\api\vendor\codeigniter4\framework\system\Model.php(545): CodeIgniter\Database\BaseConnection->table(NULL)
#1 E:\SERVER\laragon\www\api\vendor\codeigniter4\framework\system\Model.php(717): CodeIgniter\Model->builder()
#2 E:\SERVER\laragon\www\api\vendor\codeigniter4\framework\system\Model.php(592): CodeIgniter\Model->__call('where', Array)
#3 E:\SERVER\laragon\www\api\vendor\codeigniter4\framework\system\BaseModel.php(655): CodeIgniter\Model->shouldUpdate(Array)
#4 E:\SERVER\laragon\www\api\app\Controllers\Insertar_Pedido.php(70): CodeIgniter\BaseModel->save(Array)
#5 E:\SERVER\laragon\www\api\vendor\codeigniter4\framework\system\CodeIgniter.php(824): App\Controllers\Insertar_Pedido->create()
#6 E:\SERVER\laragon\www\api\vendor\codeigniter4\framework\system\CodeIgniter.php(410): CodeIgniter\CodeIgniter->runController(Object(App\Controllers\Insertar_Pedido))
#7 E:\SERVER\laragon\www\api\vendor\codeigniter4\framework\system\CodeIgniter.php(318): CodeIgniter\CodeIgniter->handleRequest(NULL, Object(Config\Cache), false)
#8 E:\SERVER\laragon\www\api\public\index.php(41): CodeIgniter\CodeIgniter->run()
#9 {main}
CRITICAL - 2022-06-02 14:17:29 --> You must set the database table to be used with your query.
#0 E:\SERVER\laragon\www\api\vendor\codeigniter4\framework\system\Model.php(545): CodeIgniter\Database\BaseConnection->table(NULL)
#1 E:\SERVER\laragon\www\api\vendor\codeigniter4\framework\system\Model.php(717): CodeIgniter\Model->builder()
#2 E:\SERVER\laragon\www\api\vendor\codeigniter4\framework\system\Model.php(592): CodeIgniter\Model->__call('where', Array)
#3 E:\SERVER\laragon\www\api\vendor\codeigniter4\framework\system\BaseModel.php(655): CodeIgniter\Model->shouldUpdate(Array)
#4 E:\SERVER\laragon\www\api\app\Controllers\Insertar_Pedido.php(70): CodeIgniter\BaseModel->save(Array)
#5 E:\SERVER\laragon\www\api\vendor\codeigniter4\framework\system\CodeIgniter.php(824): App\Controllers\Insertar_Pedido->create()
#6 E:\SERVER\laragon\www\api\vendor\codeigniter4\framework\system\CodeIgniter.php(410): CodeIgniter\CodeIgniter->runController(Object(App\Controllers\Insertar_Pedido))
#7 E:\SERVER\laragon\www\api\vendor\codeigniter4\framework\system\CodeIgniter.php(318): CodeIgniter\CodeIgniter->handleRequest(NULL, Object(Config\Cache), false)
#8 E:\SERVER\laragon\www\api\public\index.php(41): CodeIgniter\CodeIgniter->run()
#9 {main}
CRITICAL - 2022-06-02 14:19:41 --> You must set the database table to be used with your query.
#0 E:\SERVER\laragon\www\api\vendor\codeigniter4\framework\system\Model.php(545): CodeIgniter\Database\BaseConnection->table(NULL)
#1 E:\SERVER\laragon\www\api\vendor\codeigniter4\framework\system\Model.php(717): CodeIgniter\Model->builder()
#2 E:\SERVER\laragon\www\api\vendor\codeigniter4\framework\system\Model.php(592): CodeIgniter\Model->__call('where', Array)
#3 E:\SERVER\laragon\www\api\vendor\codeigniter4\framework\system\BaseModel.php(655): CodeIgniter\Model->shouldUpdate(Array)
#4 E:\SERVER\laragon\www\api\app\Controllers\Insertar_Pedido.php(69): CodeIgniter\BaseModel->save(Array)
#5 E:\SERVER\laragon\www\api\vendor\codeigniter4\framework\system\CodeIgniter.php(824): App\Controllers\Insertar_Pedido->create()
#6 E:\SERVER\laragon\www\api\vendor\codeigniter4\framework\system\CodeIgniter.php(410): CodeIgniter\CodeIgniter->runController(Object(App\Controllers\Insertar_Pedido))
#7 E:\SERVER\laragon\www\api\vendor\codeigniter4\framework\system\CodeIgniter.php(318): CodeIgniter\CodeIgniter->handleRequest(NULL, Object(Config\Cache), false)
#8 E:\SERVER\laragon\www\api\public\index.php(41): CodeIgniter\CodeIgniter->run()
#9 {main}
CRITICAL - 2022-06-02 14:30:09 --> You must set the database table to be used with your query.
#0 E:\SERVER\laragon\www\api\vendor\codeigniter4\framework\system\Model.php(545): CodeIgniter\Database\BaseConnection->table(NULL)
#1 E:\SERVER\laragon\www\api\vendor\codeigniter4\framework\system\Model.php(717): CodeIgniter\Model->builder()
#2 E:\SERVER\laragon\www\api\vendor\codeigniter4\framework\system\Model.php(592): CodeIgniter\Model->__call('where', Array)
#3 E:\SERVER\laragon\www\api\vendor\codeigniter4\framework\system\BaseModel.php(655): CodeIgniter\Model->shouldUpdate(Array)
#4 E:\SERVER\laragon\www\api\app\Controllers\Insertar_Pedido.php(71): CodeIgniter\BaseModel->save(Array)
#5 E:\SERVER\laragon\www\api\vendor\codeigniter4\framework\system\CodeIgniter.php(824): App\Controllers\Insertar_Pedido->create()
#6 E:\SERVER\laragon\www\api\vendor\codeigniter4\framework\system\CodeIgniter.php(410): CodeIgniter\CodeIgniter->runController(Object(App\Controllers\Insertar_Pedido))
#7 E:\SERVER\laragon\www\api\vendor\codeigniter4\framework\system\CodeIgniter.php(318): CodeIgniter\CodeIgniter->handleRequest(NULL, Object(Config\Cache), false)
#8 E:\SERVER\laragon\www\api\public\index.php(41): CodeIgniter\CodeIgniter->run()
#9 {main}
CRITICAL - 2022-06-02 15:24:40 --> Array to string conversion
#0 E:\SERVER\laragon\www\api\app\Controllers\Insertar_Pedido.php(39): CodeIgniter\Debug\Exceptions->errorHandler(2, 'Array to string...', 'E:\\SERVER\\larag...', 39)
#1 E:\SERVER\laragon\www\api\vendor\codeigniter4\framework\system\CodeIgniter.php(824): App\Controllers\Insertar_Pedido->create()
#2 E:\SERVER\laragon\www\api\vendor\codeigniter4\framework\system\CodeIgniter.php(410): CodeIgniter\CodeIgniter->runController(Object(App\Controllers\Insertar_Pedido))
#3 E:\SERVER\laragon\www\api\vendor\codeigniter4\framework\system\CodeIgniter.php(318): CodeIgniter\CodeIgniter->handleRequest(NULL, Object(Config\Cache), false)
#4 E:\SERVER\laragon\www\api\public\index.php(41): CodeIgniter\CodeIgniter->run()
#5 {main}
CRITICAL - 2022-06-02 15:28:04 --> Array to string conversion
#0 E:\SERVER\laragon\www\api\app\Controllers\Insertar_Pedido.php(39): CodeIgniter\Debug\Exceptions->errorHandler(2, 'Array to string...', 'E:\\SERVER\\larag...', 39)
#1 E:\SERVER\laragon\www\api\vendor\codeigniter4\framework\system\CodeIgniter.php(824): App\Controllers\Insertar_Pedido->create()
#2 E:\SERVER\laragon\www\api\vendor\codeigniter4\framework\system\CodeIgniter.php(410): CodeIgniter\CodeIgniter->runController(Object(App\Controllers\Insertar_Pedido))
#3 E:\SERVER\laragon\www\api\vendor\codeigniter4\framework\system\CodeIgniter.php(318): CodeIgniter\CodeIgniter->handleRequest(NULL, Object(Config\Cache), false)
#4 E:\SERVER\laragon\www\api\public\index.php(41): CodeIgniter\CodeIgniter->run()
#5 {main}
CRITICAL - 2022-06-02 15:30:40 --> Trying to access array offset on value of type null
#0 E:\SERVER\laragon\www\api\app\Controllers\Insertar_Pedido.php(39): CodeIgniter\Debug\Exceptions->errorHandler(2, 'Trying to acces...', 'E:\\SERVER\\larag...', 39)
#1 E:\SERVER\laragon\www\api\vendor\codeigniter4\framework\system\CodeIgniter.php(824): App\Controllers\Insertar_Pedido->create()
#2 E:\SERVER\laragon\www\api\vendor\codeigniter4\framework\system\CodeIgniter.php(410): CodeIgniter\CodeIgniter->runController(Object(App\Controllers\Insertar_Pedido))
#3 E:\SERVER\laragon\www\api\vendor\codeigniter4\framework\system\CodeIgniter.php(318): CodeIgniter\CodeIgniter->handleRequest(NULL, Object(Config\Cache), false)
#4 E:\SERVER\laragon\www\api\public\index.php(41): CodeIgniter\CodeIgniter->run()
#5 {main}
CRITICAL - 2022-06-02 15:32:36 --> Trying to access array offset on value of type null
#0 E:\SERVER\laragon\www\api\app\Controllers\Insertar_Pedido.php(39): CodeIgniter\Debug\Exceptions->errorHandler(2, 'Trying to acces...', 'E:\\SERVER\\larag...', 39)
#1 E:\SERVER\laragon\www\api\vendor\codeigniter4\framework\system\CodeIgniter.php(824): App\Controllers\Insertar_Pedido->create()
#2 E:\SERVER\laragon\www\api\vendor\codeigniter4\framework\system\CodeIgniter.php(410): CodeIgniter\CodeIgniter->runController(Object(App\Controllers\Insertar_Pedido))
#3 E:\SERVER\laragon\www\api\vendor\codeigniter4\framework\system\CodeIgniter.php(318): CodeIgniter\CodeIgniter->handleRequest(NULL, Object(Config\Cache), false)
#4 E:\SERVER\laragon\www\api\public\index.php(41): CodeIgniter\CodeIgniter->run()
#5 {main}
CRITICAL - 2022-06-02 15:45:16 --> Undefined array key "user"
#0 E:\SERVER\laragon\www\api\app\Controllers\Insertar_Pedido.php(67): CodeIgniter\Debug\Exceptions->errorHandler(2, 'Undefined array...', 'E:\\SERVER\\larag...', 67)
#1 E:\SERVER\laragon\www\api\vendor\codeigniter4\framework\system\CodeIgniter.php(824): App\Controllers\Insertar_Pedido->create()
#2 E:\SERVER\laragon\www\api\vendor\codeigniter4\framework\system\CodeIgniter.php(410): CodeIgniter\CodeIgniter->runController(Object(App\Controllers\Insertar_Pedido))
#3 E:\SERVER\laragon\www\api\vendor\codeigniter4\framework\system\CodeIgniter.php(318): CodeIgniter\CodeIgniter->handleRequest(NULL, Object(Config\Cache), false)
#4 E:\SERVER\laragon\www\api\public\index.php(41): CodeIgniter\CodeIgniter->run()
#5 {main}
CRITICAL - 2022-06-02 15:52:51 --> Array to string conversion
#0 E:\SERVER\laragon\www\api\app\Controllers\Insertar_Pedido.php(66): CodeIgniter\Debug\Exceptions->errorHandler(2, 'Array to string...', 'E:\\SERVER\\larag...', 66)
#1 E:\SERVER\laragon\www\api\vendor\codeigniter4\framework\system\CodeIgniter.php(824): App\Controllers\Insertar_Pedido->create()
#2 E:\SERVER\laragon\www\api\vendor\codeigniter4\framework\system\CodeIgniter.php(410): CodeIgniter\CodeIgniter->runController(Object(App\Controllers\Insertar_Pedido))
#3 E:\SERVER\laragon\www\api\vendor\codeigniter4\framework\system\CodeIgniter.php(318): CodeIgniter\CodeIgniter->handleRequest(NULL, Object(Config\Cache), false)
#4 E:\SERVER\laragon\www\api\public\index.php(41): CodeIgniter\CodeIgniter->run()
#5 {main}
CRITICAL - 2022-06-02 15:53:43 --> Object of class CodeIgniter\HTTP\IncomingRequest could not be converted to string
#0 E:\SERVER\laragon\www\api\vendor\codeigniter4\framework\system\CodeIgniter.php(824): App\Controllers\Insertar_Pedido->create()
#1 E:\SERVER\laragon\www\api\vendor\codeigniter4\framework\system\CodeIgniter.php(410): CodeIgniter\CodeIgniter->runController(Object(App\Controllers\Insertar_Pedido))
#2 E:\SERVER\laragon\www\api\vendor\codeigniter4\framework\system\CodeIgniter.php(318): CodeIgniter\CodeIgniter->handleRequest(NULL, Object(Config\Cache), false)
#3 E:\SERVER\laragon\www\api\public\index.php(41): CodeIgniter\CodeIgniter->run()
#4 {main}
CRITICAL - 2022-06-02 15:54:14 --> Call to undefined method App\Controllers\Insertar_Pedido::getPost()
#0 E:\SERVER\laragon\www\api\vendor\codeigniter4\framework\system\CodeIgniter.php(824): App\Controllers\Insertar_Pedido->create()
#1 E:\SERVER\laragon\www\api\vendor\codeigniter4\framework\system\CodeIgniter.php(410): CodeIgniter\CodeIgniter->runController(Object(App\Controllers\Insertar_Pedido))
#2 E:\SERVER\laragon\www\api\vendor\codeigniter4\framework\system\CodeIgniter.php(318): CodeIgniter\CodeIgniter->handleRequest(NULL, Object(Config\Cache), false)
#3 E:\SERVER\laragon\www\api\public\index.php(41): CodeIgniter\CodeIgniter->run()
#4 {main}
CRITICAL - 2022-06-02 15:55:04 --> Undefined array key "user"
#0 E:\SERVER\laragon\www\api\app\Controllers\Insertar_Pedido.php(66): CodeIgniter\Debug\Exceptions->errorHandler(2, 'Undefined array...', 'E:\\SERVER\\larag...', 66)
#1 E:\SERVER\laragon\www\api\vendor\codeigniter4\framework\system\CodeIgniter.php(824): App\Controllers\Insertar_Pedido->create()
#2 E:\SERVER\laragon\www\api\vendor\codeigniter4\framework\system\CodeIgniter.php(410): CodeIgniter\CodeIgniter->runController(Object(App\Controllers\Insertar_Pedido))
#3 E:\SERVER\laragon\www\api\vendor\codeigniter4\framework\system\CodeIgniter.php(318): CodeIgniter\CodeIgniter->handleRequest(NULL, Object(Config\Cache), false)
#4 E:\SERVER\laragon\www\api\public\index.php(41): CodeIgniter\CodeIgniter->run()
#5 {main}
CRITICAL - 2022-06-02 15:57:48 --> Undefined variable $request
#0 E:\SERVER\laragon\www\api\app\Controllers\Insertar_Pedido.php(67): CodeIgniter\Debug\Exceptions->errorHandler(2, 'Undefined varia...', 'E:\\SERVER\\larag...', 67)
#1 E:\SERVER\laragon\www\api\vendor\codeigniter4\framework\system\CodeIgniter.php(824): App\Controllers\Insertar_Pedido->create()
#2 E:\SERVER\laragon\www\api\vendor\codeigniter4\framework\system\CodeIgniter.php(410): CodeIgniter\CodeIgniter->runController(Object(App\Controllers\Insertar_Pedido))
#3 E:\SERVER\laragon\www\api\vendor\codeigniter4\framework\system\CodeIgniter.php(318): CodeIgniter\CodeIgniter->handleRequest(NULL, Object(Config\Cache), false)
#4 E:\SERVER\laragon\www\api\public\index.php(41): CodeIgniter\CodeIgniter->run()
#5 {main}
CRITICAL - 2022-06-02 16:20:21 --> Array to string conversion
#0 E:\SERVER\laragon\www\api\app\Controllers\Insertar_Pedido.php(68): CodeIgniter\Debug\Exceptions->errorHandler(2, 'Array to string...', 'E:\\SERVER\\larag...', 68)
#1 E:\SERVER\laragon\www\api\vendor\codeigniter4\framework\system\CodeIgniter.php(824): App\Controllers\Insertar_Pedido->create()
#2 E:\SERVER\laragon\www\api\vendor\codeigniter4\framework\system\CodeIgniter.php(410): CodeIgniter\CodeIgniter->runController(Object(App\Controllers\Insertar_Pedido))
#3 E:\SERVER\laragon\www\api\vendor\codeigniter4\framework\system\CodeIgniter.php(318): CodeIgniter\CodeIgniter->handleRequest(NULL, Object(Config\Cache), false)
#4 E:\SERVER\laragon\www\api\public\index.php(41): CodeIgniter\CodeIgniter->run()
#5 {main}
CRITICAL - 2022-06-02 16:21:26 --> Array to string conversion
#0 E:\SERVER\laragon\www\api\app\Controllers\Insertar_Pedido.php(68): CodeIgniter\Debug\Exceptions->errorHandler(2, 'Array to string...', 'E:\\SERVER\\larag...', 68)
#1 E:\SERVER\laragon\www\api\vendor\codeigniter4\framework\system\CodeIgniter.php(824): App\Controllers\Insertar_Pedido->create()
#2 E:\SERVER\laragon\www\api\vendor\codeigniter4\framework\system\CodeIgniter.php(410): CodeIgniter\CodeIgniter->runController(Object(App\Controllers\Insertar_Pedido))
#3 E:\SERVER\laragon\www\api\vendor\codeigniter4\framework\system\CodeIgniter.php(318): CodeIgniter\CodeIgniter->handleRequest(NULL, Object(Config\Cache), false)
#4 E:\SERVER\laragon\www\api\public\index.php(41): CodeIgniter\CodeIgniter->run()
#5 {main}
CRITICAL - 2022-06-02 16:39:52 --> Undefined array key "ITEMS"
#0 E:\SERVER\laragon\www\api\app\Controllers\Insertar_Pedido.php(64): CodeIgniter\Debug\Exceptions->errorHandler(2, 'Undefined array...', 'E:\\SERVER\\larag...', 64)
#1 E:\SERVER\laragon\www\api\vendor\codeigniter4\framework\system\CodeIgniter.php(824): App\Controllers\Insertar_Pedido->create()
#2 E:\SERVER\laragon\www\api\vendor\codeigniter4\framework\system\CodeIgniter.php(410): CodeIgniter\CodeIgniter->runController(Object(App\Controllers\Insertar_Pedido))
#3 E:\SERVER\laragon\www\api\vendor\codeigniter4\framework\system\CodeIgniter.php(318): CodeIgniter\CodeIgniter->handleRequest(NULL, Object(Config\Cache), false)
#4 E:\SERVER\laragon\www\api\public\index.php(41): CodeIgniter\CodeIgniter->run()
#5 {main}
CRITICAL - 2022-06-02 16:40:56 --> Undefined array key "ITEMS"
#0 E:\SERVER\laragon\www\api\app\Controllers\Insertar_Pedido.php(64): CodeIgniter\Debug\Exceptions->errorHandler(2, 'Undefined array...', 'E:\\SERVER\\larag...', 64)
#1 E:\SERVER\laragon\www\api\vendor\codeigniter4\framework\system\CodeIgniter.php(824): App\Controllers\Insertar_Pedido->create()
#2 E:\SERVER\laragon\www\api\vendor\codeigniter4\framework\system\CodeIgniter.php(410): CodeIgniter\CodeIgniter->runController(Object(App\Controllers\Insertar_Pedido))
#3 E:\SERVER\laragon\www\api\vendor\codeigniter4\framework\system\CodeIgniter.php(318): CodeIgniter\CodeIgniter->handleRequest(NULL, Object(Config\Cache), false)
#4 E:\SERVER\laragon\www\api\public\index.php(41): CodeIgniter\CodeIgniter->run()
#5 {main}
CRITICAL - 2022-06-02 16:48:22 --> Call to undefined function App\Controllers\sp_InsertPedido_LineaEcommerce()
#0 E:\SERVER\laragon\www\api\vendor\codeigniter4\framework\system\CodeIgniter.php(824): App\Controllers\Insertar_Pedido->create()
#1 E:\SERVER\laragon\www\api\vendor\codeigniter4\framework\system\CodeIgniter.php(410): CodeIgniter\CodeIgniter->runController(Object(App\Controllers\Insertar_Pedido))
#2 E:\SERVER\laragon\www\api\vendor\codeigniter4\framework\system\CodeIgniter.php(318): CodeIgniter\CodeIgniter->handleRequest(NULL, Object(Config\Cache), false)
#3 E:\SERVER\laragon\www\api\public\index.php(41): CodeIgniter\CodeIgniter->run()
#4 {main}
CRITICAL - 2022-06-02 16:48:56 --> Undefined variable $pPedido
#0 E:\SERVER\laragon\www\api\app\Models\Pedidos_Model.php(90): CodeIgniter\Debug\Exceptions->errorHandler(2, 'Undefined varia...', 'E:\\SERVER\\larag...', 90)
#1 E:\SERVER\laragon\www\api\app\Controllers\Insertar_Pedido.php(71): App\Models\Pedidos_Model->sp_InsertPedido_LineaEcommerce(Array)
#2 E:\SERVER\laragon\www\api\vendor\codeigniter4\framework\system\CodeIgniter.php(824): App\Controllers\Insertar_Pedido->create()
#3 E:\SERVER\laragon\www\api\vendor\codeigniter4\framework\system\CodeIgniter.php(410): CodeIgniter\CodeIgniter->runController(Object(App\Controllers\Insertar_Pedido))
#4 E:\SERVER\laragon\www\api\vendor\codeigniter4\framework\system\CodeIgniter.php(318): CodeIgniter\CodeIgniter->handleRequest(NULL, Object(Config\Cache), false)
#5 E:\SERVER\laragon\www\api\public\index.php(41): CodeIgniter\CodeIgniter->run()
#6 {main}
CRITICAL - 2022-06-02 16:58:10 --> Required parameter $pUser follows optional parameter $items
#0 E:\SERVER\laragon\www\api\vendor\codeigniter4\framework\system\Autoloader\Autoloader.php(264): CodeIgniter\Debug\Exceptions->errorHandler(8192, 'Required parame...', 'E:\\SERVER\\larag...', 84)
#1 E:\SERVER\laragon\www\api\vendor\codeigniter4\framework\system\Autoloader\Autoloader.php(264): include_once()
#2 E:\SERVER\laragon\www\api\vendor\codeigniter4\framework\system\Autoloader\Autoloader.php(241): CodeIgniter\Autoloader\Autoloader->includeFile('E:\\SERVER\\larag...')
#3 E:\SERVER\laragon\www\api\vendor\codeigniter4\framework\system\Autoloader\Autoloader.php(219): CodeIgniter\Autoloader\Autoloader->loadInNamespace('App\\Models\\Pedi...')
#4 E:\SERVER\laragon\www\api\app\Controllers\ConsecutivoPedido.php(67): CodeIgniter\Autoloader\Autoloader->loadClass('App\\Models\\Pedi...')
#5 E:\SERVER\laragon\www\api\vendor\codeigniter4\framework\system\CodeIgniter.php(824): App\Controllers\ConsecutivoPedido->show('1')
#6 E:\SERVER\laragon\www\api\vendor\codeigniter4\framework\system\CodeIgniter.php(410): CodeIgniter\CodeIgniter->runController(Object(App\Controllers\ConsecutivoPedido))
#7 E:\SERVER\laragon\www\api\vendor\codeigniter4\framework\system\CodeIgniter.php(318): CodeIgniter\CodeIgniter->handleRequest(NULL, Object(Config\Cache), false)
#8 E:\SERVER\laragon\www\api\public\index.php(41): CodeIgniter\CodeIgniter->run()
#9 {main}
CRITICAL - 2022-06-02 16:58:11 --> Required parameter $pUser follows optional parameter $items
#0 E:\SERVER\laragon\www\api\vendor\codeigniter4\framework\system\Autoloader\Autoloader.php(264): CodeIgniter\Debug\Exceptions->errorHandler(8192, 'Required parame...', 'E:\\SERVER\\larag...', 84)
#1 E:\SERVER\laragon\www\api\vendor\codeigniter4\framework\system\Autoloader\Autoloader.php(264): include_once()
#2 E:\SERVER\laragon\www\api\vendor\codeigniter4\framework\system\Autoloader\Autoloader.php(241): CodeIgniter\Autoloader\Autoloader->includeFile('E:\\SERVER\\larag...')
#3 E:\SERVER\laragon\www\api\vendor\codeigniter4\framework\system\Autoloader\Autoloader.php(219): CodeIgniter\Autoloader\Autoloader->loadInNamespace('App\\Models\\Pedi...')
#4 E:\SERVER\laragon\www\api\app\Controllers\ConsecutivoPedido.php(67): CodeIgniter\Autoloader\Autoloader->loadClass('App\\Models\\Pedi...')
#5 E:\SERVER\laragon\www\api\vendor\codeigniter4\framework\system\CodeIgniter.php(824): App\Controllers\ConsecutivoPedido->show('1')
#6 E:\SERVER\laragon\www\api\vendor\codeigniter4\framework\system\CodeIgniter.php(410): CodeIgniter\CodeIgniter->runController(Object(App\Controllers\ConsecutivoPedido))
#7 E:\SERVER\laragon\www\api\vendor\codeigniter4\framework\system\CodeIgniter.php(318): CodeIgniter\CodeIgniter->handleRequest(NULL, Object(Config\Cache), false)
#8 E:\SERVER\laragon\www\api\public\index.php(41): CodeIgniter\CodeIgniter->run()
#9 {main}
CRITICAL - 2022-06-02 16:58:13 --> Required parameter $pUser follows optional parameter $items
#0 E:\SERVER\laragon\www\api\vendor\codeigniter4\framework\system\Autoloader\Autoloader.php(264): CodeIgniter\Debug\Exceptions->errorHandler(8192, 'Required parame...', 'E:\\SERVER\\larag...', 84)
#1 E:\SERVER\laragon\www\api\vendor\codeigniter4\framework\system\Autoloader\Autoloader.php(264): include_once()
#2 E:\SERVER\laragon\www\api\vendor\codeigniter4\framework\system\Autoloader\Autoloader.php(241): CodeIgniter\Autoloader\Autoloader->includeFile('E:\\SERVER\\larag...')
#3 E:\SERVER\laragon\www\api\vendor\codeigniter4\framework\system\Autoloader\Autoloader.php(219): CodeIgniter\Autoloader\Autoloader->loadInNamespace('App\\Models\\Pedi...')
#4 E:\SERVER\laragon\www\api\app\Controllers\ConsecutivoPedido.php(67): CodeIgniter\Autoloader\Autoloader->loadClass('App\\Models\\Pedi...')
#5 E:\SERVER\laragon\www\api\vendor\codeigniter4\framework\system\CodeIgniter.php(824): App\Controllers\ConsecutivoPedido->show('1')
#6 E:\SERVER\laragon\www\api\vendor\codeigniter4\framework\system\CodeIgniter.php(410): CodeIgniter\CodeIgniter->runController(Object(App\Controllers\ConsecutivoPedido))
#7 E:\SERVER\laragon\www\api\vendor\codeigniter4\framework\system\CodeIgniter.php(318): CodeIgniter\CodeIgniter->handleRequest(NULL, Object(Config\Cache), false)
#8 E:\SERVER\laragon\www\api\public\index.php(41): CodeIgniter\CodeIgniter->run()
#9 {main}
CRITICAL - 2022-06-02 17:00:11 --> Required parameter $pUser follows optional parameter $items
#0 E:\SERVER\laragon\www\api\vendor\codeigniter4\framework\system\Autoloader\Autoloader.php(264): CodeIgniter\Debug\Exceptions->errorHandler(8192, 'Required parame...', 'E:\\SERVER\\larag...', 84)
#1 E:\SERVER\laragon\www\api\vendor\codeigniter4\framework\system\Autoloader\Autoloader.php(264): include_once()
#2 E:\SERVER\laragon\www\api\vendor\codeigniter4\framework\system\Autoloader\Autoloader.php(241): CodeIgniter\Autoloader\Autoloader->includeFile('E:\\SERVER\\larag...')
#3 E:\SERVER\laragon\www\api\vendor\codeigniter4\framework\system\Autoloader\Autoloader.php(219): CodeIgniter\Autoloader\Autoloader->loadInNamespace('App\\Models\\Pedi...')
#4 E:\SERVER\laragon\www\api\app\Controllers\ConsecutivoPedido.php(67): CodeIgniter\Autoloader\Autoloader->loadClass('App\\Models\\Pedi...')
#5 E:\SERVER\laragon\www\api\vendor\codeigniter4\framework\system\CodeIgniter.php(824): App\Controllers\ConsecutivoPedido->show('1')
#6 E:\SERVER\laragon\www\api\vendor\codeigniter4\framework\system\CodeIgniter.php(410): CodeIgniter\CodeIgniter->runController(Object(App\Controllers\ConsecutivoPedido))
#7 E:\SERVER\laragon\www\api\vendor\codeigniter4\framework\system\CodeIgniter.php(318): CodeIgniter\CodeIgniter->handleRequest(NULL, Object(Config\Cache), false)
#8 E:\SERVER\laragon\www\api\public\index.php(41): CodeIgniter\CodeIgniter->run()
#9 {main}
CRITICAL - 2022-06-02 17:00:55 --> Undefined array key 1
#0 E:\SERVER\laragon\www\api\app\Models\Pedidos_Model.php(90): CodeIgniter\Debug\Exceptions->errorHandler(2, 'Undefined array...', 'E:\\SERVER\\larag...', 90)
#1 E:\SERVER\laragon\www\api\app\Controllers\Insertar_Pedido.php(71): App\Models\Pedidos_Model->sp_InsertPedido_LineaEcommerce('PBA-10003378', Array, 'PRUEBAPMA', 'B-51', '20220602')
#2 E:\SERVER\laragon\www\api\vendor\codeigniter4\framework\system\CodeIgniter.php(824): App\Controllers\Insertar_Pedido->create()
#3 E:\SERVER\laragon\www\api\vendor\codeigniter4\framework\system\CodeIgniter.php(410): CodeIgniter\CodeIgniter->runController(Object(App\Controllers\Insertar_Pedido))
#4 E:\SERVER\laragon\www\api\vendor\codeigniter4\framework\system\CodeIgniter.php(318): CodeIgniter\CodeIgniter->handleRequest(NULL, Object(Config\Cache), false)
#5 E:\SERVER\laragon\www\api\public\index.php(41): CodeIgniter\CodeIgniter->run()
#6 {main}
CRITICAL - 2022-06-02 17:02:39 --> Undefined array key 1
#0 E:\SERVER\laragon\www\api\app\Models\Pedidos_Model.php(90): CodeIgniter\Debug\Exceptions->errorHandler(2, 'Undefined array...', 'E:\\SERVER\\larag...', 90)
#1 E:\SERVER\laragon\www\api\app\Controllers\Insertar_Pedido.php(71): App\Models\Pedidos_Model->sp_InsertPedido_LineaEcommerce('PBA-10003378', Array, 'PRUEBAPMA', 'B-51', '20220602')
#2 E:\SERVER\laragon\www\api\vendor\codeigniter4\framework\system\CodeIgniter.php(824): App\Controllers\Insertar_Pedido->create()
#3 E:\SERVER\laragon\www\api\vendor\codeigniter4\framework\system\CodeIgniter.php(410): CodeIgniter\CodeIgniter->runController(Object(App\Controllers\Insertar_Pedido))
#4 E:\SERVER\laragon\www\api\vendor\codeigniter4\framework\system\CodeIgniter.php(318): CodeIgniter\CodeIgniter->handleRequest(NULL, Object(Config\Cache), false)
#5 E:\SERVER\laragon\www\api\public\index.php(41): CodeIgniter\CodeIgniter->run()
#6 {main}
CRITICAL - 2022-06-02 17:03:16 --> Attempt to read property "ARTICULO" on array
#0 E:\SERVER\laragon\www\api\app\Models\Pedidos_Model.php(90): CodeIgniter\Debug\Exceptions->errorHandler(2, 'Attempt to read...', 'E:\\SERVER\\larag...', 90)
#1 E:\SERVER\laragon\www\api\app\Controllers\Insertar_Pedido.php(71): App\Models\Pedidos_Model->sp_InsertPedido_LineaEcommerce('PBA-10003378', Array, 'PRUEBAPMA', 'B-51', '20220602')
#2 E:\SERVER\laragon\www\api\vendor\codeigniter4\framework\system\CodeIgniter.php(824): App\Controllers\Insertar_Pedido->create()
#3 E:\SERVER\laragon\www\api\vendor\codeigniter4\framework\system\CodeIgniter.php(410): CodeIgniter\CodeIgniter->runController(Object(App\Controllers\Insertar_Pedido))
#4 E:\SERVER\laragon\www\api\vendor\codeigniter4\framework\system\CodeIgniter.php(318): CodeIgniter\CodeIgniter->handleRequest(NULL, Object(Config\Cache), false)
#5 E:\SERVER\laragon\www\api\public\index.php(41): CodeIgniter\CodeIgniter->run()
#6 {main}
CRITICAL - 2022-06-02 17:05:00 --> Attempt to read property "ARTICULO" on array
#0 E:\SERVER\laragon\www\api\app\Models\Pedidos_Model.php(90): CodeIgniter\Debug\Exceptions->errorHandler(2, 'Attempt to read...', 'E:\\SERVER\\larag...', 90)
#1 E:\SERVER\laragon\www\api\app\Controllers\Insertar_Pedido.php(71): App\Models\Pedidos_Model->sp_InsertPedido_LineaEcommerce('PBA-10003378', Array, 'PRUEBAPMA', 'B-51', '20220602')
#2 E:\SERVER\laragon\www\api\vendor\codeigniter4\framework\system\CodeIgniter.php(824): App\Controllers\Insertar_Pedido->create()
#3 E:\SERVER\laragon\www\api\vendor\codeigniter4\framework\system\CodeIgniter.php(410): CodeIgniter\CodeIgniter->runController(Object(App\Controllers\Insertar_Pedido))
#4 E:\SERVER\laragon\www\api\vendor\codeigniter4\framework\system\CodeIgniter.php(318): CodeIgniter\CodeIgniter->handleRequest(NULL, Object(Config\Cache), false)
#5 E:\SERVER\laragon\www\api\public\index.php(41): CodeIgniter\CodeIgniter->run()
#6 {main}
CRITICAL - 2022-06-02 17:07:34 --> Attempt to read property "ARTICULO" on array
#0 E:\SERVER\laragon\www\api\app\Models\Pedidos_Model.php(90): CodeIgniter\Debug\Exceptions->errorHandler(2, 'Attempt to read...', 'E:\\SERVER\\larag...', 90)
#1 E:\SERVER\laragon\www\api\app\Controllers\Insertar_Pedido.php(71): App\Models\Pedidos_Model->sp_InsertPedido_LineaEcommerce('PBA-10003378', Array, 'PRUEBAPMA', 'B-51', '20220602')
#2 E:\SERVER\laragon\www\api\vendor\codeigniter4\framework\system\CodeIgniter.php(824): App\Controllers\Insertar_Pedido->create()
#3 E:\SERVER\laragon\www\api\vendor\codeigniter4\framework\system\CodeIgniter.php(410): CodeIgniter\CodeIgniter->runController(Object(App\Controllers\Insertar_Pedido))
#4 E:\SERVER\laragon\www\api\vendor\codeigniter4\framework\system\CodeIgniter.php(318): CodeIgniter\CodeIgniter->handleRequest(NULL, Object(Config\Cache), false)
#5 E:\SERVER\laragon\www\api\public\index.php(41): CodeIgniter\CodeIgniter->run()
#6 {main}
