CRITICAL - 2023-02-15 15:44:10 --> Undefined variable: pObserv
#0 /opt/lampp/htdocs/api8097/public_html/app/Models/Pedidos_Model.php(120): CodeIgniter\Debug\Exceptions->errorHandler(8, 'Undefined varia...', '/opt/lampp/htdo...', 120, Array)
#1 /opt/lampp/htdocs/api8097/public_html/app/Controllers/Insertar_Pedido.php(73): App\Models\Pedidos_Model->sp_InsertPedido_LineaEcommerce('P01-19905094', 1, 'CAMBIOPERN4X4', '15.00000000', '1.00000000', '0.00', '', 'JAIMARAN', 'B-01', '20230215', '17.000000', '1.190000', '18.190000', '2', 'C', 'A', 'Segunda observa...')
#2 /opt/lampp/htdocs/api8097/public_html/vendor/codeigniter4/framework/system/CodeIgniter.php(824): App\Controllers\Insertar_Pedido->create()
#3 /opt/lampp/htdocs/api8097/public_html/vendor/codeigniter4/framework/system/CodeIgniter.php(410): CodeIgniter\CodeIgniter->runController(Object(App\Controllers\Insertar_Pedido))
#4 /opt/lampp/htdocs/api8097/public_html/vendor/codeigniter4/framework/system/CodeIgniter.php(318): CodeIgniter\CodeIgniter->handleRequest(NULL, Object(Config\Cache), false)
#5 /opt/lampp/htdocs/api8097/public_html/public/index.php(41): CodeIgniter\CodeIgniter->run()
#6 {main}
CRITICAL - 2023-02-15 15:44:10 --> Uncaught CodeIgniter\Format\Exceptions\FormatException: Failed to parse json string, error: "Type is not supported". in /opt/lampp/htdocs/api8097/public_html/vendor/codeigniter4/framework/system/Format/JSONFormatter.php:41
Stack trace:
#0 /opt/lampp/htdocs/api8097/public_html/vendor/codeigniter4/framework/system/Format/JSONFormatter.php(41): CodeIgniter\Format\Exceptions\FormatException::forInvalidJSON('Type is not sup...')
#1 /opt/lampp/htdocs/api8097/public_html/vendor/codeigniter4/framework/system/API/ResponseTrait.php(341): CodeIgniter\Format\JSONFormatter->format(Array)
#2 /opt/lampp/htdocs/api8097/public_html/vendor/codeigniter4/framework/system/API/ResponseTrait.php(99): CodeIgniter\Debug\Exceptions->format(Array)
#3 /opt/lampp/htdocs/api8097/public_html/vendor/codeigniter4/framework/system/Debug/Exceptions.php(110): CodeIgniter\Debug\Exceptions->respond(Array, 500)
#4 [internal function]: CodeIgniter\Debug\Exceptions->exceptionHandler(Object(ErrorException))
#5 {main}
  thrown
#0 [internal function]: CodeIgniter\Debug\Exceptions->shutdownHandler()
#1 {main}
ERROR - 2023-02-15 17:33:26 --> Memory limit of 50240 KB exceeded for buffered query
