ERROR - 2022-05-04 09:11:36 --> Memory limit of 10240 KB exceeded for buffered query
CRITICAL - 2022-05-04 09:11:36 --> Call to a member function getResult() on bool
#0 E:\SERVER\laragon\www\api\app\Controllers\Cliente.php(72): App\Models\Cliente_Model->getBusquedaglobalClientes('0000029 ')
#1 E:\SERVER\laragon\www\api\vendor\codeigniter4\framework\system\CodeIgniter.php(824): App\Controllers\Cliente->show('1')
#2 E:\SERVER\laragon\www\api\vendor\codeigniter4\framework\system\CodeIgniter.php(410): CodeIgniter\CodeIgniter->runController(Object(App\Controllers\Cliente))
#3 E:\SERVER\laragon\www\api\vendor\codeigniter4\framework\system\CodeIgniter.php(318): CodeIgniter\CodeIgniter->handleRequest(NULL, Object(Config\Cache), false)
#4 E:\SERVER\laragon\www\api\public\index.php(41): CodeIgniter\CodeIgniter->run()
#5 {main}
ERROR - 2022-05-04 09:15:45 --> Memory limit of 10240 KB exceeded for buffered query
CRITICAL - 2022-05-04 09:15:45 --> Call to a member function getResult() on bool
#0 E:\SERVER\laragon\www\api\app\Controllers\Cliente.php(70): App\Models\Cliente_Model->getBusquedaglobalClientes('0000029 ')
#1 E:\SERVER\laragon\www\api\vendor\codeigniter4\framework\system\CodeIgniter.php(824): App\Controllers\Cliente->show('1')
#2 E:\SERVER\laragon\www\api\vendor\codeigniter4\framework\system\CodeIgniter.php(410): CodeIgniter\CodeIgniter->runController(Object(App\Controllers\Cliente))
#3 E:\SERVER\laragon\www\api\vendor\codeigniter4\framework\system\CodeIgniter.php(318): CodeIgniter\CodeIgniter->handleRequest(NULL, Object(Config\Cache), false)
#4 E:\SERVER\laragon\www\api\public\index.php(41): CodeIgniter\CodeIgniter->run()
#5 {main}
ERROR - 2022-05-04 09:19:17 --> Memory limit of 10240 KB exceeded for buffered query
CRITICAL - 2022-05-04 09:19:17 --> Call to a member function getResult() on bool
#0 E:\SERVER\laragon\www\api\app\Controllers\Cliente.php(70): App\Models\Cliente_Model->getBusquedaglobalClientes('0000029 ')
#1 E:\SERVER\laragon\www\api\vendor\codeigniter4\framework\system\CodeIgniter.php(824): App\Controllers\Cliente->show('1')
#2 E:\SERVER\laragon\www\api\vendor\codeigniter4\framework\system\CodeIgniter.php(410): CodeIgniter\CodeIgniter->runController(Object(App\Controllers\Cliente))
#3 E:\SERVER\laragon\www\api\vendor\codeigniter4\framework\system\CodeIgniter.php(318): CodeIgniter\CodeIgniter->handleRequest(NULL, Object(Config\Cache), false)
#4 E:\SERVER\laragon\www\api\public\index.php(41): CodeIgniter\CodeIgniter->run()
#5 {main}
ERROR - 2022-05-04 09:22:30 --> Memory limit of 10240 KB exceeded for buffered query
CRITICAL - 2022-05-04 09:22:30 --> Call to a member function getResult() on bool
#0 E:\SERVER\laragon\www\api\app\Controllers\Cliente.php(70): App\Models\Cliente_Model->getBusquedaglobalClientes('0000029 ')
#1 E:\SERVER\laragon\www\api\vendor\codeigniter4\framework\system\CodeIgniter.php(824): App\Controllers\Cliente->show('1')
#2 E:\SERVER\laragon\www\api\vendor\codeigniter4\framework\system\CodeIgniter.php(410): CodeIgniter\CodeIgniter->runController(Object(App\Controllers\Cliente))
#3 E:\SERVER\laragon\www\api\vendor\codeigniter4\framework\system\CodeIgniter.php(318): CodeIgniter\CodeIgniter->handleRequest(NULL, Object(Config\Cache), false)
#4 E:\SERVER\laragon\www\api\public\index.php(41): CodeIgniter\CodeIgniter->run()
#5 {main}
ERROR - 2022-05-04 09:32:52 --> Memory limit of 10240 KB exceeded for buffered query
CRITICAL - 2022-05-04 09:32:52 --> Call to a member function getResult() on bool
#0 E:\SERVER\laragon\www\api\app\Controllers\Cliente.php(70): App\Models\Cliente_Model->getBusquedaglobalClientes('0000029  ')
#1 E:\SERVER\laragon\www\api\vendor\codeigniter4\framework\system\CodeIgniter.php(824): App\Controllers\Cliente->show('1')
#2 E:\SERVER\laragon\www\api\vendor\codeigniter4\framework\system\CodeIgniter.php(410): CodeIgniter\CodeIgniter->runController(Object(App\Controllers\Cliente))
#3 E:\SERVER\laragon\www\api\vendor\codeigniter4\framework\system\CodeIgniter.php(318): CodeIgniter\CodeIgniter->handleRequest(NULL, Object(Config\Cache), false)
#4 E:\SERVER\laragon\www\api\public\index.php(41): CodeIgniter\CodeIgniter->run()
#5 {main}
ERROR - 2022-05-04 09:39:35 --> Memory limit of 10240 KB exceeded for buffered query
CRITICAL - 2022-05-04 09:39:35 --> Call to a member function getResult() on bool
#0 E:\SERVER\laragon\www\api\app\Controllers\Cliente.php(70): App\Models\Cliente_Model->getBusquedaglobalClientes('JUAN RAUL  ')
#1 E:\SERVER\laragon\www\api\vendor\codeigniter4\framework\system\CodeIgniter.php(824): App\Controllers\Cliente->show('1')
#2 E:\SERVER\laragon\www\api\vendor\codeigniter4\framework\system\CodeIgniter.php(410): CodeIgniter\CodeIgniter->runController(Object(App\Controllers\Cliente))
#3 E:\SERVER\laragon\www\api\vendor\codeigniter4\framework\system\CodeIgniter.php(318): CodeIgniter\CodeIgniter->handleRequest(NULL, Object(Config\Cache), false)
#4 E:\SERVER\laragon\www\api\public\index.php(41): CodeIgniter\CodeIgniter->run()
#5 {main}
ERROR - 2022-05-04 09:41:25 --> Memory limit of 10240 KB exceeded for buffered query
CRITICAL - 2022-05-04 09:41:25 --> Call to a member function getResult() on bool
#0 E:\SERVER\laragon\www\api\app\Controllers\Cliente.php(70): App\Models\Cliente_Model->getBusquedaglobalClientes('0000029 ')
#1 E:\SERVER\laragon\www\api\vendor\codeigniter4\framework\system\CodeIgniter.php(824): App\Controllers\Cliente->show('1')
#2 E:\SERVER\laragon\www\api\vendor\codeigniter4\framework\system\CodeIgniter.php(410): CodeIgniter\CodeIgniter->runController(Object(App\Controllers\Cliente))
#3 E:\SERVER\laragon\www\api\vendor\codeigniter4\framework\system\CodeIgniter.php(318): CodeIgniter\CodeIgniter->handleRequest(NULL, Object(Config\Cache), false)
#4 E:\SERVER\laragon\www\api\public\index.php(41): CodeIgniter\CodeIgniter->run()
#5 {main}
ERROR - 2022-05-04 09:41:39 --> Memory limit of 10240 KB exceeded for buffered query
CRITICAL - 2022-05-04 09:41:39 --> Call to a member function getResult() on bool
#0 E:\SERVER\laragon\www\api\app\Controllers\Cliente.php(70): App\Models\Cliente_Model->getBusquedaglobalClientes('0000029 ')
#1 E:\SERVER\laragon\www\api\vendor\codeigniter4\framework\system\CodeIgniter.php(824): App\Controllers\Cliente->show('1')
#2 E:\SERVER\laragon\www\api\vendor\codeigniter4\framework\system\CodeIgniter.php(410): CodeIgniter\CodeIgniter->runController(Object(App\Controllers\Cliente))
#3 E:\SERVER\laragon\www\api\vendor\codeigniter4\framework\system\CodeIgniter.php(318): CodeIgniter\CodeIgniter->handleRequest(NULL, Object(Config\Cache), false)
#4 E:\SERVER\laragon\www\api\public\index.php(41): CodeIgniter\CodeIgniter->run()
#5 {main}
ERROR - 2022-05-04 09:49:58 --> Memory limit of 10240 KB exceeded for buffered query
CRITICAL - 2022-05-04 09:49:58 --> Call to a member function getResult() on bool
#0 E:\SERVER\laragon\www\api\app\Controllers\Cliente.php(70): App\Models\Cliente_Model->getBusquedaglobalClientes('0029 ')
#1 E:\SERVER\laragon\www\api\vendor\codeigniter4\framework\system\CodeIgniter.php(824): App\Controllers\Cliente->show('1')
#2 E:\SERVER\laragon\www\api\vendor\codeigniter4\framework\system\CodeIgniter.php(410): CodeIgniter\CodeIgniter->runController(Object(App\Controllers\Cliente))
#3 E:\SERVER\laragon\www\api\vendor\codeigniter4\framework\system\CodeIgniter.php(318): CodeIgniter\CodeIgniter->handleRequest(NULL, Object(Config\Cache), false)
#4 E:\SERVER\laragon\www\api\public\index.php(41): CodeIgniter\CodeIgniter->run()
#5 {main}
ERROR - 2022-05-04 09:50:02 --> Memory limit of 10240 KB exceeded for buffered query
CRITICAL - 2022-05-04 09:50:02 --> Call to a member function getResult() on bool
#0 E:\SERVER\laragon\www\api\app\Controllers\Cliente.php(70): App\Models\Cliente_Model->getBusquedaglobalClientes('0029 ')
#1 E:\SERVER\laragon\www\api\vendor\codeigniter4\framework\system\CodeIgniter.php(824): App\Controllers\Cliente->show('1')
#2 E:\SERVER\laragon\www\api\vendor\codeigniter4\framework\system\CodeIgniter.php(410): CodeIgniter\CodeIgniter->runController(Object(App\Controllers\Cliente))
#3 E:\SERVER\laragon\www\api\vendor\codeigniter4\framework\system\CodeIgniter.php(318): CodeIgniter\CodeIgniter->handleRequest(NULL, Object(Config\Cache), false)
#4 E:\SERVER\laragon\www\api\public\index.php(41): CodeIgniter\CodeIgniter->run()
#5 {main}
ERROR - 2022-05-04 09:50:38 --> Memory limit of 10240 KB exceeded for buffered query
CRITICAL - 2022-05-04 09:50:38 --> Call to a member function getResult() on bool
#0 E:\SERVER\laragon\www\api\app\Controllers\Cliente.php(70): App\Models\Cliente_Model->getBusquedaglobalClientes('0029 ')
#1 E:\SERVER\laragon\www\api\vendor\codeigniter4\framework\system\CodeIgniter.php(824): App\Controllers\Cliente->show('1')
#2 E:\SERVER\laragon\www\api\vendor\codeigniter4\framework\system\CodeIgniter.php(410): CodeIgniter\CodeIgniter->runController(Object(App\Controllers\Cliente))
#3 E:\SERVER\laragon\www\api\vendor\codeigniter4\framework\system\CodeIgniter.php(318): CodeIgniter\CodeIgniter->handleRequest(NULL, Object(Config\Cache), false)
#4 E:\SERVER\laragon\www\api\public\index.php(41): CodeIgniter\CodeIgniter->run()
#5 {main}
ERROR - 2022-05-04 09:51:11 --> [Microsoft][ODBC Driver 17 for SQL Server][SQL Server]Incorrect syntax near '.'.
CRITICAL - 2022-05-04 09:51:11 --> Call to a member function getResult() on bool
#0 E:\SERVER\laragon\www\api\app\Controllers\Cliente.php(70): App\Models\Cliente_Model->getBusquedaglobalClientes('0029 ')
#1 E:\SERVER\laragon\www\api\vendor\codeigniter4\framework\system\CodeIgniter.php(824): App\Controllers\Cliente->show('1')
#2 E:\SERVER\laragon\www\api\vendor\codeigniter4\framework\system\CodeIgniter.php(410): CodeIgniter\CodeIgniter->runController(Object(App\Controllers\Cliente))
#3 E:\SERVER\laragon\www\api\vendor\codeigniter4\framework\system\CodeIgniter.php(318): CodeIgniter\CodeIgniter->handleRequest(NULL, Object(Config\Cache), false)
#4 E:\SERVER\laragon\www\api\public\index.php(41): CodeIgniter\CodeIgniter->run()
#5 {main}
ERROR - 2022-05-04 09:51:40 --> [Microsoft][ODBC Driver 17 for SQL Server][SQL Server]Incorrect syntax near '.'.
CRITICAL - 2022-05-04 09:51:40 --> Call to a member function getResult() on bool
#0 E:\SERVER\laragon\www\api\app\Controllers\Cliente.php(70): App\Models\Cliente_Model->getBusquedaglobalClientes('0029 ')
#1 E:\SERVER\laragon\www\api\vendor\codeigniter4\framework\system\CodeIgniter.php(824): App\Controllers\Cliente->show('1')
#2 E:\SERVER\laragon\www\api\vendor\codeigniter4\framework\system\CodeIgniter.php(410): CodeIgniter\CodeIgniter->runController(Object(App\Controllers\Cliente))
#3 E:\SERVER\laragon\www\api\vendor\codeigniter4\framework\system\CodeIgniter.php(318): CodeIgniter\CodeIgniter->handleRequest(NULL, Object(Config\Cache), false)
#4 E:\SERVER\laragon\www\api\public\index.php(41): CodeIgniter\CodeIgniter->run()
#5 {main}
ERROR - 2022-05-04 09:52:24 --> Memory limit of 10240 KB exceeded for buffered query
CRITICAL - 2022-05-04 09:52:24 --> Call to a member function getResult() on bool
#0 E:\SERVER\laragon\www\api\app\Controllers\Cliente.php(70): App\Models\Cliente_Model->getBusquedaglobalClientes('0029 ')
#1 E:\SERVER\laragon\www\api\vendor\codeigniter4\framework\system\CodeIgniter.php(824): App\Controllers\Cliente->show('1')
#2 E:\SERVER\laragon\www\api\vendor\codeigniter4\framework\system\CodeIgniter.php(410): CodeIgniter\CodeIgniter->runController(Object(App\Controllers\Cliente))
#3 E:\SERVER\laragon\www\api\vendor\codeigniter4\framework\system\CodeIgniter.php(318): CodeIgniter\CodeIgniter->handleRequest(NULL, Object(Config\Cache), false)
#4 E:\SERVER\laragon\www\api\public\index.php(41): CodeIgniter\CodeIgniter->run()
#5 {main}
ERROR - 2022-05-04 09:52:43 --> Memory limit of 10240 KB exceeded for buffered query
CRITICAL - 2022-05-04 09:52:43 --> Call to a member function getResult() on bool
#0 E:\SERVER\laragon\www\api\app\Controllers\Cliente.php(70): App\Models\Cliente_Model->getBusquedaglobalClientes('0029 ')
#1 E:\SERVER\laragon\www\api\vendor\codeigniter4\framework\system\CodeIgniter.php(824): App\Controllers\Cliente->show('1')
#2 E:\SERVER\laragon\www\api\vendor\codeigniter4\framework\system\CodeIgniter.php(410): CodeIgniter\CodeIgniter->runController(Object(App\Controllers\Cliente))
#3 E:\SERVER\laragon\www\api\vendor\codeigniter4\framework\system\CodeIgniter.php(318): CodeIgniter\CodeIgniter->handleRequest(NULL, Object(Config\Cache), false)
#4 E:\SERVER\laragon\www\api\public\index.php(41): CodeIgniter\CodeIgniter->run()
#5 {main}
ERROR - 2022-05-04 09:53:09 --> Memory limit of 10240 KB exceeded for buffered query
CRITICAL - 2022-05-04 09:53:09 --> Call to a member function getResult() on bool
#0 E:\SERVER\laragon\www\api\app\Controllers\Cliente.php(70): App\Models\Cliente_Model->getBusquedaglobalClientes('29 ')
#1 E:\SERVER\laragon\www\api\vendor\codeigniter4\framework\system\CodeIgniter.php(824): App\Controllers\Cliente->show('1')
#2 E:\SERVER\laragon\www\api\vendor\codeigniter4\framework\system\CodeIgniter.php(410): CodeIgniter\CodeIgniter->runController(Object(App\Controllers\Cliente))
#3 E:\SERVER\laragon\www\api\vendor\codeigniter4\framework\system\CodeIgniter.php(318): CodeIgniter\CodeIgniter->handleRequest(NULL, Object(Config\Cache), false)
#4 E:\SERVER\laragon\www\api\public\index.php(41): CodeIgniter\CodeIgniter->run()
#5 {main}
ERROR - 2022-05-04 10:00:08 --> Memory limit of 10240 KB exceeded for buffered query
CRITICAL - 2022-05-04 10:00:08 --> Call to a member function getResult() on bool
#0 E:\SERVER\laragon\www\api\app\Controllers\Cliente.php(70): App\Models\Cliente_Model->getBusquedaglobalClientes('29 ')
#1 E:\SERVER\laragon\www\api\vendor\codeigniter4\framework\system\CodeIgniter.php(824): App\Controllers\Cliente->show('1')
#2 E:\SERVER\laragon\www\api\vendor\codeigniter4\framework\system\CodeIgniter.php(410): CodeIgniter\CodeIgniter->runController(Object(App\Controllers\Cliente))
#3 E:\SERVER\laragon\www\api\vendor\codeigniter4\framework\system\CodeIgniter.php(318): CodeIgniter\CodeIgniter->handleRequest(NULL, Object(Config\Cache), false)
#4 E:\SERVER\laragon\www\api\public\index.php(41): CodeIgniter\CodeIgniter->run()
#5 {main}
ERROR - 2022-05-04 10:01:56 --> Memory limit of 10240 KB exceeded for buffered query
CRITICAL - 2022-05-04 10:01:56 --> Call to a member function getResult() on bool
#0 E:\SERVER\laragon\www\api\app\Controllers\Cliente.php(70): App\Models\Cliente_Model->getBusquedaglobalClientes('0029 ')
#1 E:\SERVER\laragon\www\api\vendor\codeigniter4\framework\system\CodeIgniter.php(824): App\Controllers\Cliente->show('1')
#2 E:\SERVER\laragon\www\api\vendor\codeigniter4\framework\system\CodeIgniter.php(410): CodeIgniter\CodeIgniter->runController(Object(App\Controllers\Cliente))
#3 E:\SERVER\laragon\www\api\vendor\codeigniter4\framework\system\CodeIgniter.php(318): CodeIgniter\CodeIgniter->handleRequest(NULL, Object(Config\Cache), false)
#4 E:\SERVER\laragon\www\api\public\index.php(41): CodeIgniter\CodeIgniter->run()
#5 {main}
ERROR - 2022-05-04 10:01:58 --> Memory limit of 10240 KB exceeded for buffered query
CRITICAL - 2022-05-04 10:01:58 --> Call to a member function getResult() on bool
#0 E:\SERVER\laragon\www\api\app\Controllers\Cliente.php(70): App\Models\Cliente_Model->getBusquedaglobalClientes('0029 ')
#1 E:\SERVER\laragon\www\api\vendor\codeigniter4\framework\system\CodeIgniter.php(824): App\Controllers\Cliente->show('1')
#2 E:\SERVER\laragon\www\api\vendor\codeigniter4\framework\system\CodeIgniter.php(410): CodeIgniter\CodeIgniter->runController(Object(App\Controllers\Cliente))
#3 E:\SERVER\laragon\www\api\vendor\codeigniter4\framework\system\CodeIgniter.php(318): CodeIgniter\CodeIgniter->handleRequest(NULL, Object(Config\Cache), false)
#4 E:\SERVER\laragon\www\api\public\index.php(41): CodeIgniter\CodeIgniter->run()
#5 {main}
ERROR - 2022-05-04 10:02:29 --> Memory limit of 10240 KB exceeded for buffered query
CRITICAL - 2022-05-04 10:02:29 --> Call to a member function getResult() on bool
#0 E:\SERVER\laragon\www\api\app\Controllers\Cliente.php(70): App\Models\Cliente_Model->getBusquedaglobalClientes('000029 ')
#1 E:\SERVER\laragon\www\api\vendor\codeigniter4\framework\system\CodeIgniter.php(824): App\Controllers\Cliente->show('1')
#2 E:\SERVER\laragon\www\api\vendor\codeigniter4\framework\system\CodeIgniter.php(410): CodeIgniter\CodeIgniter->runController(Object(App\Controllers\Cliente))
#3 E:\SERVER\laragon\www\api\vendor\codeigniter4\framework\system\CodeIgniter.php(318): CodeIgniter\CodeIgniter->handleRequest(NULL, Object(Config\Cache), false)
#4 E:\SERVER\laragon\www\api\public\index.php(41): CodeIgniter\CodeIgniter->run()
#5 {main}
ERROR - 2022-05-04 10:02:31 --> Memory limit of 10240 KB exceeded for buffered query
CRITICAL - 2022-05-04 10:02:31 --> Call to a member function getResult() on bool
#0 E:\SERVER\laragon\www\api\app\Controllers\Cliente.php(70): App\Models\Cliente_Model->getBusquedaglobalClientes('000029 ')
#1 E:\SERVER\laragon\www\api\vendor\codeigniter4\framework\system\CodeIgniter.php(824): App\Controllers\Cliente->show('1')
#2 E:\SERVER\laragon\www\api\vendor\codeigniter4\framework\system\CodeIgniter.php(410): CodeIgniter\CodeIgniter->runController(Object(App\Controllers\Cliente))
#3 E:\SERVER\laragon\www\api\vendor\codeigniter4\framework\system\CodeIgniter.php(318): CodeIgniter\CodeIgniter->handleRequest(NULL, Object(Config\Cache), false)
#4 E:\SERVER\laragon\www\api\public\index.php(41): CodeIgniter\CodeIgniter->run()
#5 {main}
ERROR - 2022-05-04 10:05:40 --> Memory limit of 10240 KB exceeded for buffered query
CRITICAL - 2022-05-04 10:05:40 --> Call to a member function getResult() on bool
#0 E:\SERVER\laragon\www\api\app\Controllers\Cliente.php(70): App\Models\Cliente_Model->getBusquedaglobalClientes('000029 ')
#1 E:\SERVER\laragon\www\api\vendor\codeigniter4\framework\system\CodeIgniter.php(824): App\Controllers\Cliente->show('1')
#2 E:\SERVER\laragon\www\api\vendor\codeigniter4\framework\system\CodeIgniter.php(410): CodeIgniter\CodeIgniter->runController(Object(App\Controllers\Cliente))
#3 E:\SERVER\laragon\www\api\vendor\codeigniter4\framework\system\CodeIgniter.php(318): CodeIgniter\CodeIgniter->handleRequest(NULL, Object(Config\Cache), false)
#4 E:\SERVER\laragon\www\api\public\index.php(41): CodeIgniter\CodeIgniter->run()
#5 {main}
ERROR - 2022-05-04 10:08:14 --> Memory limit of 10240 KB exceeded for buffered query
CRITICAL - 2022-05-04 10:08:14 --> Call to a member function getResult() on bool
#0 E:\SERVER\laragon\www\api\app\Controllers\Cliente.php(70): App\Models\Cliente_Model->getBusquedaglobalClientes('000029 ')
#1 E:\SERVER\laragon\www\api\vendor\codeigniter4\framework\system\CodeIgniter.php(824): App\Controllers\Cliente->show('1')
#2 E:\SERVER\laragon\www\api\vendor\codeigniter4\framework\system\CodeIgniter.php(410): CodeIgniter\CodeIgniter->runController(Object(App\Controllers\Cliente))
#3 E:\SERVER\laragon\www\api\vendor\codeigniter4\framework\system\CodeIgniter.php(318): CodeIgniter\CodeIgniter->handleRequest(NULL, Object(Config\Cache), false)
#4 E:\SERVER\laragon\www\api\public\index.php(41): CodeIgniter\CodeIgniter->run()
#5 {main}
ERROR - 2022-05-04 10:10:03 --> Memory limit of 10240 KB exceeded for buffered query
CRITICAL - 2022-05-04 10:10:03 --> Call to a member function getResult() on bool
#0 E:\SERVER\laragon\www\api\app\Controllers\Cliente.php(70): App\Models\Cliente_Model->getBusquedaglobalClientes('000029 ')
#1 E:\SERVER\laragon\www\api\vendor\codeigniter4\framework\system\CodeIgniter.php(824): App\Controllers\Cliente->show('1')
#2 E:\SERVER\laragon\www\api\vendor\codeigniter4\framework\system\CodeIgniter.php(410): CodeIgniter\CodeIgniter->runController(Object(App\Controllers\Cliente))
#3 E:\SERVER\laragon\www\api\vendor\codeigniter4\framework\system\CodeIgniter.php(318): CodeIgniter\CodeIgniter->handleRequest(NULL, Object(Config\Cache), false)
#4 E:\SERVER\laragon\www\api\public\index.php(41): CodeIgniter\CodeIgniter->run()
#5 {main}
ERROR - 2022-05-04 10:10:06 --> Memory limit of 10240 KB exceeded for buffered query
CRITICAL - 2022-05-04 10:10:06 --> Call to a member function getResult() on bool
#0 E:\SERVER\laragon\www\api\app\Controllers\Cliente.php(70): App\Models\Cliente_Model->getBusquedaglobalClientes('000029 ')
#1 E:\SERVER\laragon\www\api\vendor\codeigniter4\framework\system\CodeIgniter.php(824): App\Controllers\Cliente->show('1')
#2 E:\SERVER\laragon\www\api\vendor\codeigniter4\framework\system\CodeIgniter.php(410): CodeIgniter\CodeIgniter->runController(Object(App\Controllers\Cliente))
#3 E:\SERVER\laragon\www\api\vendor\codeigniter4\framework\system\CodeIgniter.php(318): CodeIgniter\CodeIgniter->handleRequest(NULL, Object(Config\Cache), false)
#4 E:\SERVER\laragon\www\api\public\index.php(41): CodeIgniter\CodeIgniter->run()
#5 {main}
CRITICAL - 2022-05-04 10:10:32 --> Unclosed '{' on line 6
#0 E:\SERVER\laragon\www\api\vendor\codeigniter4\framework\system\Autoloader\Autoloader.php(241): CodeIgniter\Autoloader\Autoloader->includeFile('E:\\SERVER\\larag...')
#1 E:\SERVER\laragon\www\api\vendor\codeigniter4\framework\system\Autoloader\Autoloader.php(219): CodeIgniter\Autoloader\Autoloader->loadInNamespace('App\\Models\\Clie...')
#2 E:\SERVER\laragon\www\api\app\Controllers\Cliente.php(66): CodeIgniter\Autoloader\Autoloader->loadClass('App\\Models\\Clie...')
#3 E:\SERVER\laragon\www\api\vendor\codeigniter4\framework\system\CodeIgniter.php(824): App\Controllers\Cliente->show('1')
#4 E:\SERVER\laragon\www\api\vendor\codeigniter4\framework\system\CodeIgniter.php(410): CodeIgniter\CodeIgniter->runController(Object(App\Controllers\Cliente))
#5 E:\SERVER\laragon\www\api\vendor\codeigniter4\framework\system\CodeIgniter.php(318): CodeIgniter\CodeIgniter->handleRequest(NULL, Object(Config\Cache), false)
#6 E:\SERVER\laragon\www\api\public\index.php(41): CodeIgniter\CodeIgniter->run()
#7 {main}
ERROR - 2022-05-04 10:10:56 --> Memory limit of 10240 KB exceeded for buffered query
CRITICAL - 2022-05-04 10:10:56 --> Call to a member function getResult() on bool
#0 E:\SERVER\laragon\www\api\app\Controllers\Cliente.php(70): App\Models\Cliente_Model->getBusquedaglobalClientes('000029 ')
#1 E:\SERVER\laragon\www\api\vendor\codeigniter4\framework\system\CodeIgniter.php(824): App\Controllers\Cliente->show('1')
#2 E:\SERVER\laragon\www\api\vendor\codeigniter4\framework\system\CodeIgniter.php(410): CodeIgniter\CodeIgniter->runController(Object(App\Controllers\Cliente))
#3 E:\SERVER\laragon\www\api\vendor\codeigniter4\framework\system\CodeIgniter.php(318): CodeIgniter\CodeIgniter->handleRequest(NULL, Object(Config\Cache), false)
#4 E:\SERVER\laragon\www\api\public\index.php(41): CodeIgniter\CodeIgniter->run()
#5 {main}
ERROR - 2022-05-04 10:11:40 --> Memory limit of 10240 KB exceeded for buffered query
CRITICAL - 2022-05-04 10:11:40 --> Call to a member function getResult() on bool
#0 E:\SERVER\laragon\www\api\app\Controllers\Cliente.php(70): App\Models\Cliente_Model->getBusquedaglobalClientes('000029 ')
#1 E:\SERVER\laragon\www\api\vendor\codeigniter4\framework\system\CodeIgniter.php(824): App\Controllers\Cliente->show('1')
#2 E:\SERVER\laragon\www\api\vendor\codeigniter4\framework\system\CodeIgniter.php(410): CodeIgniter\CodeIgniter->runController(Object(App\Controllers\Cliente))
#3 E:\SERVER\laragon\www\api\vendor\codeigniter4\framework\system\CodeIgniter.php(318): CodeIgniter\CodeIgniter->handleRequest(NULL, Object(Config\Cache), false)
#4 E:\SERVER\laragon\www\api\public\index.php(41): CodeIgniter\CodeIgniter->run()
#5 {main}
ERROR - 2022-05-04 10:14:19 --> Memory limit of 10240 KB exceeded for buffered query
CRITICAL - 2022-05-04 10:14:19 --> Call to a member function getResult() on bool
#0 E:\SERVER\laragon\www\api\app\Controllers\Cliente.php(70): App\Models\Cliente_Model->getBusquedaglobalClientes('000029 ')
#1 E:\SERVER\laragon\www\api\vendor\codeigniter4\framework\system\CodeIgniter.php(824): App\Controllers\Cliente->show('1')
#2 E:\SERVER\laragon\www\api\vendor\codeigniter4\framework\system\CodeIgniter.php(410): CodeIgniter\CodeIgniter->runController(Object(App\Controllers\Cliente))
#3 E:\SERVER\laragon\www\api\vendor\codeigniter4\framework\system\CodeIgniter.php(318): CodeIgniter\CodeIgniter->handleRequest(NULL, Object(Config\Cache), false)
#4 E:\SERVER\laragon\www\api\public\index.php(41): CodeIgniter\CodeIgniter->run()
#5 {main}
ERROR - 2022-05-04 10:14:24 --> Memory limit of 10240 KB exceeded for buffered query
CRITICAL - 2022-05-04 10:14:24 --> Call to a member function getResult() on bool
#0 E:\SERVER\laragon\www\api\app\Controllers\Cliente.php(70): App\Models\Cliente_Model->getBusquedaglobalClientes('000029 ')
#1 E:\SERVER\laragon\www\api\vendor\codeigniter4\framework\system\CodeIgniter.php(824): App\Controllers\Cliente->show('1')
#2 E:\SERVER\laragon\www\api\vendor\codeigniter4\framework\system\CodeIgniter.php(410): CodeIgniter\CodeIgniter->runController(Object(App\Controllers\Cliente))
#3 E:\SERVER\laragon\www\api\vendor\codeigniter4\framework\system\CodeIgniter.php(318): CodeIgniter\CodeIgniter->handleRequest(NULL, Object(Config\Cache), false)
#4 E:\SERVER\laragon\www\api\public\index.php(41): CodeIgniter\CodeIgniter->run()
#5 {main}
ERROR - 2022-05-04 10:15:14 --> Memory limit of 10240 KB exceeded for buffered query
CRITICAL - 2022-05-04 10:15:14 --> Call to a member function getResult() on bool
#0 E:\SERVER\laragon\www\api\app\Controllers\Cliente.php(70): App\Models\Cliente_Model->getBusquedaglobalClientes('0000029  ')
#1 E:\SERVER\laragon\www\api\vendor\codeigniter4\framework\system\CodeIgniter.php(824): App\Controllers\Cliente->show('1')
#2 E:\SERVER\laragon\www\api\vendor\codeigniter4\framework\system\CodeIgniter.php(410): CodeIgniter\CodeIgniter->runController(Object(App\Controllers\Cliente))
#3 E:\SERVER\laragon\www\api\vendor\codeigniter4\framework\system\CodeIgniter.php(318): CodeIgniter\CodeIgniter->handleRequest(NULL, Object(Config\Cache), false)
#4 E:\SERVER\laragon\www\api\public\index.php(41): CodeIgniter\CodeIgniter->run()
#5 {main}
ERROR - 2022-05-04 10:16:55 --> Memory limit of 10240 KB exceeded for buffered query
CRITICAL - 2022-05-04 10:16:55 --> Call to a member function getResult() on bool
#0 E:\SERVER\laragon\www\api\app\Controllers\Cliente.php(70): App\Models\Cliente_Model->getBusquedaglobalClientes('0000029  ')
#1 E:\SERVER\laragon\www\api\vendor\codeigniter4\framework\system\CodeIgniter.php(824): App\Controllers\Cliente->show('1')
#2 E:\SERVER\laragon\www\api\vendor\codeigniter4\framework\system\CodeIgniter.php(410): CodeIgniter\CodeIgniter->runController(Object(App\Controllers\Cliente))
#3 E:\SERVER\laragon\www\api\vendor\codeigniter4\framework\system\CodeIgniter.php(318): CodeIgniter\CodeIgniter->handleRequest(NULL, Object(Config\Cache), false)
#4 E:\SERVER\laragon\www\api\public\index.php(41): CodeIgniter\CodeIgniter->run()
#5 {main}
ERROR - 2022-05-04 10:17:06 --> Memory limit of 10240 KB exceeded for buffered query
CRITICAL - 2022-05-04 10:17:06 --> Call to a member function getResult() on bool
#0 E:\SERVER\laragon\www\api\app\Controllers\Cliente.php(70): App\Models\Cliente_Model->getBusquedaglobalClientes('000029 ')
#1 E:\SERVER\laragon\www\api\vendor\codeigniter4\framework\system\CodeIgniter.php(824): App\Controllers\Cliente->show('1')
#2 E:\SERVER\laragon\www\api\vendor\codeigniter4\framework\system\CodeIgniter.php(410): CodeIgniter\CodeIgniter->runController(Object(App\Controllers\Cliente))
#3 E:\SERVER\laragon\www\api\vendor\codeigniter4\framework\system\CodeIgniter.php(318): CodeIgniter\CodeIgniter->handleRequest(NULL, Object(Config\Cache), false)
#4 E:\SERVER\laragon\www\api\public\index.php(41): CodeIgniter\CodeIgniter->run()
#5 {main}
ERROR - 2022-05-04 10:18:51 --> Memory limit of 10240 KB exceeded for buffered query
CRITICAL - 2022-05-04 10:18:51 --> Call to a member function getResult() on bool
#0 E:\SERVER\laragon\www\api\app\Controllers\Cliente.php(70): App\Models\Cliente_Model->getBusquedaglobalClientes('00029 ')
#1 E:\SERVER\laragon\www\api\vendor\codeigniter4\framework\system\CodeIgniter.php(824): App\Controllers\Cliente->show('1')
#2 E:\SERVER\laragon\www\api\vendor\codeigniter4\framework\system\CodeIgniter.php(410): CodeIgniter\CodeIgniter->runController(Object(App\Controllers\Cliente))
#3 E:\SERVER\laragon\www\api\vendor\codeigniter4\framework\system\CodeIgniter.php(318): CodeIgniter\CodeIgniter->handleRequest(NULL, Object(Config\Cache), false)
#4 E:\SERVER\laragon\www\api\public\index.php(41): CodeIgniter\CodeIgniter->run()
#5 {main}
ERROR - 2022-05-04 10:19:02 --> Memory limit of 10240 KB exceeded for buffered query
CRITICAL - 2022-05-04 10:19:02 --> Call to a member function getResult() on bool
#0 E:\SERVER\laragon\www\api\app\Controllers\Cliente.php(70): App\Models\Cliente_Model->getBusquedaglobalClientes('29 ')
#1 E:\SERVER\laragon\www\api\vendor\codeigniter4\framework\system\CodeIgniter.php(824): App\Controllers\Cliente->show('1')
#2 E:\SERVER\laragon\www\api\vendor\codeigniter4\framework\system\CodeIgniter.php(410): CodeIgniter\CodeIgniter->runController(Object(App\Controllers\Cliente))
#3 E:\SERVER\laragon\www\api\vendor\codeigniter4\framework\system\CodeIgniter.php(318): CodeIgniter\CodeIgniter->handleRequest(NULL, Object(Config\Cache), false)
#4 E:\SERVER\laragon\www\api\public\index.php(41): CodeIgniter\CodeIgniter->run()
#5 {main}
ERROR - 2022-05-04 10:19:27 --> Memory limit of 10240 KB exceeded for buffered query
CRITICAL - 2022-05-04 10:19:27 --> Call to a member function getResult() on bool
#0 E:\SERVER\laragon\www\api\app\Controllers\Cliente.php(70): App\Models\Cliente_Model->getBusquedaglobalClientes('0000029 ')
#1 E:\SERVER\laragon\www\api\vendor\codeigniter4\framework\system\CodeIgniter.php(824): App\Controllers\Cliente->show('1')
#2 E:\SERVER\laragon\www\api\vendor\codeigniter4\framework\system\CodeIgniter.php(410): CodeIgniter\CodeIgniter->runController(Object(App\Controllers\Cliente))
#3 E:\SERVER\laragon\www\api\vendor\codeigniter4\framework\system\CodeIgniter.php(318): CodeIgniter\CodeIgniter->handleRequest(NULL, Object(Config\Cache), false)
#4 E:\SERVER\laragon\www\api\public\index.php(41): CodeIgniter\CodeIgniter->run()
#5 {main}
ERROR - 2022-05-04 10:19:37 --> Memory limit of 10240 KB exceeded for buffered query
CRITICAL - 2022-05-04 10:19:37 --> Call to a member function getResult() on bool
#0 E:\SERVER\laragon\www\api\app\Controllers\Cliente.php(70): App\Models\Cliente_Model->getBusquedaglobalClientes('0000029 ')
#1 E:\SERVER\laragon\www\api\vendor\codeigniter4\framework\system\CodeIgniter.php(824): App\Controllers\Cliente->show('1')
#2 E:\SERVER\laragon\www\api\vendor\codeigniter4\framework\system\CodeIgniter.php(410): CodeIgniter\CodeIgniter->runController(Object(App\Controllers\Cliente))
#3 E:\SERVER\laragon\www\api\vendor\codeigniter4\framework\system\CodeIgniter.php(318): CodeIgniter\CodeIgniter->handleRequest(NULL, Object(Config\Cache), false)
#4 E:\SERVER\laragon\www\api\public\index.php(41): CodeIgniter\CodeIgniter->run()
#5 {main}
ERROR - 2022-05-04 10:19:44 --> Memory limit of 10240 KB exceeded for buffered query
CRITICAL - 2022-05-04 10:19:44 --> Call to a member function getResult() on bool
#0 E:\SERVER\laragon\www\api\app\Controllers\Cliente.php(70): App\Models\Cliente_Model->getBusquedaglobalClientes('0000029 ')
#1 E:\SERVER\laragon\www\api\vendor\codeigniter4\framework\system\CodeIgniter.php(824): App\Controllers\Cliente->show('1')
#2 E:\SERVER\laragon\www\api\vendor\codeigniter4\framework\system\CodeIgniter.php(410): CodeIgniter\CodeIgniter->runController(Object(App\Controllers\Cliente))
#3 E:\SERVER\laragon\www\api\vendor\codeigniter4\framework\system\CodeIgniter.php(318): CodeIgniter\CodeIgniter->handleRequest(NULL, Object(Config\Cache), false)
#4 E:\SERVER\laragon\www\api\public\index.php(41): CodeIgniter\CodeIgniter->run()
#5 {main}
ERROR - 2022-05-04 10:22:49 --> Memory limit of 10240 KB exceeded for buffered query
CRITICAL - 2022-05-04 10:22:49 --> Call to a member function getResult() on bool
#0 E:\SERVER\laragon\www\api\app\Controllers\Cliente.php(70): App\Models\Cliente_Model->getBusquedaglobalClientes('0000029 ')
#1 E:\SERVER\laragon\www\api\vendor\codeigniter4\framework\system\CodeIgniter.php(824): App\Controllers\Cliente->show('1')
#2 E:\SERVER\laragon\www\api\vendor\codeigniter4\framework\system\CodeIgniter.php(410): CodeIgniter\CodeIgniter->runController(Object(App\Controllers\Cliente))
#3 E:\SERVER\laragon\www\api\vendor\codeigniter4\framework\system\CodeIgniter.php(318): CodeIgniter\CodeIgniter->handleRequest(NULL, Object(Config\Cache), false)
#4 E:\SERVER\laragon\www\api\public\index.php(41): CodeIgniter\CodeIgniter->run()
#5 {main}
ERROR - 2022-05-04 10:23:17 --> Memory limit of 10240 KB exceeded for buffered query
CRITICAL - 2022-05-04 10:23:17 --> Call to a member function getResult() on bool
#0 E:\SERVER\laragon\www\api\app\Controllers\Cliente.php(70): App\Models\Cliente_Model->getBusquedaglobalClientes('0000029 ')
#1 E:\SERVER\laragon\www\api\vendor\codeigniter4\framework\system\CodeIgniter.php(824): App\Controllers\Cliente->show('1')
#2 E:\SERVER\laragon\www\api\vendor\codeigniter4\framework\system\CodeIgniter.php(410): CodeIgniter\CodeIgniter->runController(Object(App\Controllers\Cliente))
#3 E:\SERVER\laragon\www\api\vendor\codeigniter4\framework\system\CodeIgniter.php(318): CodeIgniter\CodeIgniter->handleRequest(NULL, Object(Config\Cache), false)
#4 E:\SERVER\laragon\www\api\public\index.php(41): CodeIgniter\CodeIgniter->run()
#5 {main}
ERROR - 2022-05-04 10:24:22 --> Memory limit of 10240 KB exceeded for buffered query
CRITICAL - 2022-05-04 10:24:22 --> Call to a member function getResult() on bool
#0 E:\SERVER\laragon\www\api\app\Controllers\Cliente.php(70): App\Models\Cliente_Model->getBusquedaglobalClientes('0000029 ')
#1 E:\SERVER\laragon\www\api\vendor\codeigniter4\framework\system\CodeIgniter.php(824): App\Controllers\Cliente->show('1')
#2 E:\SERVER\laragon\www\api\vendor\codeigniter4\framework\system\CodeIgniter.php(410): CodeIgniter\CodeIgniter->runController(Object(App\Controllers\Cliente))
#3 E:\SERVER\laragon\www\api\vendor\codeigniter4\framework\system\CodeIgniter.php(318): CodeIgniter\CodeIgniter->handleRequest(NULL, Object(Config\Cache), false)
#4 E:\SERVER\laragon\www\api\public\index.php(41): CodeIgniter\CodeIgniter->run()
#5 {main}
ERROR - 2022-05-04 10:33:40 --> Memory limit of 10240 KB exceeded for buffered query
CRITICAL - 2022-05-04 10:33:40 --> Call to a member function getResult() on bool
#0 E:\SERVER\laragon\www\api\app\Controllers\Cliente.php(70): App\Models\Cliente_Model->getBusquedaglobalClientes('0000029 ')
#1 E:\SERVER\laragon\www\api\vendor\codeigniter4\framework\system\CodeIgniter.php(824): App\Controllers\Cliente->show('1')
#2 E:\SERVER\laragon\www\api\vendor\codeigniter4\framework\system\CodeIgniter.php(410): CodeIgniter\CodeIgniter->runController(Object(App\Controllers\Cliente))
#3 E:\SERVER\laragon\www\api\vendor\codeigniter4\framework\system\CodeIgniter.php(318): CodeIgniter\CodeIgniter->handleRequest(NULL, Object(Config\Cache), false)
#4 E:\SERVER\laragon\www\api\public\index.php(41): CodeIgniter\CodeIgniter->run()
#5 {main}
ERROR - 2022-05-04 10:39:15 --> Memory limit of 10240 KB exceeded for buffered query
CRITICAL - 2022-05-04 10:39:15 --> Call to a member function getResult() on bool
#0 E:\SERVER\laragon\www\api\app\Controllers\Cliente.php(70): App\Models\Cliente_Model->getBusquedaglobalClientes('0000029 ')
#1 E:\SERVER\laragon\www\api\vendor\codeigniter4\framework\system\CodeIgniter.php(824): App\Controllers\Cliente->show('1')
#2 E:\SERVER\laragon\www\api\vendor\codeigniter4\framework\system\CodeIgniter.php(410): CodeIgniter\CodeIgniter->runController(Object(App\Controllers\Cliente))
#3 E:\SERVER\laragon\www\api\vendor\codeigniter4\framework\system\CodeIgniter.php(318): CodeIgniter\CodeIgniter->handleRequest(NULL, Object(Config\Cache), false)
#4 E:\SERVER\laragon\www\api\public\index.php(41): CodeIgniter\CodeIgniter->run()
#5 {main}
ERROR - 2022-05-04 10:39:28 --> Memory limit of 10240 KB exceeded for buffered query
CRITICAL - 2022-05-04 10:39:28 --> Call to a member function getResult() on bool
#0 E:\SERVER\laragon\www\api\app\Controllers\Cliente.php(70): App\Models\Cliente_Model->getBusquedaglobalClientes('0000029 ')
#1 E:\SERVER\laragon\www\api\vendor\codeigniter4\framework\system\CodeIgniter.php(824): App\Controllers\Cliente->show('1')
#2 E:\SERVER\laragon\www\api\vendor\codeigniter4\framework\system\CodeIgniter.php(410): CodeIgniter\CodeIgniter->runController(Object(App\Controllers\Cliente))
#3 E:\SERVER\laragon\www\api\vendor\codeigniter4\framework\system\CodeIgniter.php(318): CodeIgniter\CodeIgniter->handleRequest(NULL, Object(Config\Cache), false)
#4 E:\SERVER\laragon\www\api\public\index.php(41): CodeIgniter\CodeIgniter->run()
#5 {main}
ERROR - 2022-05-04 10:39:44 --> Memory limit of 10240 KB exceeded for buffered query
CRITICAL - 2022-05-04 10:39:44 --> Call to a member function getResult() on bool
#0 E:\SERVER\laragon\www\api\app\Controllers\Cliente.php(70): App\Models\Cliente_Model->getBusquedaglobalClientes('0000029 ')
#1 E:\SERVER\laragon\www\api\vendor\codeigniter4\framework\system\CodeIgniter.php(824): App\Controllers\Cliente->show('1')
#2 E:\SERVER\laragon\www\api\vendor\codeigniter4\framework\system\CodeIgniter.php(410): CodeIgniter\CodeIgniter->runController(Object(App\Controllers\Cliente))
#3 E:\SERVER\laragon\www\api\vendor\codeigniter4\framework\system\CodeIgniter.php(318): CodeIgniter\CodeIgniter->handleRequest(NULL, Object(Config\Cache), false)
#4 E:\SERVER\laragon\www\api\public\index.php(41): CodeIgniter\CodeIgniter->run()
#5 {main}
ERROR - 2022-05-04 10:40:06 --> [Microsoft][ODBC Driver 17 for SQL Server][SQL Server]Incorrect syntax near '.'.
CRITICAL - 2022-05-04 10:40:06 --> Call to a member function getResult() on bool
#0 E:\SERVER\laragon\www\api\app\Controllers\Cliente.php(70): App\Models\Cliente_Model->getBusquedaglobalClientes('0000029 ')
#1 E:\SERVER\laragon\www\api\vendor\codeigniter4\framework\system\CodeIgniter.php(824): App\Controllers\Cliente->show('1')
#2 E:\SERVER\laragon\www\api\vendor\codeigniter4\framework\system\CodeIgniter.php(410): CodeIgniter\CodeIgniter->runController(Object(App\Controllers\Cliente))
#3 E:\SERVER\laragon\www\api\vendor\codeigniter4\framework\system\CodeIgniter.php(318): CodeIgniter\CodeIgniter->handleRequest(NULL, Object(Config\Cache), false)
#4 E:\SERVER\laragon\www\api\public\index.php(41): CodeIgniter\CodeIgniter->run()
#5 {main}
ERROR - 2022-05-04 10:41:17 --> [Microsoft][ODBC Driver 17 for SQL Server][SQL Server]Incorrect syntax near '.'.
CRITICAL - 2022-05-04 10:41:17 --> Call to a member function get() on bool
#0 E:\SERVER\laragon\www\api\app\Controllers\Cliente.php(70): App\Models\Cliente_Model->getBusquedaglobalClientes('0000029 ')
#1 E:\SERVER\laragon\www\api\vendor\codeigniter4\framework\system\CodeIgniter.php(824): App\Controllers\Cliente->show('1')
#2 E:\SERVER\laragon\www\api\vendor\codeigniter4\framework\system\CodeIgniter.php(410): CodeIgniter\CodeIgniter->runController(Object(App\Controllers\Cliente))
#3 E:\SERVER\laragon\www\api\vendor\codeigniter4\framework\system\CodeIgniter.php(318): CodeIgniter\CodeIgniter->handleRequest(NULL, Object(Config\Cache), false)
#4 E:\SERVER\laragon\www\api\public\index.php(41): CodeIgniter\CodeIgniter->run()
#5 {main}
ERROR - 2022-05-04 10:42:22 --> Memory limit of 10240 KB exceeded for buffered query
CRITICAL - 2022-05-04 10:42:22 --> Call to a member function getResult() on bool
#0 E:\SERVER\laragon\www\api\app\Controllers\Cliente.php(70): App\Models\Cliente_Model->getBusquedaglobalClientes('0000029 ')
#1 E:\SERVER\laragon\www\api\vendor\codeigniter4\framework\system\CodeIgniter.php(824): App\Controllers\Cliente->show('1')
#2 E:\SERVER\laragon\www\api\vendor\codeigniter4\framework\system\CodeIgniter.php(410): CodeIgniter\CodeIgniter->runController(Object(App\Controllers\Cliente))
#3 E:\SERVER\laragon\www\api\vendor\codeigniter4\framework\system\CodeIgniter.php(318): CodeIgniter\CodeIgniter->handleRequest(NULL, Object(Config\Cache), false)
#4 E:\SERVER\laragon\www\api\public\index.php(41): CodeIgniter\CodeIgniter->run()
#5 {main}
ERROR - 2022-05-04 10:43:40 --> Memory limit of 10240 KB exceeded for buffered query
CRITICAL - 2022-05-04 10:43:40 --> Call to a member function getResult() on bool
#0 E:\SERVER\laragon\www\api\app\Controllers\Cliente.php(70): App\Models\Cliente_Model->getBusquedaglobalClientes('0000029 ')
#1 E:\SERVER\laragon\www\api\vendor\codeigniter4\framework\system\CodeIgniter.php(824): App\Controllers\Cliente->show('1')
#2 E:\SERVER\laragon\www\api\vendor\codeigniter4\framework\system\CodeIgniter.php(410): CodeIgniter\CodeIgniter->runController(Object(App\Controllers\Cliente))
#3 E:\SERVER\laragon\www\api\vendor\codeigniter4\framework\system\CodeIgniter.php(318): CodeIgniter\CodeIgniter->handleRequest(NULL, Object(Config\Cache), false)
#4 E:\SERVER\laragon\www\api\public\index.php(41): CodeIgniter\CodeIgniter->run()
#5 {main}
ERROR - 2022-05-04 10:52:55 --> Memory limit of 10240 KB exceeded for buffered query
CRITICAL - 2022-05-04 10:52:55 --> Call to a member function getResult() on bool
#0 E:\SERVER\laragon\www\api\app\Controllers\Cliente.php(70): App\Models\Cliente_Model->getBusquedaglobalClientes('0000029 ')
#1 E:\SERVER\laragon\www\api\vendor\codeigniter4\framework\system\CodeIgniter.php(824): App\Controllers\Cliente->show('1')
#2 E:\SERVER\laragon\www\api\vendor\codeigniter4\framework\system\CodeIgniter.php(410): CodeIgniter\CodeIgniter->runController(Object(App\Controllers\Cliente))
#3 E:\SERVER\laragon\www\api\vendor\codeigniter4\framework\system\CodeIgniter.php(318): CodeIgniter\CodeIgniter->handleRequest(NULL, Object(Config\Cache), false)
#4 E:\SERVER\laragon\www\api\public\index.php(41): CodeIgniter\CodeIgniter->run()
#5 {main}
ERROR - 2022-05-04 10:53:32 --> Memory limit of 10240 KB exceeded for buffered query
CRITICAL - 2022-05-04 10:53:32 --> Call to a member function getResult() on bool
#0 E:\SERVER\laragon\www\api\app\Controllers\Cliente.php(70): App\Models\Cliente_Model->getBusquedaglobalClientes('0000029 ')
#1 E:\SERVER\laragon\www\api\vendor\codeigniter4\framework\system\CodeIgniter.php(824): App\Controllers\Cliente->show('1')
#2 E:\SERVER\laragon\www\api\vendor\codeigniter4\framework\system\CodeIgniter.php(410): CodeIgniter\CodeIgniter->runController(Object(App\Controllers\Cliente))
#3 E:\SERVER\laragon\www\api\vendor\codeigniter4\framework\system\CodeIgniter.php(318): CodeIgniter\CodeIgniter->handleRequest(NULL, Object(Config\Cache), false)
#4 E:\SERVER\laragon\www\api\public\index.php(41): CodeIgniter\CodeIgniter->run()
#5 {main}
ERROR - 2022-05-04 10:53:36 --> Memory limit of 10240 KB exceeded for buffered query
CRITICAL - 2022-05-04 10:53:36 --> Call to a member function getResult() on bool
#0 E:\SERVER\laragon\www\api\app\Controllers\Cliente.php(70): App\Models\Cliente_Model->getBusquedaglobalClientes('0000029 ')
#1 E:\SERVER\laragon\www\api\vendor\codeigniter4\framework\system\CodeIgniter.php(824): App\Controllers\Cliente->show('1')
#2 E:\SERVER\laragon\www\api\vendor\codeigniter4\framework\system\CodeIgniter.php(410): CodeIgniter\CodeIgniter->runController(Object(App\Controllers\Cliente))
#3 E:\SERVER\laragon\www\api\vendor\codeigniter4\framework\system\CodeIgniter.php(318): CodeIgniter\CodeIgniter->handleRequest(NULL, Object(Config\Cache), false)
#4 E:\SERVER\laragon\www\api\public\index.php(41): CodeIgniter\CodeIgniter->run()
#5 {main}
ERROR - 2022-05-04 11:01:45 --> Memory limit of 10240 KB exceeded for buffered query
CRITICAL - 2022-05-04 11:01:45 --> Call to a member function getResult() on bool
#0 E:\SERVER\laragon\www\api\app\Controllers\Cliente.php(70): App\Models\Cliente_Model->getBusquedaglobalClientes('0000029 ')
#1 E:\SERVER\laragon\www\api\vendor\codeigniter4\framework\system\CodeIgniter.php(824): App\Controllers\Cliente->show('1')
#2 E:\SERVER\laragon\www\api\vendor\codeigniter4\framework\system\CodeIgniter.php(410): CodeIgniter\CodeIgniter->runController(Object(App\Controllers\Cliente))
#3 E:\SERVER\laragon\www\api\vendor\codeigniter4\framework\system\CodeIgniter.php(318): CodeIgniter\CodeIgniter->handleRequest(NULL, Object(Config\Cache), false)
#4 E:\SERVER\laragon\www\api\public\index.php(41): CodeIgniter\CodeIgniter->run()
#5 {main}
ERROR - 2022-05-04 11:04:18 --> Memory limit of 10240 KB exceeded for buffered query
CRITICAL - 2022-05-04 11:04:18 --> Call to a member function getResult() on bool
#0 E:\SERVER\laragon\www\api\app\Controllers\Cliente.php(70): App\Models\Cliente_Model->getBusquedaglobalClientes('0000029 ')
#1 E:\SERVER\laragon\www\api\vendor\codeigniter4\framework\system\CodeIgniter.php(824): App\Controllers\Cliente->show('1')
#2 E:\SERVER\laragon\www\api\vendor\codeigniter4\framework\system\CodeIgniter.php(410): CodeIgniter\CodeIgniter->runController(Object(App\Controllers\Cliente))
#3 E:\SERVER\laragon\www\api\vendor\codeigniter4\framework\system\CodeIgniter.php(318): CodeIgniter\CodeIgniter->handleRequest(NULL, Object(Config\Cache), false)
#4 E:\SERVER\laragon\www\api\public\index.php(41): CodeIgniter\CodeIgniter->run()
#5 {main}
ERROR - 2022-05-04 11:05:33 --> Memory limit of 10240 KB exceeded for buffered query
CRITICAL - 2022-05-04 11:05:33 --> Call to a member function getResult() on bool
#0 E:\SERVER\laragon\www\api\app\Controllers\Cliente.php(70): App\Models\Cliente_Model->getBusquedaglobalClientes('29 ')
#1 E:\SERVER\laragon\www\api\vendor\codeigniter4\framework\system\CodeIgniter.php(824): App\Controllers\Cliente->show('1')
#2 E:\SERVER\laragon\www\api\vendor\codeigniter4\framework\system\CodeIgniter.php(410): CodeIgniter\CodeIgniter->runController(Object(App\Controllers\Cliente))
#3 E:\SERVER\laragon\www\api\vendor\codeigniter4\framework\system\CodeIgniter.php(318): CodeIgniter\CodeIgniter->handleRequest(NULL, Object(Config\Cache), false)
#4 E:\SERVER\laragon\www\api\public\index.php(41): CodeIgniter\CodeIgniter->run()
#5 {main}
ERROR - 2022-05-04 11:08:30 --> Memory limit of 10240 KB exceeded for buffered query
CRITICAL - 2022-05-04 11:08:30 --> Call to a member function getResult() on bool
#0 E:\SERVER\laragon\www\api\app\Controllers\Cliente.php(70): App\Models\Cliente_Model->getBusquedaglobalClientes('0000029 ')
#1 E:\SERVER\laragon\www\api\vendor\codeigniter4\framework\system\CodeIgniter.php(824): App\Controllers\Cliente->show('1')
#2 E:\SERVER\laragon\www\api\vendor\codeigniter4\framework\system\CodeIgniter.php(410): CodeIgniter\CodeIgniter->runController(Object(App\Controllers\Cliente))
#3 E:\SERVER\laragon\www\api\vendor\codeigniter4\framework\system\CodeIgniter.php(318): CodeIgniter\CodeIgniter->handleRequest(NULL, Object(Config\Cache), false)
#4 E:\SERVER\laragon\www\api\public\index.php(41): CodeIgniter\CodeIgniter->run()
#5 {main}
ERROR - 2022-05-04 11:09:06 --> Memory limit of 10240 KB exceeded for buffered query
CRITICAL - 2022-05-04 11:09:06 --> Call to a member function getResult() on bool
#0 E:\SERVER\laragon\www\api\app\Controllers\Cliente.php(70): App\Models\Cliente_Model->getBusquedaglobalClientes('0000029 ')
#1 E:\SERVER\laragon\www\api\vendor\codeigniter4\framework\system\CodeIgniter.php(824): App\Controllers\Cliente->show('1')
#2 E:\SERVER\laragon\www\api\vendor\codeigniter4\framework\system\CodeIgniter.php(410): CodeIgniter\CodeIgniter->runController(Object(App\Controllers\Cliente))
#3 E:\SERVER\laragon\www\api\vendor\codeigniter4\framework\system\CodeIgniter.php(318): CodeIgniter\CodeIgniter->handleRequest(NULL, Object(Config\Cache), false)
#4 E:\SERVER\laragon\www\api\public\index.php(41): CodeIgniter\CodeIgniter->run()
#5 {main}
ERROR - 2022-05-04 11:16:44 --> Memory limit of 10240 KB exceeded for buffered query
CRITICAL - 2022-05-04 11:16:44 --> Call to a member function getResult() on bool
#0 E:\SERVER\laragon\www\api\app\Controllers\Cliente.php(70): App\Models\Cliente_Model->getBusquedaglobalClientes('0000029 ')
#1 E:\SERVER\laragon\www\api\vendor\codeigniter4\framework\system\CodeIgniter.php(824): App\Controllers\Cliente->show('1')
#2 E:\SERVER\laragon\www\api\vendor\codeigniter4\framework\system\CodeIgniter.php(410): CodeIgniter\CodeIgniter->runController(Object(App\Controllers\Cliente))
#3 E:\SERVER\laragon\www\api\vendor\codeigniter4\framework\system\CodeIgniter.php(318): CodeIgniter\CodeIgniter->handleRequest(NULL, Object(Config\Cache), false)
#4 E:\SERVER\laragon\www\api\public\index.php(41): CodeIgniter\CodeIgniter->run()
#5 {main}
ERROR - 2022-05-04 11:17:10 --> Memory limit of 10240 KB exceeded for buffered query
CRITICAL - 2022-05-04 11:17:10 --> Call to a member function getResult() on bool
#0 E:\SERVER\laragon\www\api\app\Controllers\Cliente.php(70): App\Models\Cliente_Model->getBusquedaglobalClientes('0000029 ')
#1 E:\SERVER\laragon\www\api\vendor\codeigniter4\framework\system\CodeIgniter.php(824): App\Controllers\Cliente->show('1')
#2 E:\SERVER\laragon\www\api\vendor\codeigniter4\framework\system\CodeIgniter.php(410): CodeIgniter\CodeIgniter->runController(Object(App\Controllers\Cliente))
#3 E:\SERVER\laragon\www\api\vendor\codeigniter4\framework\system\CodeIgniter.php(318): CodeIgniter\CodeIgniter->handleRequest(NULL, Object(Config\Cache), false)
#4 E:\SERVER\laragon\www\api\public\index.php(41): CodeIgniter\CodeIgniter->run()
#5 {main}
ERROR - 2022-05-04 11:19:36 --> Memory limit of 10240 KB exceeded for buffered query
CRITICAL - 2022-05-04 11:19:36 --> Call to a member function getResult() on bool
#0 E:\SERVER\laragon\www\api\app\Controllers\Cliente.php(70): App\Models\Cliente_Model->getBusquedaglobalClientes('0000029 ')
#1 E:\SERVER\laragon\www\api\vendor\codeigniter4\framework\system\CodeIgniter.php(824): App\Controllers\Cliente->show('1')
#2 E:\SERVER\laragon\www\api\vendor\codeigniter4\framework\system\CodeIgniter.php(410): CodeIgniter\CodeIgniter->runController(Object(App\Controllers\Cliente))
#3 E:\SERVER\laragon\www\api\vendor\codeigniter4\framework\system\CodeIgniter.php(318): CodeIgniter\CodeIgniter->handleRequest(NULL, Object(Config\Cache), false)
#4 E:\SERVER\laragon\www\api\public\index.php(41): CodeIgniter\CodeIgniter->run()
#5 {main}
ERROR - 2022-05-04 11:21:22 --> Memory limit of 10240 KB exceeded for buffered query
CRITICAL - 2022-05-04 11:21:22 --> Call to a member function getResult() on bool
#0 E:\SERVER\laragon\www\api\app\Controllers\Cliente.php(70): App\Models\Cliente_Model->getBusquedaglobalClientes('0000029 ')
#1 E:\SERVER\laragon\www\api\vendor\codeigniter4\framework\system\CodeIgniter.php(824): App\Controllers\Cliente->show('1')
#2 E:\SERVER\laragon\www\api\vendor\codeigniter4\framework\system\CodeIgniter.php(410): CodeIgniter\CodeIgniter->runController(Object(App\Controllers\Cliente))
#3 E:\SERVER\laragon\www\api\vendor\codeigniter4\framework\system\CodeIgniter.php(318): CodeIgniter\CodeIgniter->handleRequest(NULL, Object(Config\Cache), false)
#4 E:\SERVER\laragon\www\api\public\index.php(41): CodeIgniter\CodeIgniter->run()
#5 {main}
ERROR - 2022-05-04 11:28:38 --> [Microsoft][ODBC Driver 17 for SQL Server][SQL Server]Incorrect syntax near '.'.
CRITICAL - 2022-05-04 11:28:38 --> Call to a member function getResult() on bool
#0 E:\SERVER\laragon\www\api\app\Controllers\Cliente.php(70): App\Models\Cliente_Model->getBusquedaglobalClientes('0000029 ')
#1 E:\SERVER\laragon\www\api\vendor\codeigniter4\framework\system\CodeIgniter.php(824): App\Controllers\Cliente->show('1')
#2 E:\SERVER\laragon\www\api\vendor\codeigniter4\framework\system\CodeIgniter.php(410): CodeIgniter\CodeIgniter->runController(Object(App\Controllers\Cliente))
#3 E:\SERVER\laragon\www\api\vendor\codeigniter4\framework\system\CodeIgniter.php(318): CodeIgniter\CodeIgniter->handleRequest(NULL, Object(Config\Cache), false)
#4 E:\SERVER\laragon\www\api\public\index.php(41): CodeIgniter\CodeIgniter->run()
#5 {main}
ERROR - 2022-05-04 11:28:54 --> [Microsoft][ODBC Driver 17 for SQL Server][SQL Server]Incorrect syntax near '.'.
CRITICAL - 2022-05-04 11:28:54 --> Call to a member function getResultArray() on bool
#0 E:\SERVER\laragon\www\api\app\Controllers\Cliente.php(70): App\Models\Cliente_Model->getBusquedaglobalClientes('0000029 ')
#1 E:\SERVER\laragon\www\api\vendor\codeigniter4\framework\system\CodeIgniter.php(824): App\Controllers\Cliente->show('1')
#2 E:\SERVER\laragon\www\api\vendor\codeigniter4\framework\system\CodeIgniter.php(410): CodeIgniter\CodeIgniter->runController(Object(App\Controllers\Cliente))
#3 E:\SERVER\laragon\www\api\vendor\codeigniter4\framework\system\CodeIgniter.php(318): CodeIgniter\CodeIgniter->handleRequest(NULL, Object(Config\Cache), false)
#4 E:\SERVER\laragon\www\api\public\index.php(41): CodeIgniter\CodeIgniter->run()
#5 {main}
ERROR - 2022-05-04 11:29:29 --> [Microsoft][ODBC Driver 17 for SQL Server][SQL Server]Incorrect syntax near '.'.
CRITICAL - 2022-05-04 11:29:29 --> Call to a member function getResultArray() on bool
#0 E:\SERVER\laragon\www\api\app\Controllers\Cliente.php(70): App\Models\Cliente_Model->getBusquedaglobalClientes('0000029 ')
#1 E:\SERVER\laragon\www\api\vendor\codeigniter4\framework\system\CodeIgniter.php(824): App\Controllers\Cliente->show('1')
#2 E:\SERVER\laragon\www\api\vendor\codeigniter4\framework\system\CodeIgniter.php(410): CodeIgniter\CodeIgniter->runController(Object(App\Controllers\Cliente))
#3 E:\SERVER\laragon\www\api\vendor\codeigniter4\framework\system\CodeIgniter.php(318): CodeIgniter\CodeIgniter->handleRequest(NULL, Object(Config\Cache), false)
#4 E:\SERVER\laragon\www\api\public\index.php(41): CodeIgniter\CodeIgniter->run()
#5 {main}
ERROR - 2022-05-04 11:30:18 --> [Microsoft][ODBC Driver 17 for SQL Server][SQL Server]Incorrect syntax near '.'.
CRITICAL - 2022-05-04 11:30:18 --> Call to a member function getRow() on bool
#0 E:\SERVER\laragon\www\api\app\Controllers\Cliente.php(70): App\Models\Cliente_Model->getBusquedaglobalClientes('0000029 ')
#1 E:\SERVER\laragon\www\api\vendor\codeigniter4\framework\system\CodeIgniter.php(824): App\Controllers\Cliente->show('1')
#2 E:\SERVER\laragon\www\api\vendor\codeigniter4\framework\system\CodeIgniter.php(410): CodeIgniter\CodeIgniter->runController(Object(App\Controllers\Cliente))
#3 E:\SERVER\laragon\www\api\vendor\codeigniter4\framework\system\CodeIgniter.php(318): CodeIgniter\CodeIgniter->handleRequest(NULL, Object(Config\Cache), false)
#4 E:\SERVER\laragon\www\api\public\index.php(41): CodeIgniter\CodeIgniter->run()
#5 {main}
ERROR - 2022-05-04 11:30:58 --> [Microsoft][ODBC Driver 17 for SQL Server][SQL Server]Incorrect syntax near '.'.
CRITICAL - 2022-05-04 11:30:58 --> Call to a member function getRow() on bool
#0 E:\SERVER\laragon\www\api\app\Controllers\Cliente.php(70): App\Models\Cliente_Model->getBusquedaglobalClientes('0000029 ')
#1 E:\SERVER\laragon\www\api\vendor\codeigniter4\framework\system\CodeIgniter.php(824): App\Controllers\Cliente->show('1')
#2 E:\SERVER\laragon\www\api\vendor\codeigniter4\framework\system\CodeIgniter.php(410): CodeIgniter\CodeIgniter->runController(Object(App\Controllers\Cliente))
#3 E:\SERVER\laragon\www\api\vendor\codeigniter4\framework\system\CodeIgniter.php(318): CodeIgniter\CodeIgniter->handleRequest(NULL, Object(Config\Cache), false)
#4 E:\SERVER\laragon\www\api\public\index.php(41): CodeIgniter\CodeIgniter->run()
#5 {main}
ERROR - 2022-05-04 11:31:05 --> [Microsoft][ODBC Driver 17 for SQL Server][SQL Server]Incorrect syntax near '.'.
CRITICAL - 2022-05-04 11:31:05 --> Call to a member function getRow() on bool
#0 E:\SERVER\laragon\www\api\app\Controllers\Cliente.php(70): App\Models\Cliente_Model->getBusquedaglobalClientes('0000029 ')
#1 E:\SERVER\laragon\www\api\vendor\codeigniter4\framework\system\CodeIgniter.php(824): App\Controllers\Cliente->show('1')
#2 E:\SERVER\laragon\www\api\vendor\codeigniter4\framework\system\CodeIgniter.php(410): CodeIgniter\CodeIgniter->runController(Object(App\Controllers\Cliente))
#3 E:\SERVER\laragon\www\api\vendor\codeigniter4\framework\system\CodeIgniter.php(318): CodeIgniter\CodeIgniter->handleRequest(NULL, Object(Config\Cache), false)
#4 E:\SERVER\laragon\www\api\public\index.php(41): CodeIgniter\CodeIgniter->run()
#5 {main}
ERROR - 2022-05-04 11:31:09 --> [Microsoft][ODBC Driver 17 for SQL Server][SQL Server]Incorrect syntax near '.'.
CRITICAL - 2022-05-04 11:31:09 --> Call to a member function getRow() on bool
#0 E:\SERVER\laragon\www\api\app\Controllers\Cliente.php(70): App\Models\Cliente_Model->getBusquedaglobalClientes('0000029 ')
#1 E:\SERVER\laragon\www\api\vendor\codeigniter4\framework\system\CodeIgniter.php(824): App\Controllers\Cliente->show('1')
#2 E:\SERVER\laragon\www\api\vendor\codeigniter4\framework\system\CodeIgniter.php(410): CodeIgniter\CodeIgniter->runController(Object(App\Controllers\Cliente))
#3 E:\SERVER\laragon\www\api\vendor\codeigniter4\framework\system\CodeIgniter.php(318): CodeIgniter\CodeIgniter->handleRequest(NULL, Object(Config\Cache), false)
#4 E:\SERVER\laragon\www\api\public\index.php(41): CodeIgniter\CodeIgniter->run()
#5 {main}
ERROR - 2022-05-04 11:32:01 --> [Microsoft][ODBC Driver 17 for SQL Server][SQL Server]Incorrect syntax near '.'.
CRITICAL - 2022-05-04 11:32:01 --> Call to a member function row() on bool
#0 E:\SERVER\laragon\www\api\app\Controllers\Cliente.php(70): App\Models\Cliente_Model->getBusquedaglobalClientes('0000029 ')
#1 E:\SERVER\laragon\www\api\vendor\codeigniter4\framework\system\CodeIgniter.php(824): App\Controllers\Cliente->show('1')
#2 E:\SERVER\laragon\www\api\vendor\codeigniter4\framework\system\CodeIgniter.php(410): CodeIgniter\CodeIgniter->runController(Object(App\Controllers\Cliente))
#3 E:\SERVER\laragon\www\api\vendor\codeigniter4\framework\system\CodeIgniter.php(318): CodeIgniter\CodeIgniter->handleRequest(NULL, Object(Config\Cache), false)
#4 E:\SERVER\laragon\www\api\public\index.php(41): CodeIgniter\CodeIgniter->run()
#5 {main}
ERROR - 2022-05-04 11:34:15 --> [Microsoft][ODBC Driver 17 for SQL Server][SQL Server]Incorrect syntax near '.'.
CRITICAL - 2022-05-04 11:34:15 --> Call to a member function getResult() on bool
#0 E:\SERVER\laragon\www\api\app\Controllers\Cliente.php(70): App\Models\Cliente_Model->getBusquedaglobalClientes('0000029 ')
#1 E:\SERVER\laragon\www\api\vendor\codeigniter4\framework\system\CodeIgniter.php(824): App\Controllers\Cliente->show('1')
#2 E:\SERVER\laragon\www\api\vendor\codeigniter4\framework\system\CodeIgniter.php(410): CodeIgniter\CodeIgniter->runController(Object(App\Controllers\Cliente))
#3 E:\SERVER\laragon\www\api\vendor\codeigniter4\framework\system\CodeIgniter.php(318): CodeIgniter\CodeIgniter->handleRequest(NULL, Object(Config\Cache), false)
#4 E:\SERVER\laragon\www\api\public\index.php(41): CodeIgniter\CodeIgniter->run()
#5 {main}
ERROR - 2022-05-04 11:34:42 --> [Microsoft][ODBC Driver 17 for SQL Server][SQL Server]Incorrect syntax near '.'.
CRITICAL - 2022-05-04 11:34:42 --> Call to a member function getResult() on bool
#0 E:\SERVER\laragon\www\api\app\Controllers\Cliente.php(70): App\Models\Cliente_Model->getBusquedaglobalClientes('0000029 ')
#1 E:\SERVER\laragon\www\api\vendor\codeigniter4\framework\system\CodeIgniter.php(824): App\Controllers\Cliente->show('1')
#2 E:\SERVER\laragon\www\api\vendor\codeigniter4\framework\system\CodeIgniter.php(410): CodeIgniter\CodeIgniter->runController(Object(App\Controllers\Cliente))
#3 E:\SERVER\laragon\www\api\vendor\codeigniter4\framework\system\CodeIgniter.php(318): CodeIgniter\CodeIgniter->handleRequest(NULL, Object(Config\Cache), false)
#4 E:\SERVER\laragon\www\api\public\index.php(41): CodeIgniter\CodeIgniter->run()
#5 {main}
ERROR - 2022-05-04 11:34:46 --> [Microsoft][ODBC Driver 17 for SQL Server][SQL Server]Incorrect syntax near '.'.
CRITICAL - 2022-05-04 11:34:46 --> Call to a member function getResult() on bool
#0 E:\SERVER\laragon\www\api\app\Controllers\Cliente.php(70): App\Models\Cliente_Model->getBusquedaglobalClientes('0000029 ')
#1 E:\SERVER\laragon\www\api\vendor\codeigniter4\framework\system\CodeIgniter.php(824): App\Controllers\Cliente->show('1')
#2 E:\SERVER\laragon\www\api\vendor\codeigniter4\framework\system\CodeIgniter.php(410): CodeIgniter\CodeIgniter->runController(Object(App\Controllers\Cliente))
#3 E:\SERVER\laragon\www\api\vendor\codeigniter4\framework\system\CodeIgniter.php(318): CodeIgniter\CodeIgniter->handleRequest(NULL, Object(Config\Cache), false)
#4 E:\SERVER\laragon\www\api\public\index.php(41): CodeIgniter\CodeIgniter->run()
#5 {main}
ERROR - 2022-05-04 11:34:52 --> [Microsoft][ODBC Driver 17 for SQL Server][SQL Server]Incorrect syntax near '.'.
CRITICAL - 2022-05-04 11:34:52 --> Call to a member function getResult() on bool
#0 E:\SERVER\laragon\www\api\app\Controllers\Cliente.php(70): App\Models\Cliente_Model->getBusquedaglobalClientes('0000029 ')
#1 E:\SERVER\laragon\www\api\vendor\codeigniter4\framework\system\CodeIgniter.php(824): App\Controllers\Cliente->show('1')
#2 E:\SERVER\laragon\www\api\vendor\codeigniter4\framework\system\CodeIgniter.php(410): CodeIgniter\CodeIgniter->runController(Object(App\Controllers\Cliente))
#3 E:\SERVER\laragon\www\api\vendor\codeigniter4\framework\system\CodeIgniter.php(318): CodeIgniter\CodeIgniter->handleRequest(NULL, Object(Config\Cache), false)
#4 E:\SERVER\laragon\www\api\public\index.php(41): CodeIgniter\CodeIgniter->run()
#5 {main}
ERROR - 2022-05-04 11:35:21 --> Memory limit of 10240 KB exceeded for buffered query
CRITICAL - 2022-05-04 11:35:21 --> Call to a member function getResult() on bool
#0 E:\SERVER\laragon\www\api\app\Controllers\Cliente.php(70): App\Models\Cliente_Model->getBusquedaglobalClientes('0000029 ')
#1 E:\SERVER\laragon\www\api\vendor\codeigniter4\framework\system\CodeIgniter.php(824): App\Controllers\Cliente->show('1')
#2 E:\SERVER\laragon\www\api\vendor\codeigniter4\framework\system\CodeIgniter.php(410): CodeIgniter\CodeIgniter->runController(Object(App\Controllers\Cliente))
#3 E:\SERVER\laragon\www\api\vendor\codeigniter4\framework\system\CodeIgniter.php(318): CodeIgniter\CodeIgniter->handleRequest(NULL, Object(Config\Cache), false)
#4 E:\SERVER\laragon\www\api\public\index.php(41): CodeIgniter\CodeIgniter->run()
#5 {main}
ERROR - 2022-05-04 11:35:29 --> Memory limit of 10240 KB exceeded for buffered query
CRITICAL - 2022-05-04 11:35:29 --> Call to a member function getResult() on bool
#0 E:\SERVER\laragon\www\api\app\Controllers\Cliente.php(70): App\Models\Cliente_Model->getBusquedaglobalClientes('0000029 ')
#1 E:\SERVER\laragon\www\api\vendor\codeigniter4\framework\system\CodeIgniter.php(824): App\Controllers\Cliente->show('1')
#2 E:\SERVER\laragon\www\api\vendor\codeigniter4\framework\system\CodeIgniter.php(410): CodeIgniter\CodeIgniter->runController(Object(App\Controllers\Cliente))
#3 E:\SERVER\laragon\www\api\vendor\codeigniter4\framework\system\CodeIgniter.php(318): CodeIgniter\CodeIgniter->handleRequest(NULL, Object(Config\Cache), false)
#4 E:\SERVER\laragon\www\api\public\index.php(41): CodeIgniter\CodeIgniter->run()
#5 {main}
ERROR - 2022-05-04 11:38:14 --> Memory limit of 10240 KB exceeded for buffered query
CRITICAL - 2022-05-04 11:38:14 --> Call to a member function getResult() on bool
#0 E:\SERVER\laragon\www\api\app\Controllers\Cliente.php(70): App\Models\Cliente_Model->getBusquedaglobalClientes('0000029 ')
#1 E:\SERVER\laragon\www\api\vendor\codeigniter4\framework\system\CodeIgniter.php(824): App\Controllers\Cliente->show('1')
#2 E:\SERVER\laragon\www\api\vendor\codeigniter4\framework\system\CodeIgniter.php(410): CodeIgniter\CodeIgniter->runController(Object(App\Controllers\Cliente))
#3 E:\SERVER\laragon\www\api\vendor\codeigniter4\framework\system\CodeIgniter.php(318): CodeIgniter\CodeIgniter->handleRequest(NULL, Object(Config\Cache), false)
#4 E:\SERVER\laragon\www\api\public\index.php(41): CodeIgniter\CodeIgniter->run()
#5 {main}
ERROR - 2022-05-04 11:38:34 --> Memory limit of 10240 KB exceeded for buffered query
CRITICAL - 2022-05-04 11:38:34 --> Call to a member function getResult() on bool
#0 E:\SERVER\laragon\www\api\app\Controllers\Cliente.php(70): App\Models\Cliente_Model->getBusquedaglobalClientes('0000029 ')
#1 E:\SERVER\laragon\www\api\vendor\codeigniter4\framework\system\CodeIgniter.php(824): App\Controllers\Cliente->show('1')
#2 E:\SERVER\laragon\www\api\vendor\codeigniter4\framework\system\CodeIgniter.php(410): CodeIgniter\CodeIgniter->runController(Object(App\Controllers\Cliente))
#3 E:\SERVER\laragon\www\api\vendor\codeigniter4\framework\system\CodeIgniter.php(318): CodeIgniter\CodeIgniter->handleRequest(NULL, Object(Config\Cache), false)
#4 E:\SERVER\laragon\www\api\public\index.php(41): CodeIgniter\CodeIgniter->run()
#5 {main}
ERROR - 2022-05-04 11:38:45 --> Memory limit of 10240 KB exceeded for buffered query
CRITICAL - 2022-05-04 11:38:45 --> Call to a member function getResult() on bool
#0 E:\SERVER\laragon\www\api\app\Controllers\Cliente.php(70): App\Models\Cliente_Model->getBusquedaglobalClientes('0000029 ')
#1 E:\SERVER\laragon\www\api\vendor\codeigniter4\framework\system\CodeIgniter.php(824): App\Controllers\Cliente->show('1')
#2 E:\SERVER\laragon\www\api\vendor\codeigniter4\framework\system\CodeIgniter.php(410): CodeIgniter\CodeIgniter->runController(Object(App\Controllers\Cliente))
#3 E:\SERVER\laragon\www\api\vendor\codeigniter4\framework\system\CodeIgniter.php(318): CodeIgniter\CodeIgniter->handleRequest(NULL, Object(Config\Cache), false)
#4 E:\SERVER\laragon\www\api\public\index.php(41): CodeIgniter\CodeIgniter->run()
#5 {main}
ERROR - 2022-05-04 11:39:06 --> Memory limit of 10240 KB exceeded for buffered query
ERROR - 2022-05-04 11:39:11 --> Memory limit of 10240 KB exceeded for buffered query
ERROR - 2022-05-04 11:39:27 --> Memory limit of 10240 KB exceeded for buffered query
ERROR - 2022-05-04 11:39:55 --> Memory limit of 10240 KB exceeded for buffered query
ERROR - 2022-05-04 11:39:58 --> Memory limit of 10240 KB exceeded for buffered query
CRITICAL - 2022-05-04 11:58:59 --> You must set the database table to be used with your query.
#0 E:\SERVER\laragon\www\api\vendor\codeigniter4\framework\system\Model.php(545): CodeIgniter\Database\BaseConnection->table(NULL)
#1 E:\SERVER\laragon\www\api\vendor\codeigniter4\framework\system\Model.php(717): CodeIgniter\Model->builder()
#2 E:\SERVER\laragon\www\api\app\Models\Cliente_Model.php(46): CodeIgniter\Model->__call('sqlsrv_query', Array)
#3 E:\SERVER\laragon\www\api\app\Controllers\Cliente.php(70): App\Models\Cliente_Model->getBusquedaglobalClientes('0000029 ')
#4 E:\SERVER\laragon\www\api\vendor\codeigniter4\framework\system\CodeIgniter.php(824): App\Controllers\Cliente->show('1')
#5 E:\SERVER\laragon\www\api\vendor\codeigniter4\framework\system\CodeIgniter.php(410): CodeIgniter\CodeIgniter->runController(Object(App\Controllers\Cliente))
#6 E:\SERVER\laragon\www\api\vendor\codeigniter4\framework\system\CodeIgniter.php(318): CodeIgniter\CodeIgniter->handleRequest(NULL, Object(Config\Cache), false)
#7 E:\SERVER\laragon\www\api\public\index.php(41): CodeIgniter\CodeIgniter->run()
#8 {main}
CRITICAL - 2022-05-04 11:59:19 --> You must set the database table to be used with your query.
#0 E:\SERVER\laragon\www\api\vendor\codeigniter4\framework\system\Model.php(545): CodeIgniter\Database\BaseConnection->table(NULL)
#1 E:\SERVER\laragon\www\api\vendor\codeigniter4\framework\system\Model.php(717): CodeIgniter\Model->builder()
#2 E:\SERVER\laragon\www\api\app\Models\Cliente_Model.php(46): CodeIgniter\Model->__call('sqlsrv_query', Array)
#3 E:\SERVER\laragon\www\api\app\Controllers\Cliente.php(70): App\Models\Cliente_Model->getBusquedaglobalClientes('0000029 ')
#4 E:\SERVER\laragon\www\api\vendor\codeigniter4\framework\system\CodeIgniter.php(824): App\Controllers\Cliente->show('1')
#5 E:\SERVER\laragon\www\api\vendor\codeigniter4\framework\system\CodeIgniter.php(410): CodeIgniter\CodeIgniter->runController(Object(App\Controllers\Cliente))
#6 E:\SERVER\laragon\www\api\vendor\codeigniter4\framework\system\CodeIgniter.php(318): CodeIgniter\CodeIgniter->handleRequest(NULL, Object(Config\Cache), false)
#7 E:\SERVER\laragon\www\api\public\index.php(41): CodeIgniter\CodeIgniter->run()
#8 {main}
ERROR - 2022-05-04 12:00:43 --> [Microsoft][ODBC Driver 17 for SQL Server][SQL Server]Incorrect syntax near '.'.
ERROR - 2022-05-04 12:00:45 --> [Microsoft][ODBC Driver 17 for SQL Server][SQL Server]Incorrect syntax near '.'.
ERROR - 2022-05-04 12:04:08 --> Memory limit of 10240 KB exceeded for buffered query
ERROR - 2022-05-04 12:05:01 --> Memory limit of 10240 KB exceeded for buffered query
ERROR - 2022-05-04 12:05:22 --> [Microsoft][ODBC Driver 17 for SQL Server][SQL Server]Incorrect syntax near '29'.
ERROR - 2022-05-04 12:05:36 --> Memory limit of 10240 KB exceeded for buffered query
ERROR - 2022-05-04 12:06:41 --> Memory limit of 10240 KB exceeded for buffered query
ERROR - 2022-05-04 12:11:58 --> Memory limit of 10240 KB exceeded for buffered query
CRITICAL - 2022-05-04 12:11:58 --> Call to a member function getResult() on bool
#0 E:\SERVER\laragon\www\api\app\Controllers\Cliente.php(70): App\Models\Cliente_Model->getBusquedaglobalClientes('0000029 ')
#1 E:\SERVER\laragon\www\api\vendor\codeigniter4\framework\system\CodeIgniter.php(824): App\Controllers\Cliente->show('1')
#2 E:\SERVER\laragon\www\api\vendor\codeigniter4\framework\system\CodeIgniter.php(410): CodeIgniter\CodeIgniter->runController(Object(App\Controllers\Cliente))
#3 E:\SERVER\laragon\www\api\vendor\codeigniter4\framework\system\CodeIgniter.php(318): CodeIgniter\CodeIgniter->handleRequest(NULL, Object(Config\Cache), false)
#4 E:\SERVER\laragon\www\api\public\index.php(41): CodeIgniter\CodeIgniter->run()
#5 {main}
ERROR - 2022-05-04 12:13:08 --> Memory limit of 10240 KB exceeded for buffered query
CRITICAL - 2022-05-04 12:13:08 --> Call to a member function getResult() on bool
#0 E:\SERVER\laragon\www\api\app\Controllers\Cliente.php(70): App\Models\Cliente_Model->getBusquedaglobalClientes('0000029 ')
#1 E:\SERVER\laragon\www\api\vendor\codeigniter4\framework\system\CodeIgniter.php(824): App\Controllers\Cliente->show('1')
#2 E:\SERVER\laragon\www\api\vendor\codeigniter4\framework\system\CodeIgniter.php(410): CodeIgniter\CodeIgniter->runController(Object(App\Controllers\Cliente))
#3 E:\SERVER\laragon\www\api\vendor\codeigniter4\framework\system\CodeIgniter.php(318): CodeIgniter\CodeIgniter->handleRequest(NULL, Object(Config\Cache), false)
#4 E:\SERVER\laragon\www\api\public\index.php(41): CodeIgniter\CodeIgniter->run()
#5 {main}
ERROR - 2022-05-04 12:13:28 --> Memory limit of 10240 KB exceeded for buffered query
ERROR - 2022-05-04 12:15:11 --> Memory limit of 10240 KB exceeded for buffered query
ERROR - 2022-05-04 12:16:34 --> Memory limit of 10240 KB exceeded for buffered query
ERROR - 2022-05-04 12:16:50 --> Memory limit of 10240 KB exceeded for buffered query
ERROR - 2022-05-04 12:18:39 --> Memory limit of 10240 KB exceeded for buffered query
ERROR - 2022-05-04 12:21:00 --> Memory limit of 10240 KB exceeded for buffered query
CRITICAL - 2022-05-04 12:21:00 --> Call to a member function getResult() on bool
#0 E:\SERVER\laragon\www\api\app\Controllers\Cliente.php(70): App\Models\Cliente_Model->getBusquedaglobalClientes('0000029 ')
#1 E:\SERVER\laragon\www\api\vendor\codeigniter4\framework\system\CodeIgniter.php(824): App\Controllers\Cliente->show('1')
#2 E:\SERVER\laragon\www\api\vendor\codeigniter4\framework\system\CodeIgniter.php(410): CodeIgniter\CodeIgniter->runController(Object(App\Controllers\Cliente))
#3 E:\SERVER\laragon\www\api\vendor\codeigniter4\framework\system\CodeIgniter.php(318): CodeIgniter\CodeIgniter->handleRequest(NULL, Object(Config\Cache), false)
#4 E:\SERVER\laragon\www\api\public\index.php(41): CodeIgniter\CodeIgniter->run()
#5 {main}
ERROR - 2022-05-04 12:24:03 --> Memory limit of 10240 KB exceeded for buffered query
CRITICAL - 2022-05-04 12:24:03 --> Call to a member function getResult() on bool
#0 E:\SERVER\laragon\www\api\app\Controllers\Cliente.php(70): App\Models\Cliente_Model->getBusquedaglobalClientes('0000029 ')
#1 E:\SERVER\laragon\www\api\vendor\codeigniter4\framework\system\CodeIgniter.php(824): App\Controllers\Cliente->show('1')
#2 E:\SERVER\laragon\www\api\vendor\codeigniter4\framework\system\CodeIgniter.php(410): CodeIgniter\CodeIgniter->runController(Object(App\Controllers\Cliente))
#3 E:\SERVER\laragon\www\api\vendor\codeigniter4\framework\system\CodeIgniter.php(318): CodeIgniter\CodeIgniter->handleRequest(NULL, Object(Config\Cache), false)
#4 E:\SERVER\laragon\www\api\public\index.php(41): CodeIgniter\CodeIgniter->run()
#5 {main}
ERROR - 2022-05-04 12:25:05 --> Memory limit of 10240 KB exceeded for buffered query
CRITICAL - 2022-05-04 12:25:05 --> Call to a member function getResult() on bool
#0 E:\SERVER\laragon\www\api\app\Controllers\Cliente.php(70): App\Models\Cliente_Model->getBusquedaglobalClientes('0000029 ')
#1 E:\SERVER\laragon\www\api\vendor\codeigniter4\framework\system\CodeIgniter.php(824): App\Controllers\Cliente->show('1')
#2 E:\SERVER\laragon\www\api\vendor\codeigniter4\framework\system\CodeIgniter.php(410): CodeIgniter\CodeIgniter->runController(Object(App\Controllers\Cliente))
#3 E:\SERVER\laragon\www\api\vendor\codeigniter4\framework\system\CodeIgniter.php(318): CodeIgniter\CodeIgniter->handleRequest(NULL, Object(Config\Cache), false)
#4 E:\SERVER\laragon\www\api\public\index.php(41): CodeIgniter\CodeIgniter->run()
#5 {main}
ERROR - 2022-05-04 12:28:56 --> Memory limit of 10240 KB exceeded for buffered query
CRITICAL - 2022-05-04 12:28:56 --> Call to a member function getResult() on bool
#0 E:\SERVER\laragon\www\api\app\Controllers\Cliente.php(70): App\Models\Cliente_Model->getBusquedaglobalClientes('0000029 ')
#1 E:\SERVER\laragon\www\api\vendor\codeigniter4\framework\system\CodeIgniter.php(824): App\Controllers\Cliente->show('1')
#2 E:\SERVER\laragon\www\api\vendor\codeigniter4\framework\system\CodeIgniter.php(410): CodeIgniter\CodeIgniter->runController(Object(App\Controllers\Cliente))
#3 E:\SERVER\laragon\www\api\vendor\codeigniter4\framework\system\CodeIgniter.php(318): CodeIgniter\CodeIgniter->handleRequest(NULL, Object(Config\Cache), false)
#4 E:\SERVER\laragon\www\api\public\index.php(41): CodeIgniter\CodeIgniter->run()
#5 {main}
ERROR - 2022-05-04 12:29:00 --> Memory limit of 10240 KB exceeded for buffered query
CRITICAL - 2022-05-04 12:29:00 --> Call to a member function getResult() on bool
#0 E:\SERVER\laragon\www\api\app\Controllers\Cliente.php(70): App\Models\Cliente_Model->getBusquedaglobalClientes('0000029 ')
#1 E:\SERVER\laragon\www\api\vendor\codeigniter4\framework\system\CodeIgniter.php(824): App\Controllers\Cliente->show('1')
#2 E:\SERVER\laragon\www\api\vendor\codeigniter4\framework\system\CodeIgniter.php(410): CodeIgniter\CodeIgniter->runController(Object(App\Controllers\Cliente))
#3 E:\SERVER\laragon\www\api\vendor\codeigniter4\framework\system\CodeIgniter.php(318): CodeIgniter\CodeIgniter->handleRequest(NULL, Object(Config\Cache), false)
#4 E:\SERVER\laragon\www\api\public\index.php(41): CodeIgniter\CodeIgniter->run()
#5 {main}
ERROR - 2022-05-04 12:39:06 --> Memory limit of 10240 KB exceeded for buffered query
CRITICAL - 2022-05-04 12:39:06 --> Call to a member function getResult() on bool
#0 E:\SERVER\laragon\www\api\app\Controllers\Cliente.php(70): App\Models\Cliente_Model->getBusquedaglobalClientes('0000029 ')
#1 E:\SERVER\laragon\www\api\vendor\codeigniter4\framework\system\CodeIgniter.php(824): App\Controllers\Cliente->show('1')
#2 E:\SERVER\laragon\www\api\vendor\codeigniter4\framework\system\CodeIgniter.php(410): CodeIgniter\CodeIgniter->runController(Object(App\Controllers\Cliente))
#3 E:\SERVER\laragon\www\api\vendor\codeigniter4\framework\system\CodeIgniter.php(318): CodeIgniter\CodeIgniter->handleRequest(NULL, Object(Config\Cache), false)
#4 E:\SERVER\laragon\www\api\public\index.php(41): CodeIgniter\CodeIgniter->run()
#5 {main}
ERROR - 2022-05-04 12:46:06 --> Memory limit of 10240 KB exceeded for buffered query
CRITICAL - 2022-05-04 12:46:06 --> Call to a member function getResult() on bool
#0 E:\SERVER\laragon\www\api\app\Controllers\Cliente.php(70): App\Models\Cliente_Model->getBusquedaglobalClientes('0000029 ')
#1 E:\SERVER\laragon\www\api\vendor\codeigniter4\framework\system\CodeIgniter.php(824): App\Controllers\Cliente->show('1')
#2 E:\SERVER\laragon\www\api\vendor\codeigniter4\framework\system\CodeIgniter.php(410): CodeIgniter\CodeIgniter->runController(Object(App\Controllers\Cliente))
#3 E:\SERVER\laragon\www\api\vendor\codeigniter4\framework\system\CodeIgniter.php(318): CodeIgniter\CodeIgniter->handleRequest(NULL, Object(Config\Cache), false)
#4 E:\SERVER\laragon\www\api\public\index.php(41): CodeIgniter\CodeIgniter->run()
#5 {main}
ERROR - 2022-05-04 12:46:22 --> Memory limit of 10240 KB exceeded for buffered query
CRITICAL - 2022-05-04 12:46:22 --> Call to a member function getResult() on bool
#0 E:\SERVER\laragon\www\api\app\Controllers\Cliente.php(70): App\Models\Cliente_Model->getBusquedaglobalClientes('0000029 ')
#1 E:\SERVER\laragon\www\api\vendor\codeigniter4\framework\system\CodeIgniter.php(824): App\Controllers\Cliente->show('1')
#2 E:\SERVER\laragon\www\api\vendor\codeigniter4\framework\system\CodeIgniter.php(410): CodeIgniter\CodeIgniter->runController(Object(App\Controllers\Cliente))
#3 E:\SERVER\laragon\www\api\vendor\codeigniter4\framework\system\CodeIgniter.php(318): CodeIgniter\CodeIgniter->handleRequest(NULL, Object(Config\Cache), false)
#4 E:\SERVER\laragon\www\api\public\index.php(41): CodeIgniter\CodeIgniter->run()
#5 {main}
ERROR - 2022-05-04 13:00:55 --> Memory limit of 10240 KB exceeded for buffered query
CRITICAL - 2022-05-04 13:00:55 --> Call to a member function getResult() on bool
#0 E:\SERVER\laragon\www\api\app\Controllers\Cliente.php(70): App\Models\Cliente_Model->getBusquedaglobalClientes('0000029 ')
#1 E:\SERVER\laragon\www\api\vendor\codeigniter4\framework\system\CodeIgniter.php(824): App\Controllers\Cliente->show('1')
#2 E:\SERVER\laragon\www\api\vendor\codeigniter4\framework\system\CodeIgniter.php(410): CodeIgniter\CodeIgniter->runController(Object(App\Controllers\Cliente))
#3 E:\SERVER\laragon\www\api\vendor\codeigniter4\framework\system\CodeIgniter.php(318): CodeIgniter\CodeIgniter->handleRequest(NULL, Object(Config\Cache), false)
#4 E:\SERVER\laragon\www\api\public\index.php(41): CodeIgniter\CodeIgniter->run()
#5 {main}
ERROR - 2022-05-04 13:01:02 --> Memory limit of 10240 KB exceeded for buffered query
CRITICAL - 2022-05-04 13:01:02 --> Call to a member function getResult() on bool
#0 E:\SERVER\laragon\www\api\app\Controllers\Cliente.php(70): App\Models\Cliente_Model->getBusquedaglobalClientes('0000030 ')
#1 E:\SERVER\laragon\www\api\vendor\codeigniter4\framework\system\CodeIgniter.php(824): App\Controllers\Cliente->show('1')
#2 E:\SERVER\laragon\www\api\vendor\codeigniter4\framework\system\CodeIgniter.php(410): CodeIgniter\CodeIgniter->runController(Object(App\Controllers\Cliente))
#3 E:\SERVER\laragon\www\api\vendor\codeigniter4\framework\system\CodeIgniter.php(318): CodeIgniter\CodeIgniter->handleRequest(NULL, Object(Config\Cache), false)
#4 E:\SERVER\laragon\www\api\public\index.php(41): CodeIgniter\CodeIgniter->run()
#5 {main}
ERROR - 2022-05-04 15:57:28 --> [Microsoft][ODBC Driver 17 for SQL Server][SQL Server]Error converting data type varchar to datetime.
CRITICAL - 2022-05-04 15:57:28 --> Call to a member function getResult() on bool
#0 E:\SERVER\laragon\www\api\app\Controllers\Pedidos.php(75): App\Models\Pedidos_Model->reportePedidos('D', 'P01-10295901', 'null', 'null', 'null', 'ALEXCAST', NULL, NULL)
#1 E:\SERVER\laragon\www\api\vendor\codeigniter4\framework\system\CodeIgniter.php(824): App\Controllers\Pedidos->show('D')
#2 E:\SERVER\laragon\www\api\vendor\codeigniter4\framework\system\CodeIgniter.php(410): CodeIgniter\CodeIgniter->runController(Object(App\Controllers\Pedidos))
#3 E:\SERVER\laragon\www\api\vendor\codeigniter4\framework\system\CodeIgniter.php(318): CodeIgniter\CodeIgniter->handleRequest(NULL, Object(Config\Cache), false)
#4 E:\SERVER\laragon\www\api\public\index.php(41): CodeIgniter\CodeIgniter->run()
#5 {main}
