CRITICAL - 2022-05-14 08:29:52 --> Undefined property: stdClass::$NOTAS
#0 E:\SERVER\laragon\www\api\app\Controllers\DetalleProducto.php(132): CodeIgniter\Debug\Exceptions->errorHandler(2, 'Undefined prope...', 'E:\\SERVER\\larag...', 132)
#1 E:\SERVER\laragon\www\api\vendor\codeigniter4\framework\system\CodeIgniter.php(824): App\Controllers\DetalleProducto->show('1010')
#2 E:\SERVER\laragon\www\api\vendor\codeigniter4\framework\system\CodeIgniter.php(410): CodeIgniter\CodeIgniter->runController(Object(App\Controllers\DetalleProducto))
#3 E:\SERVER\laragon\www\api\vendor\codeigniter4\framework\system\CodeIgniter.php(318): CodeIgniter\CodeIgniter->handleRequest(NULL, Object(Config\Cache), false)
#4 E:\SERVER\laragon\www\api\public\index.php(41): CodeIgniter\CodeIgniter->run()
#5 {main}
CRITICAL - 2022-05-14 08:29:56 --> Undefined property: stdClass::$NOTAS
#0 E:\SERVER\laragon\www\api\app\Controllers\DetalleProducto.php(132): CodeIgniter\Debug\Exceptions->errorHandler(2, 'Undefined prope...', 'E:\\SERVER\\larag...', 132)
#1 E:\SERVER\laragon\www\api\vendor\codeigniter4\framework\system\CodeIgniter.php(824): App\Controllers\DetalleProducto->show('1010')
#2 E:\SERVER\laragon\www\api\vendor\codeigniter4\framework\system\CodeIgniter.php(410): CodeIgniter\CodeIgniter->runController(Object(App\Controllers\DetalleProducto))
#3 E:\SERVER\laragon\www\api\vendor\codeigniter4\framework\system\CodeIgniter.php(318): CodeIgniter\CodeIgniter->handleRequest(NULL, Object(Config\Cache), false)
#4 E:\SERVER\laragon\www\api\public\index.php(41): CodeIgniter\CodeIgniter->run()
#5 {main}
CRITICAL - 2022-05-14 08:33:39 --> Undefined property: stdClass::$NOTAS
#0 E:\SERVER\laragon\www\api\app\Controllers\DetalleProducto.php(132): CodeIgniter\Debug\Exceptions->errorHandler(2, 'Undefined prope...', 'E:\\SERVER\\larag...', 132)
#1 E:\SERVER\laragon\www\api\vendor\codeigniter4\framework\system\CodeIgniter.php(824): App\Controllers\DetalleProducto->show('1010')
#2 E:\SERVER\laragon\www\api\vendor\codeigniter4\framework\system\CodeIgniter.php(410): CodeIgniter\CodeIgniter->runController(Object(App\Controllers\DetalleProducto))
#3 E:\SERVER\laragon\www\api\vendor\codeigniter4\framework\system\CodeIgniter.php(318): CodeIgniter\CodeIgniter->handleRequest(NULL, Object(Config\Cache), false)
#4 E:\SERVER\laragon\www\api\public\index.php(41): CodeIgniter\CodeIgniter->run()
#5 {main}
CRITICAL - 2022-05-14 08:37:26 --> Undefined property: stdClass::$NOTAS
#0 E:\SERVER\laragon\www\api\app\Controllers\DetalleProducto.php(132): CodeIgniter\Debug\Exceptions->errorHandler(2, 'Undefined prope...', 'E:\\SERVER\\larag...', 132)
#1 E:\SERVER\laragon\www\api\vendor\codeigniter4\framework\system\CodeIgniter.php(824): App\Controllers\DetalleProducto->show('1010')
#2 E:\SERVER\laragon\www\api\vendor\codeigniter4\framework\system\CodeIgniter.php(410): CodeIgniter\CodeIgniter->runController(Object(App\Controllers\DetalleProducto))
#3 E:\SERVER\laragon\www\api\vendor\codeigniter4\framework\system\CodeIgniter.php(318): CodeIgniter\CodeIgniter->handleRequest(NULL, Object(Config\Cache), false)
#4 E:\SERVER\laragon\www\api\public\index.php(41): CodeIgniter\CodeIgniter->run()
#5 {main}
CRITICAL - 2022-05-14 08:37:29 --> Undefined property: stdClass::$NOTAS
#0 E:\SERVER\laragon\www\api\app\Controllers\DetalleProducto.php(132): CodeIgniter\Debug\Exceptions->errorHandler(2, 'Undefined prope...', 'E:\\SERVER\\larag...', 132)
#1 E:\SERVER\laragon\www\api\vendor\codeigniter4\framework\system\CodeIgniter.php(824): App\Controllers\DetalleProducto->show('1010')
#2 E:\SERVER\laragon\www\api\vendor\codeigniter4\framework\system\CodeIgniter.php(410): CodeIgniter\CodeIgniter->runController(Object(App\Controllers\DetalleProducto))
#3 E:\SERVER\laragon\www\api\vendor\codeigniter4\framework\system\CodeIgniter.php(318): CodeIgniter\CodeIgniter->handleRequest(NULL, Object(Config\Cache), false)
#4 E:\SERVER\laragon\www\api\public\index.php(41): CodeIgniter\CodeIgniter->run()
#5 {main}
CRITICAL - 2022-05-14 08:39:50 --> Undefined property: stdClass::$NOTAS
#0 E:\SERVER\laragon\www\api\app\Controllers\DetalleProducto.php(132): CodeIgniter\Debug\Exceptions->errorHandler(2, 'Undefined prope...', 'E:\\SERVER\\larag...', 132)
#1 E:\SERVER\laragon\www\api\vendor\codeigniter4\framework\system\CodeIgniter.php(824): App\Controllers\DetalleProducto->show('1010')
#2 E:\SERVER\laragon\www\api\vendor\codeigniter4\framework\system\CodeIgniter.php(410): CodeIgniter\CodeIgniter->runController(Object(App\Controllers\DetalleProducto))
#3 E:\SERVER\laragon\www\api\vendor\codeigniter4\framework\system\CodeIgniter.php(318): CodeIgniter\CodeIgniter->handleRequest(NULL, Object(Config\Cache), false)
#4 E:\SERVER\laragon\www\api\public\index.php(41): CodeIgniter\CodeIgniter->run()
#5 {main}
CRITICAL - 2022-05-14 08:39:50 --> Undefined property: stdClass::$NOTAS
#0 E:\SERVER\laragon\www\api\app\Controllers\DetalleProducto.php(132): CodeIgniter\Debug\Exceptions->errorHandler(2, 'Undefined prope...', 'E:\\SERVER\\larag...', 132)
#1 E:\SERVER\laragon\www\api\vendor\codeigniter4\framework\system\CodeIgniter.php(824): App\Controllers\DetalleProducto->show('1010')
#2 E:\SERVER\laragon\www\api\vendor\codeigniter4\framework\system\CodeIgniter.php(410): CodeIgniter\CodeIgniter->runController(Object(App\Controllers\DetalleProducto))
#3 E:\SERVER\laragon\www\api\vendor\codeigniter4\framework\system\CodeIgniter.php(318): CodeIgniter\CodeIgniter->handleRequest(NULL, Object(Config\Cache), false)
#4 E:\SERVER\laragon\www\api\public\index.php(41): CodeIgniter\CodeIgniter->run()
#5 {main}
CRITICAL - 2022-05-14 08:39:51 --> Undefined property: stdClass::$NOTAS
#0 E:\SERVER\laragon\www\api\app\Controllers\DetalleProducto.php(132): CodeIgniter\Debug\Exceptions->errorHandler(2, 'Undefined prope...', 'E:\\SERVER\\larag...', 132)
#1 E:\SERVER\laragon\www\api\vendor\codeigniter4\framework\system\CodeIgniter.php(824): App\Controllers\DetalleProducto->show('1010')
#2 E:\SERVER\laragon\www\api\vendor\codeigniter4\framework\system\CodeIgniter.php(410): CodeIgniter\CodeIgniter->runController(Object(App\Controllers\DetalleProducto))
#3 E:\SERVER\laragon\www\api\vendor\codeigniter4\framework\system\CodeIgniter.php(318): CodeIgniter\CodeIgniter->handleRequest(NULL, Object(Config\Cache), false)
#4 E:\SERVER\laragon\www\api\public\index.php(41): CodeIgniter\CodeIgniter->run()
#5 {main}
CRITICAL - 2022-05-14 08:39:51 --> Undefined property: stdClass::$NOTAS
#0 E:\SERVER\laragon\www\api\app\Controllers\DetalleProducto.php(132): CodeIgniter\Debug\Exceptions->errorHandler(2, 'Undefined prope...', 'E:\\SERVER\\larag...', 132)
#1 E:\SERVER\laragon\www\api\vendor\codeigniter4\framework\system\CodeIgniter.php(824): App\Controllers\DetalleProducto->show('1010')
#2 E:\SERVER\laragon\www\api\vendor\codeigniter4\framework\system\CodeIgniter.php(410): CodeIgniter\CodeIgniter->runController(Object(App\Controllers\DetalleProducto))
#3 E:\SERVER\laragon\www\api\vendor\codeigniter4\framework\system\CodeIgniter.php(318): CodeIgniter\CodeIgniter->handleRequest(NULL, Object(Config\Cache), false)
#4 E:\SERVER\laragon\www\api\public\index.php(41): CodeIgniter\CodeIgniter->run()
#5 {main}
CRITICAL - 2022-05-14 08:39:53 --> Undefined property: stdClass::$NOTAS
#0 E:\SERVER\laragon\www\api\app\Controllers\DetalleProducto.php(132): CodeIgniter\Debug\Exceptions->errorHandler(2, 'Undefined prope...', 'E:\\SERVER\\larag...', 132)
#1 E:\SERVER\laragon\www\api\vendor\codeigniter4\framework\system\CodeIgniter.php(824): App\Controllers\DetalleProducto->show('1010')
#2 E:\SERVER\laragon\www\api\vendor\codeigniter4\framework\system\CodeIgniter.php(410): CodeIgniter\CodeIgniter->runController(Object(App\Controllers\DetalleProducto))
#3 E:\SERVER\laragon\www\api\vendor\codeigniter4\framework\system\CodeIgniter.php(318): CodeIgniter\CodeIgniter->handleRequest(NULL, Object(Config\Cache), false)
#4 E:\SERVER\laragon\www\api\public\index.php(41): CodeIgniter\CodeIgniter->run()
#5 {main}
CRITICAL - 2022-05-14 08:40:20 --> Undefined property: stdClass::$NOTAS
#0 E:\SERVER\laragon\www\api\app\Controllers\DetalleProducto.php(132): CodeIgniter\Debug\Exceptions->errorHandler(2, 'Undefined prope...', 'E:\\SERVER\\larag...', 132)
#1 E:\SERVER\laragon\www\api\vendor\codeigniter4\framework\system\CodeIgniter.php(824): App\Controllers\DetalleProducto->show('1010')
#2 E:\SERVER\laragon\www\api\vendor\codeigniter4\framework\system\CodeIgniter.php(410): CodeIgniter\CodeIgniter->runController(Object(App\Controllers\DetalleProducto))
#3 E:\SERVER\laragon\www\api\vendor\codeigniter4\framework\system\CodeIgniter.php(318): CodeIgniter\CodeIgniter->handleRequest(NULL, Object(Config\Cache), false)
#4 E:\SERVER\laragon\www\api\public\index.php(41): CodeIgniter\CodeIgniter->run()
#5 {main}
CRITICAL - 2022-05-14 08:41:18 --> Undefined property: stdClass::$NOTAS
#0 E:\SERVER\laragon\www\api\app\Controllers\DetalleProducto.php(132): CodeIgniter\Debug\Exceptions->errorHandler(2, 'Undefined prope...', 'E:\\SERVER\\larag...', 132)
#1 E:\SERVER\laragon\www\api\vendor\codeigniter4\framework\system\CodeIgniter.php(824): App\Controllers\DetalleProducto->show('1010')
#2 E:\SERVER\laragon\www\api\vendor\codeigniter4\framework\system\CodeIgniter.php(410): CodeIgniter\CodeIgniter->runController(Object(App\Controllers\DetalleProducto))
#3 E:\SERVER\laragon\www\api\vendor\codeigniter4\framework\system\CodeIgniter.php(318): CodeIgniter\CodeIgniter->handleRequest(NULL, Object(Config\Cache), false)
#4 E:\SERVER\laragon\www\api\public\index.php(41): CodeIgniter\CodeIgniter->run()
#5 {main}
CRITICAL - 2022-05-14 08:41:22 --> Undefined property: stdClass::$NOTAS
#0 E:\SERVER\laragon\www\api\app\Controllers\DetalleProducto.php(132): CodeIgniter\Debug\Exceptions->errorHandler(2, 'Undefined prope...', 'E:\\SERVER\\larag...', 132)
#1 E:\SERVER\laragon\www\api\vendor\codeigniter4\framework\system\CodeIgniter.php(824): App\Controllers\DetalleProducto->show('1010')
#2 E:\SERVER\laragon\www\api\vendor\codeigniter4\framework\system\CodeIgniter.php(410): CodeIgniter\CodeIgniter->runController(Object(App\Controllers\DetalleProducto))
#3 E:\SERVER\laragon\www\api\vendor\codeigniter4\framework\system\CodeIgniter.php(318): CodeIgniter\CodeIgniter->handleRequest(NULL, Object(Config\Cache), false)
#4 E:\SERVER\laragon\www\api\public\index.php(41): CodeIgniter\CodeIgniter->run()
#5 {main}
CRITICAL - 2022-05-14 08:44:08 --> Undefined property: stdClass::$NOTAS
#0 E:\SERVER\laragon\www\api\app\Controllers\DetalleProducto.php(132): CodeIgniter\Debug\Exceptions->errorHandler(2, 'Undefined prope...', 'E:\\SERVER\\larag...', 132)
#1 E:\SERVER\laragon\www\api\vendor\codeigniter4\framework\system\CodeIgniter.php(824): App\Controllers\DetalleProducto->show('1010')
#2 E:\SERVER\laragon\www\api\vendor\codeigniter4\framework\system\CodeIgniter.php(410): CodeIgniter\CodeIgniter->runController(Object(App\Controllers\DetalleProducto))
#3 E:\SERVER\laragon\www\api\vendor\codeigniter4\framework\system\CodeIgniter.php(318): CodeIgniter\CodeIgniter->handleRequest(NULL, Object(Config\Cache), false)
#4 E:\SERVER\laragon\www\api\public\index.php(41): CodeIgniter\CodeIgniter->run()
#5 {main}
CRITICAL - 2022-05-14 08:44:12 --> Undefined property: stdClass::$NOTAS
#0 E:\SERVER\laragon\www\api\app\Controllers\DetalleProducto.php(132): CodeIgniter\Debug\Exceptions->errorHandler(2, 'Undefined prope...', 'E:\\SERVER\\larag...', 132)
#1 E:\SERVER\laragon\www\api\vendor\codeigniter4\framework\system\CodeIgniter.php(824): App\Controllers\DetalleProducto->show('1010')
#2 E:\SERVER\laragon\www\api\vendor\codeigniter4\framework\system\CodeIgniter.php(410): CodeIgniter\CodeIgniter->runController(Object(App\Controllers\DetalleProducto))
#3 E:\SERVER\laragon\www\api\vendor\codeigniter4\framework\system\CodeIgniter.php(318): CodeIgniter\CodeIgniter->handleRequest(NULL, Object(Config\Cache), false)
#4 E:\SERVER\laragon\www\api\public\index.php(41): CodeIgniter\CodeIgniter->run()
#5 {main}
CRITICAL - 2022-05-14 08:45:09 --> Undefined property: stdClass::$NOTAS
#0 E:\SERVER\laragon\www\api\app\Controllers\DetalleProducto.php(132): CodeIgniter\Debug\Exceptions->errorHandler(2, 'Undefined prope...', 'E:\\SERVER\\larag...', 132)
#1 E:\SERVER\laragon\www\api\vendor\codeigniter4\framework\system\CodeIgniter.php(824): App\Controllers\DetalleProducto->show('1010')
#2 E:\SERVER\laragon\www\api\vendor\codeigniter4\framework\system\CodeIgniter.php(410): CodeIgniter\CodeIgniter->runController(Object(App\Controllers\DetalleProducto))
#3 E:\SERVER\laragon\www\api\vendor\codeigniter4\framework\system\CodeIgniter.php(318): CodeIgniter\CodeIgniter->handleRequest(NULL, Object(Config\Cache), false)
#4 E:\SERVER\laragon\www\api\public\index.php(41): CodeIgniter\CodeIgniter->run()
#5 {main}
CRITICAL - 2022-05-14 08:45:10 --> Undefined property: stdClass::$NOTAS
#0 E:\SERVER\laragon\www\api\app\Controllers\DetalleProducto.php(132): CodeIgniter\Debug\Exceptions->errorHandler(2, 'Undefined prope...', 'E:\\SERVER\\larag...', 132)
#1 E:\SERVER\laragon\www\api\vendor\codeigniter4\framework\system\CodeIgniter.php(824): App\Controllers\DetalleProducto->show('1010')
#2 E:\SERVER\laragon\www\api\vendor\codeigniter4\framework\system\CodeIgniter.php(410): CodeIgniter\CodeIgniter->runController(Object(App\Controllers\DetalleProducto))
#3 E:\SERVER\laragon\www\api\vendor\codeigniter4\framework\system\CodeIgniter.php(318): CodeIgniter\CodeIgniter->handleRequest(NULL, Object(Config\Cache), false)
#4 E:\SERVER\laragon\www\api\public\index.php(41): CodeIgniter\CodeIgniter->run()
#5 {main}
CRITICAL - 2022-05-14 08:45:10 --> Undefined property: stdClass::$NOTAS
#0 E:\SERVER\laragon\www\api\app\Controllers\DetalleProducto.php(132): CodeIgniter\Debug\Exceptions->errorHandler(2, 'Undefined prope...', 'E:\\SERVER\\larag...', 132)
#1 E:\SERVER\laragon\www\api\vendor\codeigniter4\framework\system\CodeIgniter.php(824): App\Controllers\DetalleProducto->show('1010')
#2 E:\SERVER\laragon\www\api\vendor\codeigniter4\framework\system\CodeIgniter.php(410): CodeIgniter\CodeIgniter->runController(Object(App\Controllers\DetalleProducto))
#3 E:\SERVER\laragon\www\api\vendor\codeigniter4\framework\system\CodeIgniter.php(318): CodeIgniter\CodeIgniter->handleRequest(NULL, Object(Config\Cache), false)
#4 E:\SERVER\laragon\www\api\public\index.php(41): CodeIgniter\CodeIgniter->run()
#5 {main}
CRITICAL - 2022-05-14 08:45:10 --> Undefined property: stdClass::$NOTAS
#0 E:\SERVER\laragon\www\api\app\Controllers\DetalleProducto.php(132): CodeIgniter\Debug\Exceptions->errorHandler(2, 'Undefined prope...', 'E:\\SERVER\\larag...', 132)
#1 E:\SERVER\laragon\www\api\vendor\codeigniter4\framework\system\CodeIgniter.php(824): App\Controllers\DetalleProducto->show('1010')
#2 E:\SERVER\laragon\www\api\vendor\codeigniter4\framework\system\CodeIgniter.php(410): CodeIgniter\CodeIgniter->runController(Object(App\Controllers\DetalleProducto))
#3 E:\SERVER\laragon\www\api\vendor\codeigniter4\framework\system\CodeIgniter.php(318): CodeIgniter\CodeIgniter->handleRequest(NULL, Object(Config\Cache), false)
#4 E:\SERVER\laragon\www\api\public\index.php(41): CodeIgniter\CodeIgniter->run()
#5 {main}
CRITICAL - 2022-05-14 08:45:10 --> Undefined property: stdClass::$NOTAS
#0 E:\SERVER\laragon\www\api\app\Controllers\DetalleProducto.php(132): CodeIgniter\Debug\Exceptions->errorHandler(2, 'Undefined prope...', 'E:\\SERVER\\larag...', 132)
#1 E:\SERVER\laragon\www\api\vendor\codeigniter4\framework\system\CodeIgniter.php(824): App\Controllers\DetalleProducto->show('1010')
#2 E:\SERVER\laragon\www\api\vendor\codeigniter4\framework\system\CodeIgniter.php(410): CodeIgniter\CodeIgniter->runController(Object(App\Controllers\DetalleProducto))
#3 E:\SERVER\laragon\www\api\vendor\codeigniter4\framework\system\CodeIgniter.php(318): CodeIgniter\CodeIgniter->handleRequest(NULL, Object(Config\Cache), false)
#4 E:\SERVER\laragon\www\api\public\index.php(41): CodeIgniter\CodeIgniter->run()
#5 {main}
CRITICAL - 2022-05-14 08:45:41 --> Undefined property: stdClass::$NOTAS
#0 E:\SERVER\laragon\www\api\app\Controllers\DetalleProducto.php(132): CodeIgniter\Debug\Exceptions->errorHandler(2, 'Undefined prope...', 'E:\\SERVER\\larag...', 132)
#1 E:\SERVER\laragon\www\api\vendor\codeigniter4\framework\system\CodeIgniter.php(824): App\Controllers\DetalleProducto->show('1010')
#2 E:\SERVER\laragon\www\api\vendor\codeigniter4\framework\system\CodeIgniter.php(410): CodeIgniter\CodeIgniter->runController(Object(App\Controllers\DetalleProducto))
#3 E:\SERVER\laragon\www\api\vendor\codeigniter4\framework\system\CodeIgniter.php(318): CodeIgniter\CodeIgniter->handleRequest(NULL, Object(Config\Cache), false)
#4 E:\SERVER\laragon\www\api\public\index.php(41): CodeIgniter\CodeIgniter->run()
#5 {main}
CRITICAL - 2022-05-14 10:20:12 --> Undefined variable $ArrPedido
#0 E:\SERVER\laragon\www\api\app\Controllers\Pedidos.php(135): CodeIgniter\Debug\Exceptions->errorHandler(2, 'Undefined varia...', 'E:\\SERVER\\larag...', 135)
#1 E:\SERVER\laragon\www\api\vendor\codeigniter4\framework\system\CodeIgniter.php(824): App\Controllers\Pedidos->show('R')
#2 E:\SERVER\laragon\www\api\vendor\codeigniter4\framework\system\CodeIgniter.php(410): CodeIgniter\CodeIgniter->runController(Object(App\Controllers\Pedidos))
#3 E:\SERVER\laragon\www\api\vendor\codeigniter4\framework\system\CodeIgniter.php(318): CodeIgniter\CodeIgniter->handleRequest(NULL, Object(Config\Cache), false)
#4 E:\SERVER\laragon\www\api\public\index.php(41): CodeIgniter\CodeIgniter->run()
#5 {main}
CRITICAL - 2022-05-14 10:20:17 --> Undefined variable $ArrPedido
#0 E:\SERVER\laragon\www\api\app\Controllers\Pedidos.php(135): CodeIgniter\Debug\Exceptions->errorHandler(2, 'Undefined varia...', 'E:\\SERVER\\larag...', 135)
#1 E:\SERVER\laragon\www\api\vendor\codeigniter4\framework\system\CodeIgniter.php(824): App\Controllers\Pedidos->show('R')
#2 E:\SERVER\laragon\www\api\vendor\codeigniter4\framework\system\CodeIgniter.php(410): CodeIgniter\CodeIgniter->runController(Object(App\Controllers\Pedidos))
#3 E:\SERVER\laragon\www\api\vendor\codeigniter4\framework\system\CodeIgniter.php(318): CodeIgniter\CodeIgniter->handleRequest(NULL, Object(Config\Cache), false)
#4 E:\SERVER\laragon\www\api\public\index.php(41): CodeIgniter\CodeIgniter->run()
#5 {main}
CRITICAL - 2022-05-14 10:20:58 --> Undefined variable $ArrPedido
#0 E:\SERVER\laragon\www\api\app\Controllers\Pedidos.php(135): CodeIgniter\Debug\Exceptions->errorHandler(2, 'Undefined varia...', 'E:\\SERVER\\larag...', 135)
#1 E:\SERVER\laragon\www\api\vendor\codeigniter4\framework\system\CodeIgniter.php(824): App\Controllers\Pedidos->show('R')
#2 E:\SERVER\laragon\www\api\vendor\codeigniter4\framework\system\CodeIgniter.php(410): CodeIgniter\CodeIgniter->runController(Object(App\Controllers\Pedidos))
#3 E:\SERVER\laragon\www\api\vendor\codeigniter4\framework\system\CodeIgniter.php(318): CodeIgniter\CodeIgniter->handleRequest(NULL, Object(Config\Cache), false)
#4 E:\SERVER\laragon\www\api\public\index.php(41): CodeIgniter\CodeIgniter->run()
#5 {main}
ERROR - 2022-05-14 10:22:02 --> Memory limit of 10240 KB exceeded for buffered query
CRITICAL - 2022-05-14 10:22:02 --> Call to a member function getResult() on bool
#0 E:\SERVER\laragon\www\api\app\Controllers\Cliente.php(70): App\Models\Cliente_Model->getBusquedaglobalClientes(' ')
#1 E:\SERVER\laragon\www\api\vendor\codeigniter4\framework\system\CodeIgniter.php(824): App\Controllers\Cliente->show('1')
#2 E:\SERVER\laragon\www\api\vendor\codeigniter4\framework\system\CodeIgniter.php(410): CodeIgniter\CodeIgniter->runController(Object(App\Controllers\Cliente))
#3 E:\SERVER\laragon\www\api\vendor\codeigniter4\framework\system\CodeIgniter.php(318): CodeIgniter\CodeIgniter->handleRequest(NULL, Object(Config\Cache), false)
#4 E:\SERVER\laragon\www\api\public\index.php(41): CodeIgniter\CodeIgniter->run()
#5 {main}
CRITICAL - 2022-05-14 10:22:38 --> Undefined variable $ArrPedido
#0 E:\SERVER\laragon\www\api\app\Controllers\Pedidos.php(135): CodeIgniter\Debug\Exceptions->errorHandler(2, 'Undefined varia...', 'E:\\SERVER\\larag...', 135)
#1 E:\SERVER\laragon\www\api\vendor\codeigniter4\framework\system\CodeIgniter.php(824): App\Controllers\Pedidos->show('R')
#2 E:\SERVER\laragon\www\api\vendor\codeigniter4\framework\system\CodeIgniter.php(410): CodeIgniter\CodeIgniter->runController(Object(App\Controllers\Pedidos))
#3 E:\SERVER\laragon\www\api\vendor\codeigniter4\framework\system\CodeIgniter.php(318): CodeIgniter\CodeIgniter->handleRequest(NULL, Object(Config\Cache), false)
#4 E:\SERVER\laragon\www\api\public\index.php(41): CodeIgniter\CodeIgniter->run()
#5 {main}
CRITICAL - 2022-05-14 10:22:47 --> Undefined variable $ArrPedido
#0 E:\SERVER\laragon\www\api\app\Controllers\Pedidos.php(135): CodeIgniter\Debug\Exceptions->errorHandler(2, 'Undefined varia...', 'E:\\SERVER\\larag...', 135)
#1 E:\SERVER\laragon\www\api\vendor\codeigniter4\framework\system\CodeIgniter.php(824): App\Controllers\Pedidos->show('R')
#2 E:\SERVER\laragon\www\api\vendor\codeigniter4\framework\system\CodeIgniter.php(410): CodeIgniter\CodeIgniter->runController(Object(App\Controllers\Pedidos))
#3 E:\SERVER\laragon\www\api\vendor\codeigniter4\framework\system\CodeIgniter.php(318): CodeIgniter\CodeIgniter->handleRequest(NULL, Object(Config\Cache), false)
#4 E:\SERVER\laragon\www\api\public\index.php(41): CodeIgniter\CodeIgniter->run()
#5 {main}
CRITICAL - 2022-05-14 10:24:46 --> Undefined variable $ArrPedido
#0 E:\SERVER\laragon\www\api\app\Controllers\Pedidos.php(135): CodeIgniter\Debug\Exceptions->errorHandler(2, 'Undefined varia...', 'E:\\SERVER\\larag...', 135)
#1 E:\SERVER\laragon\www\api\vendor\codeigniter4\framework\system\CodeIgniter.php(824): App\Controllers\Pedidos->show('R')
#2 E:\SERVER\laragon\www\api\vendor\codeigniter4\framework\system\CodeIgniter.php(410): CodeIgniter\CodeIgniter->runController(Object(App\Controllers\Pedidos))
#3 E:\SERVER\laragon\www\api\vendor\codeigniter4\framework\system\CodeIgniter.php(318): CodeIgniter\CodeIgniter->handleRequest(NULL, Object(Config\Cache), false)
#4 E:\SERVER\laragon\www\api\public\index.php(41): CodeIgniter\CodeIgniter->run()
#5 {main}
CRITICAL - 2022-05-14 10:26:41 --> Undefined variable $ArrPedido
#0 E:\SERVER\laragon\www\api\app\Controllers\Pedidos.php(135): CodeIgniter\Debug\Exceptions->errorHandler(2, 'Undefined varia...', 'E:\\SERVER\\larag...', 135)
#1 E:\SERVER\laragon\www\api\vendor\codeigniter4\framework\system\CodeIgniter.php(824): App\Controllers\Pedidos->show('R')
#2 E:\SERVER\laragon\www\api\vendor\codeigniter4\framework\system\CodeIgniter.php(410): CodeIgniter\CodeIgniter->runController(Object(App\Controllers\Pedidos))
#3 E:\SERVER\laragon\www\api\vendor\codeigniter4\framework\system\CodeIgniter.php(318): CodeIgniter\CodeIgniter->handleRequest(NULL, Object(Config\Cache), false)
#4 E:\SERVER\laragon\www\api\public\index.php(41): CodeIgniter\CodeIgniter->run()
#5 {main}
CRITICAL - 2022-05-14 10:43:18 --> Undefined variable $ArrPedido
#0 E:\SERVER\laragon\www\api\app\Controllers\Pedidos.php(135): CodeIgniter\Debug\Exceptions->errorHandler(2, 'Undefined varia...', 'E:\\SERVER\\larag...', 135)
#1 E:\SERVER\laragon\www\api\vendor\codeigniter4\framework\system\CodeIgniter.php(824): App\Controllers\Pedidos->show('R')
#2 E:\SERVER\laragon\www\api\vendor\codeigniter4\framework\system\CodeIgniter.php(410): CodeIgniter\CodeIgniter->runController(Object(App\Controllers\Pedidos))
#3 E:\SERVER\laragon\www\api\vendor\codeigniter4\framework\system\CodeIgniter.php(318): CodeIgniter\CodeIgniter->handleRequest(NULL, Object(Config\Cache), false)
#4 E:\SERVER\laragon\www\api\public\index.php(41): CodeIgniter\CodeIgniter->run()
#5 {main}
