ERROR - 2024-05-27 08:52:03 --> Error connecting to the database: Login timeout expired
TCP Provider: Error code 0x102
A network-related or instance-specific error has occurred while establishing a connection to SQL Server. Server is not found or not accessible. Check if instance name is correct and if SQL Server is configured to allow remote connections. For more information see SQL Server Books Online.
CRITICAL - 2024-05-27 08:52:03 --> Unable to connect to the database.
Main connection [SQLSRV]: Login timeout expired
TCP Provider: Error code 0x102
A network-related or instance-specific error has occurred while establishing a connection to SQL Server. Server is not found or not accessible. Check if instance name is correct and if SQL Server is configured to allow remote connections. For more information see SQL Server Books Online.
#0 /opt/lampp/htdocs/api8097/public_html/vendor/codeigniter4/framework/system/Database/BaseConnection.php(577): CodeIgniter\Database\BaseConnection->initialize()
#1 /opt/lampp/htdocs/api8097/public_html/app/Models/UserModel.php(43): CodeIgniter\Database\BaseConnection->query('{CALL [CLSA].[s...', Array)
#2 /opt/lampp/htdocs/api8097/public_html/app/Validation/UserRules.php(13): App\Models\UserModel->validarLogin('pruebapma', 'expruebapma')
#3 /opt/lampp/htdocs/api8097/public_html/vendor/codeigniter4/framework/system/Validation/Validation.php(277): App\Validation\UserRules->validateUser('expruebapma', 'username, passw...', Array, NULL)
#4 /opt/lampp/htdocs/api8097/public_html/vendor/codeigniter4/framework/system/Validation/Validation.php(151): CodeIgniter\Validation\Validation->processRules('password', 'password', 'expruebapma', Array, Array)
#5 /opt/lampp/htdocs/api8097/public_html/app/Controllers/BaseController.php(75): CodeIgniter\Validation\Validation->run(Array)
#6 /opt/lampp/htdocs/api8097/public_html/app/Controllers/Auth.php(31): App\Controllers\BaseController->validateRequest(Array, Array, Array)
#7 /opt/lampp/htdocs/api8097/public_html/vendor/codeigniter4/framework/system/CodeIgniter.php(824): App\Controllers\Auth->login()
#8 /opt/lampp/htdocs/api8097/public_html/vendor/codeigniter4/framework/system/CodeIgniter.php(410): CodeIgniter\CodeIgniter->runController(Object(App\Controllers\Auth))
#9 /opt/lampp/htdocs/api8097/public_html/vendor/codeigniter4/framework/system/CodeIgniter.php(318): CodeIgniter\CodeIgniter->handleRequest(NULL, Object(Config\Cache), false)
#10 /opt/lampp/htdocs/api8097/public_html/public/index.php(41): CodeIgniter\CodeIgniter->run()
#11 {main}
ERROR - 2024-05-27 09:14:57 --> Error connecting to the database: Login timeout expired
TCP Provider: Error code 0x102
A network-related or instance-specific error has occurred while establishing a connection to SQL Server. Server is not found or not accessible. Check if instance name is correct and if SQL Server is configured to allow remote connections. For more information see SQL Server Books Online.
CRITICAL - 2024-05-27 09:14:57 --> Unable to connect to the database.
Main connection [SQLSRV]: Login timeout expired
TCP Provider: Error code 0x102
A network-related or instance-specific error has occurred while establishing a connection to SQL Server. Server is not found or not accessible. Check if instance name is correct and if SQL Server is configured to allow remote connections. For more information see SQL Server Books Online.
#0 /opt/lampp/htdocs/api8097/public_html/vendor/codeigniter4/framework/system/Database/BaseConnection.php(577): CodeIgniter\Database\BaseConnection->initialize()
#1 /opt/lampp/htdocs/api8097/public_html/app/Models/UserModel.php(43): CodeIgniter\Database\BaseConnection->query('{CALL [CLSA].[s...', Array)
#2 /opt/lampp/htdocs/api8097/public_html/app/Validation/UserRules.php(13): App\Models\UserModel->validarLogin('pruebapma', 'expruebapma')
#3 /opt/lampp/htdocs/api8097/public_html/vendor/codeigniter4/framework/system/Validation/Validation.php(277): App\Validation\UserRules->validateUser('expruebapma', 'username, passw...', Array, NULL)
#4 /opt/lampp/htdocs/api8097/public_html/vendor/codeigniter4/framework/system/Validation/Validation.php(151): CodeIgniter\Validation\Validation->processRules('password', 'password', 'expruebapma', Array, Array)
#5 /opt/lampp/htdocs/api8097/public_html/app/Controllers/BaseController.php(75): CodeIgniter\Validation\Validation->run(Array)
#6 /opt/lampp/htdocs/api8097/public_html/app/Controllers/Auth.php(31): App\Controllers\BaseController->validateRequest(Array, Array, Array)
#7 /opt/lampp/htdocs/api8097/public_html/vendor/codeigniter4/framework/system/CodeIgniter.php(824): App\Controllers\Auth->login()
#8 /opt/lampp/htdocs/api8097/public_html/vendor/codeigniter4/framework/system/CodeIgniter.php(410): CodeIgniter\CodeIgniter->runController(Object(App\Controllers\Auth))
#9 /opt/lampp/htdocs/api8097/public_html/vendor/codeigniter4/framework/system/CodeIgniter.php(318): CodeIgniter\CodeIgniter->handleRequest(NULL, Object(Config\Cache), false)
#10 /opt/lampp/htdocs/api8097/public_html/public/index.php(41): CodeIgniter\CodeIgniter->run()
#11 {main}
ERROR - 2024-05-27 09:15:02 --> Error connecting to the database: Login timeout expired
TCP Provider: Error code 0x102
A network-related or instance-specific error has occurred while establishing a connection to SQL Server. Server is not found or not accessible. Check if instance name is correct and if SQL Server is configured to allow remote connections. For more information see SQL Server Books Online.
CRITICAL - 2024-05-27 09:15:02 --> Unable to connect to the database.
Main connection [SQLSRV]: Login timeout expired
TCP Provider: Error code 0x102
A network-related or instance-specific error has occurred while establishing a connection to SQL Server. Server is not found or not accessible. Check if instance name is correct and if SQL Server is configured to allow remote connections. For more information see SQL Server Books Online.
#0 /opt/lampp/htdocs/api8097/public_html/vendor/codeigniter4/framework/system/Database/BaseConnection.php(577): CodeIgniter\Database\BaseConnection->initialize()
#1 /opt/lampp/htdocs/api8097/public_html/app/Models/UserModel.php(43): CodeIgniter\Database\BaseConnection->query('{CALL [CLSA].[s...', Array)
#2 /opt/lampp/htdocs/api8097/public_html/app/Validation/UserRules.php(13): App\Models\UserModel->validarLogin('pruebapma', 'expruebapma')
#3 /opt/lampp/htdocs/api8097/public_html/vendor/codeigniter4/framework/system/Validation/Validation.php(277): App\Validation\UserRules->validateUser('expruebapma', 'username, passw...', Array, NULL)
#4 /opt/lampp/htdocs/api8097/public_html/vendor/codeigniter4/framework/system/Validation/Validation.php(151): CodeIgniter\Validation\Validation->processRules('password', 'password', 'expruebapma', Array, Array)
#5 /opt/lampp/htdocs/api8097/public_html/app/Controllers/BaseController.php(75): CodeIgniter\Validation\Validation->run(Array)
#6 /opt/lampp/htdocs/api8097/public_html/app/Controllers/Auth.php(31): App\Controllers\BaseController->validateRequest(Array, Array, Array)
#7 /opt/lampp/htdocs/api8097/public_html/vendor/codeigniter4/framework/system/CodeIgniter.php(824): App\Controllers\Auth->login()
#8 /opt/lampp/htdocs/api8097/public_html/vendor/codeigniter4/framework/system/CodeIgniter.php(410): CodeIgniter\CodeIgniter->runController(Object(App\Controllers\Auth))
#9 /opt/lampp/htdocs/api8097/public_html/vendor/codeigniter4/framework/system/CodeIgniter.php(318): CodeIgniter\CodeIgniter->handleRequest(NULL, Object(Config\Cache), false)
#10 /opt/lampp/htdocs/api8097/public_html/public/index.php(41): CodeIgniter\CodeIgniter->run()
#11 {main}
ERROR - 2024-05-27 09:15:04 --> Error connecting to the database: Login timeout expired
TCP Provider: Error code 0x102
A network-related or instance-specific error has occurred while establishing a connection to SQL Server. Server is not found or not accessible. Check if instance name is correct and if SQL Server is configured to allow remote connections. For more information see SQL Server Books Online.
CRITICAL - 2024-05-27 09:15:04 --> Unable to connect to the database.
Main connection [SQLSRV]: Login timeout expired
TCP Provider: Error code 0x102
A network-related or instance-specific error has occurred while establishing a connection to SQL Server. Server is not found or not accessible. Check if instance name is correct and if SQL Server is configured to allow remote connections. For more information see SQL Server Books Online.
#0 /opt/lampp/htdocs/api8097/public_html/vendor/codeigniter4/framework/system/Database/BaseConnection.php(577): CodeIgniter\Database\BaseConnection->initialize()
#1 /opt/lampp/htdocs/api8097/public_html/app/Models/UserModel.php(43): CodeIgniter\Database\BaseConnection->query('{CALL [CLSA].[s...', Array)
#2 /opt/lampp/htdocs/api8097/public_html/app/Validation/UserRules.php(13): App\Models\UserModel->validarLogin('pruebapma', 'expruebapma')
#3 /opt/lampp/htdocs/api8097/public_html/vendor/codeigniter4/framework/system/Validation/Validation.php(277): App\Validation\UserRules->validateUser('expruebapma', 'username, passw...', Array, NULL)
#4 /opt/lampp/htdocs/api8097/public_html/vendor/codeigniter4/framework/system/Validation/Validation.php(151): CodeIgniter\Validation\Validation->processRules('password', 'password', 'expruebapma', Array, Array)
#5 /opt/lampp/htdocs/api8097/public_html/app/Controllers/BaseController.php(75): CodeIgniter\Validation\Validation->run(Array)
#6 /opt/lampp/htdocs/api8097/public_html/app/Controllers/Auth.php(31): App\Controllers\BaseController->validateRequest(Array, Array, Array)
#7 /opt/lampp/htdocs/api8097/public_html/vendor/codeigniter4/framework/system/CodeIgniter.php(824): App\Controllers\Auth->login()
#8 /opt/lampp/htdocs/api8097/public_html/vendor/codeigniter4/framework/system/CodeIgniter.php(410): CodeIgniter\CodeIgniter->runController(Object(App\Controllers\Auth))
#9 /opt/lampp/htdocs/api8097/public_html/vendor/codeigniter4/framework/system/CodeIgniter.php(318): CodeIgniter\CodeIgniter->handleRequest(NULL, Object(Config\Cache), false)
#10 /opt/lampp/htdocs/api8097/public_html/public/index.php(41): CodeIgniter\CodeIgniter->run()
#11 {main}
ERROR - 2024-05-27 09:15:08 --> Error connecting to the database: Login timeout expired
TCP Provider: Error code 0x102
A network-related or instance-specific error has occurred while establishing a connection to SQL Server. Server is not found or not accessible. Check if instance name is correct and if SQL Server is configured to allow remote connections. For more information see SQL Server Books Online.
CRITICAL - 2024-05-27 09:15:08 --> Unable to connect to the database.
Main connection [SQLSRV]: Login timeout expired
TCP Provider: Error code 0x102
A network-related or instance-specific error has occurred while establishing a connection to SQL Server. Server is not found or not accessible. Check if instance name is correct and if SQL Server is configured to allow remote connections. For more information see SQL Server Books Online.
#0 /opt/lampp/htdocs/api8097/public_html/vendor/codeigniter4/framework/system/Database/BaseConnection.php(577): CodeIgniter\Database\BaseConnection->initialize()
#1 /opt/lampp/htdocs/api8097/public_html/app/Models/UserModel.php(43): CodeIgniter\Database\BaseConnection->query('{CALL [CLSA].[s...', Array)
#2 /opt/lampp/htdocs/api8097/public_html/app/Validation/UserRules.php(13): App\Models\UserModel->validarLogin('pruebapma', 'expruebapma')
#3 /opt/lampp/htdocs/api8097/public_html/vendor/codeigniter4/framework/system/Validation/Validation.php(277): App\Validation\UserRules->validateUser('expruebapma', 'username, passw...', Array, NULL)
#4 /opt/lampp/htdocs/api8097/public_html/vendor/codeigniter4/framework/system/Validation/Validation.php(151): CodeIgniter\Validation\Validation->processRules('password', 'password', 'expruebapma', Array, Array)
#5 /opt/lampp/htdocs/api8097/public_html/app/Controllers/BaseController.php(75): CodeIgniter\Validation\Validation->run(Array)
#6 /opt/lampp/htdocs/api8097/public_html/app/Controllers/Auth.php(31): App\Controllers\BaseController->validateRequest(Array, Array, Array)
#7 /opt/lampp/htdocs/api8097/public_html/vendor/codeigniter4/framework/system/CodeIgniter.php(824): App\Controllers\Auth->login()
#8 /opt/lampp/htdocs/api8097/public_html/vendor/codeigniter4/framework/system/CodeIgniter.php(410): CodeIgniter\CodeIgniter->runController(Object(App\Controllers\Auth))
#9 /opt/lampp/htdocs/api8097/public_html/vendor/codeigniter4/framework/system/CodeIgniter.php(318): CodeIgniter\CodeIgniter->handleRequest(NULL, Object(Config\Cache), false)
#10 /opt/lampp/htdocs/api8097/public_html/public/index.php(41): CodeIgniter\CodeIgniter->run()
#11 {main}
ERROR - 2024-05-27 09:15:11 --> Error connecting to the database: Login timeout expired
TCP Provider: Error code 0x102
A network-related or instance-specific error has occurred while establishing a connection to SQL Server. Server is not found or not accessible. Check if instance name is correct and if SQL Server is configured to allow remote connections. For more information see SQL Server Books Online.
CRITICAL - 2024-05-27 09:15:12 --> Unable to connect to the database.
Main connection [SQLSRV]: Login timeout expired
TCP Provider: Error code 0x102
A network-related or instance-specific error has occurred while establishing a connection to SQL Server. Server is not found or not accessible. Check if instance name is correct and if SQL Server is configured to allow remote connections. For more information see SQL Server Books Online.
#0 /opt/lampp/htdocs/api8097/public_html/vendor/codeigniter4/framework/system/Database/BaseConnection.php(577): CodeIgniter\Database\BaseConnection->initialize()
#1 /opt/lampp/htdocs/api8097/public_html/app/Models/UserModel.php(43): CodeIgniter\Database\BaseConnection->query('{CALL [CLSA].[s...', Array)
#2 /opt/lampp/htdocs/api8097/public_html/app/Validation/UserRules.php(13): App\Models\UserModel->validarLogin('pruebapma', 'expruebapma')
#3 /opt/lampp/htdocs/api8097/public_html/vendor/codeigniter4/framework/system/Validation/Validation.php(277): App\Validation\UserRules->validateUser('expruebapma', 'username, passw...', Array, NULL)
#4 /opt/lampp/htdocs/api8097/public_html/vendor/codeigniter4/framework/system/Validation/Validation.php(151): CodeIgniter\Validation\Validation->processRules('password', 'password', 'expruebapma', Array, Array)
#5 /opt/lampp/htdocs/api8097/public_html/app/Controllers/BaseController.php(75): CodeIgniter\Validation\Validation->run(Array)
#6 /opt/lampp/htdocs/api8097/public_html/app/Controllers/Auth.php(31): App\Controllers\BaseController->validateRequest(Array, Array, Array)
#7 /opt/lampp/htdocs/api8097/public_html/vendor/codeigniter4/framework/system/CodeIgniter.php(824): App\Controllers\Auth->login()
#8 /opt/lampp/htdocs/api8097/public_html/vendor/codeigniter4/framework/system/CodeIgniter.php(410): CodeIgniter\CodeIgniter->runController(Object(App\Controllers\Auth))
#9 /opt/lampp/htdocs/api8097/public_html/vendor/codeigniter4/framework/system/CodeIgniter.php(318): CodeIgniter\CodeIgniter->handleRequest(NULL, Object(Config\Cache), false)
#10 /opt/lampp/htdocs/api8097/public_html/public/index.php(41): CodeIgniter\CodeIgniter->run()
#11 {main}
ERROR - 2024-05-27 09:16:43 --> Error connecting to the database: Login timeout expired
TCP Provider: Error code 0x102
A network-related or instance-specific error has occurred while establishing a connection to SQL Server. Server is not found or not accessible. Check if instance name is correct and if SQL Server is configured to allow remote connections. For more information see SQL Server Books Online.
CRITICAL - 2024-05-27 09:16:43 --> Unable to connect to the database.
Main connection [SQLSRV]: Login timeout expired
TCP Provider: Error code 0x102
A network-related or instance-specific error has occurred while establishing a connection to SQL Server. Server is not found or not accessible. Check if instance name is correct and if SQL Server is configured to allow remote connections. For more information see SQL Server Books Online.
#0 /opt/lampp/htdocs/api8097/public_html/vendor/codeigniter4/framework/system/Database/BaseConnection.php(577): CodeIgniter\Database\BaseConnection->initialize()
#1 /opt/lampp/htdocs/api8097/public_html/app/Models/UserModel.php(43): CodeIgniter\Database\BaseConnection->query('{CALL [CLSA].[s...', Array)
#2 /opt/lampp/htdocs/api8097/public_html/app/Validation/UserRules.php(13): App\Models\UserModel->validarLogin('pruebapma', 'expruebapma')
#3 /opt/lampp/htdocs/api8097/public_html/vendor/codeigniter4/framework/system/Validation/Validation.php(277): App\Validation\UserRules->validateUser('expruebapma', 'username, passw...', Array, NULL)
#4 /opt/lampp/htdocs/api8097/public_html/vendor/codeigniter4/framework/system/Validation/Validation.php(151): CodeIgniter\Validation\Validation->processRules('password', 'password', 'expruebapma', Array, Array)
#5 /opt/lampp/htdocs/api8097/public_html/app/Controllers/BaseController.php(75): CodeIgniter\Validation\Validation->run(Array)
#6 /opt/lampp/htdocs/api8097/public_html/app/Controllers/Auth.php(31): App\Controllers\BaseController->validateRequest(Array, Array, Array)
#7 /opt/lampp/htdocs/api8097/public_html/vendor/codeigniter4/framework/system/CodeIgniter.php(824): App\Controllers\Auth->login()
#8 /opt/lampp/htdocs/api8097/public_html/vendor/codeigniter4/framework/system/CodeIgniter.php(410): CodeIgniter\CodeIgniter->runController(Object(App\Controllers\Auth))
#9 /opt/lampp/htdocs/api8097/public_html/vendor/codeigniter4/framework/system/CodeIgniter.php(318): CodeIgniter\CodeIgniter->handleRequest(NULL, Object(Config\Cache), false)
#10 /opt/lampp/htdocs/api8097/public_html/public/index.php(41): CodeIgniter\CodeIgniter->run()
#11 {main}
ERROR - 2024-05-27 09:17:06 --> Error connecting to the database: Login timeout expired
TCP Provider: Error code 0x102
A network-related or instance-specific error has occurred while establishing a connection to SQL Server. Server is not found or not accessible. Check if instance name is correct and if SQL Server is configured to allow remote connections. For more information see SQL Server Books Online.
CRITICAL - 2024-05-27 09:17:06 --> Unable to connect to the database.
Main connection [SQLSRV]: Login timeout expired
TCP Provider: Error code 0x102
A network-related or instance-specific error has occurred while establishing a connection to SQL Server. Server is not found or not accessible. Check if instance name is correct and if SQL Server is configured to allow remote connections. For more information see SQL Server Books Online.
#0 /opt/lampp/htdocs/api8097/public_html/vendor/codeigniter4/framework/system/Database/BaseConnection.php(577): CodeIgniter\Database\BaseConnection->initialize()
#1 /opt/lampp/htdocs/api8097/public_html/app/Models/UserModel.php(43): CodeIgniter\Database\BaseConnection->query('{CALL [CLSA].[s...', Array)
#2 /opt/lampp/htdocs/api8097/public_html/app/Validation/UserRules.php(13): App\Models\UserModel->validarLogin('pruebapma', 'expruebapma')
#3 /opt/lampp/htdocs/api8097/public_html/vendor/codeigniter4/framework/system/Validation/Validation.php(277): App\Validation\UserRules->validateUser('expruebapma', 'username, passw...', Array, NULL)
#4 /opt/lampp/htdocs/api8097/public_html/vendor/codeigniter4/framework/system/Validation/Validation.php(151): CodeIgniter\Validation\Validation->processRules('password', 'password', 'expruebapma', Array, Array)
#5 /opt/lampp/htdocs/api8097/public_html/app/Controllers/BaseController.php(75): CodeIgniter\Validation\Validation->run(Array)
#6 /opt/lampp/htdocs/api8097/public_html/app/Controllers/Auth.php(31): App\Controllers\BaseController->validateRequest(Array, Array, Array)
#7 /opt/lampp/htdocs/api8097/public_html/vendor/codeigniter4/framework/system/CodeIgniter.php(824): App\Controllers\Auth->login()
#8 /opt/lampp/htdocs/api8097/public_html/vendor/codeigniter4/framework/system/CodeIgniter.php(410): CodeIgniter\CodeIgniter->runController(Object(App\Controllers\Auth))
#9 /opt/lampp/htdocs/api8097/public_html/vendor/codeigniter4/framework/system/CodeIgniter.php(318): CodeIgniter\CodeIgniter->handleRequest(NULL, Object(Config\Cache), false)
#10 /opt/lampp/htdocs/api8097/public_html/public/index.php(41): CodeIgniter\CodeIgniter->run()
#11 {main}
ERROR - 2024-05-27 09:17:09 --> Error connecting to the database: Login timeout expired
TCP Provider: Error code 0x102
A network-related or instance-specific error has occurred while establishing a connection to SQL Server. Server is not found or not accessible. Check if instance name is correct and if SQL Server is configured to allow remote connections. For more information see SQL Server Books Online.
CRITICAL - 2024-05-27 09:17:09 --> Unable to connect to the database.
Main connection [SQLSRV]: Login timeout expired
TCP Provider: Error code 0x102
A network-related or instance-specific error has occurred while establishing a connection to SQL Server. Server is not found or not accessible. Check if instance name is correct and if SQL Server is configured to allow remote connections. For more information see SQL Server Books Online.
#0 /opt/lampp/htdocs/api8097/public_html/vendor/codeigniter4/framework/system/Database/BaseConnection.php(577): CodeIgniter\Database\BaseConnection->initialize()
#1 /opt/lampp/htdocs/api8097/public_html/app/Models/UserModel.php(43): CodeIgniter\Database\BaseConnection->query('{CALL [CLSA].[s...', Array)
#2 /opt/lampp/htdocs/api8097/public_html/app/Validation/UserRules.php(13): App\Models\UserModel->validarLogin('pruebapma', 'expruebapma')
#3 /opt/lampp/htdocs/api8097/public_html/vendor/codeigniter4/framework/system/Validation/Validation.php(277): App\Validation\UserRules->validateUser('expruebapma', 'username, passw...', Array, NULL)
#4 /opt/lampp/htdocs/api8097/public_html/vendor/codeigniter4/framework/system/Validation/Validation.php(151): CodeIgniter\Validation\Validation->processRules('password', 'password', 'expruebapma', Array, Array)
#5 /opt/lampp/htdocs/api8097/public_html/app/Controllers/BaseController.php(75): CodeIgniter\Validation\Validation->run(Array)
#6 /opt/lampp/htdocs/api8097/public_html/app/Controllers/Auth.php(31): App\Controllers\BaseController->validateRequest(Array, Array, Array)
#7 /opt/lampp/htdocs/api8097/public_html/vendor/codeigniter4/framework/system/CodeIgniter.php(824): App\Controllers\Auth->login()
#8 /opt/lampp/htdocs/api8097/public_html/vendor/codeigniter4/framework/system/CodeIgniter.php(410): CodeIgniter\CodeIgniter->runController(Object(App\Controllers\Auth))
#9 /opt/lampp/htdocs/api8097/public_html/vendor/codeigniter4/framework/system/CodeIgniter.php(318): CodeIgniter\CodeIgniter->handleRequest(NULL, Object(Config\Cache), false)
#10 /opt/lampp/htdocs/api8097/public_html/public/index.php(41): CodeIgniter\CodeIgniter->run()
#11 {main}
ERROR - 2024-05-27 09:18:24 --> Error connecting to the database: Login timeout expired
TCP Provider: Error code 0x102
A network-related or instance-specific error has occurred while establishing a connection to SQL Server. Server is not found or not accessible. Check if instance name is correct and if SQL Server is configured to allow remote connections. For more information see SQL Server Books Online.
CRITICAL - 2024-05-27 09:18:24 --> Unable to connect to the database.
Main connection [SQLSRV]: Login timeout expired
TCP Provider: Error code 0x102
A network-related or instance-specific error has occurred while establishing a connection to SQL Server. Server is not found or not accessible. Check if instance name is correct and if SQL Server is configured to allow remote connections. For more information see SQL Server Books Online.
#0 /opt/lampp/htdocs/api8097/public_html/vendor/codeigniter4/framework/system/Database/BaseConnection.php(577): CodeIgniter\Database\BaseConnection->initialize()
#1 /opt/lampp/htdocs/api8097/public_html/app/Models/UserModel.php(43): CodeIgniter\Database\BaseConnection->query('{CALL [CLSA].[s...', Array)
#2 /opt/lampp/htdocs/api8097/public_html/app/Validation/UserRules.php(13): App\Models\UserModel->validarLogin('pruebapma', 'expruebapma')
#3 /opt/lampp/htdocs/api8097/public_html/vendor/codeigniter4/framework/system/Validation/Validation.php(277): App\Validation\UserRules->validateUser('expruebapma', 'username, passw...', Array, NULL)
#4 /opt/lampp/htdocs/api8097/public_html/vendor/codeigniter4/framework/system/Validation/Validation.php(151): CodeIgniter\Validation\Validation->processRules('password', 'password', 'expruebapma', Array, Array)
#5 /opt/lampp/htdocs/api8097/public_html/app/Controllers/BaseController.php(75): CodeIgniter\Validation\Validation->run(Array)
#6 /opt/lampp/htdocs/api8097/public_html/app/Controllers/Auth.php(31): App\Controllers\BaseController->validateRequest(Array, Array, Array)
#7 /opt/lampp/htdocs/api8097/public_html/vendor/codeigniter4/framework/system/CodeIgniter.php(824): App\Controllers\Auth->login()
#8 /opt/lampp/htdocs/api8097/public_html/vendor/codeigniter4/framework/system/CodeIgniter.php(410): CodeIgniter\CodeIgniter->runController(Object(App\Controllers\Auth))
#9 /opt/lampp/htdocs/api8097/public_html/vendor/codeigniter4/framework/system/CodeIgniter.php(318): CodeIgniter\CodeIgniter->handleRequest(NULL, Object(Config\Cache), false)
#10 /opt/lampp/htdocs/api8097/public_html/public/index.php(41): CodeIgniter\CodeIgniter->run()
#11 {main}
ERROR - 2024-05-27 09:18:27 --> Error connecting to the database: Login timeout expired
TCP Provider: Error code 0x102
A network-related or instance-specific error has occurred while establishing a connection to SQL Server. Server is not found or not accessible. Check if instance name is correct and if SQL Server is configured to allow remote connections. For more information see SQL Server Books Online.
CRITICAL - 2024-05-27 09:18:27 --> Unable to connect to the database.
Main connection [SQLSRV]: Login timeout expired
TCP Provider: Error code 0x102
A network-related or instance-specific error has occurred while establishing a connection to SQL Server. Server is not found or not accessible. Check if instance name is correct and if SQL Server is configured to allow remote connections. For more information see SQL Server Books Online.
#0 /opt/lampp/htdocs/api8097/public_html/vendor/codeigniter4/framework/system/Database/BaseConnection.php(577): CodeIgniter\Database\BaseConnection->initialize()
#1 /opt/lampp/htdocs/api8097/public_html/app/Models/UserModel.php(43): CodeIgniter\Database\BaseConnection->query('{CALL [CLSA].[s...', Array)
#2 /opt/lampp/htdocs/api8097/public_html/app/Validation/UserRules.php(13): App\Models\UserModel->validarLogin('pruebapma', 'expruebapma')
#3 /opt/lampp/htdocs/api8097/public_html/vendor/codeigniter4/framework/system/Validation/Validation.php(277): App\Validation\UserRules->validateUser('expruebapma', 'username, passw...', Array, NULL)
#4 /opt/lampp/htdocs/api8097/public_html/vendor/codeigniter4/framework/system/Validation/Validation.php(151): CodeIgniter\Validation\Validation->processRules('password', 'password', 'expruebapma', Array, Array)
#5 /opt/lampp/htdocs/api8097/public_html/app/Controllers/BaseController.php(75): CodeIgniter\Validation\Validation->run(Array)
#6 /opt/lampp/htdocs/api8097/public_html/app/Controllers/Auth.php(31): App\Controllers\BaseController->validateRequest(Array, Array, Array)
#7 /opt/lampp/htdocs/api8097/public_html/vendor/codeigniter4/framework/system/CodeIgniter.php(824): App\Controllers\Auth->login()
#8 /opt/lampp/htdocs/api8097/public_html/vendor/codeigniter4/framework/system/CodeIgniter.php(410): CodeIgniter\CodeIgniter->runController(Object(App\Controllers\Auth))
#9 /opt/lampp/htdocs/api8097/public_html/vendor/codeigniter4/framework/system/CodeIgniter.php(318): CodeIgniter\CodeIgniter->handleRequest(NULL, Object(Config\Cache), false)
#10 /opt/lampp/htdocs/api8097/public_html/public/index.php(41): CodeIgniter\CodeIgniter->run()
#11 {main}
