CRITICAL - 2023-04-10 08:33:39 --> Undefined offset: 0
#0 /opt/lampp/htdocs/api8097/public_html/app/Models/Pedidos_Model.php(179): CodeIgniter\Debug\Exceptions->errorHandler(8, 'Undefined offse...', '/opt/lampp/htdo...', 179, Array)
#1 /opt/lampp/htdocs/api8097/public_html/app/Controllers/Insertar_Pedido.php(95): App\Models\Pedidos_Model->sp_Insert_OrdenTallerDesdeCLSAWEB('E', 'JAIMARAN', 1, 'P01-19905177', NULL)
#2 /opt/lampp/htdocs/api8097/public_html/vendor/codeigniter4/framework/system/CodeIgniter.php(824): App\Controllers\Insertar_Pedido->create()
#3 /opt/lampp/htdocs/api8097/public_html/vendor/codeigniter4/framework/system/CodeIgniter.php(410): CodeIgniter\CodeIgniter->runController(Object(App\Controllers\Insertar_Pedido))
#4 /opt/lampp/htdocs/api8097/public_html/vendor/codeigniter4/framework/system/CodeIgniter.php(318): CodeIgniter\CodeIgniter->handleRequest(NULL, Object(Config\Cache), false)
#5 /opt/lampp/htdocs/api8097/public_html/public/index.php(41): CodeIgniter\CodeIgniter->run()
#6 {main}
CRITICAL - 2023-04-10 08:33:39 --> Uncaught CodeIgniter\Format\Exceptions\FormatException: Failed to parse json string, error: "Type is not supported". in /opt/lampp/htdocs/api8097/public_html/vendor/codeigniter4/framework/system/Format/JSONFormatter.php:41
Stack trace:
#0 /opt/lampp/htdocs/api8097/public_html/vendor/codeigniter4/framework/system/Format/JSONFormatter.php(41): CodeIgniter\Format\Exceptions\FormatException::forInvalidJSON('Type is not sup...')
#1 /opt/lampp/htdocs/api8097/public_html/vendor/codeigniter4/framework/system/API/ResponseTrait.php(341): CodeIgniter\Format\JSONFormatter->format(Array)
#2 /opt/lampp/htdocs/api8097/public_html/vendor/codeigniter4/framework/system/API/ResponseTrait.php(99): CodeIgniter\Debug\Exceptions->format(Array)
#3 /opt/lampp/htdocs/api8097/public_html/vendor/codeigniter4/framework/system/Debug/Exceptions.php(110): CodeIgniter\Debug\Exceptions->respond(Array, 500)
#4 [internal function]: CodeIgniter\Debug\Exceptions->exceptionHandler(Object(ErrorException))
#5 {main}
  thrown
#0 [internal function]: CodeIgniter\Debug\Exceptions->shutdownHandler()
#1 {main}
CRITICAL - 2023-04-10 10:22:52 --> Undefined variable: arrMenu
#0 /opt/lampp/htdocs/api8097/public_html/app/Controllers/Menu.php(111): CodeIgniter\Debug\Exceptions->errorHandler(8, 'Undefined varia...', '/opt/lampp/htdo...', 111, Array)
#1 /opt/lampp/htdocs/api8097/public_html/vendor/codeigniter4/framework/system/CodeIgniter.php(824): App\Controllers\Menu->show('1')
#2 /opt/lampp/htdocs/api8097/public_html/vendor/codeigniter4/framework/system/CodeIgniter.php(410): CodeIgniter\CodeIgniter->runController(Object(App\Controllers\Menu))
#3 /opt/lampp/htdocs/api8097/public_html/vendor/codeigniter4/framework/system/CodeIgniter.php(318): CodeIgniter\CodeIgniter->handleRequest(NULL, Object(Config\Cache), false)
#4 /opt/lampp/htdocs/api8097/public_html/public/index.php(41): CodeIgniter\CodeIgniter->run()
#5 {main}
