CRITICAL - 2022-03-16 11:49:34 --> Too few arguments to function App\Controllers\Modelos_vehiculo::show(), 1 passed in E:\SERVER\laragon\www\api\vendor\codeigniter4\framework\system\CodeIgniter.php on line 824 and exactly 2 expected
#0 E:\SERVER\laragon\www\api\vendor\codeigniter4\framework\system\CodeIgniter.php(824): App\Controllers\Modelos_vehiculo->show('1065')
#1 E:\SERVER\laragon\www\api\vendor\codeigniter4\framework\system\CodeIgniter.php(410): CodeIgniter\CodeIgniter->runController(Object(App\Controllers\Modelos_vehiculo))
#2 E:\SERVER\laragon\www\api\vendor\codeigniter4\framework\system\CodeIgniter.php(318): CodeIgniter\CodeIgniter->handleRequest(NULL, Object(Config\Cache), false)
#3 E:\SERVER\laragon\www\api\public\index.php(41): CodeIgniter\CodeIgniter->run()
#4 {main}
CRITICAL - 2022-03-16 11:49:44 --> Too few arguments to function App\Controllers\Modelos_vehiculo::show(), 1 passed in E:\SERVER\laragon\www\api\vendor\codeigniter4\framework\system\CodeIgniter.php on line 824 and exactly 2 expected
#0 E:\SERVER\laragon\www\api\vendor\codeigniter4\framework\system\CodeIgniter.php(824): App\Controllers\Modelos_vehiculo->show('1016')
#1 E:\SERVER\laragon\www\api\vendor\codeigniter4\framework\system\CodeIgniter.php(410): CodeIgniter\CodeIgniter->runController(Object(App\Controllers\Modelos_vehiculo))
#2 E:\SERVER\laragon\www\api\vendor\codeigniter4\framework\system\CodeIgniter.php(318): CodeIgniter\CodeIgniter->handleRequest(NULL, Object(Config\Cache), false)
#3 E:\SERVER\laragon\www\api\public\index.php(41): CodeIgniter\CodeIgniter->run()
#4 {main}
CRITICAL - 2022-03-16 14:23:13 --> Undefined variable $msg
#0 E:\SERVER\laragon\www\api\app\Controllers\VersionesTamano_vehiculo.php(83): CodeIgniter\Debug\Exceptions->errorHandler(2, 'Undefined varia...', 'E:\\SERVER\\larag...', 83)
#1 E:\SERVER\laragon\www\api\vendor\codeigniter4\framework\system\CodeIgniter.php(824): App\Controllers\VersionesTamano_vehiculo->show('2', '1016', '2019', '86')
#2 E:\SERVER\laragon\www\api\vendor\codeigniter4\framework\system\CodeIgniter.php(410): CodeIgniter\CodeIgniter->runController(Object(App\Controllers\VersionesTamano_vehiculo))
#3 E:\SERVER\laragon\www\api\vendor\codeigniter4\framework\system\CodeIgniter.php(318): CodeIgniter\CodeIgniter->handleRequest(NULL, Object(Config\Cache), false)
#4 E:\SERVER\laragon\www\api\public\index.php(41): CodeIgniter\CodeIgniter->run()
#5 {main}
CRITICAL - 2022-03-16 14:25:44 --> Undefined variable $msg
#0 E:\SERVER\laragon\www\api\app\Controllers\VersionesTamano_vehiculo.php(74): CodeIgniter\Debug\Exceptions->errorHandler(2, 'Undefined varia...', 'E:\\SERVER\\larag...', 74)
#1 E:\SERVER\laragon\www\api\vendor\codeigniter4\framework\system\CodeIgniter.php(824): App\Controllers\VersionesTamano_vehiculo->show('11016', '2020', '86')
#2 E:\SERVER\laragon\www\api\vendor\codeigniter4\framework\system\CodeIgniter.php(410): CodeIgniter\CodeIgniter->runController(Object(App\Controllers\VersionesTamano_vehiculo))
#3 E:\SERVER\laragon\www\api\vendor\codeigniter4\framework\system\CodeIgniter.php(318): CodeIgniter\CodeIgniter->handleRequest(NULL, Object(Config\Cache), false)
#4 E:\SERVER\laragon\www\api\public\index.php(41): CodeIgniter\CodeIgniter->run()
#5 {main}
CRITICAL - 2022-03-16 14:29:08 --> Undefined variable $msg
#0 E:\SERVER\laragon\www\api\app\Controllers\VersionesTamano_vehiculo.php(74): CodeIgniter\Debug\Exceptions->errorHandler(2, 'Undefined varia...', 'E:\\SERVER\\larag...', 74)
#1 E:\SERVER\laragon\www\api\vendor\codeigniter4\framework\system\CodeIgniter.php(824): App\Controllers\VersionesTamano_vehiculo->show('1016', '2019', '86')
#2 E:\SERVER\laragon\www\api\vendor\codeigniter4\framework\system\CodeIgniter.php(410): CodeIgniter\CodeIgniter->runController(Object(App\Controllers\VersionesTamano_vehiculo))
#3 E:\SERVER\laragon\www\api\vendor\codeigniter4\framework\system\CodeIgniter.php(318): CodeIgniter\CodeIgniter->handleRequest(NULL, Object(Config\Cache), false)
#4 E:\SERVER\laragon\www\api\public\index.php(41): CodeIgniter\CodeIgniter->run()
#5 {main}
CRITICAL - 2022-03-16 14:54:43 --> Too few arguments to function App\Controllers\Modelos_vehiculo::show(), 1 passed in E:\SERVER\laragon\www\api\vendor\codeigniter4\framework\system\CodeIgniter.php on line 824 and exactly 2 expected
#0 E:\SERVER\laragon\www\api\vendor\codeigniter4\framework\system\CodeIgniter.php(824): App\Controllers\Modelos_vehiculo->show('1016')
#1 E:\SERVER\laragon\www\api\vendor\codeigniter4\framework\system\CodeIgniter.php(410): CodeIgniter\CodeIgniter->runController(Object(App\Controllers\Modelos_vehiculo))
#2 E:\SERVER\laragon\www\api\vendor\codeigniter4\framework\system\CodeIgniter.php(318): CodeIgniter\CodeIgniter->handleRequest(NULL, Object(Config\Cache), false)
#3 E:\SERVER\laragon\www\api\public\index.php(41): CodeIgniter\CodeIgniter->run()
#4 {main}
CRITICAL - 2022-03-16 14:54:49 --> Too few arguments to function App\Controllers\Modelos_vehiculo::show(), 1 passed in E:\SERVER\laragon\www\api\vendor\codeigniter4\framework\system\CodeIgniter.php on line 824 and exactly 2 expected
#0 E:\SERVER\laragon\www\api\vendor\codeigniter4\framework\system\CodeIgniter.php(824): App\Controllers\Modelos_vehiculo->show('1016')
#1 E:\SERVER\laragon\www\api\vendor\codeigniter4\framework\system\CodeIgniter.php(410): CodeIgniter\CodeIgniter->runController(Object(App\Controllers\Modelos_vehiculo))
#2 E:\SERVER\laragon\www\api\vendor\codeigniter4\framework\system\CodeIgniter.php(318): CodeIgniter\CodeIgniter->handleRequest(NULL, Object(Config\Cache), false)
#3 E:\SERVER\laragon\www\api\public\index.php(41): CodeIgniter\CodeIgniter->run()
#4 {main}
CRITICAL - 2022-03-16 14:55:22 --> Too few arguments to function App\Controllers\Modelos_vehiculo::show(), 1 passed in E:\SERVER\laragon\www\api\vendor\codeigniter4\framework\system\CodeIgniter.php on line 824 and exactly 2 expected
#0 E:\SERVER\laragon\www\api\vendor\codeigniter4\framework\system\CodeIgniter.php(824): App\Controllers\Modelos_vehiculo->show('1016')
#1 E:\SERVER\laragon\www\api\vendor\codeigniter4\framework\system\CodeIgniter.php(410): CodeIgniter\CodeIgniter->runController(Object(App\Controllers\Modelos_vehiculo))
#2 E:\SERVER\laragon\www\api\vendor\codeigniter4\framework\system\CodeIgniter.php(318): CodeIgniter\CodeIgniter->handleRequest(NULL, Object(Config\Cache), false)
#3 E:\SERVER\laragon\www\api\public\index.php(41): CodeIgniter\CodeIgniter->run()
#4 {main}
CRITICAL - 2022-03-16 16:19:10 --> implode(): Argument #2 ($array) must be of type ?array, string given
#0 E:\SERVER\laragon\www\api\app\Controllers\BusquedaRines.php(36): implode(',', 'RIN 20')
#1 E:\SERVER\laragon\www\api\vendor\codeigniter4\framework\system\CodeIgniter.php(824): App\Controllers\BusquedaRines->show('1')
#2 E:\SERVER\laragon\www\api\vendor\codeigniter4\framework\system\CodeIgniter.php(410): CodeIgniter\CodeIgniter->runController(Object(App\Controllers\BusquedaRines))
#3 E:\SERVER\laragon\www\api\vendor\codeigniter4\framework\system\CodeIgniter.php(318): CodeIgniter\CodeIgniter->handleRequest(NULL, Object(Config\Cache), false)
#4 E:\SERVER\laragon\www\api\public\index.php(41): CodeIgniter\CodeIgniter->run()
#5 {main}
CRITICAL - 2022-03-16 16:23:00 --> implode(): Argument #2 ($array) must be of type ?array, string given
#0 E:\SERVER\laragon\www\api\app\Controllers\BusquedaRines.php(36): implode(',', 'RIN 20')
#1 E:\SERVER\laragon\www\api\vendor\codeigniter4\framework\system\CodeIgniter.php(824): App\Controllers\BusquedaRines->show('1')
#2 E:\SERVER\laragon\www\api\vendor\codeigniter4\framework\system\CodeIgniter.php(410): CodeIgniter\CodeIgniter->runController(Object(App\Controllers\BusquedaRines))
#3 E:\SERVER\laragon\www\api\vendor\codeigniter4\framework\system\CodeIgniter.php(318): CodeIgniter\CodeIgniter->handleRequest(NULL, Object(Config\Cache), false)
#4 E:\SERVER\laragon\www\api\public\index.php(41): CodeIgniter\CodeIgniter->run()
#5 {main}
CRITICAL - 2022-03-16 16:23:19 --> implode(): Argument #2 ($array) must be of type ?array, string given
#0 E:\SERVER\laragon\www\api\app\Controllers\BusquedaRines.php(36): implode(',', 'RIN 20')
#1 E:\SERVER\laragon\www\api\vendor\codeigniter4\framework\system\CodeIgniter.php(824): App\Controllers\BusquedaRines->show('1')
#2 E:\SERVER\laragon\www\api\vendor\codeigniter4\framework\system\CodeIgniter.php(410): CodeIgniter\CodeIgniter->runController(Object(App\Controllers\BusquedaRines))
#3 E:\SERVER\laragon\www\api\vendor\codeigniter4\framework\system\CodeIgniter.php(318): CodeIgniter\CodeIgniter->handleRequest(NULL, Object(Config\Cache), false)
#4 E:\SERVER\laragon\www\api\public\index.php(41): CodeIgniter\CodeIgniter->run()
#5 {main}
CRITICAL - 2022-03-16 16:24:58 --> implode(): Argument #2 ($array) must be of type ?array, string given
#0 E:\SERVER\laragon\www\api\app\Controllers\BusquedaRines.php(36): implode(',', 'RIN 20')
#1 E:\SERVER\laragon\www\api\vendor\codeigniter4\framework\system\CodeIgniter.php(824): App\Controllers\BusquedaRines->show('1')
#2 E:\SERVER\laragon\www\api\vendor\codeigniter4\framework\system\CodeIgniter.php(410): CodeIgniter\CodeIgniter->runController(Object(App\Controllers\BusquedaRines))
#3 E:\SERVER\laragon\www\api\vendor\codeigniter4\framework\system\CodeIgniter.php(318): CodeIgniter\CodeIgniter->handleRequest(NULL, Object(Config\Cache), false)
#4 E:\SERVER\laragon\www\api\public\index.php(41): CodeIgniter\CodeIgniter->run()
#5 {main}
CRITICAL - 2022-03-16 16:33:38 --> implode(): Argument #2 ($array) must be of type ?array, string given
#0 E:\SERVER\laragon\www\api\app\Controllers\BusquedaRines.php(36): implode(',', 'RIN 28')
#1 E:\SERVER\laragon\www\api\vendor\codeigniter4\framework\system\CodeIgniter.php(824): App\Controllers\BusquedaRines->show('1')
#2 E:\SERVER\laragon\www\api\vendor\codeigniter4\framework\system\CodeIgniter.php(410): CodeIgniter\CodeIgniter->runController(Object(App\Controllers\BusquedaRines))
#3 E:\SERVER\laragon\www\api\vendor\codeigniter4\framework\system\CodeIgniter.php(318): CodeIgniter\CodeIgniter->handleRequest(NULL, Object(Config\Cache), false)
#4 E:\SERVER\laragon\www\api\public\index.php(41): CodeIgniter\CodeIgniter->run()
#5 {main}
