CRITICAL - 2022-09-13 16:44:46 --> Undefined variable $promos
#0 E:\SERVER\laragon\www\api\app\Controllers\Promociones.php(178): CodeIgniter\Debug\Exceptions->errorHandler(2, 'Undefined varia...', 'E:\\SERVER\\larag...', 178)
#1 E:\SERVER\laragon\www\api\vendor\codeigniter4\framework\system\CodeIgniter.php(824): App\Controllers\Promociones->show('2')
#2 E:\SERVER\laragon\www\api\vendor\codeigniter4\framework\system\CodeIgniter.php(410): CodeIgniter\CodeIgniter->runController(Object(App\Controllers\Promociones))
#3 E:\SERVER\laragon\www\api\vendor\codeigniter4\framework\system\CodeIgniter.php(318): CodeIgniter\CodeIgniter->handleRequest(NULL, Object(Config\Cache), false)
#4 E:\SERVER\laragon\www\api\public\index.php(41): CodeIgniter\CodeIgniter->run()
#5 {main}
CRITICAL - 2022-09-13 16:49:21 --> Undefined variable $promos
#0 E:\SERVER\laragon\www\api\app\Controllers\Promociones.php(178): CodeIgniter\Debug\Exceptions->errorHandler(2, 'Undefined varia...', 'E:\\SERVER\\larag...', 178)
#1 E:\SERVER\laragon\www\api\vendor\codeigniter4\framework\system\CodeIgniter.php(824): App\Controllers\Promociones->show('2')
#2 E:\SERVER\laragon\www\api\vendor\codeigniter4\framework\system\CodeIgniter.php(410): CodeIgniter\CodeIgniter->runController(Object(App\Controllers\Promociones))
#3 E:\SERVER\laragon\www\api\vendor\codeigniter4\framework\system\CodeIgniter.php(318): CodeIgniter\CodeIgniter->handleRequest(NULL, Object(Config\Cache), false)
#4 E:\SERVER\laragon\www\api\public\index.php(41): CodeIgniter\CodeIgniter->run()
#5 {main}
CRITICAL - 2022-09-13 16:50:03 --> Undefined variable $promos
#0 E:\SERVER\laragon\www\api\app\Controllers\Promociones.php(178): CodeIgniter\Debug\Exceptions->errorHandler(2, 'Undefined varia...', 'E:\\SERVER\\larag...', 178)
#1 E:\SERVER\laragon\www\api\vendor\codeigniter4\framework\system\CodeIgniter.php(824): App\Controllers\Promociones->show('2')
#2 E:\SERVER\laragon\www\api\vendor\codeigniter4\framework\system\CodeIgniter.php(410): CodeIgniter\CodeIgniter->runController(Object(App\Controllers\Promociones))
#3 E:\SERVER\laragon\www\api\vendor\codeigniter4\framework\system\CodeIgniter.php(318): CodeIgniter\CodeIgniter->handleRequest(NULL, Object(Config\Cache), false)
#4 E:\SERVER\laragon\www\api\public\index.php(41): CodeIgniter\CodeIgniter->run()
#5 {main}
CRITICAL - 2022-09-13 16:50:08 --> Undefined variable $promos
#0 E:\SERVER\laragon\www\api\app\Controllers\Promociones.php(178): CodeIgniter\Debug\Exceptions->errorHandler(2, 'Undefined varia...', 'E:\\SERVER\\larag...', 178)
#1 E:\SERVER\laragon\www\api\vendor\codeigniter4\framework\system\CodeIgniter.php(824): App\Controllers\Promociones->show('2')
#2 E:\SERVER\laragon\www\api\vendor\codeigniter4\framework\system\CodeIgniter.php(410): CodeIgniter\CodeIgniter->runController(Object(App\Controllers\Promociones))
#3 E:\SERVER\laragon\www\api\vendor\codeigniter4\framework\system\CodeIgniter.php(318): CodeIgniter\CodeIgniter->handleRequest(NULL, Object(Config\Cache), false)
#4 E:\SERVER\laragon\www\api\public\index.php(41): CodeIgniter\CodeIgniter->run()
#5 {main}
CRITICAL - 2022-09-13 16:51:36 --> Undefined variable $promos
#0 E:\SERVER\laragon\www\api\app\Controllers\Promociones.php(178): CodeIgniter\Debug\Exceptions->errorHandler(2, 'Undefined varia...', 'E:\\SERVER\\larag...', 178)
#1 E:\SERVER\laragon\www\api\vendor\codeigniter4\framework\system\CodeIgniter.php(824): App\Controllers\Promociones->show('2')
#2 E:\SERVER\laragon\www\api\vendor\codeigniter4\framework\system\CodeIgniter.php(410): CodeIgniter\CodeIgniter->runController(Object(App\Controllers\Promociones))
#3 E:\SERVER\laragon\www\api\vendor\codeigniter4\framework\system\CodeIgniter.php(318): CodeIgniter\CodeIgniter->handleRequest(NULL, Object(Config\Cache), false)
#4 E:\SERVER\laragon\www\api\public\index.php(41): CodeIgniter\CodeIgniter->run()
#5 {main}
CRITICAL - 2022-09-13 16:53:02 --> Undefined variable $promos
#0 E:\SERVER\laragon\www\api\app\Controllers\Promociones.php(178): CodeIgniter\Debug\Exceptions->errorHandler(2, 'Undefined varia...', 'E:\\SERVER\\larag...', 178)
#1 E:\SERVER\laragon\www\api\vendor\codeigniter4\framework\system\CodeIgniter.php(824): App\Controllers\Promociones->show('2')
#2 E:\SERVER\laragon\www\api\vendor\codeigniter4\framework\system\CodeIgniter.php(410): CodeIgniter\CodeIgniter->runController(Object(App\Controllers\Promociones))
#3 E:\SERVER\laragon\www\api\vendor\codeigniter4\framework\system\CodeIgniter.php(318): CodeIgniter\CodeIgniter->handleRequest(NULL, Object(Config\Cache), false)
#4 E:\SERVER\laragon\www\api\public\index.php(41): CodeIgniter\CodeIgniter->run()
#5 {main}
