ERROR - 2022-01-12 08:47:33 --> [Microsoft][ODBC Driver 17 for SQL Server][SQL Server]Incorrect syntax near 'OFFSET'.
CRITICAL - 2022-01-12 09:55:38 --> Object of class CodeIgniter\Database\SQLSRV\Connection could not be converted to string
#0 E:\SERVER\laragon\www\api\app\Validation\UserRules.php(14): App\Models\UserModel->findUserByName('ALEXCAST', '161616')
#1 E:\SERVER\laragon\www\api\vendor\codeigniter4\framework\system\Validation\Validation.php(277): App\Validation\UserRules->validateUser('161616', 'name, password', Array, NULL)
#2 E:\SERVER\laragon\www\api\vendor\codeigniter4\framework\system\Validation\Validation.php(151): CodeIgniter\Validation\Validation->processRules('password', 'password', '161616', Array, Array)
#3 E:\SERVER\laragon\www\api\app\Controllers\BaseController.php(75): CodeIgniter\Validation\Validation->run(Array)
#4 E:\SERVER\laragon\www\api\app\Controllers\Auth.php(35): App\Controllers\BaseController->validateRequest(Array, Array, Array)
#5 E:\SERVER\laragon\www\api\vendor\codeigniter4\framework\system\CodeIgniter.php(824): App\Controllers\Auth->login()
#6 E:\SERVER\laragon\www\api\vendor\codeigniter4\framework\system\CodeIgniter.php(410): CodeIgniter\CodeIgniter->runController(Object(App\Controllers\Auth))
#7 E:\SERVER\laragon\www\api\vendor\codeigniter4\framework\system\CodeIgniter.php(318): CodeIgniter\CodeIgniter->handleRequest(NULL, Object(Config\Cache), false)
#8 E:\SERVER\laragon\www\api\public\index.php(37): CodeIgniter\CodeIgniter->run()
#9 {main}
CRITICAL - 2022-01-12 10:01:14 --> App\Validation\UserRules::validateUser(): Return value must be of type bool, none returned
#0 E:\SERVER\laragon\www\api\vendor\codeigniter4\framework\system\Validation\Validation.php(277): App\Validation\UserRules->validateUser('1616161', 'name, password', Array, NULL)
#1 E:\SERVER\laragon\www\api\vendor\codeigniter4\framework\system\Validation\Validation.php(151): CodeIgniter\Validation\Validation->processRules('password', 'password', '1616161', Array, Array)
#2 E:\SERVER\laragon\www\api\app\Controllers\BaseController.php(75): CodeIgniter\Validation\Validation->run(Array)
#3 E:\SERVER\laragon\www\api\app\Controllers\Auth.php(35): App\Controllers\BaseController->validateRequest(Array, Array, Array)
#4 E:\SERVER\laragon\www\api\vendor\codeigniter4\framework\system\CodeIgniter.php(824): App\Controllers\Auth->login()
#5 E:\SERVER\laragon\www\api\vendor\codeigniter4\framework\system\CodeIgniter.php(410): CodeIgniter\CodeIgniter->runController(Object(App\Controllers\Auth))
#6 E:\SERVER\laragon\www\api\vendor\codeigniter4\framework\system\CodeIgniter.php(318): CodeIgniter\CodeIgniter->handleRequest(NULL, Object(Config\Cache), false)
#7 E:\SERVER\laragon\www\api\public\index.php(37): CodeIgniter\CodeIgniter->run()
#8 {main}
CRITICAL - 2022-01-12 10:35:12 --> Failed to parse json string, error: "Malformed UTF-8 characters, possibly incorrectly encoded".
#0 E:\SERVER\laragon\www\api\vendor\codeigniter4\framework\system\Format\JSONFormatter.php(41): CodeIgniter\Format\Exceptions\FormatException::forInvalidJSON('Malformed UTF-8...')
#1 E:\SERVER\laragon\www\api\vendor\codeigniter4\framework\system\HTTP\ResponseTrait.php(317): CodeIgniter\Format\JSONFormatter->format(Array)
#2 E:\SERVER\laragon\www\api\vendor\codeigniter4\framework\system\HTTP\ResponseTrait.php(243): CodeIgniter\HTTP\Response->formatBody(Array, 'json')
#3 E:\SERVER\laragon\www\api\app\Controllers\BaseController.php(43): CodeIgniter\HTTP\Response->setJSON(Array)
#4 E:\SERVER\laragon\www\api\app\Controllers\Marcas.php(23): App\Controllers\BaseController->getResponse(Array)
#5 E:\SERVER\laragon\www\api\vendor\codeigniter4\framework\system\CodeIgniter.php(824): App\Controllers\Marcas->index()
#6 E:\SERVER\laragon\www\api\vendor\codeigniter4\framework\system\CodeIgniter.php(410): CodeIgniter\CodeIgniter->runController(Object(App\Controllers\Marcas))
#7 E:\SERVER\laragon\www\api\vendor\codeigniter4\framework\system\CodeIgniter.php(318): CodeIgniter\CodeIgniter->handleRequest(NULL, Object(Config\Cache), false)
#8 E:\SERVER\laragon\www\api\public\index.php(37): CodeIgniter\CodeIgniter->run()
#9 {main}
ERROR - 2022-01-12 10:46:05 --> [Microsoft][ODBC Driver 17 for SQL Server][SQL Server]Invalid column name 'id'.
CRITICAL - 2022-01-12 10:46:05 --> [Microsoft][ODBC Driver 17 for SQL Server][SQL Server]Invalid column name 'id'.
#0 E:\SERVER\laragon\www\api\vendor\codeigniter4\framework\system\Database\BaseConnection.php(670): CodeIgniter\Database\SQLSRV\Connection->execute('SELECT COUNT(*)...')
#1 E:\SERVER\laragon\www\api\vendor\codeigniter4\framework\system\Database\BaseConnection.php(598): CodeIgniter\Database\BaseConnection->simpleQuery('SELECT COUNT(*)...')
#2 E:\SERVER\laragon\www\api\vendor\codeigniter4\framework\system\Database\BaseBuilder.php(1527): CodeIgniter\Database\BaseConnection->query('SELECT COUNT(*)...', Array, false)
#3 E:\SERVER\laragon\www\api\vendor\codeigniter4\framework\system\Model.php(509): CodeIgniter\Database\BaseBuilder->countAllResults(true)
#4 E:\SERVER\laragon\www\api\vendor\codeigniter4\framework\system\Model.php(592): CodeIgniter\Model->countAllResults()
#5 E:\SERVER\laragon\www\api\vendor\codeigniter4\framework\system\BaseModel.php(655): CodeIgniter\Model->shouldUpdate(Array)
#6 E:\SERVER\laragon\www\api\app\Controllers\Marcas.php(52): CodeIgniter\BaseModel->save(Array)
#7 E:\SERVER\laragon\www\api\vendor\codeigniter4\framework\system\CodeIgniter.php(824): App\Controllers\Marcas->store()
#8 E:\SERVER\laragon\www\api\vendor\codeigniter4\framework\system\CodeIgniter.php(410): CodeIgniter\CodeIgniter->runController(Object(App\Controllers\Marcas))
#9 E:\SERVER\laragon\www\api\vendor\codeigniter4\framework\system\CodeIgniter.php(318): CodeIgniter\CodeIgniter->handleRequest(NULL, Object(Config\Cache), false)
#10 E:\SERVER\laragon\www\api\public\index.php(37): CodeIgniter\CodeIgniter->run()
#11 {main}
