ERROR - 2022-03-12 08:16:43 --> [Microsoft][ODBC Driver 17 for SQL Server]Syntax error, permission violation, or other nonspecific error
CRITICAL - 2022-03-12 08:43:18 --> You must set the database table to be used with your query.
#0 E:\SERVER\laragon\www\api\vendor\codeigniter4\framework\system\Model.php(545): CodeIgniter\Database\BaseConnection->table(NULL)
#1 E:\SERVER\laragon\www\api\vendor\codeigniter4\framework\system\Model.php(717): CodeIgniter\Model->builder()
#2 E:\SERVER\laragon\www\api\app\Controllers\Tipo.php(67): CodeIgniter\Model->__call('findMarcasById', Array)
#3 E:\SERVER\laragon\www\api\vendor\codeigniter4\framework\system\CodeIgniter.php(824): App\Controllers\Tipo->show('1060')
#4 E:\SERVER\laragon\www\api\vendor\codeigniter4\framework\system\CodeIgniter.php(410): CodeIgniter\CodeIgniter->runController(Object(App\Controllers\Tipo))
#5 E:\SERVER\laragon\www\api\vendor\codeigniter4\framework\system\CodeIgniter.php(318): CodeIgniter\CodeIgniter->handleRequest(NULL, Object(Config\Cache), false)
#6 E:\SERVER\laragon\www\api\public\index.php(41): CodeIgniter\CodeIgniter->run()
#7 {main}
CRITICAL - 2022-03-12 08:53:02 --> Too few arguments to function App\Models\SeccionesModel::findSubTipoById(), 1 passed in E:\SERVER\laragon\www\api\app\Controllers\SubTipo.php on line 67 and exactly 2 expected
#0 E:\SERVER\laragon\www\api\app\Controllers\SubTipo.php(67): App\Models\SeccionesModel->findSubTipoById('1060')
#1 E:\SERVER\laragon\www\api\vendor\codeigniter4\framework\system\CodeIgniter.php(824): App\Controllers\SubTipo->show('1060', '3090')
#2 E:\SERVER\laragon\www\api\vendor\codeigniter4\framework\system\CodeIgniter.php(410): CodeIgniter\CodeIgniter->runController(Object(App\Controllers\SubTipo))
#3 E:\SERVER\laragon\www\api\vendor\codeigniter4\framework\system\CodeIgniter.php(318): CodeIgniter\CodeIgniter->handleRequest(NULL, Object(Config\Cache), false)
#4 E:\SERVER\laragon\www\api\public\index.php(41): CodeIgniter\CodeIgniter->run()
#5 {main}
CRITICAL - 2022-03-12 09:43:51 --> Class "App\Controllers\SeccionesModel" not found
#0 E:\SERVER\laragon\www\api\vendor\codeigniter4\framework\system\CodeIgniter.php(824): App\Controllers\DetalleProducto->show('1')
#1 E:\SERVER\laragon\www\api\vendor\codeigniter4\framework\system\CodeIgniter.php(410): CodeIgniter\CodeIgniter->runController(Object(App\Controllers\DetalleProducto))
#2 E:\SERVER\laragon\www\api\vendor\codeigniter4\framework\system\CodeIgniter.php(318): CodeIgniter\CodeIgniter->handleRequest(NULL, Object(Config\Cache), false)
#3 E:\SERVER\laragon\www\api\public\index.php(41): CodeIgniter\CodeIgniter->run()
#4 {main}
CRITICAL - 2022-03-12 09:44:12 --> You must set the database table to be used with your query.
#0 E:\SERVER\laragon\www\api\vendor\codeigniter4\framework\system\Model.php(545): CodeIgniter\Database\BaseConnection->table(NULL)
#1 E:\SERVER\laragon\www\api\vendor\codeigniter4\framework\system\Model.php(717): CodeIgniter\Model->builder()
#2 E:\SERVER\laragon\www\api\app\Controllers\DetalleProducto.php(67): CodeIgniter\Model->__call('findTipoById', Array)
#3 E:\SERVER\laragon\www\api\vendor\codeigniter4\framework\system\CodeIgniter.php(824): App\Controllers\DetalleProducto->show('1')
#4 E:\SERVER\laragon\www\api\vendor\codeigniter4\framework\system\CodeIgniter.php(410): CodeIgniter\CodeIgniter->runController(Object(App\Controllers\DetalleProducto))
#5 E:\SERVER\laragon\www\api\vendor\codeigniter4\framework\system\CodeIgniter.php(318): CodeIgniter\CodeIgniter->handleRequest(NULL, Object(Config\Cache), false)
#6 E:\SERVER\laragon\www\api\public\index.php(41): CodeIgniter\CodeIgniter->run()
#7 {main}
CRITICAL - 2022-03-12 09:45:25 --> Too few arguments to function App\Models\DetalleProducto_Model::BusquedaDetalle(), 1 passed in E:\SERVER\laragon\www\api\app\Controllers\DetalleProducto.php on line 67 and exactly 3 expected
#0 E:\SERVER\laragon\www\api\app\Controllers\DetalleProducto.php(67): App\Models\DetalleProducto_Model->BusquedaDetalle('1')
#1 E:\SERVER\laragon\www\api\vendor\codeigniter4\framework\system\CodeIgniter.php(824): App\Controllers\DetalleProducto->show('1')
#2 E:\SERVER\laragon\www\api\vendor\codeigniter4\framework\system\CodeIgniter.php(410): CodeIgniter\CodeIgniter->runController(Object(App\Controllers\DetalleProducto))
#3 E:\SERVER\laragon\www\api\vendor\codeigniter4\framework\system\CodeIgniter.php(318): CodeIgniter\CodeIgniter->handleRequest(NULL, Object(Config\Cache), false)
#4 E:\SERVER\laragon\www\api\public\index.php(41): CodeIgniter\CodeIgniter->run()
#5 {main}
CRITICAL - 2022-03-12 09:45:35 --> Too few arguments to function App\Models\DetalleProducto_Model::BusquedaDetalle(), 1 passed in E:\SERVER\laragon\www\api\app\Controllers\DetalleProducto.php on line 67 and exactly 3 expected
#0 E:\SERVER\laragon\www\api\app\Controllers\DetalleProducto.php(67): App\Models\DetalleProducto_Model->BusquedaDetalle('1')
#1 E:\SERVER\laragon\www\api\vendor\codeigniter4\framework\system\CodeIgniter.php(824): App\Controllers\DetalleProducto->show('1')
#2 E:\SERVER\laragon\www\api\vendor\codeigniter4\framework\system\CodeIgniter.php(410): CodeIgniter\CodeIgniter->runController(Object(App\Controllers\DetalleProducto))
#3 E:\SERVER\laragon\www\api\vendor\codeigniter4\framework\system\CodeIgniter.php(318): CodeIgniter\CodeIgniter->handleRequest(NULL, Object(Config\Cache), false)
#4 E:\SERVER\laragon\www\api\public\index.php(41): CodeIgniter\CodeIgniter->run()
#5 {main}
CRITICAL - 2022-03-12 09:45:58 --> Too few arguments to function App\Controllers\DetalleProducto::show(), 1 passed in E:\SERVER\laragon\www\api\vendor\codeigniter4\framework\system\CodeIgniter.php on line 824 and exactly 3 expected
#0 E:\SERVER\laragon\www\api\vendor\codeigniter4\framework\system\CodeIgniter.php(824): App\Controllers\DetalleProducto->show('1')
#1 E:\SERVER\laragon\www\api\vendor\codeigniter4\framework\system\CodeIgniter.php(410): CodeIgniter\CodeIgniter->runController(Object(App\Controllers\DetalleProducto))
#2 E:\SERVER\laragon\www\api\vendor\codeigniter4\framework\system\CodeIgniter.php(318): CodeIgniter\CodeIgniter->handleRequest(NULL, Object(Config\Cache), false)
#3 E:\SERVER\laragon\www\api\public\index.php(41): CodeIgniter\CodeIgniter->run()
#4 {main}
CRITICAL - 2022-03-12 09:46:11 --> Too few arguments to function App\Controllers\DetalleProducto::show(), 1 passed in E:\SERVER\laragon\www\api\vendor\codeigniter4\framework\system\CodeIgniter.php on line 824 and exactly 3 expected
#0 E:\SERVER\laragon\www\api\vendor\codeigniter4\framework\system\CodeIgniter.php(824): App\Controllers\DetalleProducto->show('1')
#1 E:\SERVER\laragon\www\api\vendor\codeigniter4\framework\system\CodeIgniter.php(410): CodeIgniter\CodeIgniter->runController(Object(App\Controllers\DetalleProducto))
#2 E:\SERVER\laragon\www\api\vendor\codeigniter4\framework\system\CodeIgniter.php(318): CodeIgniter\CodeIgniter->handleRequest(NULL, Object(Config\Cache), false)
#3 E:\SERVER\laragon\www\api\public\index.php(41): CodeIgniter\CodeIgniter->run()
#4 {main}
CRITICAL - 2022-03-12 09:46:51 --> Too few arguments to function App\Controllers\DetalleProducto::show(), 1 passed in E:\SERVER\laragon\www\api\vendor\codeigniter4\framework\system\CodeIgniter.php on line 824 and exactly 3 expected
#0 E:\SERVER\laragon\www\api\vendor\codeigniter4\framework\system\CodeIgniter.php(824): App\Controllers\DetalleProducto->show('1')
#1 E:\SERVER\laragon\www\api\vendor\codeigniter4\framework\system\CodeIgniter.php(410): CodeIgniter\CodeIgniter->runController(Object(App\Controllers\DetalleProducto))
#2 E:\SERVER\laragon\www\api\vendor\codeigniter4\framework\system\CodeIgniter.php(318): CodeIgniter\CodeIgniter->handleRequest(NULL, Object(Config\Cache), false)
#3 E:\SERVER\laragon\www\api\public\index.php(41): CodeIgniter\CodeIgniter->run()
#4 {main}
CRITICAL - 2022-03-12 09:46:53 --> Too few arguments to function App\Controllers\DetalleProducto::show(), 1 passed in E:\SERVER\laragon\www\api\vendor\codeigniter4\framework\system\CodeIgniter.php on line 824 and exactly 3 expected
#0 E:\SERVER\laragon\www\api\vendor\codeigniter4\framework\system\CodeIgniter.php(824): App\Controllers\DetalleProducto->show('1')
#1 E:\SERVER\laragon\www\api\vendor\codeigniter4\framework\system\CodeIgniter.php(410): CodeIgniter\CodeIgniter->runController(Object(App\Controllers\DetalleProducto))
#2 E:\SERVER\laragon\www\api\vendor\codeigniter4\framework\system\CodeIgniter.php(318): CodeIgniter\CodeIgniter->handleRequest(NULL, Object(Config\Cache), false)
#3 E:\SERVER\laragon\www\api\public\index.php(41): CodeIgniter\CodeIgniter->run()
#4 {main}
CRITICAL - 2022-03-12 10:56:50 --> Too few arguments to function App\Controllers\DetalleProducto::show(), 1 passed in E:\SERVER\laragon\www\api\vendor\codeigniter4\framework\system\CodeIgniter.php on line 824 and exactly 3 expected
#0 E:\SERVER\laragon\www\api\vendor\codeigniter4\framework\system\CodeIgniter.php(824): App\Controllers\DetalleProducto->show('1')
#1 E:\SERVER\laragon\www\api\vendor\codeigniter4\framework\system\CodeIgniter.php(410): CodeIgniter\CodeIgniter->runController(Object(App\Controllers\DetalleProducto))
#2 E:\SERVER\laragon\www\api\vendor\codeigniter4\framework\system\CodeIgniter.php(318): CodeIgniter\CodeIgniter->handleRequest(NULL, Object(Config\Cache), false)
#3 E:\SERVER\laragon\www\api\public\index.php(41): CodeIgniter\CodeIgniter->run()
#4 {main}
CRITICAL - 2022-03-12 12:50:32 --> Undefined constant "App\Models\EDWALOPE"
#0 E:\SERVER\laragon\www\api\app\Controllers\Cliente.php(66): App\Models\Cliente_Model->BusquedaCliente()
#1 E:\SERVER\laragon\www\api\vendor\codeigniter4\framework\system\CodeIgniter.php(824): App\Controllers\Cliente->show('1')
#2 E:\SERVER\laragon\www\api\vendor\codeigniter4\framework\system\CodeIgniter.php(410): CodeIgniter\CodeIgniter->runController(Object(App\Controllers\Cliente))
#3 E:\SERVER\laragon\www\api\vendor\codeigniter4\framework\system\CodeIgniter.php(318): CodeIgniter\CodeIgniter->handleRequest(NULL, Object(Config\Cache), false)
#4 E:\SERVER\laragon\www\api\public\index.php(41): CodeIgniter\CodeIgniter->run()
#5 {main}
CRITICAL - 2022-03-12 12:50:49 --> Undefined constant "App\Models\EDWALOPE"
#0 E:\SERVER\laragon\www\api\app\Controllers\Cliente.php(66): App\Models\Cliente_Model->BusquedaCliente()
#1 E:\SERVER\laragon\www\api\vendor\codeigniter4\framework\system\CodeIgniter.php(824): App\Controllers\Cliente->show('1')
#2 E:\SERVER\laragon\www\api\vendor\codeigniter4\framework\system\CodeIgniter.php(410): CodeIgniter\CodeIgniter->runController(Object(App\Controllers\Cliente))
#3 E:\SERVER\laragon\www\api\vendor\codeigniter4\framework\system\CodeIgniter.php(318): CodeIgniter\CodeIgniter->handleRequest(NULL, Object(Config\Cache), false)
#4 E:\SERVER\laragon\www\api\public\index.php(41): CodeIgniter\CodeIgniter->run()
#5 {main}
