CRITICAL - 2024-04-30 15:50:41 --> Too few arguments to function App\Controllers\WMSodenesDeCompras::guardaProcesaOrdenCompra(), 0 passed in /opt/lampp/htdocs/api8097/public_html/vendor/codeigniter4/framework/system/CodeIgniter.php on line 824 and exactly 1 expected
#0 /opt/lampp/htdocs/api8097/public_html/vendor/codeigniter4/framework/system/CodeIgniter.php(824): App\Controllers\WMSodenesDeCompras->guardaProcesaOrdenCompra()
#1 /opt/lampp/htdocs/api8097/public_html/vendor/codeigniter4/framework/system/CodeIgniter.php(410): CodeIgniter\CodeIgniter->runController(Object(App\Controllers\WMSodenesDeCompras))
#2 /opt/lampp/htdocs/api8097/public_html/vendor/codeigniter4/framework/system/CodeIgniter.php(318): CodeIgniter\CodeIgniter->handleRequest(NULL, Object(Config\Cache), false)
#3 /opt/lampp/htdocs/api8097/public_html/public/index.php(41): CodeIgniter\CodeIgniter->run()
#4 {main}
CRITICAL - 2024-04-30 15:54:25 --> Too few arguments to function App\Controllers\WMSodenesDeCompras::guardaProcesaOrdenCompra(), 0 passed in /opt/lampp/htdocs/api8097/public_html/vendor/codeigniter4/framework/system/CodeIgniter.php on line 824 and exactly 1 expected
#0 /opt/lampp/htdocs/api8097/public_html/vendor/codeigniter4/framework/system/CodeIgniter.php(824): App\Controllers\WMSodenesDeCompras->guardaProcesaOrdenCompra()
#1 /opt/lampp/htdocs/api8097/public_html/vendor/codeigniter4/framework/system/CodeIgniter.php(410): CodeIgniter\CodeIgniter->runController(Object(App\Controllers\WMSodenesDeCompras))
#2 /opt/lampp/htdocs/api8097/public_html/vendor/codeigniter4/framework/system/CodeIgniter.php(318): CodeIgniter\CodeIgniter->handleRequest(NULL, Object(Config\Cache), false)
#3 /opt/lampp/htdocs/api8097/public_html/public/index.php(41): CodeIgniter\CodeIgniter->run()
#4 {main}
CRITICAL - 2024-04-30 15:59:35 --> Too few arguments to function App\Controllers\WMSodenesDeCompras::guardaProcesaOrdenCompra(), 0 passed in /opt/lampp/htdocs/api8097/public_html/vendor/codeigniter4/framework/system/CodeIgniter.php on line 824 and exactly 1 expected
#0 /opt/lampp/htdocs/api8097/public_html/vendor/codeigniter4/framework/system/CodeIgniter.php(824): App\Controllers\WMSodenesDeCompras->guardaProcesaOrdenCompra()
#1 /opt/lampp/htdocs/api8097/public_html/vendor/codeigniter4/framework/system/CodeIgniter.php(410): CodeIgniter\CodeIgniter->runController(Object(App\Controllers\WMSodenesDeCompras))
#2 /opt/lampp/htdocs/api8097/public_html/vendor/codeigniter4/framework/system/CodeIgniter.php(318): CodeIgniter\CodeIgniter->handleRequest(NULL, Object(Config\Cache), false)
#3 /opt/lampp/htdocs/api8097/public_html/public/index.php(41): CodeIgniter\CodeIgniter->run()
#4 {main}
CRITICAL - 2024-04-30 16:04:20 --> Too few arguments to function App\Controllers\WMSodenesDeCompras::guardaProcesaOrdenCompra(), 0 passed in /opt/lampp/htdocs/api8097/public_html/vendor/codeigniter4/framework/system/CodeIgniter.php on line 824 and exactly 1 expected
#0 /opt/lampp/htdocs/api8097/public_html/vendor/codeigniter4/framework/system/CodeIgniter.php(824): App\Controllers\WMSodenesDeCompras->guardaProcesaOrdenCompra()
#1 /opt/lampp/htdocs/api8097/public_html/vendor/codeigniter4/framework/system/CodeIgniter.php(410): CodeIgniter\CodeIgniter->runController(Object(App\Controllers\WMSodenesDeCompras))
#2 /opt/lampp/htdocs/api8097/public_html/vendor/codeigniter4/framework/system/CodeIgniter.php(318): CodeIgniter\CodeIgniter->handleRequest(NULL, Object(Config\Cache), false)
#3 /opt/lampp/htdocs/api8097/public_html/public/index.php(41): CodeIgniter\CodeIgniter->run()
#4 {main}
ERROR - 2024-04-30 16:43:54 --> [Microsoft][ODBC Driver 17 for SQL Server]Syntax error, permission violation, or other nonspecific error
ERROR - 2024-04-30 16:53:54 --> [Microsoft][ODBC Driver 17 for SQL Server]Syntax error, permission violation, or other nonspecific error
ERROR - 2024-04-30 16:58:48 --> [Microsoft][ODBC Driver 17 for SQL Server]Syntax error, permission violation, or other nonspecific error
