ERROR - 2023-03-10 08:42:45 --> [Microsoft][ODBC Driver 17 for SQL Server][SQL Server]Procedure or function sp_InsertPedido_LineaEcommerce has too many arguments specified.
CRITICAL - 2023-03-10 08:42:45 --> [Microsoft][ODBC Driver 17 for SQL Server][SQL Server]Procedure or function sp_InsertPedido_LineaEcommerce has too many arguments specified.
#0 /opt/lampp/htdocs/api8097/public_html/vendor/codeigniter4/framework/system/Database/BaseConnection.php(670): CodeIgniter\Database\SQLSRV\Connection->execute('ECOMMERCE.sp_In...')
#1 /opt/lampp/htdocs/api8097/public_html/vendor/codeigniter4/framework/system/Database/BaseConnection.php(598): CodeIgniter\Database\BaseConnection->simpleQuery('ECOMMERCE.sp_In...')
#2 /opt/lampp/htdocs/api8097/public_html/app/Models/Pedidos_Model.php(122): CodeIgniter\Database\BaseConnection->query('ECOMMERCE.sp_In...', Array)
#3 /opt/lampp/htdocs/api8097/public_html/app/Controllers/Insertar_Pedido.php(85): App\Models\Pedidos_Model->sp_InsertPedido_LineaEcommerce('P01-19905132', 2, '235/55R19 K', 82,5, 1, '0.00', '16_Precio (1)', 'JAIMARAN', 'B-01', '20230310', '273.500000', '19.150000', '292.640000', '3', 'P', 'I', 'undefined')
#4 /opt/lampp/htdocs/api8097/public_html/vendor/codeigniter4/framework/system/CodeIgniter.php(824): App\Controllers\Insertar_Pedido->create()
#5 /opt/lampp/htdocs/api8097/public_html/vendor/codeigniter4/framework/system/CodeIgniter.php(410): CodeIgniter\CodeIgniter->runController(Object(App\Controllers\Insertar_Pedido))
#6 /opt/lampp/htdocs/api8097/public_html/vendor/codeigniter4/framework/system/CodeIgniter.php(318): CodeIgniter\CodeIgniter->handleRequest(NULL, Object(Config\Cache), false)
#7 /opt/lampp/htdocs/api8097/public_html/public/index.php(41): CodeIgniter\CodeIgniter->run()
#8 {main}
ERROR - 2023-03-10 09:39:36 --> [Microsoft][ODBC Driver 17 for SQL Server][SQL Server]Procedure or function sp_InsertPedido_LineaEcommerce has too many arguments specified.
CRITICAL - 2023-03-10 09:39:36 --> [Microsoft][ODBC Driver 17 for SQL Server][SQL Server]Procedure or function sp_InsertPedido_LineaEcommerce has too many arguments specified.
#0 /opt/lampp/htdocs/api8097/public_html/vendor/codeigniter4/framework/system/Database/BaseConnection.php(670): CodeIgniter\Database\SQLSRV\Connection->execute('ECOMMERCE.sp_In...')
#1 /opt/lampp/htdocs/api8097/public_html/vendor/codeigniter4/framework/system/Database/BaseConnection.php(598): CodeIgniter\Database\BaseConnection->simpleQuery('ECOMMERCE.sp_In...')
#2 /opt/lampp/htdocs/api8097/public_html/app/Models/Pedidos_Model.php(122): CodeIgniter\Database\BaseConnection->query('ECOMMERCE.sp_In...', Array)
#3 /opt/lampp/htdocs/api8097/public_html/app/Controllers/Insertar_Pedido.php(85): App\Models\Pedidos_Model->sp_InsertPedido_LineaEcommerce('P01-19905133', 2, '235/55R19 K', 82,5, 1, '0.00', '16_Precio (1)', 'JAIMARAN', 'B-01', '20230310', '273.500000', '19.150000', '292.640000', '3', 'P', 'I', 'undefined')
#4 /opt/lampp/htdocs/api8097/public_html/vendor/codeigniter4/framework/system/CodeIgniter.php(824): App\Controllers\Insertar_Pedido->create()
#5 /opt/lampp/htdocs/api8097/public_html/vendor/codeigniter4/framework/system/CodeIgniter.php(410): CodeIgniter\CodeIgniter->runController(Object(App\Controllers\Insertar_Pedido))
#6 /opt/lampp/htdocs/api8097/public_html/vendor/codeigniter4/framework/system/CodeIgniter.php(318): CodeIgniter\CodeIgniter->handleRequest(NULL, Object(Config\Cache), false)
#7 /opt/lampp/htdocs/api8097/public_html/public/index.php(41): CodeIgniter\CodeIgniter->run()
#8 {main}
CRITICAL - 2023-03-10 11:09:10 --> Undefined variable: items
#0 /opt/lampp/htdocs/api8097/public_html/app/Controllers/Insertar_Pedido.php(100): CodeIgniter\Debug\Exceptions->errorHandler(8, 'Undefined varia...', '/opt/lampp/htdo...', 100, Array)
#1 /opt/lampp/htdocs/api8097/public_html/vendor/codeigniter4/framework/system/CodeIgniter.php(824): App\Controllers\Insertar_Pedido->create()
#2 /opt/lampp/htdocs/api8097/public_html/vendor/codeigniter4/framework/system/CodeIgniter.php(410): CodeIgniter\CodeIgniter->runController(Object(App\Controllers\Insertar_Pedido))
#3 /opt/lampp/htdocs/api8097/public_html/vendor/codeigniter4/framework/system/CodeIgniter.php(318): CodeIgniter\CodeIgniter->handleRequest(NULL, Object(Config\Cache), false)
#4 /opt/lampp/htdocs/api8097/public_html/public/index.php(41): CodeIgniter\CodeIgniter->run()
#5 {main}
ERROR - 2023-03-10 11:14:17 --> [Microsoft][ODBC Driver 17 for SQL Server][SQL Server]Procedure or function sp_InsertPedido_LineaEcommerce has too many arguments specified.
CRITICAL - 2023-03-10 11:14:17 --> [Microsoft][ODBC Driver 17 for SQL Server][SQL Server]Procedure or function sp_InsertPedido_LineaEcommerce has too many arguments specified.
#0 /opt/lampp/htdocs/api8097/public_html/vendor/codeigniter4/framework/system/Database/BaseConnection.php(670): CodeIgniter\Database\SQLSRV\Connection->execute('ECOMMERCE.sp_In...')
#1 /opt/lampp/htdocs/api8097/public_html/vendor/codeigniter4/framework/system/Database/BaseConnection.php(598): CodeIgniter\Database\BaseConnection->simpleQuery('ECOMMERCE.sp_In...')
#2 /opt/lampp/htdocs/api8097/public_html/app/Models/Pedidos_Model.php(122): CodeIgniter\Database\BaseConnection->query('ECOMMERCE.sp_In...', Array)
#3 /opt/lampp/htdocs/api8097/public_html/app/Controllers/Insertar_Pedido.php(85): App\Models\Pedidos_Model->sp_InsertPedido_LineaEcommerce('P01-19905136', 2, '235/55R19 K', 82,5, 1, '0.00', '16_Precio (1)', 'JAIMARAN', 'B-01', '20230310', '273.500000', '19.150000', '292.640000', '3', 'P', 'I', 'undefined')
#4 /opt/lampp/htdocs/api8097/public_html/vendor/codeigniter4/framework/system/CodeIgniter.php(824): App\Controllers\Insertar_Pedido->create()
#5 /opt/lampp/htdocs/api8097/public_html/vendor/codeigniter4/framework/system/CodeIgniter.php(410): CodeIgniter\CodeIgniter->runController(Object(App\Controllers\Insertar_Pedido))
#6 /opt/lampp/htdocs/api8097/public_html/vendor/codeigniter4/framework/system/CodeIgniter.php(318): CodeIgniter\CodeIgniter->handleRequest(NULL, Object(Config\Cache), false)
#7 /opt/lampp/htdocs/api8097/public_html/public/index.php(41): CodeIgniter\CodeIgniter->run()
#8 {main}
ERROR - 2023-03-10 11:45:47 --> [Microsoft][ODBC Driver 17 for SQL Server][SQL Server]Procedure or function sp_InsertPedido_LineaEcommerce has too many arguments specified.
CRITICAL - 2023-03-10 11:45:47 --> [Microsoft][ODBC Driver 17 for SQL Server][SQL Server]Procedure or function sp_InsertPedido_LineaEcommerce has too many arguments specified.
#0 /opt/lampp/htdocs/api8097/public_html/vendor/codeigniter4/framework/system/Database/BaseConnection.php(670): CodeIgniter\Database\SQLSRV\Connection->execute('ECOMMERCE.sp_In...')
#1 /opt/lampp/htdocs/api8097/public_html/vendor/codeigniter4/framework/system/Database/BaseConnection.php(598): CodeIgniter\Database\BaseConnection->simpleQuery('ECOMMERCE.sp_In...')
#2 /opt/lampp/htdocs/api8097/public_html/app/Models/Pedidos_Model.php(122): CodeIgniter\Database\BaseConnection->query('ECOMMERCE.sp_In...', Array)
#3 /opt/lampp/htdocs/api8097/public_html/app/Controllers/Insertar_Pedido.php(85): App\Models\Pedidos_Model->sp_InsertPedido_LineaEcommerce('P01-19905137', 2, '235/55R19 LAU', 82,5, 1, '0.00', '16_Precio (1)', 'JAIMARAN', 'B-01', '20230310', '273.500000', '19.150000', '292.640000', '3', 'P', 'I', 'undefined')
#4 /opt/lampp/htdocs/api8097/public_html/vendor/codeigniter4/framework/system/CodeIgniter.php(824): App\Controllers\Insertar_Pedido->create()
#5 /opt/lampp/htdocs/api8097/public_html/vendor/codeigniter4/framework/system/CodeIgniter.php(410): CodeIgniter\CodeIgniter->runController(Object(App\Controllers\Insertar_Pedido))
#6 /opt/lampp/htdocs/api8097/public_html/vendor/codeigniter4/framework/system/CodeIgniter.php(318): CodeIgniter\CodeIgniter->handleRequest(NULL, Object(Config\Cache), false)
#7 /opt/lampp/htdocs/api8097/public_html/public/index.php(41): CodeIgniter\CodeIgniter->run()
#8 {main}
ERROR - 2023-03-10 11:48:51 --> [Microsoft][ODBC Driver 17 for SQL Server][SQL Server]Procedure or function sp_InsertPedido_LineaEcommerce has too many arguments specified.
CRITICAL - 2023-03-10 11:48:51 --> [Microsoft][ODBC Driver 17 for SQL Server][SQL Server]Procedure or function sp_InsertPedido_LineaEcommerce has too many arguments specified.
#0 /opt/lampp/htdocs/api8097/public_html/vendor/codeigniter4/framework/system/Database/BaseConnection.php(670): CodeIgniter\Database\SQLSRV\Connection->execute('ECOMMERCE.sp_In...')
#1 /opt/lampp/htdocs/api8097/public_html/vendor/codeigniter4/framework/system/Database/BaseConnection.php(598): CodeIgniter\Database\BaseConnection->simpleQuery('ECOMMERCE.sp_In...')
#2 /opt/lampp/htdocs/api8097/public_html/app/Models/Pedidos_Model.php(122): CodeIgniter\Database\BaseConnection->query('ECOMMERCE.sp_In...', Array)
#3 /opt/lampp/htdocs/api8097/public_html/app/Controllers/Insertar_Pedido.php(85): App\Models\Pedidos_Model->sp_InsertPedido_LineaEcommerce('P01-19905138', 2, '235/55R19 LAU', 82,5, 1, '0.00', '16_Precio (1)', 'JAIMARAN', 'B-01', '20230310', '273.500000', '19.150000', '292.640000', '3', 'P', 'I', 'undefined')
#4 /opt/lampp/htdocs/api8097/public_html/vendor/codeigniter4/framework/system/CodeIgniter.php(824): App\Controllers\Insertar_Pedido->create()
#5 /opt/lampp/htdocs/api8097/public_html/vendor/codeigniter4/framework/system/CodeIgniter.php(410): CodeIgniter\CodeIgniter->runController(Object(App\Controllers\Insertar_Pedido))
#6 /opt/lampp/htdocs/api8097/public_html/vendor/codeigniter4/framework/system/CodeIgniter.php(318): CodeIgniter\CodeIgniter->handleRequest(NULL, Object(Config\Cache), false)
#7 /opt/lampp/htdocs/api8097/public_html/public/index.php(41): CodeIgniter\CodeIgniter->run()
#8 {main}
ERROR - 2023-03-10 13:47:33 --> [Microsoft][ODBC Driver 17 for SQL Server][SQL Server]Procedure or function sp_InsertPedido_LineaEcommerce has too many arguments specified.
CRITICAL - 2023-03-10 13:47:33 --> [Microsoft][ODBC Driver 17 for SQL Server][SQL Server]Procedure or function sp_InsertPedido_LineaEcommerce has too many arguments specified.
#0 /opt/lampp/htdocs/api8097/public_html/vendor/codeigniter4/framework/system/Database/BaseConnection.php(670): CodeIgniter\Database\SQLSRV\Connection->execute('ECOMMERCE.sp_In...')
#1 /opt/lampp/htdocs/api8097/public_html/vendor/codeigniter4/framework/system/Database/BaseConnection.php(598): CodeIgniter\Database\BaseConnection->simpleQuery('ECOMMERCE.sp_In...')
#2 /opt/lampp/htdocs/api8097/public_html/app/Models/Pedidos_Model.php(122): CodeIgniter\Database\BaseConnection->query('ECOMMERCE.sp_In...', Array)
#3 /opt/lampp/htdocs/api8097/public_html/app/Controllers/Insertar_Pedido.php(85): App\Models\Pedidos_Model->sp_InsertPedido_LineaEcommerce('P01-19905139', 2, '235/55R19 K', 82,5, 1, '0.00', '16_Precio (1)', 'JAIMARAN', 'B-01', '20230310', '273.500000', '19.150000', '292.640000', '3', 'P', 'I', 'undefined')
#4 /opt/lampp/htdocs/api8097/public_html/vendor/codeigniter4/framework/system/CodeIgniter.php(824): App\Controllers\Insertar_Pedido->create()
#5 /opt/lampp/htdocs/api8097/public_html/vendor/codeigniter4/framework/system/CodeIgniter.php(410): CodeIgniter\CodeIgniter->runController(Object(App\Controllers\Insertar_Pedido))
#6 /opt/lampp/htdocs/api8097/public_html/vendor/codeigniter4/framework/system/CodeIgniter.php(318): CodeIgniter\CodeIgniter->handleRequest(NULL, Object(Config\Cache), false)
#7 /opt/lampp/htdocs/api8097/public_html/public/index.php(41): CodeIgniter\CodeIgniter->run()
#8 {main}
ERROR - 2023-03-10 14:25:05 --> Memory limit of 50240 KB exceeded for buffered query
ERROR - 2023-03-10 14:35:50 --> [Microsoft][ODBC Driver 17 for SQL Server][SQL Server]Procedure or function sp_InsertPedido_LineaEcommerce has too many arguments specified.
CRITICAL - 2023-03-10 14:35:50 --> [Microsoft][ODBC Driver 17 for SQL Server][SQL Server]Procedure or function sp_InsertPedido_LineaEcommerce has too many arguments specified.
#0 /opt/lampp/htdocs/api8097/public_html/vendor/codeigniter4/framework/system/Database/BaseConnection.php(670): CodeIgniter\Database\SQLSRV\Connection->execute('ECOMMERCE.sp_In...')
#1 /opt/lampp/htdocs/api8097/public_html/vendor/codeigniter4/framework/system/Database/BaseConnection.php(598): CodeIgniter\Database\BaseConnection->simpleQuery('ECOMMERCE.sp_In...')
#2 /opt/lampp/htdocs/api8097/public_html/app/Models/Pedidos_Model.php(122): CodeIgniter\Database\BaseConnection->query('ECOMMERCE.sp_In...', Array)
#3 /opt/lampp/htdocs/api8097/public_html/app/Controllers/Insertar_Pedido.php(85): App\Models\Pedidos_Model->sp_InsertPedido_LineaEcommerce('P01-19905141', 2, '235/55R19 LAU', 82,5, 1, '0.00', '16_Precio (1)', 'JAIMARAN', 'B-01', '20230310', '273.500000', '19.150000', '292.640000', '3', 'C', 'I', 'undefined')
#4 /opt/lampp/htdocs/api8097/public_html/vendor/codeigniter4/framework/system/CodeIgniter.php(824): App\Controllers\Insertar_Pedido->create()
#5 /opt/lampp/htdocs/api8097/public_html/vendor/codeigniter4/framework/system/CodeIgniter.php(410): CodeIgniter\CodeIgniter->runController(Object(App\Controllers\Insertar_Pedido))
#6 /opt/lampp/htdocs/api8097/public_html/vendor/codeigniter4/framework/system/CodeIgniter.php(318): CodeIgniter\CodeIgniter->handleRequest(NULL, Object(Config\Cache), false)
#7 /opt/lampp/htdocs/api8097/public_html/public/index.php(41): CodeIgniter\CodeIgniter->run()
#8 {main}
ERROR - 2023-03-10 15:32:48 --> [Microsoft][ODBC Driver 17 for SQL Server][SQL Server]Procedure or function sp_InsertPedido_LineaEcommerce has too many arguments specified.
CRITICAL - 2023-03-10 15:32:48 --> [Microsoft][ODBC Driver 17 for SQL Server][SQL Server]Procedure or function sp_InsertPedido_LineaEcommerce has too many arguments specified.
#0 /opt/lampp/htdocs/api8097/public_html/vendor/codeigniter4/framework/system/Database/BaseConnection.php(670): CodeIgniter\Database\SQLSRV\Connection->execute('ECOMMERCE.sp_In...')
#1 /opt/lampp/htdocs/api8097/public_html/vendor/codeigniter4/framework/system/Database/BaseConnection.php(598): CodeIgniter\Database\BaseConnection->simpleQuery('ECOMMERCE.sp_In...')
#2 /opt/lampp/htdocs/api8097/public_html/app/Models/Pedidos_Model.php(122): CodeIgniter\Database\BaseConnection->query('ECOMMERCE.sp_In...', Array)
#3 /opt/lampp/htdocs/api8097/public_html/app/Controllers/Insertar_Pedido.php(85): App\Models\Pedidos_Model->sp_InsertPedido_LineaEcommerce('P01-19905143', 2, '235/55R19 MIR', 60,925, 1, '0.00', '16_Precio (1)', 'JAIMARAN', 'B-01', '20230310', '208.775000', '14.610000', '223.390000', '3', 'P', 'I', 'undefined')
#4 /opt/lampp/htdocs/api8097/public_html/vendor/codeigniter4/framework/system/CodeIgniter.php(824): App\Controllers\Insertar_Pedido->create()
#5 /opt/lampp/htdocs/api8097/public_html/vendor/codeigniter4/framework/system/CodeIgniter.php(410): CodeIgniter\CodeIgniter->runController(Object(App\Controllers\Insertar_Pedido))
#6 /opt/lampp/htdocs/api8097/public_html/vendor/codeigniter4/framework/system/CodeIgniter.php(318): CodeIgniter\CodeIgniter->handleRequest(NULL, Object(Config\Cache), false)
#7 /opt/lampp/htdocs/api8097/public_html/public/index.php(41): CodeIgniter\CodeIgniter->run()
#8 {main}
