ERROR - 2023-02-24 08:40:34 --> [Microsoft][ODBC Driver 17 for SQL Server][SQL Server]The query processor could not start the necessary thread resources for parallel query execution.
CRITICAL - 2023-02-24 08:40:34 --> [Microsoft][ODBC Driver 17 for SQL Server][SQL Server]The query processor could not start the necessary thread resources for parallel query execution.
#0 /opt/lampp/htdocs/api8097/public_html/vendor/codeigniter4/framework/system/Database/BaseConnection.php(670): CodeIgniter\Database\SQLSRV\Connection->execute('ECOMMERCE.sp_ge...')
#1 /opt/lampp/htdocs/api8097/public_html/vendor/codeigniter4/framework/system/Database/BaseConnection.php(598): CodeIgniter\Database\BaseConnection->simpleQuery('ECOMMERCE.sp_ge...')
#2 /opt/lampp/htdocs/api8097/public_html/app/Models/GetInformeVentaFacturador_Model.php(16): CodeIgniter\Database\BaseConnection->query('ECOMMERCE.sp_ge...', Array)
#3 /opt/lampp/htdocs/api8097/public_html/app/Controllers/GetInformeVentaFacturador.php(27): App\Models\GetInformeVentaFacturador_Model->GetInformeVentaFacturador('JAIMARAN', 'D', NULL)
#4 /opt/lampp/htdocs/api8097/public_html/vendor/codeigniter4/framework/system/CodeIgniter.php(824): App\Controllers\GetInformeVentaFacturador->index()
#5 /opt/lampp/htdocs/api8097/public_html/vendor/codeigniter4/framework/system/CodeIgniter.php(410): CodeIgniter\CodeIgniter->runController(Object(App\Controllers\GetInformeVentaFacturador))
#6 /opt/lampp/htdocs/api8097/public_html/vendor/codeigniter4/framework/system/CodeIgniter.php(318): CodeIgniter\CodeIgniter->handleRequest(NULL, Object(Config\Cache), false)
#7 /opt/lampp/htdocs/api8097/public_html/public/index.php(41): CodeIgniter\CodeIgniter->run()
#8 {main}
ERROR - 2023-02-24 08:40:37 --> [Microsoft][ODBC Driver 17 for SQL Server][SQL Server]The query processor could not start the necessary thread resources for parallel query execution.
CRITICAL - 2023-02-24 08:40:37 --> [Microsoft][ODBC Driver 17 for SQL Server][SQL Server]The query processor could not start the necessary thread resources for parallel query execution.
#0 /opt/lampp/htdocs/api8097/public_html/vendor/codeigniter4/framework/system/Database/BaseConnection.php(670): CodeIgniter\Database\SQLSRV\Connection->execute('ECOMMERCE.sp_ge...')
#1 /opt/lampp/htdocs/api8097/public_html/vendor/codeigniter4/framework/system/Database/BaseConnection.php(598): CodeIgniter\Database\BaseConnection->simpleQuery('ECOMMERCE.sp_ge...')
#2 /opt/lampp/htdocs/api8097/public_html/app/Models/GetInformeVentaFacturador_Model.php(16): CodeIgniter\Database\BaseConnection->query('ECOMMERCE.sp_ge...', Array)
#3 /opt/lampp/htdocs/api8097/public_html/app/Controllers/GetInformeVentaFacturador.php(27): App\Models\GetInformeVentaFacturador_Model->GetInformeVentaFacturador('JAIMARAN', 'D', '3')
#4 /opt/lampp/htdocs/api8097/public_html/vendor/codeigniter4/framework/system/CodeIgniter.php(824): App\Controllers\GetInformeVentaFacturador->index()
#5 /opt/lampp/htdocs/api8097/public_html/vendor/codeigniter4/framework/system/CodeIgniter.php(410): CodeIgniter\CodeIgniter->runController(Object(App\Controllers\GetInformeVentaFacturador))
#6 /opt/lampp/htdocs/api8097/public_html/vendor/codeigniter4/framework/system/CodeIgniter.php(318): CodeIgniter\CodeIgniter->handleRequest(NULL, Object(Config\Cache), false)
#7 /opt/lampp/htdocs/api8097/public_html/public/index.php(41): CodeIgniter\CodeIgniter->run()
#8 {main}
ERROR - 2023-02-24 08:44:04 --> [Microsoft][ODBC Driver 17 for SQL Server][SQL Server]The query processor could not start the necessary thread resources for parallel query execution.
CRITICAL - 2023-02-24 08:44:04 --> [Microsoft][ODBC Driver 17 for SQL Server][SQL Server]The query processor could not start the necessary thread resources for parallel query execution.
#0 /opt/lampp/htdocs/api8097/public_html/vendor/codeigniter4/framework/system/Database/BaseConnection.php(670): CodeIgniter\Database\SQLSRV\Connection->execute('ECOMMERCE.sp_ge...')
#1 /opt/lampp/htdocs/api8097/public_html/vendor/codeigniter4/framework/system/Database/BaseConnection.php(598): CodeIgniter\Database\BaseConnection->simpleQuery('ECOMMERCE.sp_ge...')
#2 /opt/lampp/htdocs/api8097/public_html/app/Models/GetInformeVentaFacturador_Model.php(16): CodeIgniter\Database\BaseConnection->query('ECOMMERCE.sp_ge...', Array)
#3 /opt/lampp/htdocs/api8097/public_html/app/Controllers/GetInformeVentaFacturador.php(27): App\Models\GetInformeVentaFacturador_Model->GetInformeVentaFacturador('JAIMARAN', 'D', NULL)
#4 /opt/lampp/htdocs/api8097/public_html/vendor/codeigniter4/framework/system/CodeIgniter.php(824): App\Controllers\GetInformeVentaFacturador->index()
#5 /opt/lampp/htdocs/api8097/public_html/vendor/codeigniter4/framework/system/CodeIgniter.php(410): CodeIgniter\CodeIgniter->runController(Object(App\Controllers\GetInformeVentaFacturador))
#6 /opt/lampp/htdocs/api8097/public_html/vendor/codeigniter4/framework/system/CodeIgniter.php(318): CodeIgniter\CodeIgniter->handleRequest(NULL, Object(Config\Cache), false)
#7 /opt/lampp/htdocs/api8097/public_html/public/index.php(41): CodeIgniter\CodeIgniter->run()
#8 {main}
ERROR - 2023-02-24 08:44:22 --> [Microsoft][ODBC Driver 17 for SQL Server][SQL Server]The query processor could not start the necessary thread resources for parallel query execution.
CRITICAL - 2023-02-24 08:44:22 --> [Microsoft][ODBC Driver 17 for SQL Server][SQL Server]The query processor could not start the necessary thread resources for parallel query execution.
#0 /opt/lampp/htdocs/api8097/public_html/vendor/codeigniter4/framework/system/Database/BaseConnection.php(670): CodeIgniter\Database\SQLSRV\Connection->execute('ECOMMERCE.sp_ge...')
#1 /opt/lampp/htdocs/api8097/public_html/vendor/codeigniter4/framework/system/Database/BaseConnection.php(598): CodeIgniter\Database\BaseConnection->simpleQuery('ECOMMERCE.sp_ge...')
#2 /opt/lampp/htdocs/api8097/public_html/app/Models/GetInformeVentaFacturador_Model.php(16): CodeIgniter\Database\BaseConnection->query('ECOMMERCE.sp_ge...', Array)
#3 /opt/lampp/htdocs/api8097/public_html/app/Controllers/GetInformeVentaFacturador.php(27): App\Models\GetInformeVentaFacturador_Model->GetInformeVentaFacturador('JAIMARAN', 'C', NULL)
#4 /opt/lampp/htdocs/api8097/public_html/vendor/codeigniter4/framework/system/CodeIgniter.php(824): App\Controllers\GetInformeVentaFacturador->index()
#5 /opt/lampp/htdocs/api8097/public_html/vendor/codeigniter4/framework/system/CodeIgniter.php(410): CodeIgniter\CodeIgniter->runController(Object(App\Controllers\GetInformeVentaFacturador))
#6 /opt/lampp/htdocs/api8097/public_html/vendor/codeigniter4/framework/system/CodeIgniter.php(318): CodeIgniter\CodeIgniter->handleRequest(NULL, Object(Config\Cache), false)
#7 /opt/lampp/htdocs/api8097/public_html/public/index.php(41): CodeIgniter\CodeIgniter->run()
#8 {main}
ERROR - 2023-02-24 08:45:47 --> [Microsoft][ODBC Driver 17 for SQL Server][SQL Server]The query processor could not start the necessary thread resources for parallel query execution.
CRITICAL - 2023-02-24 08:45:47 --> [Microsoft][ODBC Driver 17 for SQL Server][SQL Server]The query processor could not start the necessary thread resources for parallel query execution.
#0 /opt/lampp/htdocs/api8097/public_html/vendor/codeigniter4/framework/system/Database/BaseConnection.php(670): CodeIgniter\Database\SQLSRV\Connection->execute('ECOMMERCE.sp_ge...')
#1 /opt/lampp/htdocs/api8097/public_html/vendor/codeigniter4/framework/system/Database/BaseConnection.php(598): CodeIgniter\Database\BaseConnection->simpleQuery('ECOMMERCE.sp_ge...')
#2 /opt/lampp/htdocs/api8097/public_html/app/Models/GetInformeVentaFacturador_Model.php(16): CodeIgniter\Database\BaseConnection->query('ECOMMERCE.sp_ge...', Array)
#3 /opt/lampp/htdocs/api8097/public_html/app/Controllers/GetInformeVentaFacturador.php(27): App\Models\GetInformeVentaFacturador_Model->GetInformeVentaFacturador('JAIMARAN', 'D', NULL)
#4 /opt/lampp/htdocs/api8097/public_html/vendor/codeigniter4/framework/system/CodeIgniter.php(824): App\Controllers\GetInformeVentaFacturador->index()
#5 /opt/lampp/htdocs/api8097/public_html/vendor/codeigniter4/framework/system/CodeIgniter.php(410): CodeIgniter\CodeIgniter->runController(Object(App\Controllers\GetInformeVentaFacturador))
#6 /opt/lampp/htdocs/api8097/public_html/vendor/codeigniter4/framework/system/CodeIgniter.php(318): CodeIgniter\CodeIgniter->handleRequest(NULL, Object(Config\Cache), false)
#7 /opt/lampp/htdocs/api8097/public_html/public/index.php(41): CodeIgniter\CodeIgniter->run()
#8 {main}
ERROR - 2023-02-24 08:47:26 --> [Microsoft][ODBC Driver 17 for SQL Server][SQL Server]The query processor could not start the necessary thread resources for parallel query execution.
CRITICAL - 2023-02-24 08:47:26 --> [Microsoft][ODBC Driver 17 for SQL Server][SQL Server]The query processor could not start the necessary thread resources for parallel query execution.
#0 /opt/lampp/htdocs/api8097/public_html/vendor/codeigniter4/framework/system/Database/BaseConnection.php(670): CodeIgniter\Database\SQLSRV\Connection->execute('ECOMMERCE.sp_ge...')
#1 /opt/lampp/htdocs/api8097/public_html/vendor/codeigniter4/framework/system/Database/BaseConnection.php(598): CodeIgniter\Database\BaseConnection->simpleQuery('ECOMMERCE.sp_ge...')
#2 /opt/lampp/htdocs/api8097/public_html/app/Models/GetInformeVentaFacturador_Model.php(16): CodeIgniter\Database\BaseConnection->query('ECOMMERCE.sp_ge...', Array)
#3 /opt/lampp/htdocs/api8097/public_html/app/Controllers/GetInformeVentaFacturador.php(27): App\Models\GetInformeVentaFacturador_Model->GetInformeVentaFacturador('JAIMARAN', 'A', NULL)
#4 /opt/lampp/htdocs/api8097/public_html/vendor/codeigniter4/framework/system/CodeIgniter.php(824): App\Controllers\GetInformeVentaFacturador->index()
#5 /opt/lampp/htdocs/api8097/public_html/vendor/codeigniter4/framework/system/CodeIgniter.php(410): CodeIgniter\CodeIgniter->runController(Object(App\Controllers\GetInformeVentaFacturador))
#6 /opt/lampp/htdocs/api8097/public_html/vendor/codeigniter4/framework/system/CodeIgniter.php(318): CodeIgniter\CodeIgniter->handleRequest(NULL, Object(Config\Cache), false)
#7 /opt/lampp/htdocs/api8097/public_html/public/index.php(41): CodeIgniter\CodeIgniter->run()
#8 {main}
ERROR - 2023-02-24 08:47:39 --> [Microsoft][ODBC Driver 17 for SQL Server][SQL Server]The query processor could not start the necessary thread resources for parallel query execution.
CRITICAL - 2023-02-24 08:47:39 --> [Microsoft][ODBC Driver 17 for SQL Server][SQL Server]The query processor could not start the necessary thread resources for parallel query execution.
#0 /opt/lampp/htdocs/api8097/public_html/vendor/codeigniter4/framework/system/Database/BaseConnection.php(670): CodeIgniter\Database\SQLSRV\Connection->execute('ECOMMERCE.sp_ge...')
#1 /opt/lampp/htdocs/api8097/public_html/vendor/codeigniter4/framework/system/Database/BaseConnection.php(598): CodeIgniter\Database\BaseConnection->simpleQuery('ECOMMERCE.sp_ge...')
#2 /opt/lampp/htdocs/api8097/public_html/app/Models/GetInformeVentaFacturador_Model.php(16): CodeIgniter\Database\BaseConnection->query('ECOMMERCE.sp_ge...', Array)
#3 /opt/lampp/htdocs/api8097/public_html/app/Controllers/GetInformeVentaFacturador.php(27): App\Models\GetInformeVentaFacturador_Model->GetInformeVentaFacturador('JAIMARAN', 'D', '3')
#4 /opt/lampp/htdocs/api8097/public_html/vendor/codeigniter4/framework/system/CodeIgniter.php(824): App\Controllers\GetInformeVentaFacturador->index()
#5 /opt/lampp/htdocs/api8097/public_html/vendor/codeigniter4/framework/system/CodeIgniter.php(410): CodeIgniter\CodeIgniter->runController(Object(App\Controllers\GetInformeVentaFacturador))
#6 /opt/lampp/htdocs/api8097/public_html/vendor/codeigniter4/framework/system/CodeIgniter.php(318): CodeIgniter\CodeIgniter->handleRequest(NULL, Object(Config\Cache), false)
#7 /opt/lampp/htdocs/api8097/public_html/public/index.php(41): CodeIgniter\CodeIgniter->run()
#8 {main}
ERROR - 2023-02-24 08:47:54 --> [Microsoft][ODBC Driver 17 for SQL Server][SQL Server]The query processor could not start the necessary thread resources for parallel query execution.
CRITICAL - 2023-02-24 08:47:54 --> [Microsoft][ODBC Driver 17 for SQL Server][SQL Server]The query processor could not start the necessary thread resources for parallel query execution.
#0 /opt/lampp/htdocs/api8097/public_html/vendor/codeigniter4/framework/system/Database/BaseConnection.php(670): CodeIgniter\Database\SQLSRV\Connection->execute('ECOMMERCE.sp_ge...')
#1 /opt/lampp/htdocs/api8097/public_html/vendor/codeigniter4/framework/system/Database/BaseConnection.php(598): CodeIgniter\Database\BaseConnection->simpleQuery('ECOMMERCE.sp_ge...')
#2 /opt/lampp/htdocs/api8097/public_html/app/Models/GetInformeVentaFacturador_Model.php(16): CodeIgniter\Database\BaseConnection->query('ECOMMERCE.sp_ge...', Array)
#3 /opt/lampp/htdocs/api8097/public_html/app/Controllers/GetInformeVentaFacturador.php(27): App\Models\GetInformeVentaFacturador_Model->GetInformeVentaFacturador('JAIMARAN', 'B', NULL)
#4 /opt/lampp/htdocs/api8097/public_html/vendor/codeigniter4/framework/system/CodeIgniter.php(824): App\Controllers\GetInformeVentaFacturador->index()
#5 /opt/lampp/htdocs/api8097/public_html/vendor/codeigniter4/framework/system/CodeIgniter.php(410): CodeIgniter\CodeIgniter->runController(Object(App\Controllers\GetInformeVentaFacturador))
#6 /opt/lampp/htdocs/api8097/public_html/vendor/codeigniter4/framework/system/CodeIgniter.php(318): CodeIgniter\CodeIgniter->handleRequest(NULL, Object(Config\Cache), false)
#7 /opt/lampp/htdocs/api8097/public_html/public/index.php(41): CodeIgniter\CodeIgniter->run()
#8 {main}
ERROR - 2023-02-24 08:48:11 --> [Microsoft][ODBC Driver 17 for SQL Server][SQL Server]The query processor could not start the necessary thread resources for parallel query execution.
CRITICAL - 2023-02-24 08:48:11 --> [Microsoft][ODBC Driver 17 for SQL Server][SQL Server]The query processor could not start the necessary thread resources for parallel query execution.
#0 /opt/lampp/htdocs/api8097/public_html/vendor/codeigniter4/framework/system/Database/BaseConnection.php(670): CodeIgniter\Database\SQLSRV\Connection->execute('ECOMMERCE.sp_ge...')
#1 /opt/lampp/htdocs/api8097/public_html/vendor/codeigniter4/framework/system/Database/BaseConnection.php(598): CodeIgniter\Database\BaseConnection->simpleQuery('ECOMMERCE.sp_ge...')
#2 /opt/lampp/htdocs/api8097/public_html/app/Models/GetInformeVentaFacturador_Model.php(16): CodeIgniter\Database\BaseConnection->query('ECOMMERCE.sp_ge...', Array)
#3 /opt/lampp/htdocs/api8097/public_html/app/Controllers/GetInformeVentaFacturador.php(27): App\Models\GetInformeVentaFacturador_Model->GetInformeVentaFacturador('JAIMARAN', 'B', NULL)
#4 /opt/lampp/htdocs/api8097/public_html/vendor/codeigniter4/framework/system/CodeIgniter.php(824): App\Controllers\GetInformeVentaFacturador->index()
#5 /opt/lampp/htdocs/api8097/public_html/vendor/codeigniter4/framework/system/CodeIgniter.php(410): CodeIgniter\CodeIgniter->runController(Object(App\Controllers\GetInformeVentaFacturador))
#6 /opt/lampp/htdocs/api8097/public_html/vendor/codeigniter4/framework/system/CodeIgniter.php(318): CodeIgniter\CodeIgniter->handleRequest(NULL, Object(Config\Cache), false)
#7 /opt/lampp/htdocs/api8097/public_html/public/index.php(41): CodeIgniter\CodeIgniter->run()
#8 {main}
ERROR - 2023-02-24 08:48:29 --> [Microsoft][ODBC Driver 17 for SQL Server][SQL Server]The query processor could not start the necessary thread resources for parallel query execution.
CRITICAL - 2023-02-24 08:48:29 --> [Microsoft][ODBC Driver 17 for SQL Server][SQL Server]The query processor could not start the necessary thread resources for parallel query execution.
#0 /opt/lampp/htdocs/api8097/public_html/vendor/codeigniter4/framework/system/Database/BaseConnection.php(670): CodeIgniter\Database\SQLSRV\Connection->execute('ECOMMERCE.sp_ge...')
#1 /opt/lampp/htdocs/api8097/public_html/vendor/codeigniter4/framework/system/Database/BaseConnection.php(598): CodeIgniter\Database\BaseConnection->simpleQuery('ECOMMERCE.sp_ge...')
#2 /opt/lampp/htdocs/api8097/public_html/app/Models/GetInformeVentaFacturador_Model.php(16): CodeIgniter\Database\BaseConnection->query('ECOMMERCE.sp_ge...', Array)
#3 /opt/lampp/htdocs/api8097/public_html/app/Controllers/GetInformeVentaFacturador.php(27): App\Models\GetInformeVentaFacturador_Model->GetInformeVentaFacturador('JAIMARAN', 'A', NULL)
#4 /opt/lampp/htdocs/api8097/public_html/vendor/codeigniter4/framework/system/CodeIgniter.php(824): App\Controllers\GetInformeVentaFacturador->index()
#5 /opt/lampp/htdocs/api8097/public_html/vendor/codeigniter4/framework/system/CodeIgniter.php(410): CodeIgniter\CodeIgniter->runController(Object(App\Controllers\GetInformeVentaFacturador))
#6 /opt/lampp/htdocs/api8097/public_html/vendor/codeigniter4/framework/system/CodeIgniter.php(318): CodeIgniter\CodeIgniter->handleRequest(NULL, Object(Config\Cache), false)
#7 /opt/lampp/htdocs/api8097/public_html/public/index.php(41): CodeIgniter\CodeIgniter->run()
#8 {main}
ERROR - 2023-02-24 08:51:40 --> [Microsoft][ODBC Driver 17 for SQL Server][SQL Server]The query processor could not start the necessary thread resources for parallel query execution.
CRITICAL - 2023-02-24 08:51:40 --> [Microsoft][ODBC Driver 17 for SQL Server][SQL Server]The query processor could not start the necessary thread resources for parallel query execution.
#0 /opt/lampp/htdocs/api8097/public_html/vendor/codeigniter4/framework/system/Database/BaseConnection.php(670): CodeIgniter\Database\SQLSRV\Connection->execute('ECOMMERCE.sp_ge...')
#1 /opt/lampp/htdocs/api8097/public_html/vendor/codeigniter4/framework/system/Database/BaseConnection.php(598): CodeIgniter\Database\BaseConnection->simpleQuery('ECOMMERCE.sp_ge...')
#2 /opt/lampp/htdocs/api8097/public_html/app/Models/GetInformeVentaFacturador_Model.php(16): CodeIgniter\Database\BaseConnection->query('ECOMMERCE.sp_ge...', Array)
#3 /opt/lampp/htdocs/api8097/public_html/app/Controllers/GetInformeVentaFacturador.php(27): App\Models\GetInformeVentaFacturador_Model->GetInformeVentaFacturador('JAIMARAN', 'C', NULL)
#4 /opt/lampp/htdocs/api8097/public_html/vendor/codeigniter4/framework/system/CodeIgniter.php(824): App\Controllers\GetInformeVentaFacturador->index()
#5 /opt/lampp/htdocs/api8097/public_html/vendor/codeigniter4/framework/system/CodeIgniter.php(410): CodeIgniter\CodeIgniter->runController(Object(App\Controllers\GetInformeVentaFacturador))
#6 /opt/lampp/htdocs/api8097/public_html/vendor/codeigniter4/framework/system/CodeIgniter.php(318): CodeIgniter\CodeIgniter->handleRequest(NULL, Object(Config\Cache), false)
#7 /opt/lampp/htdocs/api8097/public_html/public/index.php(41): CodeIgniter\CodeIgniter->run()
#8 {main}
ERROR - 2023-02-24 08:55:17 --> [Microsoft][ODBC Driver 17 for SQL Server][SQL Server]The query processor could not start the necessary thread resources for parallel query execution.
CRITICAL - 2023-02-24 08:55:17 --> [Microsoft][ODBC Driver 17 for SQL Server][SQL Server]The query processor could not start the necessary thread resources for parallel query execution.
#0 /opt/lampp/htdocs/api8097/public_html/vendor/codeigniter4/framework/system/Database/BaseConnection.php(670): CodeIgniter\Database\SQLSRV\Connection->execute('ECOMMERCE.sp_ge...')
#1 /opt/lampp/htdocs/api8097/public_html/vendor/codeigniter4/framework/system/Database/BaseConnection.php(598): CodeIgniter\Database\BaseConnection->simpleQuery('ECOMMERCE.sp_ge...')
#2 /opt/lampp/htdocs/api8097/public_html/app/Models/GetInformeVentaFacturador_Model.php(16): CodeIgniter\Database\BaseConnection->query('ECOMMERCE.sp_ge...', Array)
#3 /opt/lampp/htdocs/api8097/public_html/app/Controllers/GetInformeVentaFacturador.php(27): App\Models\GetInformeVentaFacturador_Model->GetInformeVentaFacturador('JAIMARAN', 'D', '3')
#4 /opt/lampp/htdocs/api8097/public_html/vendor/codeigniter4/framework/system/CodeIgniter.php(824): App\Controllers\GetInformeVentaFacturador->index()
#5 /opt/lampp/htdocs/api8097/public_html/vendor/codeigniter4/framework/system/CodeIgniter.php(410): CodeIgniter\CodeIgniter->runController(Object(App\Controllers\GetInformeVentaFacturador))
#6 /opt/lampp/htdocs/api8097/public_html/vendor/codeigniter4/framework/system/CodeIgniter.php(318): CodeIgniter\CodeIgniter->handleRequest(NULL, Object(Config\Cache), false)
#7 /opt/lampp/htdocs/api8097/public_html/public/index.php(41): CodeIgniter\CodeIgniter->run()
#8 {main}
ERROR - 2023-02-24 08:57:13 --> [Microsoft][ODBC Driver 17 for SQL Server][SQL Server]The query processor could not start the necessary thread resources for parallel query execution.
CRITICAL - 2023-02-24 08:57:13 --> [Microsoft][ODBC Driver 17 for SQL Server][SQL Server]The query processor could not start the necessary thread resources for parallel query execution.
#0 /opt/lampp/htdocs/api8097/public_html/vendor/codeigniter4/framework/system/Database/BaseConnection.php(670): CodeIgniter\Database\SQLSRV\Connection->execute('ECOMMERCE.sp_ge...')
#1 /opt/lampp/htdocs/api8097/public_html/vendor/codeigniter4/framework/system/Database/BaseConnection.php(598): CodeIgniter\Database\BaseConnection->simpleQuery('ECOMMERCE.sp_ge...')
#2 /opt/lampp/htdocs/api8097/public_html/app/Models/GetInformeVentaFacturador_Model.php(16): CodeIgniter\Database\BaseConnection->query('ECOMMERCE.sp_ge...', Array)
#3 /opt/lampp/htdocs/api8097/public_html/app/Controllers/GetInformeVentaFacturador.php(27): App\Models\GetInformeVentaFacturador_Model->GetInformeVentaFacturador('JAIMARAN', 'A', NULL)
#4 /opt/lampp/htdocs/api8097/public_html/vendor/codeigniter4/framework/system/CodeIgniter.php(824): App\Controllers\GetInformeVentaFacturador->index()
#5 /opt/lampp/htdocs/api8097/public_html/vendor/codeigniter4/framework/system/CodeIgniter.php(410): CodeIgniter\CodeIgniter->runController(Object(App\Controllers\GetInformeVentaFacturador))
#6 /opt/lampp/htdocs/api8097/public_html/vendor/codeigniter4/framework/system/CodeIgniter.php(318): CodeIgniter\CodeIgniter->handleRequest(NULL, Object(Config\Cache), false)
#7 /opt/lampp/htdocs/api8097/public_html/public/index.php(41): CodeIgniter\CodeIgniter->run()
#8 {main}
ERROR - 2023-02-24 09:36:10 --> Memory limit of 50240 KB exceeded for buffered query
ERROR - 2023-02-24 14:46:29 --> [Microsoft][ODBC Driver 17 for SQL Server][SQL Server]The query processor could not start the necessary thread resources for parallel query execution.
CRITICAL - 2023-02-24 14:46:29 --> [Microsoft][ODBC Driver 17 for SQL Server][SQL Server]The query processor could not start the necessary thread resources for parallel query execution.
#0 /opt/lampp/htdocs/api8097/public_html/vendor/codeigniter4/framework/system/Database/BaseConnection.php(670): CodeIgniter\Database\SQLSRV\Connection->execute('ECOMMERCE.sp_ge...')
#1 /opt/lampp/htdocs/api8097/public_html/vendor/codeigniter4/framework/system/Database/BaseConnection.php(598): CodeIgniter\Database\BaseConnection->simpleQuery('ECOMMERCE.sp_ge...')
#2 /opt/lampp/htdocs/api8097/public_html/app/Models/GetInformeVentaFacturador_Model.php(16): CodeIgniter\Database\BaseConnection->query('ECOMMERCE.sp_ge...', Array)
#3 /opt/lampp/htdocs/api8097/public_html/app/Controllers/GetInformeVentaFacturador.php(27): App\Models\GetInformeVentaFacturador_Model->GetInformeVentaFacturador('JAIMARAN', 'B', NULL)
#4 /opt/lampp/htdocs/api8097/public_html/vendor/codeigniter4/framework/system/CodeIgniter.php(824): App\Controllers\GetInformeVentaFacturador->index()
#5 /opt/lampp/htdocs/api8097/public_html/vendor/codeigniter4/framework/system/CodeIgniter.php(410): CodeIgniter\CodeIgniter->runController(Object(App\Controllers\GetInformeVentaFacturador))
#6 /opt/lampp/htdocs/api8097/public_html/vendor/codeigniter4/framework/system/CodeIgniter.php(318): CodeIgniter\CodeIgniter->handleRequest(NULL, Object(Config\Cache), false)
#7 /opt/lampp/htdocs/api8097/public_html/public/index.php(41): CodeIgniter\CodeIgniter->run()
#8 {main}
ERROR - 2023-02-24 14:59:01 --> Memory limit of 50240 KB exceeded for buffered query
ERROR - 2023-02-24 14:59:05 --> Memory limit of 50240 KB exceeded for buffered query
ERROR - 2023-02-24 15:10:56 --> Memory limit of 50240 KB exceeded for buffered query
