CRITICAL - 2023-01-12 08:55:52 --> Undefined variable: llanta
#0 /opt/lampp/htdocs/api8097/public_html/app/Controllers/Llantas.php(141): CodeIgniter\Debug\Exceptions->errorHandler(8, 'Undefined varia...', '/opt/lampp/htdo...', 141, Array)
#1 /opt/lampp/htdocs/api8097/public_html/vendor/codeigniter4/framework/system/CodeIgniter.php(824): App\Controllers\Llantas->show('5')
#2 /opt/lampp/htdocs/api8097/public_html/vendor/codeigniter4/framework/system/CodeIgniter.php(410): CodeIgniter\CodeIgniter->runController(Object(App\Controllers\Llantas))
#3 /opt/lampp/htdocs/api8097/public_html/vendor/codeigniter4/framework/system/CodeIgniter.php(318): CodeIgniter\CodeIgniter->handleRequest(NULL, Object(Config\Cache), false)
#4 /opt/lampp/htdocs/api8097/public_html/public/index.php(41): CodeIgniter\CodeIgniter->run()
#5 {main}
ERROR - 2023-01-12 09:29:22 --> Memory limit of 50240 KB exceeded for buffered query
CRITICAL - 2023-01-12 09:29:22 --> Memory limit of 50240 KB exceeded for buffered query
#0 /opt/lampp/htdocs/api8097/public_html/vendor/codeigniter4/framework/system/Database/BaseConnection.php(670): CodeIgniter\Database\SQLSRV\Connection->execute('{CALL [ECOMMERC...')
#1 /opt/lampp/htdocs/api8097/public_html/vendor/codeigniter4/framework/system/Database/BaseConnection.php(598): CodeIgniter\Database\BaseConnection->simpleQuery('{CALL [ECOMMERC...')
#2 /opt/lampp/htdocs/api8097/public_html/app/Models/DetalleProducto_Model.php(34): CodeIgniter\Database\BaseConnection->query('{CALL [ECOMMERC...', Array)
#3 /opt/lampp/htdocs/api8097/public_html/app/Controllers/DetalleProducto.php(112): App\Models\DetalleProducto_Model->existenciaBodega(NULL)
#4 /opt/lampp/htdocs/api8097/public_html/vendor/codeigniter4/framework/system/CodeIgniter.php(824): App\Controllers\DetalleProducto->show('1010')
#5 /opt/lampp/htdocs/api8097/public_html/vendor/codeigniter4/framework/system/CodeIgniter.php(410): CodeIgniter\CodeIgniter->runController(Object(App\Controllers\DetalleProducto))
#6 /opt/lampp/htdocs/api8097/public_html/vendor/codeigniter4/framework/system/CodeIgniter.php(318): CodeIgniter\CodeIgniter->handleRequest(NULL, Object(Config\Cache), false)
#7 /opt/lampp/htdocs/api8097/public_html/public/index.php(41): CodeIgniter\CodeIgniter->run()
#8 {main}
ERROR - 2023-01-12 09:30:14 --> Memory limit of 50240 KB exceeded for buffered query
CRITICAL - 2023-01-12 09:30:14 --> Memory limit of 50240 KB exceeded for buffered query
#0 /opt/lampp/htdocs/api8097/public_html/vendor/codeigniter4/framework/system/Database/BaseConnection.php(670): CodeIgniter\Database\SQLSRV\Connection->execute('{CALL [ECOMMERC...')
#1 /opt/lampp/htdocs/api8097/public_html/vendor/codeigniter4/framework/system/Database/BaseConnection.php(598): CodeIgniter\Database\BaseConnection->simpleQuery('{CALL [ECOMMERC...')
#2 /opt/lampp/htdocs/api8097/public_html/app/Models/DetalleProducto_Model.php(34): CodeIgniter\Database\BaseConnection->query('{CALL [ECOMMERC...', Array)
#3 /opt/lampp/htdocs/api8097/public_html/app/Controllers/DetalleProducto.php(112): App\Models\DetalleProducto_Model->existenciaBodega(NULL)
#4 /opt/lampp/htdocs/api8097/public_html/vendor/codeigniter4/framework/system/CodeIgniter.php(824): App\Controllers\DetalleProducto->show('1010')
#5 /opt/lampp/htdocs/api8097/public_html/vendor/codeigniter4/framework/system/CodeIgniter.php(410): CodeIgniter\CodeIgniter->runController(Object(App\Controllers\DetalleProducto))
#6 /opt/lampp/htdocs/api8097/public_html/vendor/codeigniter4/framework/system/CodeIgniter.php(318): CodeIgniter\CodeIgniter->handleRequest(NULL, Object(Config\Cache), false)
#7 /opt/lampp/htdocs/api8097/public_html/public/index.php(41): CodeIgniter\CodeIgniter->run()
#8 {main}
CRITICAL - 2023-01-12 09:31:07 --> You must set the database table to be used with your query.
#0 /opt/lampp/htdocs/api8097/public_html/vendor/codeigniter4/framework/system/Model.php(545): CodeIgniter\Database\BaseConnection->table(NULL)
#1 /opt/lampp/htdocs/api8097/public_html/vendor/codeigniter4/framework/system/Model.php(717): CodeIgniter\Model->builder()
#2 /opt/lampp/htdocs/api8097/public_html/app/Controllers/DetalleProducto.php(25): CodeIgniter\Model->__call('findTipoAll', Array)
#3 /opt/lampp/htdocs/api8097/public_html/vendor/codeigniter4/framework/system/CodeIgniter.php(824): App\Controllers\DetalleProducto->index()
#4 /opt/lampp/htdocs/api8097/public_html/vendor/codeigniter4/framework/system/CodeIgniter.php(410): CodeIgniter\CodeIgniter->runController(Object(App\Controllers\DetalleProducto))
#5 /opt/lampp/htdocs/api8097/public_html/vendor/codeigniter4/framework/system/CodeIgniter.php(318): CodeIgniter\CodeIgniter->handleRequest(NULL, Object(Config\Cache), false)
#6 /opt/lampp/htdocs/api8097/public_html/public/index.php(41): CodeIgniter\CodeIgniter->run()
#7 {main}
ERROR - 2023-01-12 09:31:23 --> Memory limit of 50240 KB exceeded for buffered query
CRITICAL - 2023-01-12 09:31:23 --> Memory limit of 50240 KB exceeded for buffered query
#0 /opt/lampp/htdocs/api8097/public_html/vendor/codeigniter4/framework/system/Database/BaseConnection.php(670): CodeIgniter\Database\SQLSRV\Connection->execute('{CALL [ECOMMERC...')
#1 /opt/lampp/htdocs/api8097/public_html/vendor/codeigniter4/framework/system/Database/BaseConnection.php(598): CodeIgniter\Database\BaseConnection->simpleQuery('{CALL [ECOMMERC...')
#2 /opt/lampp/htdocs/api8097/public_html/app/Models/DetalleProducto_Model.php(34): CodeIgniter\Database\BaseConnection->query('{CALL [ECOMMERC...', Array)
#3 /opt/lampp/htdocs/api8097/public_html/app/Controllers/DetalleProducto.php(112): App\Models\DetalleProducto_Model->existenciaBodega(NULL)
#4 /opt/lampp/htdocs/api8097/public_html/vendor/codeigniter4/framework/system/CodeIgniter.php(824): App\Controllers\DetalleProducto->show('1010')
#5 /opt/lampp/htdocs/api8097/public_html/vendor/codeigniter4/framework/system/CodeIgniter.php(410): CodeIgniter\CodeIgniter->runController(Object(App\Controllers\DetalleProducto))
#6 /opt/lampp/htdocs/api8097/public_html/vendor/codeigniter4/framework/system/CodeIgniter.php(318): CodeIgniter\CodeIgniter->handleRequest(NULL, Object(Config\Cache), false)
#7 /opt/lampp/htdocs/api8097/public_html/public/index.php(41): CodeIgniter\CodeIgniter->run()
#8 {main}
ERROR - 2023-01-12 09:39:05 --> Memory limit of 50240 KB exceeded for buffered query
CRITICAL - 2023-01-12 09:39:05 --> Memory limit of 50240 KB exceeded for buffered query
#0 /opt/lampp/htdocs/api8097/public_html/vendor/codeigniter4/framework/system/Database/BaseConnection.php(670): CodeIgniter\Database\SQLSRV\Connection->execute('{CALL [ECOMMERC...')
#1 /opt/lampp/htdocs/api8097/public_html/vendor/codeigniter4/framework/system/Database/BaseConnection.php(598): CodeIgniter\Database\BaseConnection->simpleQuery('{CALL [ECOMMERC...')
#2 /opt/lampp/htdocs/api8097/public_html/app/Models/DetalleProducto_Model.php(34): CodeIgniter\Database\BaseConnection->query('{CALL [ECOMMERC...', Array)
#3 /opt/lampp/htdocs/api8097/public_html/app/Controllers/DetalleProducto.php(112): App\Models\DetalleProducto_Model->existenciaBodega(NULL)
#4 /opt/lampp/htdocs/api8097/public_html/vendor/codeigniter4/framework/system/CodeIgniter.php(824): App\Controllers\DetalleProducto->show('1010')
#5 /opt/lampp/htdocs/api8097/public_html/vendor/codeigniter4/framework/system/CodeIgniter.php(410): CodeIgniter\CodeIgniter->runController(Object(App\Controllers\DetalleProducto))
#6 /opt/lampp/htdocs/api8097/public_html/vendor/codeigniter4/framework/system/CodeIgniter.php(318): CodeIgniter\CodeIgniter->handleRequest(NULL, Object(Config\Cache), false)
#7 /opt/lampp/htdocs/api8097/public_html/public/index.php(41): CodeIgniter\CodeIgniter->run()
#8 {main}
ERROR - 2023-01-12 09:40:14 --> Memory limit of 50240 KB exceeded for buffered query
CRITICAL - 2023-01-12 09:40:14 --> Memory limit of 50240 KB exceeded for buffered query
#0 /opt/lampp/htdocs/api8097/public_html/vendor/codeigniter4/framework/system/Database/BaseConnection.php(670): CodeIgniter\Database\SQLSRV\Connection->execute('{CALL [ECOMMERC...')
#1 /opt/lampp/htdocs/api8097/public_html/vendor/codeigniter4/framework/system/Database/BaseConnection.php(598): CodeIgniter\Database\BaseConnection->simpleQuery('{CALL [ECOMMERC...')
#2 /opt/lampp/htdocs/api8097/public_html/app/Models/DetalleProducto_Model.php(34): CodeIgniter\Database\BaseConnection->query('{CALL [ECOMMERC...', Array)
#3 /opt/lampp/htdocs/api8097/public_html/app/Controllers/DetalleProducto.php(112): App\Models\DetalleProducto_Model->existenciaBodega(NULL)
#4 /opt/lampp/htdocs/api8097/public_html/vendor/codeigniter4/framework/system/CodeIgniter.php(824): App\Controllers\DetalleProducto->show('1010')
#5 /opt/lampp/htdocs/api8097/public_html/vendor/codeigniter4/framework/system/CodeIgniter.php(410): CodeIgniter\CodeIgniter->runController(Object(App\Controllers\DetalleProducto))
#6 /opt/lampp/htdocs/api8097/public_html/vendor/codeigniter4/framework/system/CodeIgniter.php(318): CodeIgniter\CodeIgniter->handleRequest(NULL, Object(Config\Cache), false)
#7 /opt/lampp/htdocs/api8097/public_html/public/index.php(41): CodeIgniter\CodeIgniter->run()
#8 {main}
ERROR - 2023-01-12 09:53:12 --> Memory limit of 50240 KB exceeded for buffered query
CRITICAL - 2023-01-12 09:53:12 --> Memory limit of 50240 KB exceeded for buffered query
#0 /opt/lampp/htdocs/api8097/public_html/vendor/codeigniter4/framework/system/Database/BaseConnection.php(670): CodeIgniter\Database\SQLSRV\Connection->execute('{CALL [ECOMMERC...')
#1 /opt/lampp/htdocs/api8097/public_html/vendor/codeigniter4/framework/system/Database/BaseConnection.php(598): CodeIgniter\Database\BaseConnection->simpleQuery('{CALL [ECOMMERC...')
#2 /opt/lampp/htdocs/api8097/public_html/app/Models/DetalleProducto_Model.php(34): CodeIgniter\Database\BaseConnection->query('{CALL [ECOMMERC...', Array)
#3 /opt/lampp/htdocs/api8097/public_html/app/Controllers/DetalleProducto.php(112): App\Models\DetalleProducto_Model->existenciaBodega(NULL)
#4 /opt/lampp/htdocs/api8097/public_html/vendor/codeigniter4/framework/system/CodeIgniter.php(824): App\Controllers\DetalleProducto->show('1010')
#5 /opt/lampp/htdocs/api8097/public_html/vendor/codeigniter4/framework/system/CodeIgniter.php(410): CodeIgniter\CodeIgniter->runController(Object(App\Controllers\DetalleProducto))
#6 /opt/lampp/htdocs/api8097/public_html/vendor/codeigniter4/framework/system/CodeIgniter.php(318): CodeIgniter\CodeIgniter->handleRequest(NULL, Object(Config\Cache), false)
#7 /opt/lampp/htdocs/api8097/public_html/public/index.php(41): CodeIgniter\CodeIgniter->run()
#8 {main}
ERROR - 2023-01-12 09:53:43 --> Memory limit of 50240 KB exceeded for buffered query
CRITICAL - 2023-01-12 09:53:43 --> Memory limit of 50240 KB exceeded for buffered query
#0 /opt/lampp/htdocs/api8097/public_html/vendor/codeigniter4/framework/system/Database/BaseConnection.php(670): CodeIgniter\Database\SQLSRV\Connection->execute('{CALL [ECOMMERC...')
#1 /opt/lampp/htdocs/api8097/public_html/vendor/codeigniter4/framework/system/Database/BaseConnection.php(598): CodeIgniter\Database\BaseConnection->simpleQuery('{CALL [ECOMMERC...')
#2 /opt/lampp/htdocs/api8097/public_html/app/Models/DetalleProducto_Model.php(34): CodeIgniter\Database\BaseConnection->query('{CALL [ECOMMERC...', Array)
#3 /opt/lampp/htdocs/api8097/public_html/app/Controllers/DetalleProducto.php(112): App\Models\DetalleProducto_Model->existenciaBodega(NULL)
#4 /opt/lampp/htdocs/api8097/public_html/vendor/codeigniter4/framework/system/CodeIgniter.php(824): App\Controllers\DetalleProducto->show('1010')
#5 /opt/lampp/htdocs/api8097/public_html/vendor/codeigniter4/framework/system/CodeIgniter.php(410): CodeIgniter\CodeIgniter->runController(Object(App\Controllers\DetalleProducto))
#6 /opt/lampp/htdocs/api8097/public_html/vendor/codeigniter4/framework/system/CodeIgniter.php(318): CodeIgniter\CodeIgniter->handleRequest(NULL, Object(Config\Cache), false)
#7 /opt/lampp/htdocs/api8097/public_html/public/index.php(41): CodeIgniter\CodeIgniter->run()
#8 {main}
ERROR - 2023-01-12 10:04:31 --> Memory limit of 50240 KB exceeded for buffered query
CRITICAL - 2023-01-12 10:04:31 --> Memory limit of 50240 KB exceeded for buffered query
#0 /opt/lampp/htdocs/api8097/public_html/vendor/codeigniter4/framework/system/Database/BaseConnection.php(670): CodeIgniter\Database\SQLSRV\Connection->execute('{CALL [ECOMMERC...')
#1 /opt/lampp/htdocs/api8097/public_html/vendor/codeigniter4/framework/system/Database/BaseConnection.php(598): CodeIgniter\Database\BaseConnection->simpleQuery('{CALL [ECOMMERC...')
#2 /opt/lampp/htdocs/api8097/public_html/app/Models/DetalleProducto_Model.php(34): CodeIgniter\Database\BaseConnection->query('{CALL [ECOMMERC...', Array)
#3 /opt/lampp/htdocs/api8097/public_html/app/Controllers/DetalleProducto.php(112): App\Models\DetalleProducto_Model->existenciaBodega(NULL)
#4 /opt/lampp/htdocs/api8097/public_html/vendor/codeigniter4/framework/system/CodeIgniter.php(824): App\Controllers\DetalleProducto->show('1010')
#5 /opt/lampp/htdocs/api8097/public_html/vendor/codeigniter4/framework/system/CodeIgniter.php(410): CodeIgniter\CodeIgniter->runController(Object(App\Controllers\DetalleProducto))
#6 /opt/lampp/htdocs/api8097/public_html/vendor/codeigniter4/framework/system/CodeIgniter.php(318): CodeIgniter\CodeIgniter->handleRequest(NULL, Object(Config\Cache), false)
#7 /opt/lampp/htdocs/api8097/public_html/public/index.php(41): CodeIgniter\CodeIgniter->run()
#8 {main}
ERROR - 2023-01-12 10:26:35 --> Memory limit of 50240 KB exceeded for buffered query
CRITICAL - 2023-01-12 10:26:35 --> Memory limit of 50240 KB exceeded for buffered query
#0 /opt/lampp/htdocs/api8097/public_html/vendor/codeigniter4/framework/system/Database/BaseConnection.php(670): CodeIgniter\Database\SQLSRV\Connection->execute('{CALL [ECOMMERC...')
#1 /opt/lampp/htdocs/api8097/public_html/vendor/codeigniter4/framework/system/Database/BaseConnection.php(598): CodeIgniter\Database\BaseConnection->simpleQuery('{CALL [ECOMMERC...')
#2 /opt/lampp/htdocs/api8097/public_html/app/Models/DetalleProducto_Model.php(34): CodeIgniter\Database\BaseConnection->query('{CALL [ECOMMERC...', Array)
#3 /opt/lampp/htdocs/api8097/public_html/app/Controllers/DetalleProducto.php(112): App\Models\DetalleProducto_Model->existenciaBodega(NULL)
#4 /opt/lampp/htdocs/api8097/public_html/vendor/codeigniter4/framework/system/CodeIgniter.php(824): App\Controllers\DetalleProducto->show('1010')
#5 /opt/lampp/htdocs/api8097/public_html/vendor/codeigniter4/framework/system/CodeIgniter.php(410): CodeIgniter\CodeIgniter->runController(Object(App\Controllers\DetalleProducto))
#6 /opt/lampp/htdocs/api8097/public_html/vendor/codeigniter4/framework/system/CodeIgniter.php(318): CodeIgniter\CodeIgniter->handleRequest(NULL, Object(Config\Cache), false)
#7 /opt/lampp/htdocs/api8097/public_html/public/index.php(41): CodeIgniter\CodeIgniter->run()
#8 {main}
CRITICAL - 2023-01-12 10:32:31 --> Undefined variable: descripcion
#0 /opt/lampp/htdocs/api8097/public_html/app/Controllers/DetalleProducto.php(243): CodeIgniter\Debug\Exceptions->errorHandler(8, 'Undefined varia...', '/opt/lampp/htdo...', 243, Array)
#1 /opt/lampp/htdocs/api8097/public_html/vendor/codeigniter4/framework/system/CodeIgniter.php(824): App\Controllers\DetalleProducto->show('1010')
#2 /opt/lampp/htdocs/api8097/public_html/vendor/codeigniter4/framework/system/CodeIgniter.php(410): CodeIgniter\CodeIgniter->runController(Object(App\Controllers\DetalleProducto))
#3 /opt/lampp/htdocs/api8097/public_html/vendor/codeigniter4/framework/system/CodeIgniter.php(318): CodeIgniter\CodeIgniter->handleRequest(NULL, Object(Config\Cache), false)
#4 /opt/lampp/htdocs/api8097/public_html/public/index.php(41): CodeIgniter\CodeIgniter->run()
#5 {main}
CRITICAL - 2023-01-12 10:34:17 --> Undefined variable: descripcion
#0 /opt/lampp/htdocs/api8097/public_html/app/Controllers/DetalleProducto.php(243): CodeIgniter\Debug\Exceptions->errorHandler(8, 'Undefined varia...', '/opt/lampp/htdo...', 243, Array)
#1 /opt/lampp/htdocs/api8097/public_html/vendor/codeigniter4/framework/system/CodeIgniter.php(824): App\Controllers\DetalleProducto->show('1010')
#2 /opt/lampp/htdocs/api8097/public_html/vendor/codeigniter4/framework/system/CodeIgniter.php(410): CodeIgniter\CodeIgniter->runController(Object(App\Controllers\DetalleProducto))
#3 /opt/lampp/htdocs/api8097/public_html/vendor/codeigniter4/framework/system/CodeIgniter.php(318): CodeIgniter\CodeIgniter->handleRequest(NULL, Object(Config\Cache), false)
#4 /opt/lampp/htdocs/api8097/public_html/public/index.php(41): CodeIgniter\CodeIgniter->run()
#5 {main}
