CRITICAL - 2023-01-27 09:26:07 --> Undefined variable: precioU
#0 /opt/lampp/htdocs/api8097/public_html/app/Controllers/DetalleProducto.php(252): CodeIgniter\Debug\Exceptions->errorHandler(8, 'Undefined varia...', '/opt/lampp/htdo...', 252, Array)
#1 /opt/lampp/htdocs/api8097/public_html/vendor/codeigniter4/framework/system/CodeIgniter.php(824): App\Controllers\DetalleProducto->show('1030')
#2 /opt/lampp/htdocs/api8097/public_html/vendor/codeigniter4/framework/system/CodeIgniter.php(410): CodeIgniter\CodeIgniter->runController(Object(App\Controllers\DetalleProducto))
#3 /opt/lampp/htdocs/api8097/public_html/vendor/codeigniter4/framework/system/CodeIgniter.php(318): CodeIgniter\CodeIgniter->handleRequest(NULL, Object(Config\Cache), false)
#4 /opt/lampp/htdocs/api8097/public_html/public/index.php(41): CodeIgniter\CodeIgniter->run()
#5 {main}
CRITICAL - 2023-01-27 09:27:12 --> Undefined variable: precioU
#0 /opt/lampp/htdocs/api8097/public_html/app/Controllers/DetalleProducto.php(252): CodeIgniter\Debug\Exceptions->errorHandler(8, 'Undefined varia...', '/opt/lampp/htdo...', 252, Array)
#1 /opt/lampp/htdocs/api8097/public_html/vendor/codeigniter4/framework/system/CodeIgniter.php(824): App\Controllers\DetalleProducto->show('1030')
#2 /opt/lampp/htdocs/api8097/public_html/vendor/codeigniter4/framework/system/CodeIgniter.php(410): CodeIgniter\CodeIgniter->runController(Object(App\Controllers\DetalleProducto))
#3 /opt/lampp/htdocs/api8097/public_html/vendor/codeigniter4/framework/system/CodeIgniter.php(318): CodeIgniter\CodeIgniter->handleRequest(NULL, Object(Config\Cache), false)
#4 /opt/lampp/htdocs/api8097/public_html/public/index.php(41): CodeIgniter\CodeIgniter->run()
#5 {main}
CRITICAL - 2023-01-27 15:45:53 --> Undefined variable: precioU
#0 /opt/lampp/htdocs/api8097/public_html/app/Controllers/DetalleProducto.php(252): CodeIgniter\Debug\Exceptions->errorHandler(8, 'Undefined varia...', '/opt/lampp/htdo...', 252, Array)
#1 /opt/lampp/htdocs/api8097/public_html/vendor/codeigniter4/framework/system/CodeIgniter.php(824): App\Controllers\DetalleProducto->show('1030')
#2 /opt/lampp/htdocs/api8097/public_html/vendor/codeigniter4/framework/system/CodeIgniter.php(410): CodeIgniter\CodeIgniter->runController(Object(App\Controllers\DetalleProducto))
#3 /opt/lampp/htdocs/api8097/public_html/vendor/codeigniter4/framework/system/CodeIgniter.php(318): CodeIgniter\CodeIgniter->handleRequest(NULL, Object(Config\Cache), false)
#4 /opt/lampp/htdocs/api8097/public_html/public/index.php(41): CodeIgniter\CodeIgniter->run()
#5 {main}
CRITICAL - 2023-01-27 15:46:13 --> Undefined variable: precioU
#0 /opt/lampp/htdocs/api8097/public_html/app/Controllers/DetalleProducto.php(252): CodeIgniter\Debug\Exceptions->errorHandler(8, 'Undefined varia...', '/opt/lampp/htdo...', 252, Array)
#1 /opt/lampp/htdocs/api8097/public_html/vendor/codeigniter4/framework/system/CodeIgniter.php(824): App\Controllers\DetalleProducto->show('1030')
#2 /opt/lampp/htdocs/api8097/public_html/vendor/codeigniter4/framework/system/CodeIgniter.php(410): CodeIgniter\CodeIgniter->runController(Object(App\Controllers\DetalleProducto))
#3 /opt/lampp/htdocs/api8097/public_html/vendor/codeigniter4/framework/system/CodeIgniter.php(318): CodeIgniter\CodeIgniter->handleRequest(NULL, Object(Config\Cache), false)
#4 /opt/lampp/htdocs/api8097/public_html/public/index.php(41): CodeIgniter\CodeIgniter->run()
#5 {main}
CRITICAL - 2023-01-27 15:46:36 --> Undefined variable: precioU
#0 /opt/lampp/htdocs/api8097/public_html/app/Controllers/DetalleProducto.php(252): CodeIgniter\Debug\Exceptions->errorHandler(8, 'Undefined varia...', '/opt/lampp/htdo...', 252, Array)
#1 /opt/lampp/htdocs/api8097/public_html/vendor/codeigniter4/framework/system/CodeIgniter.php(824): App\Controllers\DetalleProducto->show('1030')
#2 /opt/lampp/htdocs/api8097/public_html/vendor/codeigniter4/framework/system/CodeIgniter.php(410): CodeIgniter\CodeIgniter->runController(Object(App\Controllers\DetalleProducto))
#3 /opt/lampp/htdocs/api8097/public_html/vendor/codeigniter4/framework/system/CodeIgniter.php(318): CodeIgniter\CodeIgniter->handleRequest(NULL, Object(Config\Cache), false)
#4 /opt/lampp/htdocs/api8097/public_html/public/index.php(41): CodeIgniter\CodeIgniter->run()
#5 {main}
CRITICAL - 2023-01-27 15:47:17 --> Undefined variable: precioU
#0 /opt/lampp/htdocs/api8097/public_html/app/Controllers/DetalleProducto.php(252): CodeIgniter\Debug\Exceptions->errorHandler(8, 'Undefined varia...', '/opt/lampp/htdo...', 252, Array)
#1 /opt/lampp/htdocs/api8097/public_html/vendor/codeigniter4/framework/system/CodeIgniter.php(824): App\Controllers\DetalleProducto->show('1030')
#2 /opt/lampp/htdocs/api8097/public_html/vendor/codeigniter4/framework/system/CodeIgniter.php(410): CodeIgniter\CodeIgniter->runController(Object(App\Controllers\DetalleProducto))
#3 /opt/lampp/htdocs/api8097/public_html/vendor/codeigniter4/framework/system/CodeIgniter.php(318): CodeIgniter\CodeIgniter->handleRequest(NULL, Object(Config\Cache), false)
#4 /opt/lampp/htdocs/api8097/public_html/public/index.php(41): CodeIgniter\CodeIgniter->run()
#5 {main}
CRITICAL - 2023-01-27 15:49:45 --> Undefined variable: precioU
#0 /opt/lampp/htdocs/api8097/public_html/app/Controllers/DetalleProducto.php(252): CodeIgniter\Debug\Exceptions->errorHandler(8, 'Undefined varia...', '/opt/lampp/htdo...', 252, Array)
#1 /opt/lampp/htdocs/api8097/public_html/vendor/codeigniter4/framework/system/CodeIgniter.php(824): App\Controllers\DetalleProducto->show('1030')
#2 /opt/lampp/htdocs/api8097/public_html/vendor/codeigniter4/framework/system/CodeIgniter.php(410): CodeIgniter\CodeIgniter->runController(Object(App\Controllers\DetalleProducto))
#3 /opt/lampp/htdocs/api8097/public_html/vendor/codeigniter4/framework/system/CodeIgniter.php(318): CodeIgniter\CodeIgniter->handleRequest(NULL, Object(Config\Cache), false)
#4 /opt/lampp/htdocs/api8097/public_html/public/index.php(41): CodeIgniter\CodeIgniter->run()
#5 {main}
CRITICAL - 2023-01-27 15:50:00 --> Undefined variable: precioU
#0 /opt/lampp/htdocs/api8097/public_html/app/Controllers/DetalleProducto.php(252): CodeIgniter\Debug\Exceptions->errorHandler(8, 'Undefined varia...', '/opt/lampp/htdo...', 252, Array)
#1 /opt/lampp/htdocs/api8097/public_html/vendor/codeigniter4/framework/system/CodeIgniter.php(824): App\Controllers\DetalleProducto->show('1030')
#2 /opt/lampp/htdocs/api8097/public_html/vendor/codeigniter4/framework/system/CodeIgniter.php(410): CodeIgniter\CodeIgniter->runController(Object(App\Controllers\DetalleProducto))
#3 /opt/lampp/htdocs/api8097/public_html/vendor/codeigniter4/framework/system/CodeIgniter.php(318): CodeIgniter\CodeIgniter->handleRequest(NULL, Object(Config\Cache), false)
#4 /opt/lampp/htdocs/api8097/public_html/public/index.php(41): CodeIgniter\CodeIgniter->run()
#5 {main}
CRITICAL - 2023-01-27 15:50:16 --> Undefined variable: precioU
#0 /opt/lampp/htdocs/api8097/public_html/app/Controllers/DetalleProducto.php(252): CodeIgniter\Debug\Exceptions->errorHandler(8, 'Undefined varia...', '/opt/lampp/htdo...', 252, Array)
#1 /opt/lampp/htdocs/api8097/public_html/vendor/codeigniter4/framework/system/CodeIgniter.php(824): App\Controllers\DetalleProducto->show('1030')
#2 /opt/lampp/htdocs/api8097/public_html/vendor/codeigniter4/framework/system/CodeIgniter.php(410): CodeIgniter\CodeIgniter->runController(Object(App\Controllers\DetalleProducto))
#3 /opt/lampp/htdocs/api8097/public_html/vendor/codeigniter4/framework/system/CodeIgniter.php(318): CodeIgniter\CodeIgniter->handleRequest(NULL, Object(Config\Cache), false)
#4 /opt/lampp/htdocs/api8097/public_html/public/index.php(41): CodeIgniter\CodeIgniter->run()
#5 {main}
CRITICAL - 2023-01-27 15:50:24 --> Undefined variable: precioU
#0 /opt/lampp/htdocs/api8097/public_html/app/Controllers/DetalleProducto.php(252): CodeIgniter\Debug\Exceptions->errorHandler(8, 'Undefined varia...', '/opt/lampp/htdo...', 252, Array)
#1 /opt/lampp/htdocs/api8097/public_html/vendor/codeigniter4/framework/system/CodeIgniter.php(824): App\Controllers\DetalleProducto->show('1030')
#2 /opt/lampp/htdocs/api8097/public_html/vendor/codeigniter4/framework/system/CodeIgniter.php(410): CodeIgniter\CodeIgniter->runController(Object(App\Controllers\DetalleProducto))
#3 /opt/lampp/htdocs/api8097/public_html/vendor/codeigniter4/framework/system/CodeIgniter.php(318): CodeIgniter\CodeIgniter->handleRequest(NULL, Object(Config\Cache), false)
#4 /opt/lampp/htdocs/api8097/public_html/public/index.php(41): CodeIgniter\CodeIgniter->run()
#5 {main}
CRITICAL - 2023-01-27 15:51:54 --> Undefined variable: precioU
#0 /opt/lampp/htdocs/api8097/public_html/app/Controllers/DetalleProducto.php(252): CodeIgniter\Debug\Exceptions->errorHandler(8, 'Undefined varia...', '/opt/lampp/htdo...', 252, Array)
#1 /opt/lampp/htdocs/api8097/public_html/vendor/codeigniter4/framework/system/CodeIgniter.php(824): App\Controllers\DetalleProducto->show('1030')
#2 /opt/lampp/htdocs/api8097/public_html/vendor/codeigniter4/framework/system/CodeIgniter.php(410): CodeIgniter\CodeIgniter->runController(Object(App\Controllers\DetalleProducto))
#3 /opt/lampp/htdocs/api8097/public_html/vendor/codeigniter4/framework/system/CodeIgniter.php(318): CodeIgniter\CodeIgniter->handleRequest(NULL, Object(Config\Cache), false)
#4 /opt/lampp/htdocs/api8097/public_html/public/index.php(41): CodeIgniter\CodeIgniter->run()
#5 {main}
CRITICAL - 2023-01-27 15:52:07 --> Undefined variable: precioU
#0 /opt/lampp/htdocs/api8097/public_html/app/Controllers/DetalleProducto.php(252): CodeIgniter\Debug\Exceptions->errorHandler(8, 'Undefined varia...', '/opt/lampp/htdo...', 252, Array)
#1 /opt/lampp/htdocs/api8097/public_html/vendor/codeigniter4/framework/system/CodeIgniter.php(824): App\Controllers\DetalleProducto->show('1030')
#2 /opt/lampp/htdocs/api8097/public_html/vendor/codeigniter4/framework/system/CodeIgniter.php(410): CodeIgniter\CodeIgniter->runController(Object(App\Controllers\DetalleProducto))
#3 /opt/lampp/htdocs/api8097/public_html/vendor/codeigniter4/framework/system/CodeIgniter.php(318): CodeIgniter\CodeIgniter->handleRequest(NULL, Object(Config\Cache), false)
#4 /opt/lampp/htdocs/api8097/public_html/public/index.php(41): CodeIgniter\CodeIgniter->run()
#5 {main}
ERROR - 2023-01-27 15:52:15 --> Memory limit of 50240 KB exceeded for buffered query
CRITICAL - 2023-01-27 15:52:15 --> Memory limit of 50240 KB exceeded for buffered query
#0 /opt/lampp/htdocs/api8097/public_html/vendor/codeigniter4/framework/system/Database/BaseConnection.php(670): CodeIgniter\Database\SQLSRV\Connection->execute('{CALL [ECOMMERC...')
#1 /opt/lampp/htdocs/api8097/public_html/vendor/codeigniter4/framework/system/Database/BaseConnection.php(598): CodeIgniter\Database\BaseConnection->simpleQuery('{CALL [ECOMMERC...')
#2 /opt/lampp/htdocs/api8097/public_html/app/Models/DetalleProducto_Model.php(34): CodeIgniter\Database\BaseConnection->query('{CALL [ECOMMERC...', Array)
#3 /opt/lampp/htdocs/api8097/public_html/app/Controllers/DetalleProducto.php(112): App\Models\DetalleProducto_Model->existenciaBodega(NULL)
#4 /opt/lampp/htdocs/api8097/public_html/vendor/codeigniter4/framework/system/CodeIgniter.php(824): App\Controllers\DetalleProducto->show('1030')
#5 /opt/lampp/htdocs/api8097/public_html/vendor/codeigniter4/framework/system/CodeIgniter.php(410): CodeIgniter\CodeIgniter->runController(Object(App\Controllers\DetalleProducto))
#6 /opt/lampp/htdocs/api8097/public_html/vendor/codeigniter4/framework/system/CodeIgniter.php(318): CodeIgniter\CodeIgniter->handleRequest(NULL, Object(Config\Cache), false)
#7 /opt/lampp/htdocs/api8097/public_html/public/index.php(41): CodeIgniter\CodeIgniter->run()
#8 {main}
