ERROR - 2022-01-08 08:34:50 --> [Microsoft][ODBC Driver 17 for SQL Server][SQL Server]Incorrect syntax near 'OFFSET'.
ERROR - 2022-01-08 08:35:23 --> [Microsoft][ODBC Driver 17 for SQL Server][SQL Server]Incorrect syntax near 'OFFSET'.
ERROR - 2022-01-08 08:45:04 --> [Microsoft][ODBC Driver 17 for SQL Server][SQL Server]Incorrect syntax near 'OFFSET'.
ERROR - 2022-01-08 08:45:29 --> [Microsoft][ODBC Driver 17 for SQL Server][SQL Server]Incorrect syntax near 'OFFSET'.
ERROR - 2022-01-08 08:46:01 --> [Microsoft][ODBC Driver 17 for SQL Server][SQL Server]Incorrect syntax near 'OFFSET'.
ERROR - 2022-01-08 08:48:39 --> [Microsoft][ODBC Driver 17 for SQL Server][SQL Server]Incorrect syntax near 'OFFSET'.
ERROR - 2022-01-08 09:02:44 --> [Microsoft][ODBC Driver 17 for SQL Server][SQL Server]Incorrect syntax near 'OFFSET'.
ERROR - 2022-01-08 09:14:57 --> [Microsoft][ODBC Driver 17 for SQL Server][SQL Server]Incorrect syntax near 'OFFSET'.
ERROR - 2022-01-08 09:42:46 --> [Microsoft][ODBC Driver 17 for SQL Server][SQL Server]Incorrect syntax near 'OFFSET'.
ERROR - 2022-01-08 09:43:11 --> [Microsoft][ODBC Driver 17 for SQL Server][SQL Server]Incorrect syntax near 'OFFSET'.
ERROR - 2022-01-08 10:09:09 --> [Microsoft][ODBC Driver 17 for SQL Server][SQL Server]Incorrect syntax near 'OFFSET'.
ERROR - 2022-01-08 10:24:21 --> [Microsoft][ODBC Driver 17 for SQL Server][SQL Server]Incorrect syntax near 'OFFSET'.
ERROR - 2022-01-08 10:25:37 --> [Microsoft][ODBC Driver 17 for SQL Server][SQL Server]Incorrect syntax near 'OFFSET'.
ERROR - 2022-01-08 10:26:24 --> [Microsoft][ODBC Driver 17 for SQL Server][SQL Server]Invalid object name 'Prueba2.dbo.MARCAS'.
CRITICAL - 2022-01-08 10:26:24 --> [Microsoft][ODBC Driver 17 for SQL Server][SQL Server]Invalid object name 'Prueba2.dbo.MARCAS'.
#0 E:\SERVER\laragon\www\api\vendor\codeigniter4\framework\system\Database\BaseConnection.php(670): CodeIgniter\Database\SQLSRV\Connection->execute('SELECT *\nFROM "...')
#1 E:\SERVER\laragon\www\api\vendor\codeigniter4\framework\system\Database\BaseConnection.php(598): CodeIgniter\Database\BaseConnection->simpleQuery('SELECT *\nFROM "...')
#2 E:\SERVER\laragon\www\api\vendor\codeigniter4\framework\system\Database\SQLSRV\Builder.php(614): CodeIgniter\Database\BaseConnection->query('SELECT *\nFROM "...', Array, false)
#3 E:\SERVER\laragon\www\api\vendor\codeigniter4\framework\system\Model.php(183): CodeIgniter\Database\SQLSRV\Builder->get()
#4 E:\SERVER\laragon\www\api\vendor\codeigniter4\framework\system\BaseModel.php(584): CodeIgniter\Model->doFindAll(0, 0)
#5 E:\SERVER\laragon\www\api\app\Controllers\Marcas.php(14): CodeIgniter\BaseModel->findAll()
#6 E:\SERVER\laragon\www\api\vendor\codeigniter4\framework\system\CodeIgniter.php(824): App\Controllers\Marcas->index()
#7 E:\SERVER\laragon\www\api\vendor\codeigniter4\framework\system\CodeIgniter.php(410): CodeIgniter\CodeIgniter->runController(Object(App\Controllers\Marcas))
#8 E:\SERVER\laragon\www\api\vendor\codeigniter4\framework\system\CodeIgniter.php(318): CodeIgniter\CodeIgniter->handleRequest(NULL, Object(Config\Cache), false)
#9 E:\SERVER\laragon\www\api\public\index.php(37): CodeIgniter\CodeIgniter->run()
#10 {main}
ERROR - 2022-01-08 10:29:10 --> [Microsoft][ODBC Driver 17 for SQL Server][SQL Server]Invalid object name 'Prueba2.dbo.[syslogins]'.
CRITICAL - 2022-01-08 10:29:10 --> [Microsoft][ODBC Driver 17 for SQL Server][SQL Server]Invalid object name 'Prueba2.dbo.[syslogins]'.
#0 E:\SERVER\laragon\www\api\vendor\codeigniter4\framework\system\Database\BaseConnection.php(670): CodeIgniter\Database\SQLSRV\Connection->execute('SELECT *\nFROM "...')
#1 E:\SERVER\laragon\www\api\vendor\codeigniter4\framework\system\Database\BaseConnection.php(598): CodeIgniter\Database\BaseConnection->simpleQuery('SELECT *\nFROM "...')
#2 E:\SERVER\laragon\www\api\vendor\codeigniter4\framework\system\Database\SQLSRV\Builder.php(614): CodeIgniter\Database\BaseConnection->query('SELECT *\nFROM "...', Array, false)
#3 E:\SERVER\laragon\www\api\vendor\codeigniter4\framework\system\Model.php(183): CodeIgniter\Database\SQLSRV\Builder->get()
#4 E:\SERVER\laragon\www\api\vendor\codeigniter4\framework\system\BaseModel.php(584): CodeIgniter\Model->doFindAll(0, 0)
#5 E:\SERVER\laragon\www\api\app\Controllers\Marcas.php(14): CodeIgniter\BaseModel->findAll()
#6 E:\SERVER\laragon\www\api\vendor\codeigniter4\framework\system\CodeIgniter.php(824): App\Controllers\Marcas->index()
#7 E:\SERVER\laragon\www\api\vendor\codeigniter4\framework\system\CodeIgniter.php(410): CodeIgniter\CodeIgniter->runController(Object(App\Controllers\Marcas))
#8 E:\SERVER\laragon\www\api\vendor\codeigniter4\framework\system\CodeIgniter.php(318): CodeIgniter\CodeIgniter->handleRequest(NULL, Object(Config\Cache), false)
#9 E:\SERVER\laragon\www\api\public\index.php(37): CodeIgniter\CodeIgniter->run()
#10 {main}
ERROR - 2022-01-08 10:29:30 --> [Microsoft][ODBC Driver 17 for SQL Server][SQL Server]Invalid object name 'Prueba2.dbo.[Prueba2].[sys].[syslogins]'.
CRITICAL - 2022-01-08 10:29:30 --> [Microsoft][ODBC Driver 17 for SQL Server][SQL Server]Invalid object name 'Prueba2.dbo.[Prueba2].[sys].[syslogins]'.
#0 E:\SERVER\laragon\www\api\vendor\codeigniter4\framework\system\Database\BaseConnection.php(670): CodeIgniter\Database\SQLSRV\Connection->execute('SELECT *\nFROM "...')
#1 E:\SERVER\laragon\www\api\vendor\codeigniter4\framework\system\Database\BaseConnection.php(598): CodeIgniter\Database\BaseConnection->simpleQuery('SELECT *\nFROM "...')
#2 E:\SERVER\laragon\www\api\vendor\codeigniter4\framework\system\Database\SQLSRV\Builder.php(614): CodeIgniter\Database\BaseConnection->query('SELECT *\nFROM "...', Array, false)
#3 E:\SERVER\laragon\www\api\vendor\codeigniter4\framework\system\Model.php(183): CodeIgniter\Database\SQLSRV\Builder->get()
#4 E:\SERVER\laragon\www\api\vendor\codeigniter4\framework\system\BaseModel.php(584): CodeIgniter\Model->doFindAll(0, 0)
#5 E:\SERVER\laragon\www\api\app\Controllers\Marcas.php(14): CodeIgniter\BaseModel->findAll()
#6 E:\SERVER\laragon\www\api\vendor\codeigniter4\framework\system\CodeIgniter.php(824): App\Controllers\Marcas->index()
#7 E:\SERVER\laragon\www\api\vendor\codeigniter4\framework\system\CodeIgniter.php(410): CodeIgniter\CodeIgniter->runController(Object(App\Controllers\Marcas))
#8 E:\SERVER\laragon\www\api\vendor\codeigniter4\framework\system\CodeIgniter.php(318): CodeIgniter\CodeIgniter->handleRequest(NULL, Object(Config\Cache), false)
#9 E:\SERVER\laragon\www\api\public\index.php(37): CodeIgniter\CodeIgniter->run()
#10 {main}
ERROR - 2022-01-08 10:29:49 --> [Microsoft][ODBC Driver 17 for SQL Server][SQL Server]Invalid object name 'Prueba2.sys.[syslogins]'.
CRITICAL - 2022-01-08 10:29:49 --> [Microsoft][ODBC Driver 17 for SQL Server][SQL Server]Invalid object name 'Prueba2.sys.[syslogins]'.
#0 E:\SERVER\laragon\www\api\vendor\codeigniter4\framework\system\Database\BaseConnection.php(670): CodeIgniter\Database\SQLSRV\Connection->execute('SELECT *\nFROM "...')
#1 E:\SERVER\laragon\www\api\vendor\codeigniter4\framework\system\Database\BaseConnection.php(598): CodeIgniter\Database\BaseConnection->simpleQuery('SELECT *\nFROM "...')
#2 E:\SERVER\laragon\www\api\vendor\codeigniter4\framework\system\Database\SQLSRV\Builder.php(614): CodeIgniter\Database\BaseConnection->query('SELECT *\nFROM "...', Array, false)
#3 E:\SERVER\laragon\www\api\vendor\codeigniter4\framework\system\Model.php(183): CodeIgniter\Database\SQLSRV\Builder->get()
#4 E:\SERVER\laragon\www\api\vendor\codeigniter4\framework\system\BaseModel.php(584): CodeIgniter\Model->doFindAll(0, 0)
#5 E:\SERVER\laragon\www\api\app\Controllers\Marcas.php(14): CodeIgniter\BaseModel->findAll()
#6 E:\SERVER\laragon\www\api\vendor\codeigniter4\framework\system\CodeIgniter.php(824): App\Controllers\Marcas->index()
#7 E:\SERVER\laragon\www\api\vendor\codeigniter4\framework\system\CodeIgniter.php(410): CodeIgniter\CodeIgniter->runController(Object(App\Controllers\Marcas))
#8 E:\SERVER\laragon\www\api\vendor\codeigniter4\framework\system\CodeIgniter.php(318): CodeIgniter\CodeIgniter->handleRequest(NULL, Object(Config\Cache), false)
#9 E:\SERVER\laragon\www\api\public\index.php(37): CodeIgniter\CodeIgniter->run()
#10 {main}
ERROR - 2022-01-08 10:30:01 --> [Microsoft][ODBC Driver 17 for SQL Server][SQL Server]Invalid object name 'Prueba2.[sys].[syslogins]'.
CRITICAL - 2022-01-08 10:30:01 --> [Microsoft][ODBC Driver 17 for SQL Server][SQL Server]Invalid object name 'Prueba2.[sys].[syslogins]'.
#0 E:\SERVER\laragon\www\api\vendor\codeigniter4\framework\system\Database\BaseConnection.php(670): CodeIgniter\Database\SQLSRV\Connection->execute('SELECT *\nFROM "...')
#1 E:\SERVER\laragon\www\api\vendor\codeigniter4\framework\system\Database\BaseConnection.php(598): CodeIgniter\Database\BaseConnection->simpleQuery('SELECT *\nFROM "...')
#2 E:\SERVER\laragon\www\api\vendor\codeigniter4\framework\system\Database\SQLSRV\Builder.php(614): CodeIgniter\Database\BaseConnection->query('SELECT *\nFROM "...', Array, false)
#3 E:\SERVER\laragon\www\api\vendor\codeigniter4\framework\system\Model.php(183): CodeIgniter\Database\SQLSRV\Builder->get()
#4 E:\SERVER\laragon\www\api\vendor\codeigniter4\framework\system\BaseModel.php(584): CodeIgniter\Model->doFindAll(0, 0)
#5 E:\SERVER\laragon\www\api\app\Controllers\Marcas.php(14): CodeIgniter\BaseModel->findAll()
#6 E:\SERVER\laragon\www\api\vendor\codeigniter4\framework\system\CodeIgniter.php(824): App\Controllers\Marcas->index()
#7 E:\SERVER\laragon\www\api\vendor\codeigniter4\framework\system\CodeIgniter.php(410): CodeIgniter\CodeIgniter->runController(Object(App\Controllers\Marcas))
#8 E:\SERVER\laragon\www\api\vendor\codeigniter4\framework\system\CodeIgniter.php(318): CodeIgniter\CodeIgniter->handleRequest(NULL, Object(Config\Cache), false)
#9 E:\SERVER\laragon\www\api\public\index.php(37): CodeIgniter\CodeIgniter->run()
#10 {main}
ERROR - 2022-01-08 10:30:13 --> [Microsoft][ODBC Driver 17 for SQL Server][SQL Server]Invalid object name 'Prueba2.[sys].[syslogins]'.
CRITICAL - 2022-01-08 10:30:13 --> [Microsoft][ODBC Driver 17 for SQL Server][SQL Server]Invalid object name 'Prueba2.[sys].[syslogins]'.
#0 E:\SERVER\laragon\www\api\vendor\codeigniter4\framework\system\Database\BaseConnection.php(670): CodeIgniter\Database\SQLSRV\Connection->execute('SELECT *\nFROM "...')
#1 E:\SERVER\laragon\www\api\vendor\codeigniter4\framework\system\Database\BaseConnection.php(598): CodeIgniter\Database\BaseConnection->simpleQuery('SELECT *\nFROM "...')
#2 E:\SERVER\laragon\www\api\vendor\codeigniter4\framework\system\Database\SQLSRV\Builder.php(614): CodeIgniter\Database\BaseConnection->query('SELECT *\nFROM "...', Array, false)
#3 E:\SERVER\laragon\www\api\vendor\codeigniter4\framework\system\Model.php(183): CodeIgniter\Database\SQLSRV\Builder->get()
#4 E:\SERVER\laragon\www\api\vendor\codeigniter4\framework\system\BaseModel.php(584): CodeIgniter\Model->doFindAll(0, 0)
#5 E:\SERVER\laragon\www\api\app\Controllers\Marcas.php(14): CodeIgniter\BaseModel->findAll()
#6 E:\SERVER\laragon\www\api\vendor\codeigniter4\framework\system\CodeIgniter.php(824): App\Controllers\Marcas->index()
#7 E:\SERVER\laragon\www\api\vendor\codeigniter4\framework\system\CodeIgniter.php(410): CodeIgniter\CodeIgniter->runController(Object(App\Controllers\Marcas))
#8 E:\SERVER\laragon\www\api\vendor\codeigniter4\framework\system\CodeIgniter.php(318): CodeIgniter\CodeIgniter->handleRequest(NULL, Object(Config\Cache), false)
#9 E:\SERVER\laragon\www\api\public\index.php(37): CodeIgniter\CodeIgniter->run()
#10 {main}
ERROR - 2022-01-08 10:30:17 --> [Microsoft][ODBC Driver 17 for SQL Server][SQL Server]Invalid object name 'Prueba2.[sys].[syslogins]'.
CRITICAL - 2022-01-08 10:30:17 --> [Microsoft][ODBC Driver 17 for SQL Server][SQL Server]Invalid object name 'Prueba2.[sys].[syslogins]'.
#0 E:\SERVER\laragon\www\api\vendor\codeigniter4\framework\system\Database\BaseConnection.php(670): CodeIgniter\Database\SQLSRV\Connection->execute('SELECT *\nFROM "...')
#1 E:\SERVER\laragon\www\api\vendor\codeigniter4\framework\system\Database\BaseConnection.php(598): CodeIgniter\Database\BaseConnection->simpleQuery('SELECT *\nFROM "...')
#2 E:\SERVER\laragon\www\api\vendor\codeigniter4\framework\system\Database\SQLSRV\Builder.php(614): CodeIgniter\Database\BaseConnection->query('SELECT *\nFROM "...', Array, false)
#3 E:\SERVER\laragon\www\api\vendor\codeigniter4\framework\system\Model.php(183): CodeIgniter\Database\SQLSRV\Builder->get()
#4 E:\SERVER\laragon\www\api\vendor\codeigniter4\framework\system\BaseModel.php(584): CodeIgniter\Model->doFindAll(0, 0)
#5 E:\SERVER\laragon\www\api\app\Controllers\Marcas.php(14): CodeIgniter\BaseModel->findAll()
#6 E:\SERVER\laragon\www\api\vendor\codeigniter4\framework\system\CodeIgniter.php(824): App\Controllers\Marcas->index()
#7 E:\SERVER\laragon\www\api\vendor\codeigniter4\framework\system\CodeIgniter.php(410): CodeIgniter\CodeIgniter->runController(Object(App\Controllers\Marcas))
#8 E:\SERVER\laragon\www\api\vendor\codeigniter4\framework\system\CodeIgniter.php(318): CodeIgniter\CodeIgniter->handleRequest(NULL, Object(Config\Cache), false)
#9 E:\SERVER\laragon\www\api\public\index.php(37): CodeIgniter\CodeIgniter->run()
#10 {main}
ERROR - 2022-01-08 10:30:37 --> [Microsoft][ODBC Driver 17 for SQL Server][SQL Server]Invalid object name 'Prueba2.sys.[syslogins]'.
CRITICAL - 2022-01-08 10:30:37 --> [Microsoft][ODBC Driver 17 for SQL Server][SQL Server]Invalid object name 'Prueba2.sys.[syslogins]'.
#0 E:\SERVER\laragon\www\api\vendor\codeigniter4\framework\system\Database\BaseConnection.php(670): CodeIgniter\Database\SQLSRV\Connection->execute('SELECT *\nFROM "...')
#1 E:\SERVER\laragon\www\api\vendor\codeigniter4\framework\system\Database\BaseConnection.php(598): CodeIgniter\Database\BaseConnection->simpleQuery('SELECT *\nFROM "...')
#2 E:\SERVER\laragon\www\api\vendor\codeigniter4\framework\system\Database\SQLSRV\Builder.php(614): CodeIgniter\Database\BaseConnection->query('SELECT *\nFROM "...', Array, false)
#3 E:\SERVER\laragon\www\api\vendor\codeigniter4\framework\system\Model.php(183): CodeIgniter\Database\SQLSRV\Builder->get()
#4 E:\SERVER\laragon\www\api\vendor\codeigniter4\framework\system\BaseModel.php(584): CodeIgniter\Model->doFindAll(0, 0)
#5 E:\SERVER\laragon\www\api\app\Controllers\Marcas.php(14): CodeIgniter\BaseModel->findAll()
#6 E:\SERVER\laragon\www\api\vendor\codeigniter4\framework\system\CodeIgniter.php(824): App\Controllers\Marcas->index()
#7 E:\SERVER\laragon\www\api\vendor\codeigniter4\framework\system\CodeIgniter.php(410): CodeIgniter\CodeIgniter->runController(Object(App\Controllers\Marcas))
#8 E:\SERVER\laragon\www\api\vendor\codeigniter4\framework\system\CodeIgniter.php(318): CodeIgniter\CodeIgniter->handleRequest(NULL, Object(Config\Cache), false)
#9 E:\SERVER\laragon\www\api\public\index.php(37): CodeIgniter\CodeIgniter->run()
#10 {main}
CRITICAL - 2022-01-08 10:30:47 --> Failed to parse json string, error: "Malformed UTF-8 characters, possibly incorrectly encoded".
#0 E:\SERVER\laragon\www\api\vendor\codeigniter4\framework\system\Format\JSONFormatter.php(41): CodeIgniter\Format\Exceptions\FormatException::forInvalidJSON('Malformed UTF-8...')
#1 E:\SERVER\laragon\www\api\vendor\codeigniter4\framework\system\API\ResponseTrait.php(341): CodeIgniter\Format\JSONFormatter->format(Array)
#2 E:\SERVER\laragon\www\api\vendor\codeigniter4\framework\system\API\ResponseTrait.php(99): App\Controllers\Marcas->format(Array)
#3 E:\SERVER\laragon\www\api\app\Controllers\Marcas.php(15): App\Controllers\Marcas->respond(Array, 200)
#4 E:\SERVER\laragon\www\api\vendor\codeigniter4\framework\system\CodeIgniter.php(824): App\Controllers\Marcas->index()
#5 E:\SERVER\laragon\www\api\vendor\codeigniter4\framework\system\CodeIgniter.php(410): CodeIgniter\CodeIgniter->runController(Object(App\Controllers\Marcas))
#6 E:\SERVER\laragon\www\api\vendor\codeigniter4\framework\system\CodeIgniter.php(318): CodeIgniter\CodeIgniter->handleRequest(NULL, Object(Config\Cache), false)
#7 E:\SERVER\laragon\www\api\public\index.php(37): CodeIgniter\CodeIgniter->run()
#8 {main}
CRITICAL - 2022-01-08 10:31:28 --> Failed to parse json string, error: "Malformed UTF-8 characters, possibly incorrectly encoded".
#0 E:\SERVER\laragon\www\api\vendor\codeigniter4\framework\system\Format\JSONFormatter.php(41): CodeIgniter\Format\Exceptions\FormatException::forInvalidJSON('Malformed UTF-8...')
#1 E:\SERVER\laragon\www\api\vendor\codeigniter4\framework\system\API\ResponseTrait.php(341): CodeIgniter\Format\JSONFormatter->format(Array)
#2 E:\SERVER\laragon\www\api\vendor\codeigniter4\framework\system\API\ResponseTrait.php(99): App\Controllers\Marcas->format(Array)
#3 E:\SERVER\laragon\www\api\app\Controllers\Marcas.php(24): App\Controllers\Marcas->respond(Array)
#4 E:\SERVER\laragon\www\api\vendor\codeigniter4\framework\system\CodeIgniter.php(824): App\Controllers\Marcas->show('ALEXCAST')
#5 E:\SERVER\laragon\www\api\vendor\codeigniter4\framework\system\CodeIgniter.php(410): CodeIgniter\CodeIgniter->runController(Object(App\Controllers\Marcas))
#6 E:\SERVER\laragon\www\api\vendor\codeigniter4\framework\system\CodeIgniter.php(318): CodeIgniter\CodeIgniter->handleRequest(NULL, Object(Config\Cache), false)
#7 E:\SERVER\laragon\www\api\public\index.php(37): CodeIgniter\CodeIgniter->run()
#8 {main}
CRITICAL - 2022-01-08 10:36:17 --> Trait "App\Controllers\ResponseTrait" not found
#0 [internal function]: CodeIgniter\Debug\Exceptions->shutdownHandler()
#1 {main}
CRITICAL - 2022-01-08 10:41:48 --> Trait "App\Controllers\ResponseTrait" not found
#0 [internal function]: CodeIgniter\Debug\Exceptions->shutdownHandler()
#1 {main}
ERROR - 2022-01-08 10:43:08 --> [Microsoft][ODBC Driver 17 for SQL Server][SQL Server]Incorrect syntax near 'OFFSET'.
CRITICAL - 2022-01-08 10:43:14 --> Call to undefined method App\Controllers\Marcas::respond()
#0 E:\SERVER\laragon\www\api\vendor\codeigniter4\framework\system\CodeIgniter.php(824): App\Controllers\Marcas->show('ALEXCAST')
#1 E:\SERVER\laragon\www\api\vendor\codeigniter4\framework\system\CodeIgniter.php(410): CodeIgniter\CodeIgniter->runController(Object(App\Controllers\Marcas))
#2 E:\SERVER\laragon\www\api\vendor\codeigniter4\framework\system\CodeIgniter.php(318): CodeIgniter\CodeIgniter->handleRequest(NULL, Object(Config\Cache), false)
#3 E:\SERVER\laragon\www\api\public\index.php(37): CodeIgniter\CodeIgniter->run()
#4 {main}
CRITICAL - 2022-01-08 10:43:39 --> Failed to parse json string, error: "Malformed UTF-8 characters, possibly incorrectly encoded".
#0 E:\SERVER\laragon\www\api\vendor\codeigniter4\framework\system\Format\JSONFormatter.php(41): CodeIgniter\Format\Exceptions\FormatException::forInvalidJSON('Malformed UTF-8...')
#1 E:\SERVER\laragon\www\api\vendor\codeigniter4\framework\system\HTTP\ResponseTrait.php(317): CodeIgniter\Format\JSONFormatter->format(Array)
#2 E:\SERVER\laragon\www\api\vendor\codeigniter4\framework\system\HTTP\ResponseTrait.php(243): CodeIgniter\HTTP\Response->formatBody(Array, 'json')
#3 E:\SERVER\laragon\www\api\app\Controllers\BaseController.php(61): CodeIgniter\HTTP\Response->setJSON(Array)
#4 E:\SERVER\laragon\www\api\app\Controllers\Marcas.php(29): App\Controllers\BaseController->getResponse(Array)
#5 E:\SERVER\laragon\www\api\vendor\codeigniter4\framework\system\CodeIgniter.php(824): App\Controllers\Marcas->show('ALEXCAST')
#6 E:\SERVER\laragon\www\api\vendor\codeigniter4\framework\system\CodeIgniter.php(410): CodeIgniter\CodeIgniter->runController(Object(App\Controllers\Marcas))
#7 E:\SERVER\laragon\www\api\vendor\codeigniter4\framework\system\CodeIgniter.php(318): CodeIgniter\CodeIgniter->handleRequest(NULL, Object(Config\Cache), false)
#8 E:\SERVER\laragon\www\api\public\index.php(37): CodeIgniter\CodeIgniter->run()
#9 {main}
CRITICAL - 2022-01-08 10:45:59 --> Failed to parse json string, error: "Malformed UTF-8 characters, possibly incorrectly encoded".
#0 E:\SERVER\laragon\www\api\vendor\codeigniter4\framework\system\Format\JSONFormatter.php(41): CodeIgniter\Format\Exceptions\FormatException::forInvalidJSON('Malformed UTF-8...')
#1 E:\SERVER\laragon\www\api\vendor\codeigniter4\framework\system\HTTP\ResponseTrait.php(317): CodeIgniter\Format\JSONFormatter->format(Array)
#2 E:\SERVER\laragon\www\api\vendor\codeigniter4\framework\system\HTTP\ResponseTrait.php(243): CodeIgniter\HTTP\Response->formatBody(Array, 'json')
#3 E:\SERVER\laragon\www\api\app\Controllers\BaseController.php(61): CodeIgniter\HTTP\Response->setJSON(Array)
#4 E:\SERVER\laragon\www\api\app\Controllers\Marcas.php(22): App\Controllers\BaseController->getResponse(Array)
#5 E:\SERVER\laragon\www\api\vendor\codeigniter4\framework\system\CodeIgniter.php(824): App\Controllers\Marcas->index()
#6 E:\SERVER\laragon\www\api\vendor\codeigniter4\framework\system\CodeIgniter.php(410): CodeIgniter\CodeIgniter->runController(Object(App\Controllers\Marcas))
#7 E:\SERVER\laragon\www\api\vendor\codeigniter4\framework\system\CodeIgniter.php(318): CodeIgniter\CodeIgniter->handleRequest(NULL, Object(Config\Cache), false)
#8 E:\SERVER\laragon\www\api\public\index.php(37): CodeIgniter\CodeIgniter->run()
#9 {main}
CRITICAL - 2022-01-08 10:49:42 --> Failed to parse json string, error: "Malformed UTF-8 characters, possibly incorrectly encoded".
#0 E:\SERVER\laragon\www\api\vendor\codeigniter4\framework\system\Format\JSONFormatter.php(41): CodeIgniter\Format\Exceptions\FormatException::forInvalidJSON('Malformed UTF-8...')
#1 E:\SERVER\laragon\www\api\vendor\codeigniter4\framework\system\HTTP\ResponseTrait.php(317): CodeIgniter\Format\JSONFormatter->format(Array)
#2 E:\SERVER\laragon\www\api\vendor\codeigniter4\framework\system\HTTP\ResponseTrait.php(243): CodeIgniter\HTTP\Response->formatBody(Array, 'json')
#3 E:\SERVER\laragon\www\api\app\Controllers\BaseController.php(61): CodeIgniter\HTTP\Response->setJSON(Array)
#4 E:\SERVER\laragon\www\api\app\Controllers\Marcas.php(22): App\Controllers\BaseController->getResponse(Array)
#5 E:\SERVER\laragon\www\api\vendor\codeigniter4\framework\system\CodeIgniter.php(824): App\Controllers\Marcas->index()
#6 E:\SERVER\laragon\www\api\vendor\codeigniter4\framework\system\CodeIgniter.php(410): CodeIgniter\CodeIgniter->runController(Object(App\Controllers\Marcas))
#7 E:\SERVER\laragon\www\api\vendor\codeigniter4\framework\system\CodeIgniter.php(318): CodeIgniter\CodeIgniter->handleRequest(NULL, Object(Config\Cache), false)
#8 E:\SERVER\laragon\www\api\public\index.php(37): CodeIgniter\CodeIgniter->run()
#9 {main}
CRITICAL - 2022-01-08 10:50:57 --> Failed to parse json string, error: "Malformed UTF-8 characters, possibly incorrectly encoded".
#0 E:\SERVER\laragon\www\api\vendor\codeigniter4\framework\system\Format\JSONFormatter.php(41): CodeIgniter\Format\Exceptions\FormatException::forInvalidJSON('Malformed UTF-8...')
#1 E:\SERVER\laragon\www\api\vendor\codeigniter4\framework\system\HTTP\ResponseTrait.php(317): CodeIgniter\Format\JSONFormatter->format(Array)
#2 E:\SERVER\laragon\www\api\vendor\codeigniter4\framework\system\HTTP\ResponseTrait.php(243): CodeIgniter\HTTP\Response->formatBody(Array, 'json')
#3 E:\SERVER\laragon\www\api\app\Controllers\BaseController.php(61): CodeIgniter\HTTP\Response->setJSON(Array)
#4 E:\SERVER\laragon\www\api\app\Controllers\Marcas.php(35): App\Controllers\BaseController->getResponse(Array)
#5 E:\SERVER\laragon\www\api\vendor\codeigniter4\framework\system\CodeIgniter.php(824): App\Controllers\Marcas->show('alexcast')
#6 E:\SERVER\laragon\www\api\vendor\codeigniter4\framework\system\CodeIgniter.php(410): CodeIgniter\CodeIgniter->runController(Object(App\Controllers\Marcas))
#7 E:\SERVER\laragon\www\api\vendor\codeigniter4\framework\system\CodeIgniter.php(318): CodeIgniter\CodeIgniter->handleRequest(NULL, Object(Config\Cache), false)
#8 E:\SERVER\laragon\www\api\public\index.php(37): CodeIgniter\CodeIgniter->run()
#9 {main}
CRITICAL - 2022-01-08 10:51:28 --> Failed to parse json string, error: "Malformed UTF-8 characters, possibly incorrectly encoded".
#0 E:\SERVER\laragon\www\api\vendor\codeigniter4\framework\system\Format\JSONFormatter.php(41): CodeIgniter\Format\Exceptions\FormatException::forInvalidJSON('Malformed UTF-8...')
#1 E:\SERVER\laragon\www\api\vendor\codeigniter4\framework\system\HTTP\ResponseTrait.php(317): CodeIgniter\Format\JSONFormatter->format(Array)
#2 E:\SERVER\laragon\www\api\vendor\codeigniter4\framework\system\HTTP\ResponseTrait.php(243): CodeIgniter\HTTP\Response->formatBody(Array, 'json')
#3 E:\SERVER\laragon\www\api\app\Controllers\BaseController.php(61): CodeIgniter\HTTP\Response->setJSON(Array)
#4 E:\SERVER\laragon\www\api\app\Controllers\Marcas.php(35): App\Controllers\BaseController->getResponse(Array)
#5 E:\SERVER\laragon\www\api\vendor\codeigniter4\framework\system\CodeIgniter.php(824): App\Controllers\Marcas->show('alexcast')
#6 E:\SERVER\laragon\www\api\vendor\codeigniter4\framework\system\CodeIgniter.php(410): CodeIgniter\CodeIgniter->runController(Object(App\Controllers\Marcas))
#7 E:\SERVER\laragon\www\api\vendor\codeigniter4\framework\system\CodeIgniter.php(318): CodeIgniter\CodeIgniter->handleRequest(NULL, Object(Config\Cache), false)
#8 E:\SERVER\laragon\www\api\public\index.php(37): CodeIgniter\CodeIgniter->run()
#9 {main}
CRITICAL - 2022-01-08 10:51:28 --> Uncaught CodeIgniter\Format\Exceptions\FormatException: Failed to parse json string, error: "Malformed UTF-8 characters, possibly incorrectly encoded". in E:\SERVER\laragon\www\api\vendor\codeigniter4\framework\system\Format\JSONFormatter.php:41
Stack trace:
#0 E:\SERVER\laragon\www\api\vendor\codeigniter4\framework\system\Format\JSONFormatter.php(41): CodeIgniter\Format\Exceptions\FormatException::forInvalidJSON('Malformed UTF-8...')
#1 E:\SERVER\laragon\www\api\vendor\codeigniter4\framework\system\API\ResponseTrait.php(341): CodeIgniter\Format\JSONFormatter->format(Array)
#2 E:\SERVER\laragon\www\api\vendor\codeigniter4\framework\system\API\ResponseTrait.php(99): CodeIgniter\Debug\Exceptions->format(Array)
#3 E:\SERVER\laragon\www\api\vendor\codeigniter4\framework\system\Debug\Exceptions.php(110): CodeIgniter\Debug\Exceptions->respond(Array, 500)
#4 [internal function]: CodeIgniter\Debug\Exceptions->exceptionHandler(Object(CodeIgniter\Format\Exceptions\FormatException))
#5 {main}
  thrown
#0 [internal function]: CodeIgniter\Debug\Exceptions->shutdownHandler()
#1 {main}
CRITICAL - 2022-01-08 11:24:26 --> Failed to parse json string, error: "Malformed UTF-8 characters, possibly incorrectly encoded".
#0 E:\SERVER\laragon\www\api\vendor\codeigniter4\framework\system\Format\JSONFormatter.php(41): CodeIgniter\Format\Exceptions\FormatException::forInvalidJSON('Malformed UTF-8...')
#1 E:\SERVER\laragon\www\api\vendor\codeigniter4\framework\system\HTTP\ResponseTrait.php(317): CodeIgniter\Format\JSONFormatter->format(Array)
#2 E:\SERVER\laragon\www\api\vendor\codeigniter4\framework\system\HTTP\ResponseTrait.php(243): CodeIgniter\HTTP\Response->formatBody(Array, 'json')
#3 E:\SERVER\laragon\www\api\app\Controllers\BaseController.php(61): CodeIgniter\HTTP\Response->setJSON(Array)
#4 E:\SERVER\laragon\www\api\app\Controllers\Marcas.php(22): App\Controllers\BaseController->getResponse(Array)
#5 E:\SERVER\laragon\www\api\vendor\codeigniter4\framework\system\CodeIgniter.php(824): App\Controllers\Marcas->index()
#6 E:\SERVER\laragon\www\api\vendor\codeigniter4\framework\system\CodeIgniter.php(410): CodeIgniter\CodeIgniter->runController(Object(App\Controllers\Marcas))
#7 E:\SERVER\laragon\www\api\vendor\codeigniter4\framework\system\CodeIgniter.php(318): CodeIgniter\CodeIgniter->handleRequest(NULL, Object(Config\Cache), false)
#8 E:\SERVER\laragon\www\api\public\index.php(37): CodeIgniter\CodeIgniter->run()
#9 {main}
CRITICAL - 2022-01-08 11:25:29 --> Failed to parse json string, error: "Malformed UTF-8 characters, possibly incorrectly encoded".
#0 E:\SERVER\laragon\www\api\vendor\codeigniter4\framework\system\Format\JSONFormatter.php(41): CodeIgniter\Format\Exceptions\FormatException::forInvalidJSON('Malformed UTF-8...')
#1 E:\SERVER\laragon\www\api\vendor\codeigniter4\framework\system\HTTP\ResponseTrait.php(317): CodeIgniter\Format\JSONFormatter->format(Array)
#2 E:\SERVER\laragon\www\api\vendor\codeigniter4\framework\system\HTTP\ResponseTrait.php(243): CodeIgniter\HTTP\Response->formatBody(Array, 'json')
#3 E:\SERVER\laragon\www\api\app\Controllers\BaseController.php(61): CodeIgniter\HTTP\Response->setJSON(Array)
#4 E:\SERVER\laragon\www\api\app\Controllers\Marcas.php(22): App\Controllers\BaseController->getResponse(Array)
#5 E:\SERVER\laragon\www\api\vendor\codeigniter4\framework\system\CodeIgniter.php(824): App\Controllers\Marcas->index()
#6 E:\SERVER\laragon\www\api\vendor\codeigniter4\framework\system\CodeIgniter.php(410): CodeIgniter\CodeIgniter->runController(Object(App\Controllers\Marcas))
#7 E:\SERVER\laragon\www\api\vendor\codeigniter4\framework\system\CodeIgniter.php(318): CodeIgniter\CodeIgniter->handleRequest(NULL, Object(Config\Cache), false)
#8 E:\SERVER\laragon\www\api\public\index.php(37): CodeIgniter\CodeIgniter->run()
#9 {main}
ERROR - 2022-01-08 11:25:50 --> [Microsoft][ODBC Driver 17 for SQL Server][SQL Server]Invalid object name 'Prueba2.sys.MARCAS'.
CRITICAL - 2022-01-08 11:25:50 --> [Microsoft][ODBC Driver 17 for SQL Server][SQL Server]Invalid object name 'Prueba2.sys.MARCAS'.
#0 E:\SERVER\laragon\www\api\vendor\codeigniter4\framework\system\Database\BaseConnection.php(670): CodeIgniter\Database\SQLSRV\Connection->execute('SELECT *\nFROM "...')
#1 E:\SERVER\laragon\www\api\vendor\codeigniter4\framework\system\Database\BaseConnection.php(598): CodeIgniter\Database\BaseConnection->simpleQuery('SELECT *\nFROM "...')
#2 E:\SERVER\laragon\www\api\vendor\codeigniter4\framework\system\Database\SQLSRV\Builder.php(614): CodeIgniter\Database\BaseConnection->query('SELECT *\nFROM "...', Array, false)
#3 E:\SERVER\laragon\www\api\vendor\codeigniter4\framework\system\Model.php(183): CodeIgniter\Database\SQLSRV\Builder->get()
#4 E:\SERVER\laragon\www\api\vendor\codeigniter4\framework\system\BaseModel.php(584): CodeIgniter\Model->doFindAll(0, 0)
#5 E:\SERVER\laragon\www\api\app\Controllers\Marcas.php(22): CodeIgniter\BaseModel->findAll()
#6 E:\SERVER\laragon\www\api\vendor\codeigniter4\framework\system\CodeIgniter.php(824): App\Controllers\Marcas->index()
#7 E:\SERVER\laragon\www\api\vendor\codeigniter4\framework\system\CodeIgniter.php(410): CodeIgniter\CodeIgniter->runController(Object(App\Controllers\Marcas))
#8 E:\SERVER\laragon\www\api\vendor\codeigniter4\framework\system\CodeIgniter.php(318): CodeIgniter\CodeIgniter->handleRequest(NULL, Object(Config\Cache), false)
#9 E:\SERVER\laragon\www\api\public\index.php(37): CodeIgniter\CodeIgniter->run()
#10 {main}
ERROR - 2022-01-08 11:25:51 --> [Microsoft][ODBC Driver 17 for SQL Server][SQL Server]Invalid object name 'Prueba2.sys.MARCAS'.
CRITICAL - 2022-01-08 11:25:51 --> [Microsoft][ODBC Driver 17 for SQL Server][SQL Server]Invalid object name 'Prueba2.sys.MARCAS'.
#0 E:\SERVER\laragon\www\api\vendor\codeigniter4\framework\system\Database\BaseConnection.php(670): CodeIgniter\Database\SQLSRV\Connection->execute('SELECT *\nFROM "...')
#1 E:\SERVER\laragon\www\api\vendor\codeigniter4\framework\system\Database\BaseConnection.php(598): CodeIgniter\Database\BaseConnection->simpleQuery('SELECT *\nFROM "...')
#2 E:\SERVER\laragon\www\api\vendor\codeigniter4\framework\system\Database\SQLSRV\Builder.php(614): CodeIgniter\Database\BaseConnection->query('SELECT *\nFROM "...', Array, false)
#3 E:\SERVER\laragon\www\api\vendor\codeigniter4\framework\system\Model.php(183): CodeIgniter\Database\SQLSRV\Builder->get()
#4 E:\SERVER\laragon\www\api\vendor\codeigniter4\framework\system\BaseModel.php(584): CodeIgniter\Model->doFindAll(0, 0)
#5 E:\SERVER\laragon\www\api\app\Controllers\Marcas.php(22): CodeIgniter\BaseModel->findAll()
#6 E:\SERVER\laragon\www\api\vendor\codeigniter4\framework\system\CodeIgniter.php(824): App\Controllers\Marcas->index()
#7 E:\SERVER\laragon\www\api\vendor\codeigniter4\framework\system\CodeIgniter.php(410): CodeIgniter\CodeIgniter->runController(Object(App\Controllers\Marcas))
#8 E:\SERVER\laragon\www\api\vendor\codeigniter4\framework\system\CodeIgniter.php(318): CodeIgniter\CodeIgniter->handleRequest(NULL, Object(Config\Cache), false)
#9 E:\SERVER\laragon\www\api\public\index.php(37): CodeIgniter\CodeIgniter->run()
#10 {main}
ERROR - 2022-01-08 11:25:57 --> [Microsoft][ODBC Driver 17 for SQL Server][SQL Server]Invalid object name 'Prueba2.sys.MARCAS'.
CRITICAL - 2022-01-08 11:25:57 --> [Microsoft][ODBC Driver 17 for SQL Server][SQL Server]Invalid object name 'Prueba2.sys.MARCAS'.
#0 E:\SERVER\laragon\www\api\vendor\codeigniter4\framework\system\Database\BaseConnection.php(670): CodeIgniter\Database\SQLSRV\Connection->execute('SELECT *\nFROM "...')
#1 E:\SERVER\laragon\www\api\vendor\codeigniter4\framework\system\Database\BaseConnection.php(598): CodeIgniter\Database\BaseConnection->simpleQuery('SELECT *\nFROM "...')
#2 E:\SERVER\laragon\www\api\vendor\codeigniter4\framework\system\Database\SQLSRV\Builder.php(614): CodeIgniter\Database\BaseConnection->query('SELECT *\nFROM "...', Array, false)
#3 E:\SERVER\laragon\www\api\vendor\codeigniter4\framework\system\Model.php(183): CodeIgniter\Database\SQLSRV\Builder->get()
#4 E:\SERVER\laragon\www\api\vendor\codeigniter4\framework\system\BaseModel.php(584): CodeIgniter\Model->doFindAll(0, 0)
#5 E:\SERVER\laragon\www\api\app\Controllers\Marcas.php(22): CodeIgniter\BaseModel->findAll()
#6 E:\SERVER\laragon\www\api\vendor\codeigniter4\framework\system\CodeIgniter.php(824): App\Controllers\Marcas->index()
#7 E:\SERVER\laragon\www\api\vendor\codeigniter4\framework\system\CodeIgniter.php(410): CodeIgniter\CodeIgniter->runController(Object(App\Controllers\Marcas))
#8 E:\SERVER\laragon\www\api\vendor\codeigniter4\framework\system\CodeIgniter.php(318): CodeIgniter\CodeIgniter->handleRequest(NULL, Object(Config\Cache), false)
#9 E:\SERVER\laragon\www\api\public\index.php(37): CodeIgniter\CodeIgniter->run()
#10 {main}
ERROR - 2022-01-08 11:30:50 --> [Microsoft][ODBC Driver 17 for SQL Server][SQL Server]Invalid object name 'Prueba2.sys.MARCAS'.
CRITICAL - 2022-01-08 11:30:50 --> [Microsoft][ODBC Driver 17 for SQL Server][SQL Server]Invalid object name 'Prueba2.sys.MARCAS'.
#0 E:\SERVER\laragon\www\api\vendor\codeigniter4\framework\system\Database\BaseConnection.php(670): CodeIgniter\Database\SQLSRV\Connection->execute('SELECT *\nFROM "...')
#1 E:\SERVER\laragon\www\api\vendor\codeigniter4\framework\system\Database\BaseConnection.php(598): CodeIgniter\Database\BaseConnection->simpleQuery('SELECT *\nFROM "...')
#2 E:\SERVER\laragon\www\api\vendor\codeigniter4\framework\system\Database\SQLSRV\Builder.php(614): CodeIgniter\Database\BaseConnection->query('SELECT *\nFROM "...', Array, false)
#3 E:\SERVER\laragon\www\api\vendor\codeigniter4\framework\system\Model.php(183): CodeIgniter\Database\SQLSRV\Builder->get()
#4 E:\SERVER\laragon\www\api\vendor\codeigniter4\framework\system\BaseModel.php(584): CodeIgniter\Model->doFindAll(0, 0)
#5 E:\SERVER\laragon\www\api\app\Controllers\Marcas.php(22): CodeIgniter\BaseModel->findAll()
#6 E:\SERVER\laragon\www\api\vendor\codeigniter4\framework\system\CodeIgniter.php(824): App\Controllers\Marcas->index()
#7 E:\SERVER\laragon\www\api\vendor\codeigniter4\framework\system\CodeIgniter.php(410): CodeIgniter\CodeIgniter->runController(Object(App\Controllers\Marcas))
#8 E:\SERVER\laragon\www\api\vendor\codeigniter4\framework\system\CodeIgniter.php(318): CodeIgniter\CodeIgniter->handleRequest(NULL, Object(Config\Cache), false)
#9 E:\SERVER\laragon\www\api\public\index.php(37): CodeIgniter\CodeIgniter->run()
#10 {main}
CRITICAL - 2022-01-08 11:38:33 --> Cannot declare class App\Models\ClientModel, because the name is already in use
#0 [internal function]: CodeIgniter\Debug\Exceptions->shutdownHandler()
#1 {main}
ERROR - 2022-01-08 11:38:52 --> [Microsoft][ODBC Driver 17 for SQL Server][SQL Server]Invalid object name 'Prueba2.sys.[syslogins]'.
CRITICAL - 2022-01-08 11:38:52 --> [Microsoft][ODBC Driver 17 for SQL Server][SQL Server]Invalid object name 'Prueba2.sys.[syslogins]'.
#0 E:\SERVER\laragon\www\api\vendor\codeigniter4\framework\system\Database\BaseConnection.php(670): CodeIgniter\Database\SQLSRV\Connection->execute('SELECT *\nFROM "...')
#1 E:\SERVER\laragon\www\api\vendor\codeigniter4\framework\system\Database\BaseConnection.php(598): CodeIgniter\Database\BaseConnection->simpleQuery('SELECT *\nFROM "...')
#2 E:\SERVER\laragon\www\api\vendor\codeigniter4\framework\system\Database\SQLSRV\Builder.php(614): CodeIgniter\Database\BaseConnection->query('SELECT *\nFROM "...', Array, false)
#3 E:\SERVER\laragon\www\api\vendor\codeigniter4\framework\system\Model.php(183): CodeIgniter\Database\SQLSRV\Builder->get()
#4 E:\SERVER\laragon\www\api\vendor\codeigniter4\framework\system\BaseModel.php(584): CodeIgniter\Model->doFindAll(0, 0)
#5 E:\SERVER\laragon\www\api\app\Controllers\Marcas.php(21): CodeIgniter\BaseModel->findAll()
#6 E:\SERVER\laragon\www\api\vendor\codeigniter4\framework\system\CodeIgniter.php(824): App\Controllers\Marcas->index()
#7 E:\SERVER\laragon\www\api\vendor\codeigniter4\framework\system\CodeIgniter.php(410): CodeIgniter\CodeIgniter->runController(Object(App\Controllers\Marcas))
#8 E:\SERVER\laragon\www\api\vendor\codeigniter4\framework\system\CodeIgniter.php(318): CodeIgniter\CodeIgniter->handleRequest(NULL, Object(Config\Cache), false)
#9 E:\SERVER\laragon\www\api\public\index.php(37): CodeIgniter\CodeIgniter->run()
#10 {main}
CRITICAL - 2022-01-08 11:39:14 --> Failed to parse json string, error: "Malformed UTF-8 characters, possibly incorrectly encoded".
#0 E:\SERVER\laragon\www\api\vendor\codeigniter4\framework\system\Format\JSONFormatter.php(41): CodeIgniter\Format\Exceptions\FormatException::forInvalidJSON('Malformed UTF-8...')
#1 E:\SERVER\laragon\www\api\vendor\codeigniter4\framework\system\HTTP\ResponseTrait.php(317): CodeIgniter\Format\JSONFormatter->format(Array)
#2 E:\SERVER\laragon\www\api\vendor\codeigniter4\framework\system\HTTP\ResponseTrait.php(243): CodeIgniter\HTTP\Response->formatBody(Array, 'json')
#3 E:\SERVER\laragon\www\api\app\Controllers\BaseController.php(43): CodeIgniter\HTTP\Response->setJSON(Array)
#4 E:\SERVER\laragon\www\api\app\Controllers\Marcas.php(21): App\Controllers\BaseController->getResponse(Array)
#5 E:\SERVER\laragon\www\api\vendor\codeigniter4\framework\system\CodeIgniter.php(824): App\Controllers\Marcas->index()
#6 E:\SERVER\laragon\www\api\vendor\codeigniter4\framework\system\CodeIgniter.php(410): CodeIgniter\CodeIgniter->runController(Object(App\Controllers\Marcas))
#7 E:\SERVER\laragon\www\api\vendor\codeigniter4\framework\system\CodeIgniter.php(318): CodeIgniter\CodeIgniter->handleRequest(NULL, Object(Config\Cache), false)
#8 E:\SERVER\laragon\www\api\public\index.php(37): CodeIgniter\CodeIgniter->run()
#9 {main}
CRITICAL - 2022-01-08 11:43:38 --> Failed to parse json string, error: "Malformed UTF-8 characters, possibly incorrectly encoded".
#0 E:\SERVER\laragon\www\api\vendor\codeigniter4\framework\system\Format\JSONFormatter.php(41): CodeIgniter\Format\Exceptions\FormatException::forInvalidJSON('Malformed UTF-8...')
#1 E:\SERVER\laragon\www\api\vendor\codeigniter4\framework\system\HTTP\ResponseTrait.php(317): CodeIgniter\Format\JSONFormatter->format(Array)
#2 E:\SERVER\laragon\www\api\vendor\codeigniter4\framework\system\HTTP\ResponseTrait.php(243): CodeIgniter\HTTP\Response->formatBody(Array, 'json')
#3 E:\SERVER\laragon\www\api\app\Controllers\BaseController.php(43): CodeIgniter\HTTP\Response->setJSON(Array)
#4 E:\SERVER\laragon\www\api\app\Controllers\Marcas.php(21): App\Controllers\BaseController->getResponse(Array)
#5 E:\SERVER\laragon\www\api\vendor\codeigniter4\framework\system\CodeIgniter.php(824): App\Controllers\Marcas->index()
#6 E:\SERVER\laragon\www\api\vendor\codeigniter4\framework\system\CodeIgniter.php(410): CodeIgniter\CodeIgniter->runController(Object(App\Controllers\Marcas))
#7 E:\SERVER\laragon\www\api\vendor\codeigniter4\framework\system\CodeIgniter.php(318): CodeIgniter\CodeIgniter->handleRequest(NULL, Object(Config\Cache), false)
#8 E:\SERVER\laragon\www\api\public\index.php(37): CodeIgniter\CodeIgniter->run()
#9 {main}
CRITICAL - 2022-01-08 11:43:41 --> Failed to parse json string, error: "Malformed UTF-8 characters, possibly incorrectly encoded".
#0 E:\SERVER\laragon\www\api\vendor\codeigniter4\framework\system\Format\JSONFormatter.php(41): CodeIgniter\Format\Exceptions\FormatException::forInvalidJSON('Malformed UTF-8...')
#1 E:\SERVER\laragon\www\api\vendor\codeigniter4\framework\system\HTTP\ResponseTrait.php(317): CodeIgniter\Format\JSONFormatter->format(Array)
#2 E:\SERVER\laragon\www\api\vendor\codeigniter4\framework\system\HTTP\ResponseTrait.php(243): CodeIgniter\HTTP\Response->formatBody(Array, 'json')
#3 E:\SERVER\laragon\www\api\app\Controllers\BaseController.php(43): CodeIgniter\HTTP\Response->setJSON(Array)
#4 E:\SERVER\laragon\www\api\app\Controllers\Marcas.php(21): App\Controllers\BaseController->getResponse(Array)
#5 E:\SERVER\laragon\www\api\vendor\codeigniter4\framework\system\CodeIgniter.php(824): App\Controllers\Marcas->index()
#6 E:\SERVER\laragon\www\api\vendor\codeigniter4\framework\system\CodeIgniter.php(410): CodeIgniter\CodeIgniter->runController(Object(App\Controllers\Marcas))
#7 E:\SERVER\laragon\www\api\vendor\codeigniter4\framework\system\CodeIgniter.php(318): CodeIgniter\CodeIgniter->handleRequest(NULL, Object(Config\Cache), false)
#8 E:\SERVER\laragon\www\api\public\index.php(37): CodeIgniter\CodeIgniter->run()
#9 {main}
CRITICAL - 2022-01-08 11:46:18 --> Failed to parse json string, error: "Malformed UTF-8 characters, possibly incorrectly encoded".
#0 E:\SERVER\laragon\www\api\vendor\codeigniter4\framework\system\Format\JSONFormatter.php(41): CodeIgniter\Format\Exceptions\FormatException::forInvalidJSON('Malformed UTF-8...')
#1 E:\SERVER\laragon\www\api\vendor\codeigniter4\framework\system\HTTP\ResponseTrait.php(317): CodeIgniter\Format\JSONFormatter->format(Array)
#2 E:\SERVER\laragon\www\api\vendor\codeigniter4\framework\system\HTTP\ResponseTrait.php(243): CodeIgniter\HTTP\Response->formatBody(Array, 'json')
#3 E:\SERVER\laragon\www\api\app\Controllers\BaseController.php(43): CodeIgniter\HTTP\Response->setJSON(Array)
#4 E:\SERVER\laragon\www\api\app\Controllers\Marcas.php(21): App\Controllers\BaseController->getResponse(Array)
#5 E:\SERVER\laragon\www\api\vendor\codeigniter4\framework\system\CodeIgniter.php(824): App\Controllers\Marcas->index()
#6 E:\SERVER\laragon\www\api\vendor\codeigniter4\framework\system\CodeIgniter.php(410): CodeIgniter\CodeIgniter->runController(Object(App\Controllers\Marcas))
#7 E:\SERVER\laragon\www\api\vendor\codeigniter4\framework\system\CodeIgniter.php(318): CodeIgniter\CodeIgniter->handleRequest(NULL, Object(Config\Cache), false)
#8 E:\SERVER\laragon\www\api\public\index.php(37): CodeIgniter\CodeIgniter->run()
#9 {main}
CRITICAL - 2022-01-08 11:47:25 --> Failed to parse json string, error: "Malformed UTF-8 characters, possibly incorrectly encoded".
#0 E:\SERVER\laragon\www\api\vendor\codeigniter4\framework\system\Format\JSONFormatter.php(41): CodeIgniter\Format\Exceptions\FormatException::forInvalidJSON('Malformed UTF-8...')
#1 E:\SERVER\laragon\www\api\vendor\codeigniter4\framework\system\HTTP\ResponseTrait.php(317): CodeIgniter\Format\JSONFormatter->format(Array)
#2 E:\SERVER\laragon\www\api\vendor\codeigniter4\framework\system\HTTP\ResponseTrait.php(243): CodeIgniter\HTTP\Response->formatBody(Array, 'json')
#3 E:\SERVER\laragon\www\api\app\Controllers\BaseController.php(43): CodeIgniter\HTTP\Response->setJSON(Array)
#4 E:\SERVER\laragon\www\api\app\Controllers\Marcas.php(21): App\Controllers\BaseController->getResponse(Array)
#5 E:\SERVER\laragon\www\api\vendor\codeigniter4\framework\system\CodeIgniter.php(824): App\Controllers\Marcas->index()
#6 E:\SERVER\laragon\www\api\vendor\codeigniter4\framework\system\CodeIgniter.php(410): CodeIgniter\CodeIgniter->runController(Object(App\Controllers\Marcas))
#7 E:\SERVER\laragon\www\api\vendor\codeigniter4\framework\system\CodeIgniter.php(318): CodeIgniter\CodeIgniter->handleRequest(NULL, Object(Config\Cache), false)
#8 E:\SERVER\laragon\www\api\public\index.php(37): CodeIgniter\CodeIgniter->run()
#9 {main}
CRITICAL - 2022-01-08 11:48:05 --> Failed to parse json string, error: "Malformed UTF-8 characters, possibly incorrectly encoded".
#0 E:\SERVER\laragon\www\api\vendor\codeigniter4\framework\system\Format\JSONFormatter.php(41): CodeIgniter\Format\Exceptions\FormatException::forInvalidJSON('Malformed UTF-8...')
#1 E:\SERVER\laragon\www\api\vendor\codeigniter4\framework\system\HTTP\ResponseTrait.php(317): CodeIgniter\Format\JSONFormatter->format(Array)
#2 E:\SERVER\laragon\www\api\vendor\codeigniter4\framework\system\HTTP\ResponseTrait.php(243): CodeIgniter\HTTP\Response->formatBody(Array, 'json')
#3 E:\SERVER\laragon\www\api\app\Controllers\BaseController.php(43): CodeIgniter\HTTP\Response->setJSON(Array)
#4 E:\SERVER\laragon\www\api\app\Controllers\Marcas.php(21): App\Controllers\BaseController->getResponse(Array)
#5 E:\SERVER\laragon\www\api\vendor\codeigniter4\framework\system\CodeIgniter.php(824): App\Controllers\Marcas->index()
#6 E:\SERVER\laragon\www\api\vendor\codeigniter4\framework\system\CodeIgniter.php(410): CodeIgniter\CodeIgniter->runController(Object(App\Controllers\Marcas))
#7 E:\SERVER\laragon\www\api\vendor\codeigniter4\framework\system\CodeIgniter.php(318): CodeIgniter\CodeIgniter->handleRequest(NULL, Object(Config\Cache), false)
#8 E:\SERVER\laragon\www\api\public\index.php(37): CodeIgniter\CodeIgniter->run()
#9 {main}
CRITICAL - 2022-01-08 11:55:56 --> Failed to parse json string, error: "Malformed UTF-8 characters, possibly incorrectly encoded".
#0 E:\SERVER\laragon\www\api\vendor\codeigniter4\framework\system\Format\JSONFormatter.php(41): CodeIgniter\Format\Exceptions\FormatException::forInvalidJSON('Malformed UTF-8...')
#1 E:\SERVER\laragon\www\api\vendor\codeigniter4\framework\system\HTTP\ResponseTrait.php(317): CodeIgniter\Format\JSONFormatter->format(Array)
#2 E:\SERVER\laragon\www\api\vendor\codeigniter4\framework\system\HTTP\ResponseTrait.php(243): CodeIgniter\HTTP\Response->formatBody(Array, 'json')
#3 E:\SERVER\laragon\www\api\app\Controllers\BaseController.php(43): CodeIgniter\HTTP\Response->setJSON(Array)
#4 E:\SERVER\laragon\www\api\app\Controllers\Marcas.php(22): App\Controllers\BaseController->getResponse(Array)
#5 E:\SERVER\laragon\www\api\vendor\codeigniter4\framework\system\CodeIgniter.php(824): App\Controllers\Marcas->index()
#6 E:\SERVER\laragon\www\api\vendor\codeigniter4\framework\system\CodeIgniter.php(410): CodeIgniter\CodeIgniter->runController(Object(App\Controllers\Marcas))
#7 E:\SERVER\laragon\www\api\vendor\codeigniter4\framework\system\CodeIgniter.php(318): CodeIgniter\CodeIgniter->handleRequest(NULL, Object(Config\Cache), false)
#8 E:\SERVER\laragon\www\api\public\index.php(37): CodeIgniter\CodeIgniter->run()
#9 {main}
CRITICAL - 2022-01-08 11:57:06 --> Failed to parse json string, error: "Malformed UTF-8 characters, possibly incorrectly encoded".
#0 E:\SERVER\laragon\www\api\vendor\codeigniter4\framework\system\Format\JSONFormatter.php(41): CodeIgniter\Format\Exceptions\FormatException::forInvalidJSON('Malformed UTF-8...')
#1 E:\SERVER\laragon\www\api\vendor\codeigniter4\framework\system\HTTP\ResponseTrait.php(317): CodeIgniter\Format\JSONFormatter->format(Array)
#2 E:\SERVER\laragon\www\api\vendor\codeigniter4\framework\system\HTTP\ResponseTrait.php(243): CodeIgniter\HTTP\Response->formatBody(Array, 'json')
#3 E:\SERVER\laragon\www\api\app\Controllers\BaseController.php(43): CodeIgniter\HTTP\Response->setJSON(Array)
#4 E:\SERVER\laragon\www\api\app\Controllers\Marcas.php(22): App\Controllers\BaseController->getResponse(Array)
#5 E:\SERVER\laragon\www\api\vendor\codeigniter4\framework\system\CodeIgniter.php(824): App\Controllers\Marcas->index()
#6 E:\SERVER\laragon\www\api\vendor\codeigniter4\framework\system\CodeIgniter.php(410): CodeIgniter\CodeIgniter->runController(Object(App\Controllers\Marcas))
#7 E:\SERVER\laragon\www\api\vendor\codeigniter4\framework\system\CodeIgniter.php(318): CodeIgniter\CodeIgniter->handleRequest(NULL, Object(Config\Cache), false)
#8 E:\SERVER\laragon\www\api\public\index.php(37): CodeIgniter\CodeIgniter->run()
#9 {main}
CRITICAL - 2022-01-08 11:57:18 --> Failed to parse json string, error: "Malformed UTF-8 characters, possibly incorrectly encoded".
#0 E:\SERVER\laragon\www\api\vendor\codeigniter4\framework\system\Format\JSONFormatter.php(41): CodeIgniter\Format\Exceptions\FormatException::forInvalidJSON('Malformed UTF-8...')
#1 E:\SERVER\laragon\www\api\vendor\codeigniter4\framework\system\HTTP\ResponseTrait.php(317): CodeIgniter\Format\JSONFormatter->format(Array)
#2 E:\SERVER\laragon\www\api\vendor\codeigniter4\framework\system\HTTP\ResponseTrait.php(243): CodeIgniter\HTTP\Response->formatBody(Array, 'json')
#3 E:\SERVER\laragon\www\api\app\Controllers\BaseController.php(43): CodeIgniter\HTTP\Response->setJSON(Array)
#4 E:\SERVER\laragon\www\api\app\Controllers\Marcas.php(22): App\Controllers\BaseController->getResponse(Array)
#5 E:\SERVER\laragon\www\api\vendor\codeigniter4\framework\system\CodeIgniter.php(824): App\Controllers\Marcas->index()
#6 E:\SERVER\laragon\www\api\vendor\codeigniter4\framework\system\CodeIgniter.php(410): CodeIgniter\CodeIgniter->runController(Object(App\Controllers\Marcas))
#7 E:\SERVER\laragon\www\api\vendor\codeigniter4\framework\system\CodeIgniter.php(318): CodeIgniter\CodeIgniter->handleRequest(NULL, Object(Config\Cache), false)
#8 E:\SERVER\laragon\www\api\public\index.php(37): CodeIgniter\CodeIgniter->run()
#9 {main}
CRITICAL - 2022-01-08 12:08:40 --> Failed to parse json string, error: "Malformed UTF-8 characters, possibly incorrectly encoded".
#0 E:\SERVER\laragon\www\api\vendor\codeigniter4\framework\system\Format\JSONFormatter.php(41): CodeIgniter\Format\Exceptions\FormatException::forInvalidJSON('Malformed UTF-8...')
#1 E:\SERVER\laragon\www\api\vendor\codeigniter4\framework\system\HTTP\ResponseTrait.php(317): CodeIgniter\Format\JSONFormatter->format(Array)
#2 E:\SERVER\laragon\www\api\vendor\codeigniter4\framework\system\HTTP\ResponseTrait.php(243): CodeIgniter\HTTP\Response->formatBody(Array, 'json')
#3 E:\SERVER\laragon\www\api\app\Controllers\BaseController.php(43): CodeIgniter\HTTP\Response->setJSON(Array)
#4 E:\SERVER\laragon\www\api\app\Controllers\Marcas.php(22): App\Controllers\BaseController->getResponse(Array)
#5 E:\SERVER\laragon\www\api\vendor\codeigniter4\framework\system\CodeIgniter.php(824): App\Controllers\Marcas->index()
#6 E:\SERVER\laragon\www\api\vendor\codeigniter4\framework\system\CodeIgniter.php(410): CodeIgniter\CodeIgniter->runController(Object(App\Controllers\Marcas))
#7 E:\SERVER\laragon\www\api\vendor\codeigniter4\framework\system\CodeIgniter.php(318): CodeIgniter\CodeIgniter->handleRequest(NULL, Object(Config\Cache), false)
#8 E:\SERVER\laragon\www\api\public\index.php(37): CodeIgniter\CodeIgniter->run()
#9 {main}
CRITICAL - 2022-01-08 12:12:48 --> Failed to parse json string, error: "Malformed UTF-8 characters, possibly incorrectly encoded".
#0 E:\SERVER\laragon\www\api\vendor\codeigniter4\framework\system\Format\JSONFormatter.php(41): CodeIgniter\Format\Exceptions\FormatException::forInvalidJSON('Malformed UTF-8...')
#1 E:\SERVER\laragon\www\api\vendor\codeigniter4\framework\system\HTTP\ResponseTrait.php(317): CodeIgniter\Format\JSONFormatter->format(Array)
#2 E:\SERVER\laragon\www\api\vendor\codeigniter4\framework\system\HTTP\ResponseTrait.php(243): CodeIgniter\HTTP\Response->formatBody(Array, 'json')
#3 E:\SERVER\laragon\www\api\app\Controllers\BaseController.php(43): CodeIgniter\HTTP\Response->setJSON(Array)
#4 E:\SERVER\laragon\www\api\app\Controllers\Marcas.php(22): App\Controllers\BaseController->getResponse(Array)
#5 E:\SERVER\laragon\www\api\vendor\codeigniter4\framework\system\CodeIgniter.php(824): App\Controllers\Marcas->index()
#6 E:\SERVER\laragon\www\api\vendor\codeigniter4\framework\system\CodeIgniter.php(410): CodeIgniter\CodeIgniter->runController(Object(App\Controllers\Marcas))
#7 E:\SERVER\laragon\www\api\vendor\codeigniter4\framework\system\CodeIgniter.php(318): CodeIgniter\CodeIgniter->handleRequest(NULL, Object(Config\Cache), false)
#8 E:\SERVER\laragon\www\api\public\index.php(37): CodeIgniter\CodeIgniter->run()
#9 {main}
CRITICAL - 2022-01-08 12:14:09 --> Failed to parse json string, error: "Malformed UTF-8 characters, possibly incorrectly encoded".
#0 E:\SERVER\laragon\www\api\vendor\codeigniter4\framework\system\Format\JSONFormatter.php(41): CodeIgniter\Format\Exceptions\FormatException::forInvalidJSON('Malformed UTF-8...')
#1 E:\SERVER\laragon\www\api\vendor\codeigniter4\framework\system\HTTP\ResponseTrait.php(317): CodeIgniter\Format\JSONFormatter->format(Array)
#2 E:\SERVER\laragon\www\api\vendor\codeigniter4\framework\system\HTTP\ResponseTrait.php(243): CodeIgniter\HTTP\Response->formatBody(Array, 'json')
#3 E:\SERVER\laragon\www\api\app\Controllers\BaseController.php(43): CodeIgniter\HTTP\Response->setJSON(Array)
#4 E:\SERVER\laragon\www\api\app\Controllers\Marcas.php(22): App\Controllers\BaseController->getResponse(Array)
#5 E:\SERVER\laragon\www\api\vendor\codeigniter4\framework\system\CodeIgniter.php(824): App\Controllers\Marcas->index()
#6 E:\SERVER\laragon\www\api\vendor\codeigniter4\framework\system\CodeIgniter.php(410): CodeIgniter\CodeIgniter->runController(Object(App\Controllers\Marcas))
#7 E:\SERVER\laragon\www\api\vendor\codeigniter4\framework\system\CodeIgniter.php(318): CodeIgniter\CodeIgniter->handleRequest(NULL, Object(Config\Cache), false)
#8 E:\SERVER\laragon\www\api\public\index.php(37): CodeIgniter\CodeIgniter->run()
#9 {main}
CRITICAL - 2022-01-08 12:28:10 --> Failed to parse json string, error: "Malformed UTF-8 characters, possibly incorrectly encoded".
#0 E:\SERVER\laragon\www\api\vendor\codeigniter4\framework\system\Format\JSONFormatter.php(41): CodeIgniter\Format\Exceptions\FormatException::forInvalidJSON('Malformed UTF-8...')
#1 E:\SERVER\laragon\www\api\vendor\codeigniter4\framework\system\HTTP\ResponseTrait.php(317): CodeIgniter\Format\JSONFormatter->format(Array)
#2 E:\SERVER\laragon\www\api\vendor\codeigniter4\framework\system\HTTP\ResponseTrait.php(243): CodeIgniter\HTTP\Response->formatBody(Array, 'json')
#3 E:\SERVER\laragon\www\api\app\Controllers\BaseController.php(43): CodeIgniter\HTTP\Response->setJSON(Array)
#4 E:\SERVER\laragon\www\api\app\Controllers\Marcas.php(22): App\Controllers\BaseController->getResponse(Array)
#5 E:\SERVER\laragon\www\api\vendor\codeigniter4\framework\system\CodeIgniter.php(824): App\Controllers\Marcas->index()
#6 E:\SERVER\laragon\www\api\vendor\codeigniter4\framework\system\CodeIgniter.php(410): CodeIgniter\CodeIgniter->runController(Object(App\Controllers\Marcas))
#7 E:\SERVER\laragon\www\api\vendor\codeigniter4\framework\system\CodeIgniter.php(318): CodeIgniter\CodeIgniter->handleRequest(NULL, Object(Config\Cache), false)
#8 E:\SERVER\laragon\www\api\public\index.php(37): CodeIgniter\CodeIgniter->run()
#9 {main}
CRITICAL - 2022-01-08 12:30:59 --> Failed to parse json string, error: "Malformed UTF-8 characters, possibly incorrectly encoded".
#0 E:\SERVER\laragon\www\api\vendor\codeigniter4\framework\system\Format\JSONFormatter.php(41): CodeIgniter\Format\Exceptions\FormatException::forInvalidJSON('Malformed UTF-8...')
#1 E:\SERVER\laragon\www\api\vendor\codeigniter4\framework\system\HTTP\ResponseTrait.php(317): CodeIgniter\Format\JSONFormatter->format(Array)
#2 E:\SERVER\laragon\www\api\vendor\codeigniter4\framework\system\HTTP\ResponseTrait.php(243): CodeIgniter\HTTP\Response->formatBody(Array, 'json')
#3 E:\SERVER\laragon\www\api\app\Controllers\BaseController.php(43): CodeIgniter\HTTP\Response->setJSON(Array)
#4 E:\SERVER\laragon\www\api\app\Controllers\Marcas.php(22): App\Controllers\BaseController->getResponse(Array)
#5 E:\SERVER\laragon\www\api\vendor\codeigniter4\framework\system\CodeIgniter.php(824): App\Controllers\Marcas->index()
#6 E:\SERVER\laragon\www\api\vendor\codeigniter4\framework\system\CodeIgniter.php(410): CodeIgniter\CodeIgniter->runController(Object(App\Controllers\Marcas))
#7 E:\SERVER\laragon\www\api\vendor\codeigniter4\framework\system\CodeIgniter.php(318): CodeIgniter\CodeIgniter->handleRequest(NULL, Object(Config\Cache), false)
#8 E:\SERVER\laragon\www\api\public\index.php(37): CodeIgniter\CodeIgniter->run()
#9 {main}
CRITICAL - 2022-01-08 12:32:31 --> Failed to parse json string, error: "Malformed UTF-8 characters, possibly incorrectly encoded".
#0 E:\SERVER\laragon\www\api\vendor\codeigniter4\framework\system\Format\JSONFormatter.php(41): CodeIgniter\Format\Exceptions\FormatException::forInvalidJSON('Malformed UTF-8...')
#1 E:\SERVER\laragon\www\api\vendor\codeigniter4\framework\system\HTTP\ResponseTrait.php(317): CodeIgniter\Format\JSONFormatter->format(Array)
#2 E:\SERVER\laragon\www\api\vendor\codeigniter4\framework\system\HTTP\ResponseTrait.php(243): CodeIgniter\HTTP\Response->formatBody(Array, 'json')
#3 E:\SERVER\laragon\www\api\app\Controllers\BaseController.php(43): CodeIgniter\HTTP\Response->setJSON(Array)
#4 E:\SERVER\laragon\www\api\app\Controllers\Marcas.php(22): App\Controllers\BaseController->getResponse(Array)
#5 E:\SERVER\laragon\www\api\vendor\codeigniter4\framework\system\CodeIgniter.php(824): App\Controllers\Marcas->index()
#6 E:\SERVER\laragon\www\api\vendor\codeigniter4\framework\system\CodeIgniter.php(410): CodeIgniter\CodeIgniter->runController(Object(App\Controllers\Marcas))
#7 E:\SERVER\laragon\www\api\vendor\codeigniter4\framework\system\CodeIgniter.php(318): CodeIgniter\CodeIgniter->handleRequest(NULL, Object(Config\Cache), false)
#8 E:\SERVER\laragon\www\api\public\index.php(37): CodeIgniter\CodeIgniter->run()
#9 {main}
CRITICAL - 2022-01-08 12:34:16 --> Failed to parse json string, error: "Malformed UTF-8 characters, possibly incorrectly encoded".
#0 E:\SERVER\laragon\www\api\vendor\codeigniter4\framework\system\Format\JSONFormatter.php(41): CodeIgniter\Format\Exceptions\FormatException::forInvalidJSON('Malformed UTF-8...')
#1 E:\SERVER\laragon\www\api\vendor\codeigniter4\framework\system\HTTP\ResponseTrait.php(317): CodeIgniter\Format\JSONFormatter->format(Array)
#2 E:\SERVER\laragon\www\api\vendor\codeigniter4\framework\system\HTTP\ResponseTrait.php(243): CodeIgniter\HTTP\Response->formatBody(Array, 'json')
#3 E:\SERVER\laragon\www\api\app\Controllers\BaseController.php(43): CodeIgniter\HTTP\Response->setJSON(Array)
#4 E:\SERVER\laragon\www\api\app\Controllers\Marcas.php(22): App\Controllers\BaseController->getResponse(Array)
#5 E:\SERVER\laragon\www\api\vendor\codeigniter4\framework\system\CodeIgniter.php(824): App\Controllers\Marcas->index()
#6 E:\SERVER\laragon\www\api\vendor\codeigniter4\framework\system\CodeIgniter.php(410): CodeIgniter\CodeIgniter->runController(Object(App\Controllers\Marcas))
#7 E:\SERVER\laragon\www\api\vendor\codeigniter4\framework\system\CodeIgniter.php(318): CodeIgniter\CodeIgniter->handleRequest(NULL, Object(Config\Cache), false)
#8 E:\SERVER\laragon\www\api\public\index.php(37): CodeIgniter\CodeIgniter->run()
#9 {main}
CRITICAL - 2022-01-08 12:36:57 --> Failed to parse json string, error: "Malformed UTF-8 characters, possibly incorrectly encoded".
#0 E:\SERVER\laragon\www\api\vendor\codeigniter4\framework\system\Format\JSONFormatter.php(41): CodeIgniter\Format\Exceptions\FormatException::forInvalidJSON('Malformed UTF-8...')
#1 E:\SERVER\laragon\www\api\vendor\codeigniter4\framework\system\HTTP\ResponseTrait.php(317): CodeIgniter\Format\JSONFormatter->format(Array)
#2 E:\SERVER\laragon\www\api\vendor\codeigniter4\framework\system\HTTP\ResponseTrait.php(243): CodeIgniter\HTTP\Response->formatBody(Array, 'json')
#3 E:\SERVER\laragon\www\api\app\Controllers\BaseController.php(43): CodeIgniter\HTTP\Response->setJSON(Array)
#4 E:\SERVER\laragon\www\api\app\Controllers\Marcas.php(23): App\Controllers\BaseController->getResponse(Array)
#5 E:\SERVER\laragon\www\api\vendor\codeigniter4\framework\system\CodeIgniter.php(824): App\Controllers\Marcas->index()
#6 E:\SERVER\laragon\www\api\vendor\codeigniter4\framework\system\CodeIgniter.php(410): CodeIgniter\CodeIgniter->runController(Object(App\Controllers\Marcas))
#7 E:\SERVER\laragon\www\api\vendor\codeigniter4\framework\system\CodeIgniter.php(318): CodeIgniter\CodeIgniter->handleRequest(NULL, Object(Config\Cache), false)
#8 E:\SERVER\laragon\www\api\public\index.php(37): CodeIgniter\CodeIgniter->run()
#9 {main}
CRITICAL - 2022-01-08 12:57:49 --> Failed to parse json string, error: "Malformed UTF-8 characters, possibly incorrectly encoded".
#0 E:\SERVER\laragon\www\api\vendor\codeigniter4\framework\system\Format\JSONFormatter.php(41): CodeIgniter\Format\Exceptions\FormatException::forInvalidJSON('Malformed UTF-8...')
#1 E:\SERVER\laragon\www\api\vendor\codeigniter4\framework\system\HTTP\ResponseTrait.php(317): CodeIgniter\Format\JSONFormatter->format(Array)
#2 E:\SERVER\laragon\www\api\vendor\codeigniter4\framework\system\HTTP\ResponseTrait.php(243): CodeIgniter\HTTP\Response->formatBody(Array, 'json')
#3 E:\SERVER\laragon\www\api\app\Controllers\BaseController.php(43): CodeIgniter\HTTP\Response->setJSON(Array)
#4 E:\SERVER\laragon\www\api\app\Controllers\Marcas.php(23): App\Controllers\BaseController->getResponse(Array)
#5 E:\SERVER\laragon\www\api\vendor\codeigniter4\framework\system\CodeIgniter.php(824): App\Controllers\Marcas->index()
#6 E:\SERVER\laragon\www\api\vendor\codeigniter4\framework\system\CodeIgniter.php(410): CodeIgniter\CodeIgniter->runController(Object(App\Controllers\Marcas))
#7 E:\SERVER\laragon\www\api\vendor\codeigniter4\framework\system\CodeIgniter.php(318): CodeIgniter\CodeIgniter->handleRequest(NULL, Object(Config\Cache), false)
#8 E:\SERVER\laragon\www\api\public\index.php(37): CodeIgniter\CodeIgniter->run()
#9 {main}
