ERROR - 2023-01-10 08:06:06 --> [Microsoft][ODBC Driver 17 for SQL Server][SQL Server]Error converting data type varchar to int.
CRITICAL - 2023-01-10 08:06:06 --> [Microsoft][ODBC Driver 17 for SQL Server][SQL Server]Error converting data type varchar to int.
#0 /opt/lampp/htdocs/api8097/public_html/vendor/codeigniter4/framework/system/Database/BaseConnection.php(670): CodeIgniter\Database\SQLSRV\Connection->execute('ECOMMERCE.sp_ge...')
#1 /opt/lampp/htdocs/api8097/public_html/vendor/codeigniter4/framework/system/Database/BaseConnection.php(598): CodeIgniter\Database\BaseConnection->simpleQuery('ECOMMERCE.sp_ge...')
#2 /opt/lampp/htdocs/api8097/public_html/app/Models/LlantasModel.php(14): CodeIgniter\Database\BaseConnection->query('ECOMMERCE.sp_ge...', Array)
#3 /opt/lampp/htdocs/api8097/public_html/app/Controllers/Llantas.php(117): App\Models\LlantasModel->getBusquedaLlantas('1000', 'undefined', 'undefined', NULL, NULL, '1', 0, 0, NULL, NULL, NULL, 'N', 0, 0, 0, 'B-07')
#4 /opt/lampp/htdocs/api8097/public_html/vendor/codeigniter4/framework/system/CodeIgniter.php(824): App\Controllers\Llantas->show('5')
#5 /opt/lampp/htdocs/api8097/public_html/vendor/codeigniter4/framework/system/CodeIgniter.php(410): CodeIgniter\CodeIgniter->runController(Object(App\Controllers\Llantas))
#6 /opt/lampp/htdocs/api8097/public_html/vendor/codeigniter4/framework/system/CodeIgniter.php(318): CodeIgniter\CodeIgniter->handleRequest(NULL, Object(Config\Cache), false)
#7 /opt/lampp/htdocs/api8097/public_html/public/index.php(41): CodeIgniter\CodeIgniter->run()
#8 {main}
ERROR - 2023-01-10 08:19:27 --> [Microsoft][ODBC Driver 17 for SQL Server][SQL Server]Error converting data type varchar to int.
CRITICAL - 2023-01-10 08:19:27 --> [Microsoft][ODBC Driver 17 for SQL Server][SQL Server]Error converting data type varchar to int.
#0 /opt/lampp/htdocs/api8097/public_html/vendor/codeigniter4/framework/system/Database/BaseConnection.php(670): CodeIgniter\Database\SQLSRV\Connection->execute('ECOMMERCE.sp_ge...')
#1 /opt/lampp/htdocs/api8097/public_html/vendor/codeigniter4/framework/system/Database/BaseConnection.php(598): CodeIgniter\Database\BaseConnection->simpleQuery('ECOMMERCE.sp_ge...')
#2 /opt/lampp/htdocs/api8097/public_html/app/Models/LlantasModel.php(14): CodeIgniter\Database\BaseConnection->query('ECOMMERCE.sp_ge...', Array)
#3 /opt/lampp/htdocs/api8097/public_html/app/Controllers/Llantas.php(117): App\Models\LlantasModel->getBusquedaLlantas('undefined', 'undefined', 'undefined', NULL, NULL, '1', 0, 0, NULL, NULL, NULL, 'N', 0, 0, 0, 'B-51')
#4 /opt/lampp/htdocs/api8097/public_html/vendor/codeigniter4/framework/system/CodeIgniter.php(824): App\Controllers\Llantas->show('5')
#5 /opt/lampp/htdocs/api8097/public_html/vendor/codeigniter4/framework/system/CodeIgniter.php(410): CodeIgniter\CodeIgniter->runController(Object(App\Controllers\Llantas))
#6 /opt/lampp/htdocs/api8097/public_html/vendor/codeigniter4/framework/system/CodeIgniter.php(318): CodeIgniter\CodeIgniter->handleRequest(NULL, Object(Config\Cache), false)
#7 /opt/lampp/htdocs/api8097/public_html/public/index.php(41): CodeIgniter\CodeIgniter->run()
#8 {main}
ERROR - 2023-01-10 08:22:37 --> [Microsoft][ODBC Driver 17 for SQL Server][SQL Server]Error converting data type varchar to int.
CRITICAL - 2023-01-10 08:22:37 --> [Microsoft][ODBC Driver 17 for SQL Server][SQL Server]Error converting data type varchar to int.
#0 /opt/lampp/htdocs/api8097/public_html/vendor/codeigniter4/framework/system/Database/BaseConnection.php(670): CodeIgniter\Database\SQLSRV\Connection->execute('ECOMMERCE.sp_ge...')
#1 /opt/lampp/htdocs/api8097/public_html/vendor/codeigniter4/framework/system/Database/BaseConnection.php(598): CodeIgniter\Database\BaseConnection->simpleQuery('ECOMMERCE.sp_ge...')
#2 /opt/lampp/htdocs/api8097/public_html/app/Models/LlantasModel.php(14): CodeIgniter\Database\BaseConnection->query('ECOMMERCE.sp_ge...', Array)
#3 /opt/lampp/htdocs/api8097/public_html/app/Controllers/Llantas.php(117): App\Models\LlantasModel->getBusquedaLlantas('1000', 'undefined', 'undefined', NULL, NULL, '1', 0, 0, NULL, NULL, NULL, 'N', 0, 0, 0, 'B-51')
#4 /opt/lampp/htdocs/api8097/public_html/vendor/codeigniter4/framework/system/CodeIgniter.php(824): App\Controllers\Llantas->show('5')
#5 /opt/lampp/htdocs/api8097/public_html/vendor/codeigniter4/framework/system/CodeIgniter.php(410): CodeIgniter\CodeIgniter->runController(Object(App\Controllers\Llantas))
#6 /opt/lampp/htdocs/api8097/public_html/vendor/codeigniter4/framework/system/CodeIgniter.php(318): CodeIgniter\CodeIgniter->handleRequest(NULL, Object(Config\Cache), false)
#7 /opt/lampp/htdocs/api8097/public_html/public/index.php(41): CodeIgniter\CodeIgniter->run()
#8 {main}
ERROR - 2023-01-10 08:23:10 --> [Microsoft][ODBC Driver 17 for SQL Server][SQL Server]Error converting data type varchar to int.
CRITICAL - 2023-01-10 08:23:10 --> [Microsoft][ODBC Driver 17 for SQL Server][SQL Server]Error converting data type varchar to int.
#0 /opt/lampp/htdocs/api8097/public_html/vendor/codeigniter4/framework/system/Database/BaseConnection.php(670): CodeIgniter\Database\SQLSRV\Connection->execute('ECOMMERCE.sp_ge...')
#1 /opt/lampp/htdocs/api8097/public_html/vendor/codeigniter4/framework/system/Database/BaseConnection.php(598): CodeIgniter\Database\BaseConnection->simpleQuery('ECOMMERCE.sp_ge...')
#2 /opt/lampp/htdocs/api8097/public_html/app/Models/LlantasModel.php(14): CodeIgniter\Database\BaseConnection->query('ECOMMERCE.sp_ge...', Array)
#3 /opt/lampp/htdocs/api8097/public_html/app/Controllers/Llantas.php(117): App\Models\LlantasModel->getBusquedaLlantas('undefined', 'undefined', 'undefined', NULL, NULL, '1', 0, 0, NULL, NULL, NULL, 'N', 0, 0, 0, 'B-51')
#4 /opt/lampp/htdocs/api8097/public_html/vendor/codeigniter4/framework/system/CodeIgniter.php(824): App\Controllers\Llantas->show('5')
#5 /opt/lampp/htdocs/api8097/public_html/vendor/codeigniter4/framework/system/CodeIgniter.php(410): CodeIgniter\CodeIgniter->runController(Object(App\Controllers\Llantas))
#6 /opt/lampp/htdocs/api8097/public_html/vendor/codeigniter4/framework/system/CodeIgniter.php(318): CodeIgniter\CodeIgniter->handleRequest(NULL, Object(Config\Cache), false)
#7 /opt/lampp/htdocs/api8097/public_html/public/index.php(41): CodeIgniter\CodeIgniter->run()
#8 {main}
CRITICAL - 2023-01-10 08:35:05 --> implode(): Invalid arguments passed
#0 [internal function]: CodeIgniter\Debug\Exceptions->errorHandler(2, 'implode(): Inva...', '/opt/lampp/htdo...', 90, Array)
#1 /opt/lampp/htdocs/api8097/public_html/app/Controllers/Llantas.php(90): implode(',', '2.0T 272hp')
#2 /opt/lampp/htdocs/api8097/public_html/vendor/codeigniter4/framework/system/CodeIgniter.php(824): App\Controllers\Llantas->show('5')
#3 /opt/lampp/htdocs/api8097/public_html/vendor/codeigniter4/framework/system/CodeIgniter.php(410): CodeIgniter\CodeIgniter->runController(Object(App\Controllers\Llantas))
#4 /opt/lampp/htdocs/api8097/public_html/vendor/codeigniter4/framework/system/CodeIgniter.php(318): CodeIgniter\CodeIgniter->handleRequest(NULL, Object(Config\Cache), false)
#5 /opt/lampp/htdocs/api8097/public_html/public/index.php(41): CodeIgniter\CodeIgniter->run()
#6 {main}
CRITICAL - 2023-01-10 13:34:05 --> Undefined property: stdClass::$impuesto
#0 /opt/lampp/htdocs/api8097/public_html/app/Controllers/DetalleProducto.php(122): CodeIgniter\Debug\Exceptions->errorHandler(8, 'Undefined prope...', '/opt/lampp/htdo...', 122, Array)
#1 /opt/lampp/htdocs/api8097/public_html/vendor/codeigniter4/framework/system/CodeIgniter.php(824): App\Controllers\DetalleProducto->show('1055')
#2 /opt/lampp/htdocs/api8097/public_html/vendor/codeigniter4/framework/system/CodeIgniter.php(410): CodeIgniter\CodeIgniter->runController(Object(App\Controllers\DetalleProducto))
#3 /opt/lampp/htdocs/api8097/public_html/vendor/codeigniter4/framework/system/CodeIgniter.php(318): CodeIgniter\CodeIgniter->handleRequest(NULL, Object(Config\Cache), false)
#4 /opt/lampp/htdocs/api8097/public_html/public/index.php(41): CodeIgniter\CodeIgniter->run()
#5 {main}
CRITICAL - 2023-01-10 13:34:21 --> Undefined property: stdClass::$impuesto
#0 /opt/lampp/htdocs/api8097/public_html/app/Controllers/DetalleProducto.php(122): CodeIgniter\Debug\Exceptions->errorHandler(8, 'Undefined prope...', '/opt/lampp/htdo...', 122, Array)
#1 /opt/lampp/htdocs/api8097/public_html/vendor/codeigniter4/framework/system/CodeIgniter.php(824): App\Controllers\DetalleProducto->show('1055')
#2 /opt/lampp/htdocs/api8097/public_html/vendor/codeigniter4/framework/system/CodeIgniter.php(410): CodeIgniter\CodeIgniter->runController(Object(App\Controllers\DetalleProducto))
#3 /opt/lampp/htdocs/api8097/public_html/vendor/codeigniter4/framework/system/CodeIgniter.php(318): CodeIgniter\CodeIgniter->handleRequest(NULL, Object(Config\Cache), false)
#4 /opt/lampp/htdocs/api8097/public_html/public/index.php(41): CodeIgniter\CodeIgniter->run()
#5 {main}
CRITICAL - 2023-01-10 13:49:54 --> Class 'CodeIgniter\Database\sqlsrv\Connection' not found
#0 /opt/lampp/htdocs/api8097/public_html/vendor/codeigniter4/framework/system/Database/Database.php(56): CodeIgniter\Database\Database->initDriver('sqlsrv', 'CodeIgniter\\Dat...', Array)
#1 /opt/lampp/htdocs/api8097/public_html/vendor/codeigniter4/framework/system/Database/Config.php(78): CodeIgniter\Database\Database->load(Array, 'default')
#2 /opt/lampp/htdocs/api8097/public_html/vendor/codeigniter4/framework/system/Model.php(97): CodeIgniter\Database\Config::connect('default')
#3 /opt/lampp/htdocs/api8097/public_html/app/Controllers/Menu.php(65): CodeIgniter\Model->__construct()
#4 /opt/lampp/htdocs/api8097/public_html/vendor/codeigniter4/framework/system/CodeIgniter.php(824): App\Controllers\Menu->show('1')
#5 /opt/lampp/htdocs/api8097/public_html/vendor/codeigniter4/framework/system/CodeIgniter.php(410): CodeIgniter\CodeIgniter->runController(Object(App\Controllers\Menu))
#6 /opt/lampp/htdocs/api8097/public_html/vendor/codeigniter4/framework/system/CodeIgniter.php(318): CodeIgniter\CodeIgniter->handleRequest(NULL, Object(Config\Cache), false)
#7 /opt/lampp/htdocs/api8097/public_html/public/index.php(41): CodeIgniter\CodeIgniter->run()
#8 {main}
CRITICAL - 2023-01-10 13:49:56 --> Class 'CodeIgniter\Database\sqlsrv\Connection' not found
#0 /opt/lampp/htdocs/api8097/public_html/vendor/codeigniter4/framework/system/Database/Database.php(56): CodeIgniter\Database\Database->initDriver('sqlsrv', 'CodeIgniter\\Dat...', Array)
#1 /opt/lampp/htdocs/api8097/public_html/vendor/codeigniter4/framework/system/Database/Config.php(78): CodeIgniter\Database\Database->load(Array, 'default')
#2 /opt/lampp/htdocs/api8097/public_html/vendor/codeigniter4/framework/system/Model.php(97): CodeIgniter\Database\Config::connect('default')
#3 /opt/lampp/htdocs/api8097/public_html/app/Controllers/Menu.php(65): CodeIgniter\Model->__construct()
#4 /opt/lampp/htdocs/api8097/public_html/vendor/codeigniter4/framework/system/CodeIgniter.php(824): App\Controllers\Menu->show('1')
#5 /opt/lampp/htdocs/api8097/public_html/vendor/codeigniter4/framework/system/CodeIgniter.php(410): CodeIgniter\CodeIgniter->runController(Object(App\Controllers\Menu))
#6 /opt/lampp/htdocs/api8097/public_html/vendor/codeigniter4/framework/system/CodeIgniter.php(318): CodeIgniter\CodeIgniter->handleRequest(NULL, Object(Config\Cache), false)
#7 /opt/lampp/htdocs/api8097/public_html/public/index.php(41): CodeIgniter\CodeIgniter->run()
#8 {main}
CRITICAL - 2023-01-10 13:49:56 --> Class 'CodeIgniter\Database\sqlsrv\Connection' not found
#0 /opt/lampp/htdocs/api8097/public_html/vendor/codeigniter4/framework/system/Database/Database.php(56): CodeIgniter\Database\Database->initDriver('sqlsrv', 'CodeIgniter\\Dat...', Array)
#1 /opt/lampp/htdocs/api8097/public_html/vendor/codeigniter4/framework/system/Database/Config.php(78): CodeIgniter\Database\Database->load(Array, 'default')
#2 /opt/lampp/htdocs/api8097/public_html/vendor/codeigniter4/framework/system/Model.php(97): CodeIgniter\Database\Config::connect('default')
#3 /opt/lampp/htdocs/api8097/public_html/app/Controllers/Marcas_vehiculo.php(19): CodeIgniter\Model->__construct()
#4 /opt/lampp/htdocs/api8097/public_html/vendor/codeigniter4/framework/system/CodeIgniter.php(824): App\Controllers\Marcas_vehiculo->index()
#5 /opt/lampp/htdocs/api8097/public_html/vendor/codeigniter4/framework/system/CodeIgniter.php(410): CodeIgniter\CodeIgniter->runController(Object(App\Controllers\Marcas_vehiculo))
#6 /opt/lampp/htdocs/api8097/public_html/vendor/codeigniter4/framework/system/CodeIgniter.php(318): CodeIgniter\CodeIgniter->handleRequest(NULL, Object(Config\Cache), false)
#7 /opt/lampp/htdocs/api8097/public_html/public/index.php(41): CodeIgniter\CodeIgniter->run()
#8 {main}
CRITICAL - 2023-01-10 13:49:56 --> Class 'CodeIgniter\Database\sqlsrv\Connection' not found
#0 /opt/lampp/htdocs/api8097/public_html/vendor/codeigniter4/framework/system/Database/Database.php(56): CodeIgniter\Database\Database->initDriver('sqlsrv', 'CodeIgniter\\Dat...', Array)
#1 /opt/lampp/htdocs/api8097/public_html/vendor/codeigniter4/framework/system/Database/Config.php(78): CodeIgniter\Database\Database->load(Array, 'default')
#2 /opt/lampp/htdocs/api8097/public_html/vendor/codeigniter4/framework/system/Model.php(97): CodeIgniter\Database\Config::connect('default')
#3 /opt/lampp/htdocs/api8097/public_html/app/Controllers/Pernos_vehiculo.php(19): CodeIgniter\Model->__construct()
#4 /opt/lampp/htdocs/api8097/public_html/vendor/codeigniter4/framework/system/CodeIgniter.php(824): App\Controllers\Pernos_vehiculo->index()
#5 /opt/lampp/htdocs/api8097/public_html/vendor/codeigniter4/framework/system/CodeIgniter.php(410): CodeIgniter\CodeIgniter->runController(Object(App\Controllers\Pernos_vehiculo))
#6 /opt/lampp/htdocs/api8097/public_html/vendor/codeigniter4/framework/system/CodeIgniter.php(318): CodeIgniter\CodeIgniter->handleRequest(NULL, Object(Config\Cache), false)
#7 /opt/lampp/htdocs/api8097/public_html/public/index.php(41): CodeIgniter\CodeIgniter->run()
#8 {main}
CRITICAL - 2023-01-10 13:49:56 --> Class 'CodeIgniter\Database\sqlsrv\Connection' not found
#0 /opt/lampp/htdocs/api8097/public_html/vendor/codeigniter4/framework/system/Database/Database.php(56): CodeIgniter\Database\Database->initDriver('sqlsrv', 'CodeIgniter\\Dat...', Array)
#1 /opt/lampp/htdocs/api8097/public_html/vendor/codeigniter4/framework/system/Database/Config.php(78): CodeIgniter\Database\Database->load(Array, 'default')
#2 /opt/lampp/htdocs/api8097/public_html/vendor/codeigniter4/framework/system/Model.php(97): CodeIgniter\Database\Config::connect('default')
#3 /opt/lampp/htdocs/api8097/public_html/app/Controllers/Promociones.php(65): CodeIgniter\Model->__construct()
#4 /opt/lampp/htdocs/api8097/public_html/vendor/codeigniter4/framework/system/CodeIgniter.php(824): App\Controllers\Promociones->show('1')
#5 /opt/lampp/htdocs/api8097/public_html/vendor/codeigniter4/framework/system/CodeIgniter.php(410): CodeIgniter\CodeIgniter->runController(Object(App\Controllers\Promociones))
#6 /opt/lampp/htdocs/api8097/public_html/vendor/codeigniter4/framework/system/CodeIgniter.php(318): CodeIgniter\CodeIgniter->handleRequest(NULL, Object(Config\Cache), false)
#7 /opt/lampp/htdocs/api8097/public_html/public/index.php(41): CodeIgniter\CodeIgniter->run()
#8 {main}
CRITICAL - 2023-01-10 13:50:09 --> Class 'CodeIgniter\Database\sqlsrv\Connection' not found
#0 /opt/lampp/htdocs/api8097/public_html/vendor/codeigniter4/framework/system/Database/Database.php(56): CodeIgniter\Database\Database->initDriver('sqlsrv', 'CodeIgniter\\Dat...', Array)
#1 /opt/lampp/htdocs/api8097/public_html/vendor/codeigniter4/framework/system/Database/Config.php(78): CodeIgniter\Database\Database->load(Array, 'default')
#2 /opt/lampp/htdocs/api8097/public_html/vendor/codeigniter4/framework/system/Model.php(97): CodeIgniter\Database\Config::connect('default')
#3 /opt/lampp/htdocs/api8097/public_html/app/Controllers/Menu.php(65): CodeIgniter\Model->__construct()
#4 /opt/lampp/htdocs/api8097/public_html/vendor/codeigniter4/framework/system/CodeIgniter.php(824): App\Controllers\Menu->show('1')
#5 /opt/lampp/htdocs/api8097/public_html/vendor/codeigniter4/framework/system/CodeIgniter.php(410): CodeIgniter\CodeIgniter->runController(Object(App\Controllers\Menu))
#6 /opt/lampp/htdocs/api8097/public_html/vendor/codeigniter4/framework/system/CodeIgniter.php(318): CodeIgniter\CodeIgniter->handleRequest(NULL, Object(Config\Cache), false)
#7 /opt/lampp/htdocs/api8097/public_html/public/index.php(41): CodeIgniter\CodeIgniter->run()
#8 {main}
CRITICAL - 2023-01-10 13:50:21 --> Class 'CodeIgniter\Database\sqlsrv\Connection' not found
#0 /opt/lampp/htdocs/api8097/public_html/vendor/codeigniter4/framework/system/Database/Database.php(56): CodeIgniter\Database\Database->initDriver('sqlsrv', 'CodeIgniter\\Dat...', Array)
#1 /opt/lampp/htdocs/api8097/public_html/vendor/codeigniter4/framework/system/Database/Config.php(78): CodeIgniter\Database\Database->load(Array, 'default')
#2 /opt/lampp/htdocs/api8097/public_html/vendor/codeigniter4/framework/system/Model.php(97): CodeIgniter\Database\Config::connect('default')
#3 /opt/lampp/htdocs/api8097/public_html/app/Controllers/Marcas_vehiculo.php(19): CodeIgniter\Model->__construct()
#4 /opt/lampp/htdocs/api8097/public_html/vendor/codeigniter4/framework/system/CodeIgniter.php(824): App\Controllers\Marcas_vehiculo->index()
#5 /opt/lampp/htdocs/api8097/public_html/vendor/codeigniter4/framework/system/CodeIgniter.php(410): CodeIgniter\CodeIgniter->runController(Object(App\Controllers\Marcas_vehiculo))
#6 /opt/lampp/htdocs/api8097/public_html/vendor/codeigniter4/framework/system/CodeIgniter.php(318): CodeIgniter\CodeIgniter->handleRequest(NULL, Object(Config\Cache), false)
#7 /opt/lampp/htdocs/api8097/public_html/public/index.php(41): CodeIgniter\CodeIgniter->run()
#8 {main}
CRITICAL - 2023-01-10 13:50:21 --> Class 'CodeIgniter\Database\sqlsrv\Connection' not found
#0 /opt/lampp/htdocs/api8097/public_html/vendor/codeigniter4/framework/system/Database/Database.php(56): CodeIgniter\Database\Database->initDriver('sqlsrv', 'CodeIgniter\\Dat...', Array)
#1 /opt/lampp/htdocs/api8097/public_html/vendor/codeigniter4/framework/system/Database/Config.php(78): CodeIgniter\Database\Database->load(Array, 'default')
#2 /opt/lampp/htdocs/api8097/public_html/vendor/codeigniter4/framework/system/Model.php(97): CodeIgniter\Database\Config::connect('default')
#3 /opt/lampp/htdocs/api8097/public_html/app/Controllers/Menu.php(65): CodeIgniter\Model->__construct()
#4 /opt/lampp/htdocs/api8097/public_html/vendor/codeigniter4/framework/system/CodeIgniter.php(824): App\Controllers\Menu->show('1')
#5 /opt/lampp/htdocs/api8097/public_html/vendor/codeigniter4/framework/system/CodeIgniter.php(410): CodeIgniter\CodeIgniter->runController(Object(App\Controllers\Menu))
#6 /opt/lampp/htdocs/api8097/public_html/vendor/codeigniter4/framework/system/CodeIgniter.php(318): CodeIgniter\CodeIgniter->handleRequest(NULL, Object(Config\Cache), false)
#7 /opt/lampp/htdocs/api8097/public_html/public/index.php(41): CodeIgniter\CodeIgniter->run()
#8 {main}
CRITICAL - 2023-01-10 13:50:21 --> Class 'CodeIgniter\Database\sqlsrv\Connection' not found
#0 /opt/lampp/htdocs/api8097/public_html/vendor/codeigniter4/framework/system/Database/Database.php(56): CodeIgniter\Database\Database->initDriver('sqlsrv', 'CodeIgniter\\Dat...', Array)
#1 /opt/lampp/htdocs/api8097/public_html/vendor/codeigniter4/framework/system/Database/Config.php(78): CodeIgniter\Database\Database->load(Array, 'default')
#2 /opt/lampp/htdocs/api8097/public_html/vendor/codeigniter4/framework/system/Model.php(97): CodeIgniter\Database\Config::connect('default')
#3 /opt/lampp/htdocs/api8097/public_html/app/Controllers/Promociones.php(65): CodeIgniter\Model->__construct()
#4 /opt/lampp/htdocs/api8097/public_html/vendor/codeigniter4/framework/system/CodeIgniter.php(824): App\Controllers\Promociones->show('1')
#5 /opt/lampp/htdocs/api8097/public_html/vendor/codeigniter4/framework/system/CodeIgniter.php(410): CodeIgniter\CodeIgniter->runController(Object(App\Controllers\Promociones))
#6 /opt/lampp/htdocs/api8097/public_html/vendor/codeigniter4/framework/system/CodeIgniter.php(318): CodeIgniter\CodeIgniter->handleRequest(NULL, Object(Config\Cache), false)
#7 /opt/lampp/htdocs/api8097/public_html/public/index.php(41): CodeIgniter\CodeIgniter->run()
#8 {main}
CRITICAL - 2023-01-10 13:50:21 --> Class 'CodeIgniter\Database\sqlsrv\Connection' not found
#0 /opt/lampp/htdocs/api8097/public_html/vendor/codeigniter4/framework/system/Database/Database.php(56): CodeIgniter\Database\Database->initDriver('sqlsrv', 'CodeIgniter\\Dat...', Array)
#1 /opt/lampp/htdocs/api8097/public_html/vendor/codeigniter4/framework/system/Database/Config.php(78): CodeIgniter\Database\Database->load(Array, 'default')
#2 /opt/lampp/htdocs/api8097/public_html/vendor/codeigniter4/framework/system/Model.php(97): CodeIgniter\Database\Config::connect('default')
#3 /opt/lampp/htdocs/api8097/public_html/app/Controllers/Pernos_vehiculo.php(19): CodeIgniter\Model->__construct()
#4 /opt/lampp/htdocs/api8097/public_html/vendor/codeigniter4/framework/system/CodeIgniter.php(824): App\Controllers\Pernos_vehiculo->index()
#5 /opt/lampp/htdocs/api8097/public_html/vendor/codeigniter4/framework/system/CodeIgniter.php(410): CodeIgniter\CodeIgniter->runController(Object(App\Controllers\Pernos_vehiculo))
#6 /opt/lampp/htdocs/api8097/public_html/vendor/codeigniter4/framework/system/CodeIgniter.php(318): CodeIgniter\CodeIgniter->handleRequest(NULL, Object(Config\Cache), false)
#7 /opt/lampp/htdocs/api8097/public_html/public/index.php(41): CodeIgniter\CodeIgniter->run()
#8 {main}
CRITICAL - 2023-01-10 13:50:27 --> Class 'CodeIgniter\Database\sqlsrv\Connection' not found
#0 /opt/lampp/htdocs/api8097/public_html/vendor/codeigniter4/framework/system/Database/Database.php(56): CodeIgniter\Database\Database->initDriver('sqlsrv', 'CodeIgniter\\Dat...', Array)
#1 /opt/lampp/htdocs/api8097/public_html/vendor/codeigniter4/framework/system/Database/Config.php(78): CodeIgniter\Database\Database->load(Array, 'default')
#2 /opt/lampp/htdocs/api8097/public_html/vendor/codeigniter4/framework/system/Model.php(97): CodeIgniter\Database\Config::connect('default')
#3 /opt/lampp/htdocs/api8097/public_html/app/Controllers/Promociones.php(65): CodeIgniter\Model->__construct()
#4 /opt/lampp/htdocs/api8097/public_html/vendor/codeigniter4/framework/system/CodeIgniter.php(824): App\Controllers\Promociones->show('1')
#5 /opt/lampp/htdocs/api8097/public_html/vendor/codeigniter4/framework/system/CodeIgniter.php(410): CodeIgniter\CodeIgniter->runController(Object(App\Controllers\Promociones))
#6 /opt/lampp/htdocs/api8097/public_html/vendor/codeigniter4/framework/system/CodeIgniter.php(318): CodeIgniter\CodeIgniter->handleRequest(NULL, Object(Config\Cache), false)
#7 /opt/lampp/htdocs/api8097/public_html/public/index.php(41): CodeIgniter\CodeIgniter->run()
#8 {main}
CRITICAL - 2023-01-10 13:50:27 --> Class 'CodeIgniter\Database\sqlsrv\Connection' not found
#0 /opt/lampp/htdocs/api8097/public_html/vendor/codeigniter4/framework/system/Database/Database.php(56): CodeIgniter\Database\Database->initDriver('sqlsrv', 'CodeIgniter\\Dat...', Array)
#1 /opt/lampp/htdocs/api8097/public_html/vendor/codeigniter4/framework/system/Database/Config.php(78): CodeIgniter\Database\Database->load(Array, 'default')
#2 /opt/lampp/htdocs/api8097/public_html/vendor/codeigniter4/framework/system/Model.php(97): CodeIgniter\Database\Config::connect('default')
#3 /opt/lampp/htdocs/api8097/public_html/app/Controllers/Pernos_vehiculo.php(19): CodeIgniter\Model->__construct()
#4 /opt/lampp/htdocs/api8097/public_html/vendor/codeigniter4/framework/system/CodeIgniter.php(824): App\Controllers\Pernos_vehiculo->index()
#5 /opt/lampp/htdocs/api8097/public_html/vendor/codeigniter4/framework/system/CodeIgniter.php(410): CodeIgniter\CodeIgniter->runController(Object(App\Controllers\Pernos_vehiculo))
#6 /opt/lampp/htdocs/api8097/public_html/vendor/codeigniter4/framework/system/CodeIgniter.php(318): CodeIgniter\CodeIgniter->handleRequest(NULL, Object(Config\Cache), false)
#7 /opt/lampp/htdocs/api8097/public_html/public/index.php(41): CodeIgniter\CodeIgniter->run()
#8 {main}
CRITICAL - 2023-01-10 13:50:27 --> Class 'CodeIgniter\Database\sqlsrv\Connection' not found
#0 /opt/lampp/htdocs/api8097/public_html/vendor/codeigniter4/framework/system/Database/Database.php(56): CodeIgniter\Database\Database->initDriver('sqlsrv', 'CodeIgniter\\Dat...', Array)
#1 /opt/lampp/htdocs/api8097/public_html/vendor/codeigniter4/framework/system/Database/Config.php(78): CodeIgniter\Database\Database->load(Array, 'default')
#2 /opt/lampp/htdocs/api8097/public_html/vendor/codeigniter4/framework/system/Model.php(97): CodeIgniter\Database\Config::connect('default')
#3 /opt/lampp/htdocs/api8097/public_html/app/Controllers/Menu.php(65): CodeIgniter\Model->__construct()
#4 /opt/lampp/htdocs/api8097/public_html/vendor/codeigniter4/framework/system/CodeIgniter.php(824): App\Controllers\Menu->show('1')
#5 /opt/lampp/htdocs/api8097/public_html/vendor/codeigniter4/framework/system/CodeIgniter.php(410): CodeIgniter\CodeIgniter->runController(Object(App\Controllers\Menu))
#6 /opt/lampp/htdocs/api8097/public_html/vendor/codeigniter4/framework/system/CodeIgniter.php(318): CodeIgniter\CodeIgniter->handleRequest(NULL, Object(Config\Cache), false)
#7 /opt/lampp/htdocs/api8097/public_html/public/index.php(41): CodeIgniter\CodeIgniter->run()
#8 {main}
CRITICAL - 2023-01-10 13:50:27 --> Class 'CodeIgniter\Database\sqlsrv\Connection' not found
#0 /opt/lampp/htdocs/api8097/public_html/vendor/codeigniter4/framework/system/Database/Database.php(56): CodeIgniter\Database\Database->initDriver('sqlsrv', 'CodeIgniter\\Dat...', Array)
#1 /opt/lampp/htdocs/api8097/public_html/vendor/codeigniter4/framework/system/Database/Config.php(78): CodeIgniter\Database\Database->load(Array, 'default')
#2 /opt/lampp/htdocs/api8097/public_html/vendor/codeigniter4/framework/system/Model.php(97): CodeIgniter\Database\Config::connect('default')
#3 /opt/lampp/htdocs/api8097/public_html/app/Controllers/Marcas_vehiculo.php(19): CodeIgniter\Model->__construct()
#4 /opt/lampp/htdocs/api8097/public_html/vendor/codeigniter4/framework/system/CodeIgniter.php(824): App\Controllers\Marcas_vehiculo->index()
#5 /opt/lampp/htdocs/api8097/public_html/vendor/codeigniter4/framework/system/CodeIgniter.php(410): CodeIgniter\CodeIgniter->runController(Object(App\Controllers\Marcas_vehiculo))
#6 /opt/lampp/htdocs/api8097/public_html/vendor/codeigniter4/framework/system/CodeIgniter.php(318): CodeIgniter\CodeIgniter->handleRequest(NULL, Object(Config\Cache), false)
#7 /opt/lampp/htdocs/api8097/public_html/public/index.php(41): CodeIgniter\CodeIgniter->run()
#8 {main}
CRITICAL - 2023-01-10 13:55:43 --> Undefined property: stdClass::$IMPUESTO
#0 /opt/lampp/htdocs/api8097/public_html/app/Controllers/DetalleProducto.php(122): CodeIgniter\Debug\Exceptions->errorHandler(8, 'Undefined prope...', '/opt/lampp/htdo...', 122, Array)
#1 /opt/lampp/htdocs/api8097/public_html/vendor/codeigniter4/framework/system/CodeIgniter.php(824): App\Controllers\DetalleProducto->show('1055')
#2 /opt/lampp/htdocs/api8097/public_html/vendor/codeigniter4/framework/system/CodeIgniter.php(410): CodeIgniter\CodeIgniter->runController(Object(App\Controllers\DetalleProducto))
#3 /opt/lampp/htdocs/api8097/public_html/vendor/codeigniter4/framework/system/CodeIgniter.php(318): CodeIgniter\CodeIgniter->handleRequest(NULL, Object(Config\Cache), false)
#4 /opt/lampp/htdocs/api8097/public_html/public/index.php(41): CodeIgniter\CodeIgniter->run()
#5 {main}
CRITICAL - 2023-01-10 13:55:49 --> Undefined property: stdClass::$IMPUESTO
#0 /opt/lampp/htdocs/api8097/public_html/app/Controllers/DetalleProducto.php(122): CodeIgniter\Debug\Exceptions->errorHandler(8, 'Undefined prope...', '/opt/lampp/htdo...', 122, Array)
#1 /opt/lampp/htdocs/api8097/public_html/vendor/codeigniter4/framework/system/CodeIgniter.php(824): App\Controllers\DetalleProducto->show('1055')
#2 /opt/lampp/htdocs/api8097/public_html/vendor/codeigniter4/framework/system/CodeIgniter.php(410): CodeIgniter\CodeIgniter->runController(Object(App\Controllers\DetalleProducto))
#3 /opt/lampp/htdocs/api8097/public_html/vendor/codeigniter4/framework/system/CodeIgniter.php(318): CodeIgniter\CodeIgniter->handleRequest(NULL, Object(Config\Cache), false)
#4 /opt/lampp/htdocs/api8097/public_html/public/index.php(41): CodeIgniter\CodeIgniter->run()
#5 {main}
CRITICAL - 2023-01-10 14:00:14 --> Undefined property: stdClass::$IMPUESTO
#0 /opt/lampp/htdocs/api8097/public_html/app/Controllers/DetalleProducto.php(147): CodeIgniter\Debug\Exceptions->errorHandler(8, 'Undefined prope...', '/opt/lampp/htdo...', 147, Array)
#1 /opt/lampp/htdocs/api8097/public_html/vendor/codeigniter4/framework/system/CodeIgniter.php(824): App\Controllers\DetalleProducto->show('1010')
#2 /opt/lampp/htdocs/api8097/public_html/vendor/codeigniter4/framework/system/CodeIgniter.php(410): CodeIgniter\CodeIgniter->runController(Object(App\Controllers\DetalleProducto))
#3 /opt/lampp/htdocs/api8097/public_html/vendor/codeigniter4/framework/system/CodeIgniter.php(318): CodeIgniter\CodeIgniter->handleRequest(NULL, Object(Config\Cache), false)
#4 /opt/lampp/htdocs/api8097/public_html/public/index.php(41): CodeIgniter\CodeIgniter->run()
#5 {main}
CRITICAL - 2023-01-10 14:00:22 --> Undefined property: stdClass::$IMPUESTO
#0 /opt/lampp/htdocs/api8097/public_html/app/Controllers/DetalleProducto.php(147): CodeIgniter\Debug\Exceptions->errorHandler(8, 'Undefined prope...', '/opt/lampp/htdo...', 147, Array)
#1 /opt/lampp/htdocs/api8097/public_html/vendor/codeigniter4/framework/system/CodeIgniter.php(824): App\Controllers\DetalleProducto->show('1010')
#2 /opt/lampp/htdocs/api8097/public_html/vendor/codeigniter4/framework/system/CodeIgniter.php(410): CodeIgniter\CodeIgniter->runController(Object(App\Controllers\DetalleProducto))
#3 /opt/lampp/htdocs/api8097/public_html/vendor/codeigniter4/framework/system/CodeIgniter.php(318): CodeIgniter\CodeIgniter->handleRequest(NULL, Object(Config\Cache), false)
#4 /opt/lampp/htdocs/api8097/public_html/public/index.php(41): CodeIgniter\CodeIgniter->run()
#5 {main}
CRITICAL - 2023-01-10 14:01:08 --> Undefined property: stdClass::$IMPUESTO
#0 /opt/lampp/htdocs/api8097/public_html/app/Controllers/DetalleProducto.php(147): CodeIgniter\Debug\Exceptions->errorHandler(8, 'Undefined prope...', '/opt/lampp/htdo...', 147, Array)
#1 /opt/lampp/htdocs/api8097/public_html/vendor/codeigniter4/framework/system/CodeIgniter.php(824): App\Controllers\DetalleProducto->show('1010')
#2 /opt/lampp/htdocs/api8097/public_html/vendor/codeigniter4/framework/system/CodeIgniter.php(410): CodeIgniter\CodeIgniter->runController(Object(App\Controllers\DetalleProducto))
#3 /opt/lampp/htdocs/api8097/public_html/vendor/codeigniter4/framework/system/CodeIgniter.php(318): CodeIgniter\CodeIgniter->handleRequest(NULL, Object(Config\Cache), false)
#4 /opt/lampp/htdocs/api8097/public_html/public/index.php(41): CodeIgniter\CodeIgniter->run()
#5 {main}
CRITICAL - 2023-01-10 14:01:13 --> Undefined property: stdClass::$IMPUESTO
#0 /opt/lampp/htdocs/api8097/public_html/app/Controllers/DetalleProducto.php(147): CodeIgniter\Debug\Exceptions->errorHandler(8, 'Undefined prope...', '/opt/lampp/htdo...', 147, Array)
#1 /opt/lampp/htdocs/api8097/public_html/vendor/codeigniter4/framework/system/CodeIgniter.php(824): App\Controllers\DetalleProducto->show('1010')
#2 /opt/lampp/htdocs/api8097/public_html/vendor/codeigniter4/framework/system/CodeIgniter.php(410): CodeIgniter\CodeIgniter->runController(Object(App\Controllers\DetalleProducto))
#3 /opt/lampp/htdocs/api8097/public_html/vendor/codeigniter4/framework/system/CodeIgniter.php(318): CodeIgniter\CodeIgniter->handleRequest(NULL, Object(Config\Cache), false)
#4 /opt/lampp/htdocs/api8097/public_html/public/index.php(41): CodeIgniter\CodeIgniter->run()
#5 {main}
