ERROR - 2022-04-27 09:32:13 --> [Microsoft][ODBC Driver 17 for SQL Server][SQL Server]Incorrect syntax near '.'.
CRITICAL - 2022-04-27 09:32:13 --> Call to a member function getResult() on bool
#0 E:\SERVER\laragon\www\api\app\Controllers\Cliente.php(78): App\Models\Cliente_Model->getEstadoDeCuenta_ClientesWeb('E', '0000029', '20210927', '20220427', NULL, NULL)
#1 E:\SERVER\laragon\www\api\vendor\codeigniter4\framework\system\CodeIgniter.php(824): App\Controllers\Cliente->show('1')
#2 E:\SERVER\laragon\www\api\vendor\codeigniter4\framework\system\CodeIgniter.php(410): CodeIgniter\CodeIgniter->runController(Object(App\Controllers\Cliente))
#3 E:\SERVER\laragon\www\api\vendor\codeigniter4\framework\system\CodeIgniter.php(318): CodeIgniter\CodeIgniter->handleRequest(NULL, Object(Config\Cache), false)
#4 E:\SERVER\laragon\www\api\public\index.php(41): CodeIgniter\CodeIgniter->run()
#5 {main}
ERROR - 2022-04-27 09:58:49 --> [Microsoft][ODBC Driver 17 for SQL Server][SQL Server]Incorrect syntax near '.'.
CRITICAL - 2022-04-27 09:58:49 --> Call to a member function getResult() on bool
#0 E:\SERVER\laragon\www\api\app\Controllers\Cliente.php(78): App\Models\Cliente_Model->getEstadoDeCuenta_ClientesWeb('E', '0000029', '20210927', '20220427', NULL, NULL)
#1 E:\SERVER\laragon\www\api\vendor\codeigniter4\framework\system\CodeIgniter.php(824): App\Controllers\Cliente->show('1')
#2 E:\SERVER\laragon\www\api\vendor\codeigniter4\framework\system\CodeIgniter.php(410): CodeIgniter\CodeIgniter->runController(Object(App\Controllers\Cliente))
#3 E:\SERVER\laragon\www\api\vendor\codeigniter4\framework\system\CodeIgniter.php(318): CodeIgniter\CodeIgniter->handleRequest(NULL, Object(Config\Cache), false)
#4 E:\SERVER\laragon\www\api\public\index.php(41): CodeIgniter\CodeIgniter->run()
#5 {main}
ERROR - 2022-04-27 11:18:19 --> Error connecting to the database: . 
Login timeout expired
A network-related or instance-specific error has occurred while establishing a connection to SQL Server. Server is not found or not accessible. Check if instance name is correct and if SQL Server is configured to allow remote connections. For more information see SQL Server Books Online.
CRITICAL - 2022-04-27 11:18:19 --> Unable to connect to the database.
Main connection [sqlsrv]: . 
Login timeout expired
A network-related or instance-specific error has occurred while establishing a connection to SQL Server. Server is not found or not accessible. Check if instance name is correct and if SQL Server is configured to allow remote connections. For more information see SQL Server Books Online.
#0 E:\SERVER\laragon\www\api\vendor\codeigniter4\framework\system\Database\BaseConnection.php(577): CodeIgniter\Database\BaseConnection->initialize()
#1 E:\SERVER\laragon\www\api\app\Models\Cliente_Model.php(51): CodeIgniter\Database\BaseConnection->query('CLSA.sp_Busqued...', Array)
#2 E:\SERVER\laragon\www\api\app\Controllers\Cliente.php(73): App\Models\Cliente_Model->getBusquedaglobalClientes('arango danelio ')
#3 E:\SERVER\laragon\www\api\vendor\codeigniter4\framework\system\CodeIgniter.php(824): App\Controllers\Cliente->show('1')
#4 E:\SERVER\laragon\www\api\vendor\codeigniter4\framework\system\CodeIgniter.php(410): CodeIgniter\CodeIgniter->runController(Object(App\Controllers\Cliente))
#5 E:\SERVER\laragon\www\api\vendor\codeigniter4\framework\system\CodeIgniter.php(318): CodeIgniter\CodeIgniter->handleRequest(NULL, Object(Config\Cache), false)
#6 E:\SERVER\laragon\www\api\public\index.php(41): CodeIgniter\CodeIgniter->run()
#7 {main}
ERROR - 2022-04-27 11:20:16 --> Error connecting to the database: . 
Login timeout expired
A network-related or instance-specific error has occurred while establishing a connection to SQL Server. Server is not found or not accessible. Check if instance name is correct and if SQL Server is configured to allow remote connections. For more information see SQL Server Books Online.
CRITICAL - 2022-04-27 11:20:16 --> Unable to connect to the database.
Main connection [sqlsrv]: . 
Login timeout expired
A network-related or instance-specific error has occurred while establishing a connection to SQL Server. Server is not found or not accessible. Check if instance name is correct and if SQL Server is configured to allow remote connections. For more information see SQL Server Books Online.
#0 E:\SERVER\laragon\www\api\vendor\codeigniter4\framework\system\Database\BaseConnection.php(577): CodeIgniter\Database\BaseConnection->initialize()
#1 E:\SERVER\laragon\www\api\app\Models\Cliente_Model.php(51): CodeIgniter\Database\BaseConnection->query('CLSA.sp_Busqued...', Array)
#2 E:\SERVER\laragon\www\api\app\Controllers\Cliente.php(73): App\Models\Cliente_Model->getBusquedaglobalClientes('arango danelio ')
#3 E:\SERVER\laragon\www\api\vendor\codeigniter4\framework\system\CodeIgniter.php(824): App\Controllers\Cliente->show('1')
#4 E:\SERVER\laragon\www\api\vendor\codeigniter4\framework\system\CodeIgniter.php(410): CodeIgniter\CodeIgniter->runController(Object(App\Controllers\Cliente))
#5 E:\SERVER\laragon\www\api\vendor\codeigniter4\framework\system\CodeIgniter.php(318): CodeIgniter\CodeIgniter->handleRequest(NULL, Object(Config\Cache), false)
#6 E:\SERVER\laragon\www\api\public\index.php(41): CodeIgniter\CodeIgniter->run()
#7 {main}
ERROR - 2022-04-27 11:31:32 --> [Microsoft][ODBC Driver 17 for SQL Server][SQL Server]The multi-part identifier "E.DIRECCION" could not be bound.
CRITICAL - 2022-04-27 11:31:32 --> Call to a member function getResult() on bool
#0 E:\SERVER\laragon\www\api\app\Controllers\Cliente.php(73): App\Models\Cliente_Model->getBusquedaglobalClientes('10-703-1 ')
#1 E:\SERVER\laragon\www\api\vendor\codeigniter4\framework\system\CodeIgniter.php(824): App\Controllers\Cliente->show('1')
#2 E:\SERVER\laragon\www\api\vendor\codeigniter4\framework\system\CodeIgniter.php(410): CodeIgniter\CodeIgniter->runController(Object(App\Controllers\Cliente))
#3 E:\SERVER\laragon\www\api\vendor\codeigniter4\framework\system\CodeIgniter.php(318): CodeIgniter\CodeIgniter->handleRequest(NULL, Object(Config\Cache), false)
#4 E:\SERVER\laragon\www\api\public\index.php(41): CodeIgniter\CodeIgniter->run()
#5 {main}
ERROR - 2022-04-27 11:31:37 --> [Microsoft][ODBC Driver 17 for SQL Server][SQL Server]The multi-part identifier "E.DIRECCION" could not be bound.
CRITICAL - 2022-04-27 11:31:37 --> Call to a member function getResult() on bool
#0 E:\SERVER\laragon\www\api\app\Controllers\Cliente.php(73): App\Models\Cliente_Model->getBusquedaglobalClientes('10-703-1 ')
#1 E:\SERVER\laragon\www\api\vendor\codeigniter4\framework\system\CodeIgniter.php(824): App\Controllers\Cliente->show('1')
#2 E:\SERVER\laragon\www\api\vendor\codeigniter4\framework\system\CodeIgniter.php(410): CodeIgniter\CodeIgniter->runController(Object(App\Controllers\Cliente))
#3 E:\SERVER\laragon\www\api\vendor\codeigniter4\framework\system\CodeIgniter.php(318): CodeIgniter\CodeIgniter->handleRequest(NULL, Object(Config\Cache), false)
#4 E:\SERVER\laragon\www\api\public\index.php(41): CodeIgniter\CodeIgniter->run()
#5 {main}
ERROR - 2022-04-27 11:36:05 --> Memory limit of 10240 KB exceeded for buffered query
CRITICAL - 2022-04-27 11:36:05 --> Call to a member function getResult() on bool
#0 E:\SERVER\laragon\www\api\app\Controllers\Cliente.php(73): App\Models\Cliente_Model->getBusquedaglobalClientes(' ')
#1 E:\SERVER\laragon\www\api\vendor\codeigniter4\framework\system\CodeIgniter.php(824): App\Controllers\Cliente->show('1')
#2 E:\SERVER\laragon\www\api\vendor\codeigniter4\framework\system\CodeIgniter.php(410): CodeIgniter\CodeIgniter->runController(Object(App\Controllers\Cliente))
#3 E:\SERVER\laragon\www\api\vendor\codeigniter4\framework\system\CodeIgniter.php(318): CodeIgniter\CodeIgniter->handleRequest(NULL, Object(Config\Cache), false)
#4 E:\SERVER\laragon\www\api\public\index.php(41): CodeIgniter\CodeIgniter->run()
#5 {main}
ERROR - 2022-04-27 11:36:21 --> Memory limit of 10240 KB exceeded for buffered query
CRITICAL - 2022-04-27 11:36:21 --> Call to a member function getResult() on bool
#0 E:\SERVER\laragon\www\api\app\Controllers\Cliente.php(73): App\Models\Cliente_Model->getBusquedaglobalClientes(' ')
#1 E:\SERVER\laragon\www\api\vendor\codeigniter4\framework\system\CodeIgniter.php(824): App\Controllers\Cliente->show('1')
#2 E:\SERVER\laragon\www\api\vendor\codeigniter4\framework\system\CodeIgniter.php(410): CodeIgniter\CodeIgniter->runController(Object(App\Controllers\Cliente))
#3 E:\SERVER\laragon\www\api\vendor\codeigniter4\framework\system\CodeIgniter.php(318): CodeIgniter\CodeIgniter->handleRequest(NULL, Object(Config\Cache), false)
#4 E:\SERVER\laragon\www\api\public\index.php(41): CodeIgniter\CodeIgniter->run()
#5 {main}
ERROR - 2022-04-27 11:37:48 --> Memory limit of 10240 KB exceeded for buffered query
CRITICAL - 2022-04-27 11:37:48 --> Call to a member function getResult() on bool
#0 E:\SERVER\laragon\www\api\app\Controllers\Cliente.php(73): App\Models\Cliente_Model->getBusquedaglobalClientes(' ')
#1 E:\SERVER\laragon\www\api\vendor\codeigniter4\framework\system\CodeIgniter.php(824): App\Controllers\Cliente->show('1')
#2 E:\SERVER\laragon\www\api\vendor\codeigniter4\framework\system\CodeIgniter.php(410): CodeIgniter\CodeIgniter->runController(Object(App\Controllers\Cliente))
#3 E:\SERVER\laragon\www\api\vendor\codeigniter4\framework\system\CodeIgniter.php(318): CodeIgniter\CodeIgniter->handleRequest(NULL, Object(Config\Cache), false)
#4 E:\SERVER\laragon\www\api\public\index.php(41): CodeIgniter\CodeIgniter->run()
#5 {main}
ERROR - 2022-04-27 11:39:12 --> Memory limit of 10240 KB exceeded for buffered query
CRITICAL - 2022-04-27 11:39:12 --> Call to a member function getResult() on bool
#0 E:\SERVER\laragon\www\api\app\Controllers\Cliente.php(73): App\Models\Cliente_Model->getBusquedaglobalClientes(' ')
#1 E:\SERVER\laragon\www\api\vendor\codeigniter4\framework\system\CodeIgniter.php(824): App\Controllers\Cliente->show('1')
#2 E:\SERVER\laragon\www\api\vendor\codeigniter4\framework\system\CodeIgniter.php(410): CodeIgniter\CodeIgniter->runController(Object(App\Controllers\Cliente))
#3 E:\SERVER\laragon\www\api\vendor\codeigniter4\framework\system\CodeIgniter.php(318): CodeIgniter\CodeIgniter->handleRequest(NULL, Object(Config\Cache), false)
#4 E:\SERVER\laragon\www\api\public\index.php(41): CodeIgniter\CodeIgniter->run()
#5 {main}
ERROR - 2022-04-27 12:35:12 --> Memory limit of 10240 KB exceeded for buffered query
CRITICAL - 2022-04-27 12:35:12 --> Call to a member function getResult() on bool
#0 E:\SERVER\laragon\www\api\app\Controllers\Cliente.php(73): App\Models\Cliente_Model->getBusquedaglobalClientes(' ')
#1 E:\SERVER\laragon\www\api\vendor\codeigniter4\framework\system\CodeIgniter.php(824): App\Controllers\Cliente->show('1')
#2 E:\SERVER\laragon\www\api\vendor\codeigniter4\framework\system\CodeIgniter.php(410): CodeIgniter\CodeIgniter->runController(Object(App\Controllers\Cliente))
#3 E:\SERVER\laragon\www\api\vendor\codeigniter4\framework\system\CodeIgniter.php(318): CodeIgniter\CodeIgniter->handleRequest(NULL, Object(Config\Cache), false)
#4 E:\SERVER\laragon\www\api\public\index.php(41): CodeIgniter\CodeIgniter->run()
#5 {main}
