ERROR - 2024-02-09 11:55:08 --> [Microsoft][ODBC Driver 17 for SQL Server][SQL Server]Error converting data type varchar to decimal.
CRITICAL - 2024-02-09 11:55:08 --> [Microsoft][ODBC Driver 17 for SQL Server][SQL Server]Error converting data type varchar to decimal.
#0 /opt/lampp/htdocs/api8097/public_html/vendor/codeigniter4/framework/system/Database/BaseConnection.php(670): CodeIgniter\Database\SQLSRV\Connection->execute('CLSA.sp_get_Des...')
#1 /opt/lampp/htdocs/api8097/public_html/vendor/codeigniter4/framework/system/Database/BaseConnection.php(598): CodeIgniter\Database\BaseConnection->simpleQuery('CLSA.sp_get_Des...')
#2 /opt/lampp/htdocs/api8097/public_html/app/Models/GetDescuentos_Model.php(16): CodeIgniter\Database\BaseConnection->query('CLSA.sp_get_Des...', Array)
#3 /opt/lampp/htdocs/api8097/public_html/app/Controllers/GetDescuentos.php(34): App\Models\GetDescuentos_Model->getDescuentoLubricantes('PRUEBAPMA', NULL, NULL, 'AMA 10W30 QT', '1020', 'undefined', 'PRECIO (1)', NULL, '6005', '6.75000000,PREC...', '1')
#4 /opt/lampp/htdocs/api8097/public_html/vendor/codeigniter4/framework/system/CodeIgniter.php(824): App\Controllers\GetDescuentos->index()
#5 /opt/lampp/htdocs/api8097/public_html/vendor/codeigniter4/framework/system/CodeIgniter.php(410): CodeIgniter\CodeIgniter->runController(Object(App\Controllers\GetDescuentos))
#6 /opt/lampp/htdocs/api8097/public_html/vendor/codeigniter4/framework/system/CodeIgniter.php(318): CodeIgniter\CodeIgniter->handleRequest(NULL, Object(Config\Cache), false)
#7 /opt/lampp/htdocs/api8097/public_html/public/index.php(41): CodeIgniter\CodeIgniter->run()
#8 {main}
ERROR - 2024-02-09 14:13:49 --> [Microsoft][ODBC Driver 17 for SQL Server][SQL Server]Error converting data type varchar to decimal.
CRITICAL - 2024-02-09 14:13:49 --> [Microsoft][ODBC Driver 17 for SQL Server][SQL Server]Error converting data type varchar to decimal.
#0 /opt/lampp/htdocs/api8097/public_html/vendor/codeigniter4/framework/system/Database/BaseConnection.php(670): CodeIgniter\Database\SQLSRV\Connection->execute('CLSA.sp_get_Des...')
#1 /opt/lampp/htdocs/api8097/public_html/vendor/codeigniter4/framework/system/Database/BaseConnection.php(598): CodeIgniter\Database\BaseConnection->simpleQuery('CLSA.sp_get_Des...')
#2 /opt/lampp/htdocs/api8097/public_html/app/Models/GetDescuentos_Model.php(16): CodeIgniter\Database\BaseConnection->query('CLSA.sp_get_Des...', Array)
#3 /opt/lampp/htdocs/api8097/public_html/app/Controllers/GetDescuentos.php(34): App\Models\GetDescuentos_Model->getDescuentoLubricantes('PRUEBAPMA', NULL, NULL, 'AMA 10W30 QT', '1020', 'undefined', 'PRECIO (1)', NULL, '6005', '6.75000000,PREC...', '1')
#4 /opt/lampp/htdocs/api8097/public_html/vendor/codeigniter4/framework/system/CodeIgniter.php(824): App\Controllers\GetDescuentos->index()
#5 /opt/lampp/htdocs/api8097/public_html/vendor/codeigniter4/framework/system/CodeIgniter.php(410): CodeIgniter\CodeIgniter->runController(Object(App\Controllers\GetDescuentos))
#6 /opt/lampp/htdocs/api8097/public_html/vendor/codeigniter4/framework/system/CodeIgniter.php(318): CodeIgniter\CodeIgniter->handleRequest(NULL, Object(Config\Cache), false)
#7 /opt/lampp/htdocs/api8097/public_html/public/index.php(41): CodeIgniter\CodeIgniter->run()
#8 {main}
ERROR - 2024-02-09 14:13:54 --> [Microsoft][ODBC Driver 17 for SQL Server][SQL Server]Error converting data type varchar to decimal.
CRITICAL - 2024-02-09 14:13:54 --> [Microsoft][ODBC Driver 17 for SQL Server][SQL Server]Error converting data type varchar to decimal.
#0 /opt/lampp/htdocs/api8097/public_html/vendor/codeigniter4/framework/system/Database/BaseConnection.php(670): CodeIgniter\Database\SQLSRV\Connection->execute('CLSA.sp_get_Des...')
#1 /opt/lampp/htdocs/api8097/public_html/vendor/codeigniter4/framework/system/Database/BaseConnection.php(598): CodeIgniter\Database\BaseConnection->simpleQuery('CLSA.sp_get_Des...')
#2 /opt/lampp/htdocs/api8097/public_html/app/Models/GetDescuentos_Model.php(16): CodeIgniter\Database\BaseConnection->query('CLSA.sp_get_Des...', Array)
#3 /opt/lampp/htdocs/api8097/public_html/app/Controllers/GetDescuentos.php(34): App\Models\GetDescuentos_Model->getDescuentoLubricantes('PRUEBAPMA', NULL, NULL, 'AMA 10W30 QT', '1020', 'undefined', 'PRECIO (1)', NULL, '6005', '6.75000000,PREC...', '1')
#4 /opt/lampp/htdocs/api8097/public_html/vendor/codeigniter4/framework/system/CodeIgniter.php(824): App\Controllers\GetDescuentos->index()
#5 /opt/lampp/htdocs/api8097/public_html/vendor/codeigniter4/framework/system/CodeIgniter.php(410): CodeIgniter\CodeIgniter->runController(Object(App\Controllers\GetDescuentos))
#6 /opt/lampp/htdocs/api8097/public_html/vendor/codeigniter4/framework/system/CodeIgniter.php(318): CodeIgniter\CodeIgniter->handleRequest(NULL, Object(Config\Cache), false)
#7 /opt/lampp/htdocs/api8097/public_html/public/index.php(41): CodeIgniter\CodeIgniter->run()
#8 {main}
ERROR - 2024-02-09 14:13:55 --> [Microsoft][ODBC Driver 17 for SQL Server][SQL Server]Error converting data type varchar to decimal.
CRITICAL - 2024-02-09 14:13:55 --> [Microsoft][ODBC Driver 17 for SQL Server][SQL Server]Error converting data type varchar to decimal.
#0 /opt/lampp/htdocs/api8097/public_html/vendor/codeigniter4/framework/system/Database/BaseConnection.php(670): CodeIgniter\Database\SQLSRV\Connection->execute('CLSA.sp_get_Des...')
#1 /opt/lampp/htdocs/api8097/public_html/vendor/codeigniter4/framework/system/Database/BaseConnection.php(598): CodeIgniter\Database\BaseConnection->simpleQuery('CLSA.sp_get_Des...')
#2 /opt/lampp/htdocs/api8097/public_html/app/Models/GetDescuentos_Model.php(16): CodeIgniter\Database\BaseConnection->query('CLSA.sp_get_Des...', Array)
#3 /opt/lampp/htdocs/api8097/public_html/app/Controllers/GetDescuentos.php(34): App\Models\GetDescuentos_Model->getDescuentoLubricantes('PRUEBAPMA', NULL, NULL, 'AMA 10W30 QT', '1020', 'undefined', 'PRECIO (1)', NULL, '6005', '6.75000000,PREC...', '1')
#4 /opt/lampp/htdocs/api8097/public_html/vendor/codeigniter4/framework/system/CodeIgniter.php(824): App\Controllers\GetDescuentos->index()
#5 /opt/lampp/htdocs/api8097/public_html/vendor/codeigniter4/framework/system/CodeIgniter.php(410): CodeIgniter\CodeIgniter->runController(Object(App\Controllers\GetDescuentos))
#6 /opt/lampp/htdocs/api8097/public_html/vendor/codeigniter4/framework/system/CodeIgniter.php(318): CodeIgniter\CodeIgniter->handleRequest(NULL, Object(Config\Cache), false)
#7 /opt/lampp/htdocs/api8097/public_html/public/index.php(41): CodeIgniter\CodeIgniter->run()
#8 {main}
ERROR - 2024-02-09 14:13:56 --> [Microsoft][ODBC Driver 17 for SQL Server][SQL Server]Error converting data type varchar to decimal.
CRITICAL - 2024-02-09 14:13:56 --> [Microsoft][ODBC Driver 17 for SQL Server][SQL Server]Error converting data type varchar to decimal.
#0 /opt/lampp/htdocs/api8097/public_html/vendor/codeigniter4/framework/system/Database/BaseConnection.php(670): CodeIgniter\Database\SQLSRV\Connection->execute('CLSA.sp_get_Des...')
#1 /opt/lampp/htdocs/api8097/public_html/vendor/codeigniter4/framework/system/Database/BaseConnection.php(598): CodeIgniter\Database\BaseConnection->simpleQuery('CLSA.sp_get_Des...')
#2 /opt/lampp/htdocs/api8097/public_html/app/Models/GetDescuentos_Model.php(16): CodeIgniter\Database\BaseConnection->query('CLSA.sp_get_Des...', Array)
#3 /opt/lampp/htdocs/api8097/public_html/app/Controllers/GetDescuentos.php(34): App\Models\GetDescuentos_Model->getDescuentoLubricantes('PRUEBAPMA', NULL, NULL, 'AMA 10W30 QT', '1020', 'undefined', 'PRECIO (1)', NULL, '6005', '6.75000000,PREC...', '1')
#4 /opt/lampp/htdocs/api8097/public_html/vendor/codeigniter4/framework/system/CodeIgniter.php(824): App\Controllers\GetDescuentos->index()
#5 /opt/lampp/htdocs/api8097/public_html/vendor/codeigniter4/framework/system/CodeIgniter.php(410): CodeIgniter\CodeIgniter->runController(Object(App\Controllers\GetDescuentos))
#6 /opt/lampp/htdocs/api8097/public_html/vendor/codeigniter4/framework/system/CodeIgniter.php(318): CodeIgniter\CodeIgniter->handleRequest(NULL, Object(Config\Cache), false)
#7 /opt/lampp/htdocs/api8097/public_html/public/index.php(41): CodeIgniter\CodeIgniter->run()
#8 {main}
ERROR - 2024-02-09 14:13:57 --> [Microsoft][ODBC Driver 17 for SQL Server][SQL Server]Error converting data type varchar to decimal.
CRITICAL - 2024-02-09 14:13:57 --> [Microsoft][ODBC Driver 17 for SQL Server][SQL Server]Error converting data type varchar to decimal.
#0 /opt/lampp/htdocs/api8097/public_html/vendor/codeigniter4/framework/system/Database/BaseConnection.php(670): CodeIgniter\Database\SQLSRV\Connection->execute('CLSA.sp_get_Des...')
#1 /opt/lampp/htdocs/api8097/public_html/vendor/codeigniter4/framework/system/Database/BaseConnection.php(598): CodeIgniter\Database\BaseConnection->simpleQuery('CLSA.sp_get_Des...')
#2 /opt/lampp/htdocs/api8097/public_html/app/Models/GetDescuentos_Model.php(16): CodeIgniter\Database\BaseConnection->query('CLSA.sp_get_Des...', Array)
#3 /opt/lampp/htdocs/api8097/public_html/app/Controllers/GetDescuentos.php(34): App\Models\GetDescuentos_Model->getDescuentoLubricantes('PRUEBAPMA', NULL, NULL, 'AMA 10W30 QT', '1020', 'undefined', 'PRECIO (1)', NULL, '6005', '6.75000000,PREC...', '1')
#4 /opt/lampp/htdocs/api8097/public_html/vendor/codeigniter4/framework/system/CodeIgniter.php(824): App\Controllers\GetDescuentos->index()
#5 /opt/lampp/htdocs/api8097/public_html/vendor/codeigniter4/framework/system/CodeIgniter.php(410): CodeIgniter\CodeIgniter->runController(Object(App\Controllers\GetDescuentos))
#6 /opt/lampp/htdocs/api8097/public_html/vendor/codeigniter4/framework/system/CodeIgniter.php(318): CodeIgniter\CodeIgniter->handleRequest(NULL, Object(Config\Cache), false)
#7 /opt/lampp/htdocs/api8097/public_html/public/index.php(41): CodeIgniter\CodeIgniter->run()
#8 {main}
ERROR - 2024-02-09 14:13:58 --> [Microsoft][ODBC Driver 17 for SQL Server][SQL Server]Error converting data type varchar to decimal.
CRITICAL - 2024-02-09 14:13:58 --> [Microsoft][ODBC Driver 17 for SQL Server][SQL Server]Error converting data type varchar to decimal.
#0 /opt/lampp/htdocs/api8097/public_html/vendor/codeigniter4/framework/system/Database/BaseConnection.php(670): CodeIgniter\Database\SQLSRV\Connection->execute('CLSA.sp_get_Des...')
#1 /opt/lampp/htdocs/api8097/public_html/vendor/codeigniter4/framework/system/Database/BaseConnection.php(598): CodeIgniter\Database\BaseConnection->simpleQuery('CLSA.sp_get_Des...')
#2 /opt/lampp/htdocs/api8097/public_html/app/Models/GetDescuentos_Model.php(16): CodeIgniter\Database\BaseConnection->query('CLSA.sp_get_Des...', Array)
#3 /opt/lampp/htdocs/api8097/public_html/app/Controllers/GetDescuentos.php(34): App\Models\GetDescuentos_Model->getDescuentoLubricantes('PRUEBAPMA', NULL, NULL, 'AMA 10W30 QT', '1020', 'undefined', 'PRECIO (1)', NULL, '6005', '6.75000000,PREC...', '1')
#4 /opt/lampp/htdocs/api8097/public_html/vendor/codeigniter4/framework/system/CodeIgniter.php(824): App\Controllers\GetDescuentos->index()
#5 /opt/lampp/htdocs/api8097/public_html/vendor/codeigniter4/framework/system/CodeIgniter.php(410): CodeIgniter\CodeIgniter->runController(Object(App\Controllers\GetDescuentos))
#6 /opt/lampp/htdocs/api8097/public_html/vendor/codeigniter4/framework/system/CodeIgniter.php(318): CodeIgniter\CodeIgniter->handleRequest(NULL, Object(Config\Cache), false)
#7 /opt/lampp/htdocs/api8097/public_html/public/index.php(41): CodeIgniter\CodeIgniter->run()
#8 {main}
ERROR - 2024-02-09 14:13:58 --> [Microsoft][ODBC Driver 17 for SQL Server][SQL Server]Error converting data type varchar to decimal.
CRITICAL - 2024-02-09 14:13:58 --> [Microsoft][ODBC Driver 17 for SQL Server][SQL Server]Error converting data type varchar to decimal.
#0 /opt/lampp/htdocs/api8097/public_html/vendor/codeigniter4/framework/system/Database/BaseConnection.php(670): CodeIgniter\Database\SQLSRV\Connection->execute('CLSA.sp_get_Des...')
#1 /opt/lampp/htdocs/api8097/public_html/vendor/codeigniter4/framework/system/Database/BaseConnection.php(598): CodeIgniter\Database\BaseConnection->simpleQuery('CLSA.sp_get_Des...')
#2 /opt/lampp/htdocs/api8097/public_html/app/Models/GetDescuentos_Model.php(16): CodeIgniter\Database\BaseConnection->query('CLSA.sp_get_Des...', Array)
#3 /opt/lampp/htdocs/api8097/public_html/app/Controllers/GetDescuentos.php(34): App\Models\GetDescuentos_Model->getDescuentoLubricantes('PRUEBAPMA', NULL, NULL, 'AMA 10W30 QT', '1020', 'undefined', 'PRECIO (1)', NULL, '6005', '6.75000000,PREC...', '1')
#4 /opt/lampp/htdocs/api8097/public_html/vendor/codeigniter4/framework/system/CodeIgniter.php(824): App\Controllers\GetDescuentos->index()
#5 /opt/lampp/htdocs/api8097/public_html/vendor/codeigniter4/framework/system/CodeIgniter.php(410): CodeIgniter\CodeIgniter->runController(Object(App\Controllers\GetDescuentos))
#6 /opt/lampp/htdocs/api8097/public_html/vendor/codeigniter4/framework/system/CodeIgniter.php(318): CodeIgniter\CodeIgniter->handleRequest(NULL, Object(Config\Cache), false)
#7 /opt/lampp/htdocs/api8097/public_html/public/index.php(41): CodeIgniter\CodeIgniter->run()
#8 {main}
