CRITICAL - 2022-05-13 08:16:22 --> Undefined variable $articulo
#0 E:\SERVER\laragon\www\api\app\Controllers\DetalleProducto.php(153): CodeIgniter\Debug\Exceptions->errorHandler(2, 'Undefined varia...', 'E:\\SERVER\\larag...', 153)
#1 E:\SERVER\laragon\www\api\vendor\codeigniter4\framework\system\CodeIgniter.php(824): App\Controllers\DetalleProducto->show('1030')
#2 E:\SERVER\laragon\www\api\vendor\codeigniter4\framework\system\CodeIgniter.php(410): CodeIgniter\CodeIgniter->runController(Object(App\Controllers\DetalleProducto))
#3 E:\SERVER\laragon\www\api\vendor\codeigniter4\framework\system\CodeIgniter.php(318): CodeIgniter\CodeIgniter->handleRequest(NULL, Object(Config\Cache), false)
#4 E:\SERVER\laragon\www\api\public\index.php(41): CodeIgniter\CodeIgniter->run()
#5 {main}
CRITICAL - 2022-05-13 08:16:42 --> Undefined variable $articulo
#0 E:\SERVER\laragon\www\api\app\Controllers\DetalleProducto.php(153): CodeIgniter\Debug\Exceptions->errorHandler(2, 'Undefined varia...', 'E:\\SERVER\\larag...', 153)
#1 E:\SERVER\laragon\www\api\vendor\codeigniter4\framework\system\CodeIgniter.php(824): App\Controllers\DetalleProducto->show('1030')
#2 E:\SERVER\laragon\www\api\vendor\codeigniter4\framework\system\CodeIgniter.php(410): CodeIgniter\CodeIgniter->runController(Object(App\Controllers\DetalleProducto))
#3 E:\SERVER\laragon\www\api\vendor\codeigniter4\framework\system\CodeIgniter.php(318): CodeIgniter\CodeIgniter->handleRequest(NULL, Object(Config\Cache), false)
#4 E:\SERVER\laragon\www\api\public\index.php(41): CodeIgniter\CodeIgniter->run()
#5 {main}
CRITICAL - 2022-05-13 08:52:48 --> Undefined variable $articulo
#0 E:\SERVER\laragon\www\api\app\Controllers\DetalleProducto.php(153): CodeIgniter\Debug\Exceptions->errorHandler(2, 'Undefined varia...', 'E:\\SERVER\\larag...', 153)
#1 E:\SERVER\laragon\www\api\vendor\codeigniter4\framework\system\CodeIgniter.php(824): App\Controllers\DetalleProducto->show('1030')
#2 E:\SERVER\laragon\www\api\vendor\codeigniter4\framework\system\CodeIgniter.php(410): CodeIgniter\CodeIgniter->runController(Object(App\Controllers\DetalleProducto))
#3 E:\SERVER\laragon\www\api\vendor\codeigniter4\framework\system\CodeIgniter.php(318): CodeIgniter\CodeIgniter->handleRequest(NULL, Object(Config\Cache), false)
#4 E:\SERVER\laragon\www\api\public\index.php(41): CodeIgniter\CodeIgniter->run()
#5 {main}
CRITICAL - 2022-05-13 08:57:19 --> Undefined property: stdClass::$PRECIO_REMATE
#0 E:\SERVER\laragon\www\api\app\Controllers\DetalleProducto.php(144): CodeIgniter\Debug\Exceptions->errorHandler(2, 'Undefined prope...', 'E:\\SERVER\\larag...', 144)
#1 E:\SERVER\laragon\www\api\vendor\codeigniter4\framework\system\CodeIgniter.php(824): App\Controllers\DetalleProducto->show('1030')
#2 E:\SERVER\laragon\www\api\vendor\codeigniter4\framework\system\CodeIgniter.php(410): CodeIgniter\CodeIgniter->runController(Object(App\Controllers\DetalleProducto))
#3 E:\SERVER\laragon\www\api\vendor\codeigniter4\framework\system\CodeIgniter.php(318): CodeIgniter\CodeIgniter->handleRequest(NULL, Object(Config\Cache), false)
#4 E:\SERVER\laragon\www\api\public\index.php(41): CodeIgniter\CodeIgniter->run()
#5 {main}
CRITICAL - 2022-05-13 08:57:25 --> Undefined property: stdClass::$PRECIO_REMATE
#0 E:\SERVER\laragon\www\api\app\Controllers\DetalleProducto.php(144): CodeIgniter\Debug\Exceptions->errorHandler(2, 'Undefined prope...', 'E:\\SERVER\\larag...', 144)
#1 E:\SERVER\laragon\www\api\vendor\codeigniter4\framework\system\CodeIgniter.php(824): App\Controllers\DetalleProducto->show('1030')
#2 E:\SERVER\laragon\www\api\vendor\codeigniter4\framework\system\CodeIgniter.php(410): CodeIgniter\CodeIgniter->runController(Object(App\Controllers\DetalleProducto))
#3 E:\SERVER\laragon\www\api\vendor\codeigniter4\framework\system\CodeIgniter.php(318): CodeIgniter\CodeIgniter->handleRequest(NULL, Object(Config\Cache), false)
#4 E:\SERVER\laragon\www\api\public\index.php(41): CodeIgniter\CodeIgniter->run()
#5 {main}
CRITICAL - 2022-05-13 09:00:54 --> Undefined property: stdClass::$IDMARCA
#0 E:\SERVER\laragon\www\api\app\Controllers\DetalleProducto.php(147): CodeIgniter\Debug\Exceptions->errorHandler(2, 'Undefined prope...', 'E:\\SERVER\\larag...', 147)
#1 E:\SERVER\laragon\www\api\vendor\codeigniter4\framework\system\CodeIgniter.php(824): App\Controllers\DetalleProducto->show('1030')
#2 E:\SERVER\laragon\www\api\vendor\codeigniter4\framework\system\CodeIgniter.php(410): CodeIgniter\CodeIgniter->runController(Object(App\Controllers\DetalleProducto))
#3 E:\SERVER\laragon\www\api\vendor\codeigniter4\framework\system\CodeIgniter.php(318): CodeIgniter\CodeIgniter->handleRequest(NULL, Object(Config\Cache), false)
#4 E:\SERVER\laragon\www\api\public\index.php(41): CodeIgniter\CodeIgniter->run()
#5 {main}
CRITICAL - 2022-05-13 09:01:19 --> Undefined property: stdClass::$MARCA
#0 E:\SERVER\laragon\www\api\app\Controllers\DetalleProducto.php(148): CodeIgniter\Debug\Exceptions->errorHandler(2, 'Undefined prope...', 'E:\\SERVER\\larag...', 148)
#1 E:\SERVER\laragon\www\api\vendor\codeigniter4\framework\system\CodeIgniter.php(824): App\Controllers\DetalleProducto->show('1030')
#2 E:\SERVER\laragon\www\api\vendor\codeigniter4\framework\system\CodeIgniter.php(410): CodeIgniter\CodeIgniter->runController(Object(App\Controllers\DetalleProducto))
#3 E:\SERVER\laragon\www\api\vendor\codeigniter4\framework\system\CodeIgniter.php(318): CodeIgniter\CodeIgniter->handleRequest(NULL, Object(Config\Cache), false)
#4 E:\SERVER\laragon\www\api\public\index.php(41): CodeIgniter\CodeIgniter->run()
#5 {main}
ERROR - 2022-05-13 09:01:53 --> [Microsoft][ODBC Driver 17 for SQL Server][SQL Server]Invalid column name 'ALTURA'.
CRITICAL - 2022-05-13 09:01:53 --> Call to a member function getResult() on bool
#0 E:\SERVER\laragon\www\api\app\Controllers\DetalleProducto.php(153): App\Models\DetalleProducto_Model->DetalleFiltros('PH-8A')
#1 E:\SERVER\laragon\www\api\vendor\codeigniter4\framework\system\CodeIgniter.php(824): App\Controllers\DetalleProducto->show('1030')
#2 E:\SERVER\laragon\www\api\vendor\codeigniter4\framework\system\CodeIgniter.php(410): CodeIgniter\CodeIgniter->runController(Object(App\Controllers\DetalleProducto))
#3 E:\SERVER\laragon\www\api\vendor\codeigniter4\framework\system\CodeIgniter.php(318): CodeIgniter\CodeIgniter->handleRequest(NULL, Object(Config\Cache), false)
#4 E:\SERVER\laragon\www\api\public\index.php(41): CodeIgniter\CodeIgniter->run()
#5 {main}
ERROR - 2022-05-13 09:03:01 --> [Microsoft][ODBC Driver 17 for SQL Server]Syntax error, permission violation, or other nonspecific error
CRITICAL - 2022-05-13 09:03:01 --> Call to a member function getResult() on bool
#0 E:\SERVER\laragon\www\api\app\Controllers\DetalleProducto.php(86): App\Models\DetalleProducto_Model->BusquedaDetalle('C', '1030', 'PH-8A')
#1 E:\SERVER\laragon\www\api\vendor\codeigniter4\framework\system\CodeIgniter.php(824): App\Controllers\DetalleProducto->show('1030')
#2 E:\SERVER\laragon\www\api\vendor\codeigniter4\framework\system\CodeIgniter.php(410): CodeIgniter\CodeIgniter->runController(Object(App\Controllers\DetalleProducto))
#3 E:\SERVER\laragon\www\api\vendor\codeigniter4\framework\system\CodeIgniter.php(318): CodeIgniter\CodeIgniter->handleRequest(NULL, Object(Config\Cache), false)
#4 E:\SERVER\laragon\www\api\public\index.php(41): CodeIgniter\CodeIgniter->run()
#5 {main}
ERROR - 2022-05-13 09:03:56 --> [Microsoft][ODBC Driver 17 for SQL Server][SQL Server]Invalid column name 'ALTURA'.
CRITICAL - 2022-05-13 09:03:56 --> Call to a member function getResult() on bool
#0 E:\SERVER\laragon\www\api\app\Controllers\DetalleProducto.php(153): App\Models\DetalleProducto_Model->DetalleFiltros('PH-8A')
#1 E:\SERVER\laragon\www\api\vendor\codeigniter4\framework\system\CodeIgniter.php(824): App\Controllers\DetalleProducto->show('1030')
#2 E:\SERVER\laragon\www\api\vendor\codeigniter4\framework\system\CodeIgniter.php(410): CodeIgniter\CodeIgniter->runController(Object(App\Controllers\DetalleProducto))
#3 E:\SERVER\laragon\www\api\vendor\codeigniter4\framework\system\CodeIgniter.php(318): CodeIgniter\CodeIgniter->handleRequest(NULL, Object(Config\Cache), false)
#4 E:\SERVER\laragon\www\api\public\index.php(41): CodeIgniter\CodeIgniter->run()
#5 {main}
ERROR - 2022-05-13 09:03:57 --> [Microsoft][ODBC Driver 17 for SQL Server][SQL Server]Invalid column name 'ALTURA'.
CRITICAL - 2022-05-13 09:03:57 --> Call to a member function getResult() on bool
#0 E:\SERVER\laragon\www\api\app\Controllers\DetalleProducto.php(153): App\Models\DetalleProducto_Model->DetalleFiltros('PH-8A')
#1 E:\SERVER\laragon\www\api\vendor\codeigniter4\framework\system\CodeIgniter.php(824): App\Controllers\DetalleProducto->show('1030')
#2 E:\SERVER\laragon\www\api\vendor\codeigniter4\framework\system\CodeIgniter.php(410): CodeIgniter\CodeIgniter->runController(Object(App\Controllers\DetalleProducto))
#3 E:\SERVER\laragon\www\api\vendor\codeigniter4\framework\system\CodeIgniter.php(318): CodeIgniter\CodeIgniter->handleRequest(NULL, Object(Config\Cache), false)
#4 E:\SERVER\laragon\www\api\public\index.php(41): CodeIgniter\CodeIgniter->run()
#5 {main}
ERROR - 2022-05-13 09:03:57 --> [Microsoft][ODBC Driver 17 for SQL Server][SQL Server]Invalid column name 'ALTURA'.
CRITICAL - 2022-05-13 09:03:57 --> Call to a member function getResult() on bool
#0 E:\SERVER\laragon\www\api\app\Controllers\DetalleProducto.php(153): App\Models\DetalleProducto_Model->DetalleFiltros('PH-8A')
#1 E:\SERVER\laragon\www\api\vendor\codeigniter4\framework\system\CodeIgniter.php(824): App\Controllers\DetalleProducto->show('1030')
#2 E:\SERVER\laragon\www\api\vendor\codeigniter4\framework\system\CodeIgniter.php(410): CodeIgniter\CodeIgniter->runController(Object(App\Controllers\DetalleProducto))
#3 E:\SERVER\laragon\www\api\vendor\codeigniter4\framework\system\CodeIgniter.php(318): CodeIgniter\CodeIgniter->handleRequest(NULL, Object(Config\Cache), false)
#4 E:\SERVER\laragon\www\api\public\index.php(41): CodeIgniter\CodeIgniter->run()
#5 {main}
ERROR - 2022-05-13 09:03:58 --> [Microsoft][ODBC Driver 17 for SQL Server][SQL Server]Invalid column name 'ALTURA'.
CRITICAL - 2022-05-13 09:03:58 --> Call to a member function getResult() on bool
#0 E:\SERVER\laragon\www\api\app\Controllers\DetalleProducto.php(153): App\Models\DetalleProducto_Model->DetalleFiltros('PH-8A')
#1 E:\SERVER\laragon\www\api\vendor\codeigniter4\framework\system\CodeIgniter.php(824): App\Controllers\DetalleProducto->show('1030')
#2 E:\SERVER\laragon\www\api\vendor\codeigniter4\framework\system\CodeIgniter.php(410): CodeIgniter\CodeIgniter->runController(Object(App\Controllers\DetalleProducto))
#3 E:\SERVER\laragon\www\api\vendor\codeigniter4\framework\system\CodeIgniter.php(318): CodeIgniter\CodeIgniter->handleRequest(NULL, Object(Config\Cache), false)
#4 E:\SERVER\laragon\www\api\public\index.php(41): CodeIgniter\CodeIgniter->run()
#5 {main}
ERROR - 2022-05-13 09:04:01 --> [Microsoft][ODBC Driver 17 for SQL Server][SQL Server]Invalid column name 'ALTURA'.
CRITICAL - 2022-05-13 09:04:01 --> Call to a member function getResult() on bool
#0 E:\SERVER\laragon\www\api\app\Controllers\DetalleProducto.php(153): App\Models\DetalleProducto_Model->DetalleFiltros('PH-8A')
#1 E:\SERVER\laragon\www\api\vendor\codeigniter4\framework\system\CodeIgniter.php(824): App\Controllers\DetalleProducto->show('1030')
#2 E:\SERVER\laragon\www\api\vendor\codeigniter4\framework\system\CodeIgniter.php(410): CodeIgniter\CodeIgniter->runController(Object(App\Controllers\DetalleProducto))
#3 E:\SERVER\laragon\www\api\vendor\codeigniter4\framework\system\CodeIgniter.php(318): CodeIgniter\CodeIgniter->handleRequest(NULL, Object(Config\Cache), false)
#4 E:\SERVER\laragon\www\api\public\index.php(41): CodeIgniter\CodeIgniter->run()
#5 {main}
ERROR - 2022-05-13 09:07:34 --> [Microsoft][ODBC Driver 17 for SQL Server][SQL Server]Invalid column name 'ALTURA'.
CRITICAL - 2022-05-13 09:07:34 --> Call to a member function getResult() on bool
#0 E:\SERVER\laragon\www\api\app\Controllers\DetalleProducto.php(153): App\Models\DetalleProducto_Model->DetalleFiltros('PH-8A')
#1 E:\SERVER\laragon\www\api\vendor\codeigniter4\framework\system\CodeIgniter.php(824): App\Controllers\DetalleProducto->show('1030')
#2 E:\SERVER\laragon\www\api\vendor\codeigniter4\framework\system\CodeIgniter.php(410): CodeIgniter\CodeIgniter->runController(Object(App\Controllers\DetalleProducto))
#3 E:\SERVER\laragon\www\api\vendor\codeigniter4\framework\system\CodeIgniter.php(318): CodeIgniter\CodeIgniter->handleRequest(NULL, Object(Config\Cache), false)
#4 E:\SERVER\laragon\www\api\public\index.php(41): CodeIgniter\CodeIgniter->run()
#5 {main}
ERROR - 2022-05-13 09:08:18 --> [Microsoft][ODBC Driver 17 for SQL Server][SQL Server]Invalid column name 'ALTURA'.
CRITICAL - 2022-05-13 09:08:18 --> Call to a member function getResult() on bool
#0 E:\SERVER\laragon\www\api\app\Controllers\DetalleProducto.php(153): App\Models\DetalleProducto_Model->DetalleFiltros('PH-8A')
#1 E:\SERVER\laragon\www\api\vendor\codeigniter4\framework\system\CodeIgniter.php(824): App\Controllers\DetalleProducto->show('1030')
#2 E:\SERVER\laragon\www\api\vendor\codeigniter4\framework\system\CodeIgniter.php(410): CodeIgniter\CodeIgniter->runController(Object(App\Controllers\DetalleProducto))
#3 E:\SERVER\laragon\www\api\vendor\codeigniter4\framework\system\CodeIgniter.php(318): CodeIgniter\CodeIgniter->handleRequest(NULL, Object(Config\Cache), false)
#4 E:\SERVER\laragon\www\api\public\index.php(41): CodeIgniter\CodeIgniter->run()
#5 {main}
CRITICAL - 2022-05-13 09:10:43 --> Undefined variable $filtros
#0 E:\SERVER\laragon\www\api\app\Controllers\DetalleProducto.php(156): CodeIgniter\Debug\Exceptions->errorHandler(2, 'Undefined varia...', 'E:\\SERVER\\larag...', 156)
#1 E:\SERVER\laragon\www\api\vendor\codeigniter4\framework\system\CodeIgniter.php(824): App\Controllers\DetalleProducto->show('1030')
#2 E:\SERVER\laragon\www\api\vendor\codeigniter4\framework\system\CodeIgniter.php(410): CodeIgniter\CodeIgniter->runController(Object(App\Controllers\DetalleProducto))
#3 E:\SERVER\laragon\www\api\vendor\codeigniter4\framework\system\CodeIgniter.php(318): CodeIgniter\CodeIgniter->handleRequest(NULL, Object(Config\Cache), false)
#4 E:\SERVER\laragon\www\api\public\index.php(41): CodeIgniter\CodeIgniter->run()
#5 {main}
CRITICAL - 2022-05-13 12:00:03 --> Class "App\Controllers\MarcasModel" not found
#0 E:\SERVER\laragon\www\api\vendor\codeigniter4\framework\system\CodeIgniter.php(824): App\Controllers\Llantas->show('1')
#1 E:\SERVER\laragon\www\api\vendor\codeigniter4\framework\system\CodeIgniter.php(410): CodeIgniter\CodeIgniter->runController(Object(App\Controllers\Llantas))
#2 E:\SERVER\laragon\www\api\vendor\codeigniter4\framework\system\CodeIgniter.php(318): CodeIgniter\CodeIgniter->handleRequest(NULL, Object(Config\Cache), false)
#3 E:\SERVER\laragon\www\api\public\index.php(41): CodeIgniter\CodeIgniter->run()
#4 {main}
ERROR - 2022-05-13 12:58:42 --> Memory limit of 10240 KB exceeded for buffered query
CRITICAL - 2022-05-13 12:58:42 --> Call to a member function getResult() on bool
#0 E:\SERVER\laragon\www\api\app\Controllers\Cliente.php(70): App\Models\Cliente_Model->getBusquedaglobalClientes(' ')
#1 E:\SERVER\laragon\www\api\vendor\codeigniter4\framework\system\CodeIgniter.php(824): App\Controllers\Cliente->show('1')
#2 E:\SERVER\laragon\www\api\vendor\codeigniter4\framework\system\CodeIgniter.php(410): CodeIgniter\CodeIgniter->runController(Object(App\Controllers\Cliente))
#3 E:\SERVER\laragon\www\api\vendor\codeigniter4\framework\system\CodeIgniter.php(318): CodeIgniter\CodeIgniter->handleRequest(NULL, Object(Config\Cache), false)
#4 E:\SERVER\laragon\www\api\public\index.php(41): CodeIgniter\CodeIgniter->run()
#5 {main}
ERROR - 2022-05-13 12:58:46 --> Memory limit of 10240 KB exceeded for buffered query
CRITICAL - 2022-05-13 12:58:46 --> Call to a member function getResult() on bool
#0 E:\SERVER\laragon\www\api\app\Controllers\Cliente.php(70): App\Models\Cliente_Model->getBusquedaglobalClientes(' ')
#1 E:\SERVER\laragon\www\api\vendor\codeigniter4\framework\system\CodeIgniter.php(824): App\Controllers\Cliente->show('1')
#2 E:\SERVER\laragon\www\api\vendor\codeigniter4\framework\system\CodeIgniter.php(410): CodeIgniter\CodeIgniter->runController(Object(App\Controllers\Cliente))
#3 E:\SERVER\laragon\www\api\vendor\codeigniter4\framework\system\CodeIgniter.php(318): CodeIgniter\CodeIgniter->handleRequest(NULL, Object(Config\Cache), false)
#4 E:\SERVER\laragon\www\api\public\index.php(41): CodeIgniter\CodeIgniter->run()
#5 {main}
ERROR - 2022-05-13 12:58:51 --> Memory limit of 10240 KB exceeded for buffered query
CRITICAL - 2022-05-13 12:58:51 --> Call to a member function getResult() on bool
#0 E:\SERVER\laragon\www\api\app\Controllers\Cliente.php(70): App\Models\Cliente_Model->getBusquedaglobalClientes(' ')
#1 E:\SERVER\laragon\www\api\vendor\codeigniter4\framework\system\CodeIgniter.php(824): App\Controllers\Cliente->show('1')
#2 E:\SERVER\laragon\www\api\vendor\codeigniter4\framework\system\CodeIgniter.php(410): CodeIgniter\CodeIgniter->runController(Object(App\Controllers\Cliente))
#3 E:\SERVER\laragon\www\api\vendor\codeigniter4\framework\system\CodeIgniter.php(318): CodeIgniter\CodeIgniter->handleRequest(NULL, Object(Config\Cache), false)
#4 E:\SERVER\laragon\www\api\public\index.php(41): CodeIgniter\CodeIgniter->run()
#5 {main}
ERROR - 2022-05-13 12:59:34 --> Memory limit of 10240 KB exceeded for buffered query
CRITICAL - 2022-05-13 12:59:34 --> Call to a member function getResult() on bool
#0 E:\SERVER\laragon\www\api\app\Controllers\Cliente.php(70): App\Models\Cliente_Model->getBusquedaglobalClientes(' ')
#1 E:\SERVER\laragon\www\api\vendor\codeigniter4\framework\system\CodeIgniter.php(824): App\Controllers\Cliente->show('1')
#2 E:\SERVER\laragon\www\api\vendor\codeigniter4\framework\system\CodeIgniter.php(410): CodeIgniter\CodeIgniter->runController(Object(App\Controllers\Cliente))
#3 E:\SERVER\laragon\www\api\vendor\codeigniter4\framework\system\CodeIgniter.php(318): CodeIgniter\CodeIgniter->handleRequest(NULL, Object(Config\Cache), false)
#4 E:\SERVER\laragon\www\api\public\index.php(41): CodeIgniter\CodeIgniter->run()
#5 {main}
ERROR - 2022-05-13 12:59:47 --> Memory limit of 10240 KB exceeded for buffered query
CRITICAL - 2022-05-13 12:59:47 --> Call to a member function getResult() on bool
#0 E:\SERVER\laragon\www\api\app\Controllers\Cliente.php(70): App\Models\Cliente_Model->getBusquedaglobalClientes(' ')
#1 E:\SERVER\laragon\www\api\vendor\codeigniter4\framework\system\CodeIgniter.php(824): App\Controllers\Cliente->show('1')
#2 E:\SERVER\laragon\www\api\vendor\codeigniter4\framework\system\CodeIgniter.php(410): CodeIgniter\CodeIgniter->runController(Object(App\Controllers\Cliente))
#3 E:\SERVER\laragon\www\api\vendor\codeigniter4\framework\system\CodeIgniter.php(318): CodeIgniter\CodeIgniter->handleRequest(NULL, Object(Config\Cache), false)
#4 E:\SERVER\laragon\www\api\public\index.php(41): CodeIgniter\CodeIgniter->run()
#5 {main}
CRITICAL - 2022-05-13 14:30:01 --> Class "App\Controllers\MarcasModel" not found
#0 E:\SERVER\laragon\www\api\vendor\codeigniter4\framework\system\CodeIgniter.php(824): App\Controllers\Llantas->show('1')
#1 E:\SERVER\laragon\www\api\vendor\codeigniter4\framework\system\CodeIgniter.php(410): CodeIgniter\CodeIgniter->runController(Object(App\Controllers\Llantas))
#2 E:\SERVER\laragon\www\api\vendor\codeigniter4\framework\system\CodeIgniter.php(318): CodeIgniter\CodeIgniter->handleRequest(NULL, Object(Config\Cache), false)
#3 E:\SERVER\laragon\www\api\public\index.php(41): CodeIgniter\CodeIgniter->run()
#4 {main}
CRITICAL - 2022-05-13 14:31:28 --> Class "App\Controllers\MarcasModel" not found
#0 E:\SERVER\laragon\www\api\vendor\codeigniter4\framework\system\CodeIgniter.php(824): App\Controllers\Llantas->show('1')
#1 E:\SERVER\laragon\www\api\vendor\codeigniter4\framework\system\CodeIgniter.php(410): CodeIgniter\CodeIgniter->runController(Object(App\Controllers\Llantas))
#2 E:\SERVER\laragon\www\api\vendor\codeigniter4\framework\system\CodeIgniter.php(318): CodeIgniter\CodeIgniter->handleRequest(NULL, Object(Config\Cache), false)
#3 E:\SERVER\laragon\www\api\public\index.php(41): CodeIgniter\CodeIgniter->run()
#4 {main}
CRITICAL - 2022-05-13 14:31:30 --> Class "App\Controllers\MarcasModel" not found
#0 E:\SERVER\laragon\www\api\vendor\codeigniter4\framework\system\CodeIgniter.php(824): App\Controllers\Llantas->show('1')
#1 E:\SERVER\laragon\www\api\vendor\codeigniter4\framework\system\CodeIgniter.php(410): CodeIgniter\CodeIgniter->runController(Object(App\Controllers\Llantas))
#2 E:\SERVER\laragon\www\api\vendor\codeigniter4\framework\system\CodeIgniter.php(318): CodeIgniter\CodeIgniter->handleRequest(NULL, Object(Config\Cache), false)
#3 E:\SERVER\laragon\www\api\public\index.php(41): CodeIgniter\CodeIgniter->run()
#4 {main}
CRITICAL - 2022-05-13 14:31:56 --> Class "App\Controllers\MarcasModel" not found
#0 E:\SERVER\laragon\www\api\vendor\codeigniter4\framework\system\CodeIgniter.php(824): App\Controllers\Llantas->show('1')
#1 E:\SERVER\laragon\www\api\vendor\codeigniter4\framework\system\CodeIgniter.php(410): CodeIgniter\CodeIgniter->runController(Object(App\Controllers\Llantas))
#2 E:\SERVER\laragon\www\api\vendor\codeigniter4\framework\system\CodeIgniter.php(318): CodeIgniter\CodeIgniter->handleRequest(NULL, Object(Config\Cache), false)
#3 E:\SERVER\laragon\www\api\public\index.php(41): CodeIgniter\CodeIgniter->run()
#4 {main}
CRITICAL - 2022-05-13 14:32:10 --> Class "App\Controllers\MarcasModel" not found
#0 E:\SERVER\laragon\www\api\vendor\codeigniter4\framework\system\CodeIgniter.php(824): App\Controllers\Llantas->show('1')
#1 E:\SERVER\laragon\www\api\vendor\codeigniter4\framework\system\CodeIgniter.php(410): CodeIgniter\CodeIgniter->runController(Object(App\Controllers\Llantas))
#2 E:\SERVER\laragon\www\api\vendor\codeigniter4\framework\system\CodeIgniter.php(318): CodeIgniter\CodeIgniter->handleRequest(NULL, Object(Config\Cache), false)
#3 E:\SERVER\laragon\www\api\public\index.php(41): CodeIgniter\CodeIgniter->run()
#4 {main}
CRITICAL - 2022-05-13 14:32:11 --> Class "App\Controllers\MarcasModel" not found
#0 E:\SERVER\laragon\www\api\vendor\codeigniter4\framework\system\CodeIgniter.php(824): App\Controllers\Llantas->show('1')
#1 E:\SERVER\laragon\www\api\vendor\codeigniter4\framework\system\CodeIgniter.php(410): CodeIgniter\CodeIgniter->runController(Object(App\Controllers\Llantas))
#2 E:\SERVER\laragon\www\api\vendor\codeigniter4\framework\system\CodeIgniter.php(318): CodeIgniter\CodeIgniter->handleRequest(NULL, Object(Config\Cache), false)
#3 E:\SERVER\laragon\www\api\public\index.php(41): CodeIgniter\CodeIgniter->run()
#4 {main}
CRITICAL - 2022-05-13 14:32:27 --> Call to undefined method App\Controllers\Llantas::getResponse()
#0 E:\SERVER\laragon\www\api\vendor\codeigniter4\framework\system\CodeIgniter.php(824): App\Controllers\Llantas->show('1')
#1 E:\SERVER\laragon\www\api\vendor\codeigniter4\framework\system\CodeIgniter.php(410): CodeIgniter\CodeIgniter->runController(Object(App\Controllers\Llantas))
#2 E:\SERVER\laragon\www\api\vendor\codeigniter4\framework\system\CodeIgniter.php(318): CodeIgniter\CodeIgniter->handleRequest(NULL, Object(Config\Cache), false)
#3 E:\SERVER\laragon\www\api\public\index.php(41): CodeIgniter\CodeIgniter->run()
#4 {main}
CRITICAL - 2022-05-13 14:33:14 --> Call to undefined method App\Controllers\Llantas::getResponse()
#0 E:\SERVER\laragon\www\api\vendor\codeigniter4\framework\system\CodeIgniter.php(824): App\Controllers\Llantas->show('1')
#1 E:\SERVER\laragon\www\api\vendor\codeigniter4\framework\system\CodeIgniter.php(410): CodeIgniter\CodeIgniter->runController(Object(App\Controllers\Llantas))
#2 E:\SERVER\laragon\www\api\vendor\codeigniter4\framework\system\CodeIgniter.php(318): CodeIgniter\CodeIgniter->handleRequest(NULL, Object(Config\Cache), false)
#3 E:\SERVER\laragon\www\api\public\index.php(41): CodeIgniter\CodeIgniter->run()
#4 {main}
CRITICAL - 2022-05-13 14:33:53 --> Call to undefined method App\Controllers\Llantas::getResponse()
#0 E:\SERVER\laragon\www\api\vendor\codeigniter4\framework\system\CodeIgniter.php(824): App\Controllers\Llantas->show('1')
#1 E:\SERVER\laragon\www\api\vendor\codeigniter4\framework\system\CodeIgniter.php(410): CodeIgniter\CodeIgniter->runController(Object(App\Controllers\Llantas))
#2 E:\SERVER\laragon\www\api\vendor\codeigniter4\framework\system\CodeIgniter.php(318): CodeIgniter\CodeIgniter->handleRequest(NULL, Object(Config\Cache), false)
#3 E:\SERVER\laragon\www\api\public\index.php(41): CodeIgniter\CodeIgniter->run()
#4 {main}
CRITICAL - 2022-05-13 14:35:04 --> Call to undefined method App\Controllers\Llantas::getResponse()
#0 E:\SERVER\laragon\www\api\vendor\codeigniter4\framework\system\CodeIgniter.php(824): App\Controllers\Llantas->show('1')
#1 E:\SERVER\laragon\www\api\vendor\codeigniter4\framework\system\CodeIgniter.php(410): CodeIgniter\CodeIgniter->runController(Object(App\Controllers\Llantas))
#2 E:\SERVER\laragon\www\api\vendor\codeigniter4\framework\system\CodeIgniter.php(318): CodeIgniter\CodeIgniter->handleRequest(NULL, Object(Config\Cache), false)
#3 E:\SERVER\laragon\www\api\public\index.php(41): CodeIgniter\CodeIgniter->run()
#4 {main}
CRITICAL - 2022-05-13 14:35:16 --> Call to undefined method App\Controllers\Llantas::getResponse()
#0 E:\SERVER\laragon\www\api\vendor\codeigniter4\framework\system\CodeIgniter.php(824): App\Controllers\Llantas->show('1')
#1 E:\SERVER\laragon\www\api\vendor\codeigniter4\framework\system\CodeIgniter.php(410): CodeIgniter\CodeIgniter->runController(Object(App\Controllers\Llantas))
#2 E:\SERVER\laragon\www\api\vendor\codeigniter4\framework\system\CodeIgniter.php(318): CodeIgniter\CodeIgniter->handleRequest(NULL, Object(Config\Cache), false)
#3 E:\SERVER\laragon\www\api\public\index.php(41): CodeIgniter\CodeIgniter->run()
#4 {main}
CRITICAL - 2022-05-13 14:36:13 --> Call to undefined method App\Controllers\Llantas::getResponse()
#0 E:\SERVER\laragon\www\api\vendor\codeigniter4\framework\system\CodeIgniter.php(824): App\Controllers\Llantas->show('1')
#1 E:\SERVER\laragon\www\api\vendor\codeigniter4\framework\system\CodeIgniter.php(410): CodeIgniter\CodeIgniter->runController(Object(App\Controllers\Llantas))
#2 E:\SERVER\laragon\www\api\vendor\codeigniter4\framework\system\CodeIgniter.php(318): CodeIgniter\CodeIgniter->handleRequest(NULL, Object(Config\Cache), false)
#3 E:\SERVER\laragon\www\api\public\index.php(41): CodeIgniter\CodeIgniter->run()
#4 {main}
CRITICAL - 2022-05-13 14:39:09 --> Undefined variable $id
#0 E:\SERVER\laragon\www\api\app\Controllers\Llantas.php(32): CodeIgniter\Debug\Exceptions->errorHandler(2, 'Undefined varia...', 'E:\\SERVER\\larag...', 32)
#1 E:\SERVER\laragon\www\api\vendor\codeigniter4\framework\system\CodeIgniter.php(824): App\Controllers\Llantas->show('1')
#2 E:\SERVER\laragon\www\api\vendor\codeigniter4\framework\system\CodeIgniter.php(410): CodeIgniter\CodeIgniter->runController(Object(App\Controllers\Llantas))
#3 E:\SERVER\laragon\www\api\vendor\codeigniter4\framework\system\CodeIgniter.php(318): CodeIgniter\CodeIgniter->handleRequest(NULL, Object(Config\Cache), false)
#4 E:\SERVER\laragon\www\api\public\index.php(41): CodeIgniter\CodeIgniter->run()
#5 {main}
CRITICAL - 2022-05-13 14:39:32 --> Undefined variable $id
#0 E:\SERVER\laragon\www\api\app\Controllers\Llantas.php(32): CodeIgniter\Debug\Exceptions->errorHandler(2, 'Undefined varia...', 'E:\\SERVER\\larag...', 32)
#1 E:\SERVER\laragon\www\api\vendor\codeigniter4\framework\system\CodeIgniter.php(824): App\Controllers\Llantas->show('1')
#2 E:\SERVER\laragon\www\api\vendor\codeigniter4\framework\system\CodeIgniter.php(410): CodeIgniter\CodeIgniter->runController(Object(App\Controllers\Llantas))
#3 E:\SERVER\laragon\www\api\vendor\codeigniter4\framework\system\CodeIgniter.php(318): CodeIgniter\CodeIgniter->handleRequest(NULL, Object(Config\Cache), false)
#4 E:\SERVER\laragon\www\api\public\index.php(41): CodeIgniter\CodeIgniter->run()
#5 {main}
CRITICAL - 2022-05-13 14:43:11 --> You must set the database table to be used with your query.
#0 E:\SERVER\laragon\www\api\vendor\codeigniter4\framework\system\Model.php(545): CodeIgniter\Database\BaseConnection->table(NULL)
#1 E:\SERVER\laragon\www\api\vendor\codeigniter4\framework\system\Model.php(717): CodeIgniter\Model->builder()
#2 E:\SERVER\laragon\www\api\app\Controllers\Llantas.php(42): CodeIgniter\Model->__call('findModelosById', Array)
#3 E:\SERVER\laragon\www\api\vendor\codeigniter4\framework\system\CodeIgniter.php(824): App\Controllers\Llantas->show('2')
#4 E:\SERVER\laragon\www\api\vendor\codeigniter4\framework\system\CodeIgniter.php(410): CodeIgniter\CodeIgniter->runController(Object(App\Controllers\Llantas))
#5 E:\SERVER\laragon\www\api\vendor\codeigniter4\framework\system\CodeIgniter.php(318): CodeIgniter\CodeIgniter->handleRequest(NULL, Object(Config\Cache), false)
#6 E:\SERVER\laragon\www\api\public\index.php(41): CodeIgniter\CodeIgniter->run()
#7 {main}
CRITICAL - 2022-05-13 14:44:38 --> You must set the database table to be used with your query.
#0 E:\SERVER\laragon\www\api\vendor\codeigniter4\framework\system\Model.php(545): CodeIgniter\Database\BaseConnection->table(NULL)
#1 E:\SERVER\laragon\www\api\vendor\codeigniter4\framework\system\Model.php(717): CodeIgniter\Model->builder()
#2 E:\SERVER\laragon\www\api\app\Controllers\Llantas.php(43): CodeIgniter\Model->__call('findModelosById', Array)
#3 E:\SERVER\laragon\www\api\vendor\codeigniter4\framework\system\CodeIgniter.php(824): App\Controllers\Llantas->show('2')
#4 E:\SERVER\laragon\www\api\vendor\codeigniter4\framework\system\CodeIgniter.php(410): CodeIgniter\CodeIgniter->runController(Object(App\Controllers\Llantas))
#5 E:\SERVER\laragon\www\api\vendor\codeigniter4\framework\system\CodeIgniter.php(318): CodeIgniter\CodeIgniter->handleRequest(NULL, Object(Config\Cache), false)
#6 E:\SERVER\laragon\www\api\public\index.php(41): CodeIgniter\CodeIgniter->run()
#7 {main}
CRITICAL - 2022-05-13 14:47:23 --> Too few arguments to function App\Models\LlantasModel::findModelosById(), 1 passed in E:\SERVER\laragon\www\api\app\Controllers\Llantas.php on line 43 and exactly 2 expected
#0 E:\SERVER\laragon\www\api\app\Controllers\Llantas.php(43): App\Models\LlantasModel->findModelosById('1016')
#1 E:\SERVER\laragon\www\api\vendor\codeigniter4\framework\system\CodeIgniter.php(824): App\Controllers\Llantas->show('2')
#2 E:\SERVER\laragon\www\api\vendor\codeigniter4\framework\system\CodeIgniter.php(410): CodeIgniter\CodeIgniter->runController(Object(App\Controllers\Llantas))
#3 E:\SERVER\laragon\www\api\vendor\codeigniter4\framework\system\CodeIgniter.php(318): CodeIgniter\CodeIgniter->handleRequest(NULL, Object(Config\Cache), false)
#4 E:\SERVER\laragon\www\api\public\index.php(41): CodeIgniter\CodeIgniter->run()
#5 {main}
CRITICAL - 2022-05-13 14:47:55 --> Too few arguments to function App\Models\LlantasModel::findModelosById(), 1 passed in E:\SERVER\laragon\www\api\app\Controllers\Llantas.php on line 43 and exactly 2 expected
#0 E:\SERVER\laragon\www\api\app\Controllers\Llantas.php(43): App\Models\LlantasModel->findModelosById('1016')
#1 E:\SERVER\laragon\www\api\vendor\codeigniter4\framework\system\CodeIgniter.php(824): App\Controllers\Llantas->show('2')
#2 E:\SERVER\laragon\www\api\vendor\codeigniter4\framework\system\CodeIgniter.php(410): CodeIgniter\CodeIgniter->runController(Object(App\Controllers\Llantas))
#3 E:\SERVER\laragon\www\api\vendor\codeigniter4\framework\system\CodeIgniter.php(318): CodeIgniter\CodeIgniter->handleRequest(NULL, Object(Config\Cache), false)
#4 E:\SERVER\laragon\www\api\public\index.php(41): CodeIgniter\CodeIgniter->run()
#5 {main}
ERROR - 2022-05-13 14:56:00 --> [Microsoft][ODBC Driver 17 for SQL Server][SQL Server]Procedure or function 'sp_getModeloVehiculoLlantas' expects parameter '@p_idmarca', which was not supplied.
CRITICAL - 2022-05-13 14:56:00 --> Call to a member function getResult() on bool
#0 E:\SERVER\laragon\www\api\app\Controllers\Llantas.php(55): App\Models\LlantasModel->findModelosById('1016', '2019')
#1 E:\SERVER\laragon\www\api\vendor\codeigniter4\framework\system\CodeIgniter.php(824): App\Controllers\Llantas->show('3')
#2 E:\SERVER\laragon\www\api\vendor\codeigniter4\framework\system\CodeIgniter.php(410): CodeIgniter\CodeIgniter->runController(Object(App\Controllers\Llantas))
#3 E:\SERVER\laragon\www\api\vendor\codeigniter4\framework\system\CodeIgniter.php(318): CodeIgniter\CodeIgniter->handleRequest(NULL, Object(Config\Cache), false)
#4 E:\SERVER\laragon\www\api\public\index.php(41): CodeIgniter\CodeIgniter->run()
#5 {main}
CRITICAL - 2022-05-13 15:05:03 --> Too few arguments to function App\Models\LlantasModel::findVersionesRinesById(), 3 passed in E:\SERVER\laragon\www\api\app\Controllers\Llantas.php on line 68 and exactly 4 expected
#0 E:\SERVER\laragon\www\api\app\Controllers\Llantas.php(68): App\Models\LlantasModel->findVersionesRinesById('1016', '2019', '86')
#1 E:\SERVER\laragon\www\api\vendor\codeigniter4\framework\system\CodeIgniter.php(824): App\Controllers\Llantas->show('4')
#2 E:\SERVER\laragon\www\api\vendor\codeigniter4\framework\system\CodeIgniter.php(410): CodeIgniter\CodeIgniter->runController(Object(App\Controllers\Llantas))
#3 E:\SERVER\laragon\www\api\vendor\codeigniter4\framework\system\CodeIgniter.php(318): CodeIgniter\CodeIgniter->handleRequest(NULL, Object(Config\Cache), false)
#4 E:\SERVER\laragon\www\api\public\index.php(41): CodeIgniter\CodeIgniter->run()
#5 {main}
ERROR - 2022-05-13 15:06:34 --> [Microsoft][ODBC Driver 17 for SQL Server][SQL Server]Procedure or function sp_getModeloVehiculoLlantas has too many arguments specified.
CRITICAL - 2022-05-13 15:06:34 --> Call to a member function getResult() on bool
#0 E:\SERVER\laragon\www\api\app\Controllers\Llantas.php(69): App\Models\LlantasModel->findVersionesRinesById('1016', '2019', '86', '1')
#1 E:\SERVER\laragon\www\api\vendor\codeigniter4\framework\system\CodeIgniter.php(824): App\Controllers\Llantas->show('4')
#2 E:\SERVER\laragon\www\api\vendor\codeigniter4\framework\system\CodeIgniter.php(410): CodeIgniter\CodeIgniter->runController(Object(App\Controllers\Llantas))
#3 E:\SERVER\laragon\www\api\vendor\codeigniter4\framework\system\CodeIgniter.php(318): CodeIgniter\CodeIgniter->handleRequest(NULL, Object(Config\Cache), false)
#4 E:\SERVER\laragon\www\api\public\index.php(41): CodeIgniter\CodeIgniter->run()
#5 {main}
ERROR - 2022-05-13 15:42:47 --> [Microsoft][ODBC Driver 17 for SQL Server][SQL Server]Invalid object name 'ECOMMERCE.view_rines'.
CRITICAL - 2022-05-13 15:42:47 --> Call to a member function getResult() on bool
#0 E:\SERVER\laragon\www\api\app\Controllers\VersionesTamano_vehiculo.php(69): App\Models\VersionesTamanovehiculo_Model->findVersionesTamanoByIds(1, '1016', '2018', '86')
#1 E:\SERVER\laragon\www\api\vendor\codeigniter4\framework\system\CodeIgniter.php(824): App\Controllers\VersionesTamano_vehiculo->show('1016', '2018', '86')
#2 E:\SERVER\laragon\www\api\vendor\codeigniter4\framework\system\CodeIgniter.php(410): CodeIgniter\CodeIgniter->runController(Object(App\Controllers\VersionesTamano_vehiculo))
#3 E:\SERVER\laragon\www\api\vendor\codeigniter4\framework\system\CodeIgniter.php(318): CodeIgniter\CodeIgniter->handleRequest(NULL, Object(Config\Cache), false)
#4 E:\SERVER\laragon\www\api\public\index.php(41): CodeIgniter\CodeIgniter->run()
#5 {main}
ERROR - 2022-05-13 15:43:22 --> [Microsoft][ODBC Driver 17 for SQL Server][SQL Server]Invalid object name 'ECOMMERCE.view_rines'.
CRITICAL - 2022-05-13 15:43:22 --> Call to a member function getResult() on bool
#0 E:\SERVER\laragon\www\api\app\Controllers\VersionesTamano_vehiculo.php(69): App\Models\VersionesTamanovehiculo_Model->findVersionesTamanoByIds(1, '1016', '2018', '66')
#1 E:\SERVER\laragon\www\api\vendor\codeigniter4\framework\system\CodeIgniter.php(824): App\Controllers\VersionesTamano_vehiculo->show('1016', '2018', '66')
#2 E:\SERVER\laragon\www\api\vendor\codeigniter4\framework\system\CodeIgniter.php(410): CodeIgniter\CodeIgniter->runController(Object(App\Controllers\VersionesTamano_vehiculo))
#3 E:\SERVER\laragon\www\api\vendor\codeigniter4\framework\system\CodeIgniter.php(318): CodeIgniter\CodeIgniter->handleRequest(NULL, Object(Config\Cache), false)
#4 E:\SERVER\laragon\www\api\public\index.php(41): CodeIgniter\CodeIgniter->run()
#5 {main}
ERROR - 2022-05-13 15:43:29 --> [Microsoft][ODBC Driver 17 for SQL Server][SQL Server]Invalid object name 'ECOMMERCE.VIEW_RINES'.
CRITICAL - 2022-05-13 15:43:29 --> Call to a member function getResult() on bool
#0 E:\SERVER\laragon\www\api\app\Controllers\Pernos_vehiculo.php(24): App\Models\Vehiculo_Model->findPernosAll()
#1 E:\SERVER\laragon\www\api\vendor\codeigniter4\framework\system\CodeIgniter.php(824): App\Controllers\Pernos_vehiculo->index()
#2 E:\SERVER\laragon\www\api\vendor\codeigniter4\framework\system\CodeIgniter.php(410): CodeIgniter\CodeIgniter->runController(Object(App\Controllers\Pernos_vehiculo))
#3 E:\SERVER\laragon\www\api\vendor\codeigniter4\framework\system\CodeIgniter.php(318): CodeIgniter\CodeIgniter->handleRequest(NULL, Object(Config\Cache), false)
#4 E:\SERVER\laragon\www\api\public\index.php(41): CodeIgniter\CodeIgniter->run()
#5 {main}
ERROR - 2022-05-13 15:43:39 --> [Microsoft][ODBC Driver 17 for SQL Server][SQL Server]Invalid object name 'ECOMMERCE.view_rines'.
CRITICAL - 2022-05-13 15:43:39 --> Call to a member function getResult() on bool
#0 E:\SERVER\laragon\www\api\app\Controllers\VersionesTamano_vehiculo.php(69): App\Models\VersionesTamanovehiculo_Model->findVersionesTamanoByIds(1, '1016', '2018', '66')
#1 E:\SERVER\laragon\www\api\vendor\codeigniter4\framework\system\CodeIgniter.php(824): App\Controllers\VersionesTamano_vehiculo->show('1016', '2018', '66')
#2 E:\SERVER\laragon\www\api\vendor\codeigniter4\framework\system\CodeIgniter.php(410): CodeIgniter\CodeIgniter->runController(Object(App\Controllers\VersionesTamano_vehiculo))
#3 E:\SERVER\laragon\www\api\vendor\codeigniter4\framework\system\CodeIgniter.php(318): CodeIgniter\CodeIgniter->handleRequest(NULL, Object(Config\Cache), false)
#4 E:\SERVER\laragon\www\api\public\index.php(41): CodeIgniter\CodeIgniter->run()
#5 {main}
ERROR - 2022-05-13 15:43:43 --> [Microsoft][ODBC Driver 17 for SQL Server][SQL Server]Invalid object name 'ECOMMERCE.view_rines'.
CRITICAL - 2022-05-13 15:43:43 --> Call to a member function getResult() on bool
#0 E:\SERVER\laragon\www\api\app\Controllers\VersionesTamano_vehiculo.php(69): App\Models\VersionesTamanovehiculo_Model->findVersionesTamanoByIds(1, '1016', '2018', '70')
#1 E:\SERVER\laragon\www\api\vendor\codeigniter4\framework\system\CodeIgniter.php(824): App\Controllers\VersionesTamano_vehiculo->show('1016', '2018', '70')
#2 E:\SERVER\laragon\www\api\vendor\codeigniter4\framework\system\CodeIgniter.php(410): CodeIgniter\CodeIgniter->runController(Object(App\Controllers\VersionesTamano_vehiculo))
#3 E:\SERVER\laragon\www\api\vendor\codeigniter4\framework\system\CodeIgniter.php(318): CodeIgniter\CodeIgniter->handleRequest(NULL, Object(Config\Cache), false)
#4 E:\SERVER\laragon\www\api\public\index.php(41): CodeIgniter\CodeIgniter->run()
#5 {main}
ERROR - 2022-05-13 15:44:02 --> [Microsoft][ODBC Driver 17 for SQL Server][SQL Server]Invalid object name 'ECOMMERCE.view_rines'.
CRITICAL - 2022-05-13 15:44:02 --> Call to a member function getResult() on bool
#0 E:\SERVER\laragon\www\api\app\Controllers\VersionesTamano_vehiculo.php(69): App\Models\VersionesTamanovehiculo_Model->findVersionesTamanoByIds(1, '1016', '2018', '90')
#1 E:\SERVER\laragon\www\api\vendor\codeigniter4\framework\system\CodeIgniter.php(824): App\Controllers\VersionesTamano_vehiculo->show('1016', '2018', '90')
#2 E:\SERVER\laragon\www\api\vendor\codeigniter4\framework\system\CodeIgniter.php(410): CodeIgniter\CodeIgniter->runController(Object(App\Controllers\VersionesTamano_vehiculo))
#3 E:\SERVER\laragon\www\api\vendor\codeigniter4\framework\system\CodeIgniter.php(318): CodeIgniter\CodeIgniter->handleRequest(NULL, Object(Config\Cache), false)
#4 E:\SERVER\laragon\www\api\public\index.php(41): CodeIgniter\CodeIgniter->run()
#5 {main}
ERROR - 2022-05-13 15:44:15 --> [Microsoft][ODBC Driver 17 for SQL Server][SQL Server]Invalid object name 'ECOMMERCE.view_rines'.
CRITICAL - 2022-05-13 15:44:15 --> Call to a member function getResult() on bool
#0 E:\SERVER\laragon\www\api\app\Controllers\VersionesTamano_vehiculo.php(69): App\Models\VersionesTamanovehiculo_Model->findVersionesTamanoByIds(1, '1016', '2017', '107')
#1 E:\SERVER\laragon\www\api\vendor\codeigniter4\framework\system\CodeIgniter.php(824): App\Controllers\VersionesTamano_vehiculo->show('1016', '2017', '107')
#2 E:\SERVER\laragon\www\api\vendor\codeigniter4\framework\system\CodeIgniter.php(410): CodeIgniter\CodeIgniter->runController(Object(App\Controllers\VersionesTamano_vehiculo))
#3 E:\SERVER\laragon\www\api\vendor\codeigniter4\framework\system\CodeIgniter.php(318): CodeIgniter\CodeIgniter->handleRequest(NULL, Object(Config\Cache), false)
#4 E:\SERVER\laragon\www\api\public\index.php(41): CodeIgniter\CodeIgniter->run()
#5 {main}
ERROR - 2022-05-13 15:44:23 --> [Microsoft][ODBC Driver 17 for SQL Server][SQL Server]Invalid object name 'ECOMMERCE.view_rines'.
CRITICAL - 2022-05-13 15:44:23 --> Call to a member function getResult() on bool
#0 E:\SERVER\laragon\www\api\app\Controllers\VersionesTamano_vehiculo.php(69): App\Models\VersionesTamanovehiculo_Model->findVersionesTamanoByIds(1, '1016', '2017', '66')
#1 E:\SERVER\laragon\www\api\vendor\codeigniter4\framework\system\CodeIgniter.php(824): App\Controllers\VersionesTamano_vehiculo->show('1016', '2017', '66')
#2 E:\SERVER\laragon\www\api\vendor\codeigniter4\framework\system\CodeIgniter.php(410): CodeIgniter\CodeIgniter->runController(Object(App\Controllers\VersionesTamano_vehiculo))
#3 E:\SERVER\laragon\www\api\vendor\codeigniter4\framework\system\CodeIgniter.php(318): CodeIgniter\CodeIgniter->handleRequest(NULL, Object(Config\Cache), false)
#4 E:\SERVER\laragon\www\api\public\index.php(41): CodeIgniter\CodeIgniter->run()
#5 {main}
ERROR - 2022-05-13 15:44:33 --> [Microsoft][ODBC Driver 17 for SQL Server][SQL Server]Invalid object name 'ECOMMERCE.view_rines'.
CRITICAL - 2022-05-13 15:44:33 --> Call to a member function getResult() on bool
#0 E:\SERVER\laragon\www\api\app\Controllers\VersionesTamano_vehiculo.php(69): App\Models\VersionesTamanovehiculo_Model->findVersionesTamanoByIds(1, '1016', '2015', '66')
#1 E:\SERVER\laragon\www\api\vendor\codeigniter4\framework\system\CodeIgniter.php(824): App\Controllers\VersionesTamano_vehiculo->show('1016', '2015', '66')
#2 E:\SERVER\laragon\www\api\vendor\codeigniter4\framework\system\CodeIgniter.php(410): CodeIgniter\CodeIgniter->runController(Object(App\Controllers\VersionesTamano_vehiculo))
#3 E:\SERVER\laragon\www\api\vendor\codeigniter4\framework\system\CodeIgniter.php(318): CodeIgniter\CodeIgniter->handleRequest(NULL, Object(Config\Cache), false)
#4 E:\SERVER\laragon\www\api\public\index.php(41): CodeIgniter\CodeIgniter->run()
#5 {main}
CRITICAL - 2022-05-13 17:39:16 --> Undefined variable $resul
#0 E:\SERVER\laragon\www\api\app\Controllers\Llantas.php(76): CodeIgniter\Debug\Exceptions->errorHandler(2, 'Undefined varia...', 'E:\\SERVER\\larag...', 76)
#1 E:\SERVER\laragon\www\api\vendor\codeigniter4\framework\system\CodeIgniter.php(824): App\Controllers\Llantas->show('4')
#2 E:\SERVER\laragon\www\api\vendor\codeigniter4\framework\system\CodeIgniter.php(410): CodeIgniter\CodeIgniter->runController(Object(App\Controllers\Llantas))
#3 E:\SERVER\laragon\www\api\vendor\codeigniter4\framework\system\CodeIgniter.php(318): CodeIgniter\CodeIgniter->handleRequest(NULL, Object(Config\Cache), false)
#4 E:\SERVER\laragon\www\api\public\index.php(41): CodeIgniter\CodeIgniter->run()
#5 {main}
CRITICAL - 2022-05-13 17:49:53 --> Undefined variable $id
#0 E:\SERVER\laragon\www\api\app\Controllers\Llantas.php(117): CodeIgniter\Debug\Exceptions->errorHandler(2, 'Undefined varia...', 'E:\\SERVER\\larag...', 117)
#1 E:\SERVER\laragon\www\api\vendor\codeigniter4\framework\system\CodeIgniter.php(824): App\Controllers\Llantas->show('5')
#2 E:\SERVER\laragon\www\api\vendor\codeigniter4\framework\system\CodeIgniter.php(410): CodeIgniter\CodeIgniter->runController(Object(App\Controllers\Llantas))
#3 E:\SERVER\laragon\www\api\vendor\codeigniter4\framework\system\CodeIgniter.php(318): CodeIgniter\CodeIgniter->handleRequest(NULL, Object(Config\Cache), false)
#4 E:\SERVER\laragon\www\api\public\index.php(41): CodeIgniter\CodeIgniter->run()
#5 {main}
CRITICAL - 2022-05-13 17:49:57 --> Undefined variable $id
#0 E:\SERVER\laragon\www\api\app\Controllers\Llantas.php(117): CodeIgniter\Debug\Exceptions->errorHandler(2, 'Undefined varia...', 'E:\\SERVER\\larag...', 117)
#1 E:\SERVER\laragon\www\api\vendor\codeigniter4\framework\system\CodeIgniter.php(824): App\Controllers\Llantas->show('5')
#2 E:\SERVER\laragon\www\api\vendor\codeigniter4\framework\system\CodeIgniter.php(410): CodeIgniter\CodeIgniter->runController(Object(App\Controllers\Llantas))
#3 E:\SERVER\laragon\www\api\vendor\codeigniter4\framework\system\CodeIgniter.php(318): CodeIgniter\CodeIgniter->handleRequest(NULL, Object(Config\Cache), false)
#4 E:\SERVER\laragon\www\api\public\index.php(41): CodeIgniter\CodeIgniter->run()
#5 {main}
CRITICAL - 2022-05-13 17:58:46 --> Undefined property: stdClass::$NOTAS
#0 E:\SERVER\laragon\www\api\app\Controllers\DetalleProducto.php(132): CodeIgniter\Debug\Exceptions->errorHandler(2, 'Undefined prope...', 'E:\\SERVER\\larag...', 132)
#1 E:\SERVER\laragon\www\api\vendor\codeigniter4\framework\system\CodeIgniter.php(824): App\Controllers\DetalleProducto->show('1010')
#2 E:\SERVER\laragon\www\api\vendor\codeigniter4\framework\system\CodeIgniter.php(410): CodeIgniter\CodeIgniter->runController(Object(App\Controllers\DetalleProducto))
#3 E:\SERVER\laragon\www\api\vendor\codeigniter4\framework\system\CodeIgniter.php(318): CodeIgniter\CodeIgniter->handleRequest(NULL, Object(Config\Cache), false)
#4 E:\SERVER\laragon\www\api\public\index.php(41): CodeIgniter\CodeIgniter->run()
#5 {main}
CRITICAL - 2022-05-13 23:19:52 --> Undefined property: stdClass::$NOTAS
#0 E:\SERVER\laragon\www\api\app\Controllers\DetalleProducto.php(132): CodeIgniter\Debug\Exceptions->errorHandler(2, 'Undefined prope...', 'E:\\SERVER\\larag...', 132)
#1 E:\SERVER\laragon\www\api\vendor\codeigniter4\framework\system\CodeIgniter.php(824): App\Controllers\DetalleProducto->show('1010')
#2 E:\SERVER\laragon\www\api\vendor\codeigniter4\framework\system\CodeIgniter.php(410): CodeIgniter\CodeIgniter->runController(Object(App\Controllers\DetalleProducto))
#3 E:\SERVER\laragon\www\api\vendor\codeigniter4\framework\system\CodeIgniter.php(318): CodeIgniter\CodeIgniter->handleRequest(NULL, Object(Config\Cache), false)
#4 E:\SERVER\laragon\www\api\public\index.php(41): CodeIgniter\CodeIgniter->run()
#5 {main}
