ERROR - 2024-05-21 09:35:31 --> Error connecting to the database: Login timeout expired
. 
Unable to complete login process due to delay in login response
ERROR - 2024-05-21 09:35:31 --> Error connecting to the database: Login timeout expired
. 
Unable to complete login process due to delay in login response
CRITICAL - 2024-05-21 09:35:31 --> Unable to connect to the database.
Main connection [SQLSRV]: Login timeout expired
. 
Unable to complete login process due to delay in login response
#0 /opt/lampp/htdocs/api8097/public_html/vendor/codeigniter4/framework/system/Database/BaseConnection.php(577): CodeIgniter\Database\BaseConnection->initialize()
#1 /opt/lampp/htdocs/api8097/public_html/app/Models/Menu_Model.php(17): CodeIgniter\Database\BaseConnection->query('CLSA.sp_getModu...', Array)
#2 /opt/lampp/htdocs/api8097/public_html/app/Controllers/Menu.php(70): App\Models\Menu_Model->sp_getModulosUsuario('PRUEBAPMA', 'WMS', NULL)
#3 /opt/lampp/htdocs/api8097/public_html/vendor/codeigniter4/framework/system/CodeIgniter.php(824): App\Controllers\Menu->show('1')
#4 /opt/lampp/htdocs/api8097/public_html/vendor/codeigniter4/framework/system/CodeIgniter.php(410): CodeIgniter\CodeIgniter->runController(Object(App\Controllers\Menu))
#5 /opt/lampp/htdocs/api8097/public_html/vendor/codeigniter4/framework/system/CodeIgniter.php(318): CodeIgniter\CodeIgniter->handleRequest(NULL, Object(Config\Cache), false)
#6 /opt/lampp/htdocs/api8097/public_html/public/index.php(41): CodeIgniter\CodeIgniter->run()
#7 {main}
CRITICAL - 2024-05-21 09:35:31 --> Unable to connect to the database.
Main connection [SQLSRV]: Login timeout expired
. 
Unable to complete login process due to delay in login response
#0 /opt/lampp/htdocs/api8097/public_html/vendor/codeigniter4/framework/system/Database/BaseConnection.php(577): CodeIgniter\Database\BaseConnection->initialize()
#1 /opt/lampp/htdocs/api8097/public_html/app/Models/WMSodenesDeCompras_Model.php(19): CodeIgniter\Database\BaseConnection->query('{CALL [CLSA].[W...', Array)
#2 /opt/lampp/htdocs/api8097/public_html/app/Controllers/WMSordenesDeCompras.php(37): App\Models\WMSodenesDeCompras_Model->sp_getOrdenesdeCompras('WMS', 'PRUEBAPMA', 'P', 'B-01', 'E', NULL)
#3 /opt/lampp/htdocs/api8097/public_html/vendor/codeigniter4/framework/system/CodeIgniter.php(824): App\Controllers\WMSordenesDeCompras->show_OrdenesDeCompras('L')
#4 /opt/lampp/htdocs/api8097/public_html/vendor/codeigniter4/framework/system/CodeIgniter.php(410): CodeIgniter\CodeIgniter->runController(Object(App\Controllers\WMSordenesDeCompras))
#5 /opt/lampp/htdocs/api8097/public_html/vendor/codeigniter4/framework/system/CodeIgniter.php(318): CodeIgniter\CodeIgniter->handleRequest(NULL, Object(Config\Cache), false)
#6 /opt/lampp/htdocs/api8097/public_html/public/index.php(41): CodeIgniter\CodeIgniter->run()
#7 {main}
ERROR - 2024-05-21 09:35:47 --> Error connecting to the database: Login timeout expired
. 
Unable to complete login process due to delay in login response
CRITICAL - 2024-05-21 09:35:47 --> Unable to connect to the database.
Main connection [SQLSRV]: Login timeout expired
. 
Unable to complete login process due to delay in login response
#0 /opt/lampp/htdocs/api8097/public_html/vendor/codeigniter4/framework/system/Database/BaseConnection.php(577): CodeIgniter\Database\BaseConnection->initialize()
#1 /opt/lampp/htdocs/api8097/public_html/app/Models/WMSodenesDeCompras_Model.php(19): CodeIgniter\Database\BaseConnection->query('{CALL [CLSA].[W...', Array)
#2 /opt/lampp/htdocs/api8097/public_html/app/Controllers/WMSordenesDeCompras.php(37): App\Models\WMSodenesDeCompras_Model->sp_getOrdenesdeCompras('WMS', 'PRUEBAPMA', 'P', 'B-01', 'E', NULL)
#3 /opt/lampp/htdocs/api8097/public_html/vendor/codeigniter4/framework/system/CodeIgniter.php(824): App\Controllers\WMSordenesDeCompras->show_OrdenesDeCompras('L')
#4 /opt/lampp/htdocs/api8097/public_html/vendor/codeigniter4/framework/system/CodeIgniter.php(410): CodeIgniter\CodeIgniter->runController(Object(App\Controllers\WMSordenesDeCompras))
#5 /opt/lampp/htdocs/api8097/public_html/vendor/codeigniter4/framework/system/CodeIgniter.php(318): CodeIgniter\CodeIgniter->handleRequest(NULL, Object(Config\Cache), false)
#6 /opt/lampp/htdocs/api8097/public_html/public/index.php(41): CodeIgniter\CodeIgniter->run()
#7 {main}
