ERROR - 2023-10-26 09:21:29 --> [Microsoft][ODBC Driver 17 for SQL Server][SQL Server]Could not find stored procedure 'Ecommerce.sp_DashboardNorwing'.
CRITICAL - 2023-10-26 09:21:29 --> [Microsoft][ODBC Driver 17 for SQL Server][SQL Server]Could not find stored procedure 'Ecommerce.sp_DashboardNorwing'.
#0 /opt/lampp/htdocs/api8097/public_html/vendor/codeigniter4/framework/system/Database/BaseConnection.php(670): CodeIgniter\Database\SQLSRV\Connection->execute('Ecommerce.sp_Da...')
#1 /opt/lampp/htdocs/api8097/public_html/vendor/codeigniter4/framework/system/Database/BaseConnection.php(598): CodeIgniter\Database\BaseConnection->simpleQuery('Ecommerce.sp_Da...')
#2 /opt/lampp/htdocs/api8097/public_html/app/Models/GetMetasVendedor_Model.php(16): CodeIgniter\Database\BaseConnection->query('Ecommerce.sp_Da...', Array)
#3 /opt/lampp/htdocs/api8097/public_html/app/Controllers/GetMetasVendedor.php(26): App\Models\GetMetasVendedor_Model->GetMetasVendedor('R', '054')
#4 /opt/lampp/htdocs/api8097/public_html/vendor/codeigniter4/framework/system/CodeIgniter.php(824): App\Controllers\GetMetasVendedor->index()
#5 /opt/lampp/htdocs/api8097/public_html/vendor/codeigniter4/framework/system/CodeIgniter.php(410): CodeIgniter\CodeIgniter->runController(Object(App\Controllers\GetMetasVendedor))
#6 /opt/lampp/htdocs/api8097/public_html/vendor/codeigniter4/framework/system/CodeIgniter.php(318): CodeIgniter\CodeIgniter->handleRequest(NULL, Object(Config\Cache), false)
#7 /opt/lampp/htdocs/api8097/public_html/public/index.php(41): CodeIgniter\CodeIgniter->run()
#8 {main}
ERROR - 2023-10-26 09:48:40 --> [Microsoft][ODBC Driver 17 for SQL Server][SQL Server]Invalid column name 'DIASLABORALES'.
CRITICAL - 2023-10-26 09:48:40 --> [Microsoft][ODBC Driver 17 for SQL Server][SQL Server]Invalid column name 'DIASLABORALES'.
#0 /opt/lampp/htdocs/api8097/public_html/vendor/codeigniter4/framework/system/Database/BaseConnection.php(670): CodeIgniter\Database\SQLSRV\Connection->execute('Ecommerce.sp_Da...')
#1 /opt/lampp/htdocs/api8097/public_html/vendor/codeigniter4/framework/system/Database/BaseConnection.php(598): CodeIgniter\Database\BaseConnection->simpleQuery('Ecommerce.sp_Da...')
#2 /opt/lampp/htdocs/api8097/public_html/app/Models/GetMetasVendedor_Model.php(16): CodeIgniter\Database\BaseConnection->query('Ecommerce.sp_Da...', Array)
#3 /opt/lampp/htdocs/api8097/public_html/app/Controllers/GetMetasVendedor.php(26): App\Models\GetMetasVendedor_Model->GetMetasVendedor('R', '054')
#4 /opt/lampp/htdocs/api8097/public_html/vendor/codeigniter4/framework/system/CodeIgniter.php(824): App\Controllers\GetMetasVendedor->index()
#5 /opt/lampp/htdocs/api8097/public_html/vendor/codeigniter4/framework/system/CodeIgniter.php(410): CodeIgniter\CodeIgniter->runController(Object(App\Controllers\GetMetasVendedor))
#6 /opt/lampp/htdocs/api8097/public_html/vendor/codeigniter4/framework/system/CodeIgniter.php(318): CodeIgniter\CodeIgniter->handleRequest(NULL, Object(Config\Cache), false)
#7 /opt/lampp/htdocs/api8097/public_html/public/index.php(41): CodeIgniter\CodeIgniter->run()
#8 {main}
ERROR - 2023-10-26 09:48:46 --> [Microsoft][ODBC Driver 17 for SQL Server][SQL Server]Invalid column name 'DIASLABORALES'.
CRITICAL - 2023-10-26 09:48:46 --> [Microsoft][ODBC Driver 17 for SQL Server][SQL Server]Invalid column name 'DIASLABORALES'.
#0 /opt/lampp/htdocs/api8097/public_html/vendor/codeigniter4/framework/system/Database/BaseConnection.php(670): CodeIgniter\Database\SQLSRV\Connection->execute('Ecommerce.sp_Da...')
#1 /opt/lampp/htdocs/api8097/public_html/vendor/codeigniter4/framework/system/Database/BaseConnection.php(598): CodeIgniter\Database\BaseConnection->simpleQuery('Ecommerce.sp_Da...')
#2 /opt/lampp/htdocs/api8097/public_html/app/Models/GetMetasVendedor_Model.php(16): CodeIgniter\Database\BaseConnection->query('Ecommerce.sp_Da...', Array)
#3 /opt/lampp/htdocs/api8097/public_html/app/Controllers/GetMetasVendedor.php(26): App\Models\GetMetasVendedor_Model->GetMetasVendedor('R', '054')
#4 /opt/lampp/htdocs/api8097/public_html/vendor/codeigniter4/framework/system/CodeIgniter.php(824): App\Controllers\GetMetasVendedor->index()
#5 /opt/lampp/htdocs/api8097/public_html/vendor/codeigniter4/framework/system/CodeIgniter.php(410): CodeIgniter\CodeIgniter->runController(Object(App\Controllers\GetMetasVendedor))
#6 /opt/lampp/htdocs/api8097/public_html/vendor/codeigniter4/framework/system/CodeIgniter.php(318): CodeIgniter\CodeIgniter->handleRequest(NULL, Object(Config\Cache), false)
#7 /opt/lampp/htdocs/api8097/public_html/public/index.php(41): CodeIgniter\CodeIgniter->run()
#8 {main}
ERROR - 2023-10-26 09:50:09 --> [Microsoft][ODBC Driver 17 for SQL Server][SQL Server]Invalid column name 'DIASLABORALES'.
CRITICAL - 2023-10-26 09:50:09 --> [Microsoft][ODBC Driver 17 for SQL Server][SQL Server]Invalid column name 'DIASLABORALES'.
#0 /opt/lampp/htdocs/api8097/public_html/vendor/codeigniter4/framework/system/Database/BaseConnection.php(670): CodeIgniter\Database\SQLSRV\Connection->execute('Ecommerce.sp_Da...')
#1 /opt/lampp/htdocs/api8097/public_html/vendor/codeigniter4/framework/system/Database/BaseConnection.php(598): CodeIgniter\Database\BaseConnection->simpleQuery('Ecommerce.sp_Da...')
#2 /opt/lampp/htdocs/api8097/public_html/app/Models/GetMetasVendedor_Model.php(16): CodeIgniter\Database\BaseConnection->query('Ecommerce.sp_Da...', Array)
#3 /opt/lampp/htdocs/api8097/public_html/app/Controllers/GetMetasVendedor.php(26): App\Models\GetMetasVendedor_Model->GetMetasVendedor('R', 'FFRAGO')
#4 /opt/lampp/htdocs/api8097/public_html/vendor/codeigniter4/framework/system/CodeIgniter.php(824): App\Controllers\GetMetasVendedor->index()
#5 /opt/lampp/htdocs/api8097/public_html/vendor/codeigniter4/framework/system/CodeIgniter.php(410): CodeIgniter\CodeIgniter->runController(Object(App\Controllers\GetMetasVendedor))
#6 /opt/lampp/htdocs/api8097/public_html/vendor/codeigniter4/framework/system/CodeIgniter.php(318): CodeIgniter\CodeIgniter->handleRequest(NULL, Object(Config\Cache), false)
#7 /opt/lampp/htdocs/api8097/public_html/public/index.php(41): CodeIgniter\CodeIgniter->run()
#8 {main}
