CRITICAL - 2023-06-30 11:18:46 --> Undefined variable: arrMenu
#0 /opt/lampp/htdocs/api8097/public_html/app/Controllers/Menu.php(111): CodeIgniter\Debug\Exceptions->errorHandler(8, 'Undefined varia...', '/opt/lampp/htdo...', 111, Array)
#1 /opt/lampp/htdocs/api8097/public_html/vendor/codeigniter4/framework/system/CodeIgniter.php(824): App\Controllers\Menu->show('1')
#2 /opt/lampp/htdocs/api8097/public_html/vendor/codeigniter4/framework/system/CodeIgniter.php(410): CodeIgniter\CodeIgniter->runController(Object(App\Controllers\Menu))
#3 /opt/lampp/htdocs/api8097/public_html/vendor/codeigniter4/framework/system/CodeIgniter.php(318): CodeIgniter\CodeIgniter->handleRequest(NULL, Object(Config\Cache), false)
#4 /opt/lampp/htdocs/api8097/public_html/public/index.php(41): CodeIgniter\CodeIgniter->run()
#5 {main}
ERROR - 2023-06-30 15:34:34 --> Memory limit of 50240 KB exceeded for buffered query
CRITICAL - 2023-06-30 15:34:34 --> Memory limit of 50240 KB exceeded for buffered query
#0 /opt/lampp/htdocs/api8097/public_html/vendor/codeigniter4/framework/system/Database/BaseConnection.php(670): CodeIgniter\Database\SQLSRV\Connection->execute('ECOMMERCE.sp_ge...')
#1 /opt/lampp/htdocs/api8097/public_html/vendor/codeigniter4/framework/system/Database/BaseConnection.php(598): CodeIgniter\Database\BaseConnection->simpleQuery('ECOMMERCE.sp_ge...')
#2 /opt/lampp/htdocs/api8097/public_html/app/Models/Pedidos_Model.php(16): CodeIgniter\Database\BaseConnection->query('ECOMMERCE.sp_ge...', Array)
#3 /opt/lampp/htdocs/api8097/public_html/app/Controllers/Pedidos.php(74): App\Models\Pedidos_Model->reportePedidos('D', NULL, NULL, NULL, NULL, NULL, NULL, ' ')
#4 /opt/lampp/htdocs/api8097/public_html/vendor/codeigniter4/framework/system/CodeIgniter.php(824): App\Controllers\Pedidos->show('D')
#5 /opt/lampp/htdocs/api8097/public_html/vendor/codeigniter4/framework/system/CodeIgniter.php(410): CodeIgniter\CodeIgniter->runController(Object(App\Controllers\Pedidos))
#6 /opt/lampp/htdocs/api8097/public_html/vendor/codeigniter4/framework/system/CodeIgniter.php(318): CodeIgniter\CodeIgniter->handleRequest(NULL, Object(Config\Cache), false)
#7 /opt/lampp/htdocs/api8097/public_html/public/index.php(41): CodeIgniter\CodeIgniter->run()
#8 {main}
ERROR - 2023-06-30 15:34:39 --> Memory limit of 50240 KB exceeded for buffered query
CRITICAL - 2023-06-30 15:34:39 --> Memory limit of 50240 KB exceeded for buffered query
#0 /opt/lampp/htdocs/api8097/public_html/vendor/codeigniter4/framework/system/Database/BaseConnection.php(670): CodeIgniter\Database\SQLSRV\Connection->execute('ECOMMERCE.sp_ge...')
#1 /opt/lampp/htdocs/api8097/public_html/vendor/codeigniter4/framework/system/Database/BaseConnection.php(598): CodeIgniter\Database\BaseConnection->simpleQuery('ECOMMERCE.sp_ge...')
#2 /opt/lampp/htdocs/api8097/public_html/app/Models/Pedidos_Model.php(16): CodeIgniter\Database\BaseConnection->query('ECOMMERCE.sp_ge...', Array)
#3 /opt/lampp/htdocs/api8097/public_html/app/Controllers/Pedidos.php(74): App\Models\Pedidos_Model->reportePedidos('D', NULL, NULL, NULL, NULL, NULL, NULL, ' ')
#4 /opt/lampp/htdocs/api8097/public_html/vendor/codeigniter4/framework/system/CodeIgniter.php(824): App\Controllers\Pedidos->show('D')
#5 /opt/lampp/htdocs/api8097/public_html/vendor/codeigniter4/framework/system/CodeIgniter.php(410): CodeIgniter\CodeIgniter->runController(Object(App\Controllers\Pedidos))
#6 /opt/lampp/htdocs/api8097/public_html/vendor/codeigniter4/framework/system/CodeIgniter.php(318): CodeIgniter\CodeIgniter->handleRequest(NULL, Object(Config\Cache), false)
#7 /opt/lampp/htdocs/api8097/public_html/public/index.php(41): CodeIgniter\CodeIgniter->run()
#8 {main}
ERROR - 2023-06-30 16:37:05 --> Memory limit of 50240 KB exceeded for buffered query
CRITICAL - 2023-06-30 16:37:05 --> Memory limit of 50240 KB exceeded for buffered query
#0 /opt/lampp/htdocs/api8097/public_html/vendor/codeigniter4/framework/system/Database/BaseConnection.php(670): CodeIgniter\Database\SQLSRV\Connection->execute('ECOMMERCE.sp_ge...')
#1 /opt/lampp/htdocs/api8097/public_html/vendor/codeigniter4/framework/system/Database/BaseConnection.php(598): CodeIgniter\Database\BaseConnection->simpleQuery('ECOMMERCE.sp_ge...')
#2 /opt/lampp/htdocs/api8097/public_html/app/Models/Pedidos_Model.php(16): CodeIgniter\Database\BaseConnection->query('ECOMMERCE.sp_ge...', Array)
#3 /opt/lampp/htdocs/api8097/public_html/app/Controllers/Pedidos.php(74): App\Models\Pedidos_Model->reportePedidos('D', NULL, NULL, NULL, NULL, NULL, NULL, ' ')
#4 /opt/lampp/htdocs/api8097/public_html/vendor/codeigniter4/framework/system/CodeIgniter.php(824): App\Controllers\Pedidos->show('D')
#5 /opt/lampp/htdocs/api8097/public_html/vendor/codeigniter4/framework/system/CodeIgniter.php(410): CodeIgniter\CodeIgniter->runController(Object(App\Controllers\Pedidos))
#6 /opt/lampp/htdocs/api8097/public_html/vendor/codeigniter4/framework/system/CodeIgniter.php(318): CodeIgniter\CodeIgniter->handleRequest(NULL, Object(Config\Cache), false)
#7 /opt/lampp/htdocs/api8097/public_html/public/index.php(41): CodeIgniter\CodeIgniter->run()
#8 {main}
