CRITICAL - 2022-06-11 11:53:19 --> print_r() expects at least 1 argument, 0 given
#0 E:\SERVER\laragon\www\api\app\Models\BusquedaRines_Model.php(15): print_r()
#1 E:\SERVER\laragon\www\api\app\Controllers\BusquedaRines.php(57): App\Models\BusquedaRines_Model->BusquedaRines(0, 0, 0, NULL, NULL, '2', '1051', '1062', '13,14,15', NULL, NULL, NULL, NULL, NULL, 'N', 'C', 0, 0, 0, 'B-51')
#2 E:\SERVER\laragon\www\api\vendor\codeigniter4\framework\system\CodeIgniter.php(824): App\Controllers\BusquedaRines->show('2')
#3 E:\SERVER\laragon\www\api\vendor\codeigniter4\framework\system\CodeIgniter.php(410): CodeIgniter\CodeIgniter->runController(Object(App\Controllers\BusquedaRines))
#4 E:\SERVER\laragon\www\api\vendor\codeigniter4\framework\system\CodeIgniter.php(318): CodeIgniter\CodeIgniter->handleRequest(NULL, Object(Config\Cache), false)
#5 E:\SERVER\laragon\www\api\public\index.php(41): CodeIgniter\CodeIgniter->run()
#6 {main}
CRITICAL - 2022-06-11 11:53:39 --> print_r() expects at least 1 argument, 0 given
#0 E:\SERVER\laragon\www\api\app\Models\BusquedaRines_Model.php(15): print_r()
#1 E:\SERVER\laragon\www\api\app\Controllers\BusquedaRines.php(57): App\Models\BusquedaRines_Model->BusquedaRines(0, 0, 0, NULL, NULL, '2', '1053', '1062', '15,16', NULL, NULL, NULL, NULL, NULL, 'N', 'C', 0, 0, 0, 'B-51')
#2 E:\SERVER\laragon\www\api\vendor\codeigniter4\framework\system\CodeIgniter.php(824): App\Controllers\BusquedaRines->show('2')
#3 E:\SERVER\laragon\www\api\vendor\codeigniter4\framework\system\CodeIgniter.php(410): CodeIgniter\CodeIgniter->runController(Object(App\Controllers\BusquedaRines))
#4 E:\SERVER\laragon\www\api\vendor\codeigniter4\framework\system\CodeIgniter.php(318): CodeIgniter\CodeIgniter->handleRequest(NULL, Object(Config\Cache), false)
#5 E:\SERVER\laragon\www\api\public\index.php(41): CodeIgniter\CodeIgniter->run()
#6 {main}
CRITICAL - 2022-06-11 11:53:49 --> print_r() expects at least 1 argument, 0 given
#0 E:\SERVER\laragon\www\api\app\Models\BusquedaRines_Model.php(15): print_r()
#1 E:\SERVER\laragon\www\api\app\Controllers\BusquedaRines.php(57): App\Models\BusquedaRines_Model->BusquedaRines(0, 0, 0, NULL, NULL, '2', '1051', '1062', '13', NULL, NULL, NULL, NULL, NULL, 'N', 'C', 0, 0, 0, 'B-51')
#2 E:\SERVER\laragon\www\api\vendor\codeigniter4\framework\system\CodeIgniter.php(824): App\Controllers\BusquedaRines->show('2')
#3 E:\SERVER\laragon\www\api\vendor\codeigniter4\framework\system\CodeIgniter.php(410): CodeIgniter\CodeIgniter->runController(Object(App\Controllers\BusquedaRines))
#4 E:\SERVER\laragon\www\api\vendor\codeigniter4\framework\system\CodeIgniter.php(318): CodeIgniter\CodeIgniter->handleRequest(NULL, Object(Config\Cache), false)
#5 E:\SERVER\laragon\www\api\public\index.php(41): CodeIgniter\CodeIgniter->run()
#6 {main}
CRITICAL - 2022-06-11 11:55:10 --> print_r() expects at least 1 argument, 0 given
#0 E:\SERVER\laragon\www\api\app\Models\BusquedaRines_Model.php(15): print_r()
#1 E:\SERVER\laragon\www\api\app\Controllers\BusquedaRines.php(57): App\Models\BusquedaRines_Model->BusquedaRines(0, 0, 0, NULL, NULL, '2', '1051', '1062', '13,14,15,16,17,...', NULL, NULL, NULL, NULL, NULL, 'N', 'C', 0, 0, 0, 'B-51')
#2 E:\SERVER\laragon\www\api\vendor\codeigniter4\framework\system\CodeIgniter.php(824): App\Controllers\BusquedaRines->show('2')
#3 E:\SERVER\laragon\www\api\vendor\codeigniter4\framework\system\CodeIgniter.php(410): CodeIgniter\CodeIgniter->runController(Object(App\Controllers\BusquedaRines))
#4 E:\SERVER\laragon\www\api\vendor\codeigniter4\framework\system\CodeIgniter.php(318): CodeIgniter\CodeIgniter->handleRequest(NULL, Object(Config\Cache), false)
#5 E:\SERVER\laragon\www\api\public\index.php(41): CodeIgniter\CodeIgniter->run()
#6 {main}
ERROR - 2022-06-11 11:56:18 --> Memory limit of 10240 KB exceeded for buffered query
CRITICAL - 2022-06-11 11:56:18 --> Call to a member function getResult() on bool
#0 E:\SERVER\laragon\www\api\app\Controllers\BusquedaRines.php(57): App\Models\BusquedaRines_Model->BusquedaRines(0, 0, 0, NULL, NULL, '2', '1051', '1062', '13,14,15,16,17', NULL, NULL, NULL, NULL, NULL, 'N', 'C', 0, 0, 0, 'B-51')
#1 E:\SERVER\laragon\www\api\vendor\codeigniter4\framework\system\CodeIgniter.php(824): App\Controllers\BusquedaRines->show('2')
#2 E:\SERVER\laragon\www\api\vendor\codeigniter4\framework\system\CodeIgniter.php(410): CodeIgniter\CodeIgniter->runController(Object(App\Controllers\BusquedaRines))
#3 E:\SERVER\laragon\www\api\vendor\codeigniter4\framework\system\CodeIgniter.php(318): CodeIgniter\CodeIgniter->handleRequest(NULL, Object(Config\Cache), false)
#4 E:\SERVER\laragon\www\api\public\index.php(41): CodeIgniter\CodeIgniter->run()
#5 {main}
ERROR - 2022-06-11 11:57:03 --> Memory limit of 10240 KB exceeded for buffered query
CRITICAL - 2022-06-11 11:57:03 --> Call to a member function getResult() on bool
#0 E:\SERVER\laragon\www\api\app\Controllers\BusquedaRines.php(57): App\Models\BusquedaRines_Model->BusquedaRines(0, 0, 0, NULL, NULL, '2', '1051', '1062', '13,14,15,16,17,...', NULL, NULL, NULL, NULL, NULL, 'N', 'C', 0, 0, 0, 'B-51')
#1 E:\SERVER\laragon\www\api\vendor\codeigniter4\framework\system\CodeIgniter.php(824): App\Controllers\BusquedaRines->show('2')
#2 E:\SERVER\laragon\www\api\vendor\codeigniter4\framework\system\CodeIgniter.php(410): CodeIgniter\CodeIgniter->runController(Object(App\Controllers\BusquedaRines))
#3 E:\SERVER\laragon\www\api\vendor\codeigniter4\framework\system\CodeIgniter.php(318): CodeIgniter\CodeIgniter->handleRequest(NULL, Object(Config\Cache), false)
#4 E:\SERVER\laragon\www\api\public\index.php(41): CodeIgniter\CodeIgniter->run()
#5 {main}
ERROR - 2022-06-11 11:57:15 --> Memory limit of 10240 KB exceeded for buffered query
CRITICAL - 2022-06-11 11:57:15 --> Call to a member function getResult() on bool
#0 E:\SERVER\laragon\www\api\app\Controllers\BusquedaRines.php(57): App\Models\BusquedaRines_Model->BusquedaRines(0, 0, 0, NULL, NULL, '2', '1051', '1062', '13,14,15,16,17', NULL, NULL, NULL, NULL, NULL, 'N', 'C', 0, 0, 0, 'B-51')
#1 E:\SERVER\laragon\www\api\vendor\codeigniter4\framework\system\CodeIgniter.php(824): App\Controllers\BusquedaRines->show('2')
#2 E:\SERVER\laragon\www\api\vendor\codeigniter4\framework\system\CodeIgniter.php(410): CodeIgniter\CodeIgniter->runController(Object(App\Controllers\BusquedaRines))
#3 E:\SERVER\laragon\www\api\vendor\codeigniter4\framework\system\CodeIgniter.php(318): CodeIgniter\CodeIgniter->handleRequest(NULL, Object(Config\Cache), false)
#4 E:\SERVER\laragon\www\api\public\index.php(41): CodeIgniter\CodeIgniter->run()
#5 {main}
ERROR - 2022-06-11 11:58:08 --> Memory limit of 10240 KB exceeded for buffered query
ERROR - 2022-06-11 11:58:59 --> Memory limit of 10240 KB exceeded for buffered query
CRITICAL - 2022-06-11 12:04:10 --> Failed to parse json string, error: "Type is not supported".
#0 E:\SERVER\laragon\www\api\vendor\codeigniter4\framework\system\Format\JSONFormatter.php(41): CodeIgniter\Format\Exceptions\FormatException::forInvalidJSON('Type is not sup...')
#1 E:\SERVER\laragon\www\api\vendor\codeigniter4\framework\system\HTTP\ResponseTrait.php(317): CodeIgniter\Format\JSONFormatter->format(Array)
#2 E:\SERVER\laragon\www\api\vendor\codeigniter4\framework\system\HTTP\ResponseTrait.php(243): CodeIgniter\HTTP\Response->formatBody(Array, 'json')
#3 E:\SERVER\laragon\www\api\app\Controllers\BaseController.php(43): CodeIgniter\HTTP\Response->setJSON(Array)
#4 E:\SERVER\laragon\www\api\app\Controllers\BusquedaRines.php(62): App\Controllers\BaseController->getResponse(Array)
#5 E:\SERVER\laragon\www\api\vendor\codeigniter4\framework\system\CodeIgniter.php(824): App\Controllers\BusquedaRines->show('2')
#6 E:\SERVER\laragon\www\api\vendor\codeigniter4\framework\system\CodeIgniter.php(410): CodeIgniter\CodeIgniter->runController(Object(App\Controllers\BusquedaRines))
#7 E:\SERVER\laragon\www\api\vendor\codeigniter4\framework\system\CodeIgniter.php(318): CodeIgniter\CodeIgniter->handleRequest(NULL, Object(Config\Cache), false)
#8 E:\SERVER\laragon\www\api\public\index.php(41): CodeIgniter\CodeIgniter->run()
#9 {main}
CRITICAL - 2022-06-11 12:04:24 --> Failed to parse json string, error: "Type is not supported".
#0 E:\SERVER\laragon\www\api\vendor\codeigniter4\framework\system\Format\JSONFormatter.php(41): CodeIgniter\Format\Exceptions\FormatException::forInvalidJSON('Type is not sup...')
#1 E:\SERVER\laragon\www\api\vendor\codeigniter4\framework\system\HTTP\ResponseTrait.php(317): CodeIgniter\Format\JSONFormatter->format(Array)
#2 E:\SERVER\laragon\www\api\vendor\codeigniter4\framework\system\HTTP\ResponseTrait.php(243): CodeIgniter\HTTP\Response->formatBody(Array, 'json')
#3 E:\SERVER\laragon\www\api\app\Controllers\BaseController.php(43): CodeIgniter\HTTP\Response->setJSON(Array)
#4 E:\SERVER\laragon\www\api\app\Controllers\BusquedaRines.php(62): App\Controllers\BaseController->getResponse(Array)
#5 E:\SERVER\laragon\www\api\vendor\codeigniter4\framework\system\CodeIgniter.php(824): App\Controllers\BusquedaRines->show('2')
#6 E:\SERVER\laragon\www\api\vendor\codeigniter4\framework\system\CodeIgniter.php(410): CodeIgniter\CodeIgniter->runController(Object(App\Controllers\BusquedaRines))
#7 E:\SERVER\laragon\www\api\vendor\codeigniter4\framework\system\CodeIgniter.php(318): CodeIgniter\CodeIgniter->handleRequest(NULL, Object(Config\Cache), false)
#8 E:\SERVER\laragon\www\api\public\index.php(41): CodeIgniter\CodeIgniter->run()
#9 {main}
CRITICAL - 2022-06-11 12:07:10 --> Failed to parse json string, error: "Type is not supported".
#0 E:\SERVER\laragon\www\api\vendor\codeigniter4\framework\system\Format\JSONFormatter.php(41): CodeIgniter\Format\Exceptions\FormatException::forInvalidJSON('Type is not sup...')
#1 E:\SERVER\laragon\www\api\vendor\codeigniter4\framework\system\HTTP\ResponseTrait.php(317): CodeIgniter\Format\JSONFormatter->format(Array)
#2 E:\SERVER\laragon\www\api\vendor\codeigniter4\framework\system\HTTP\ResponseTrait.php(243): CodeIgniter\HTTP\Response->formatBody(Array, 'json')
#3 E:\SERVER\laragon\www\api\app\Controllers\BaseController.php(43): CodeIgniter\HTTP\Response->setJSON(Array)
#4 E:\SERVER\laragon\www\api\app\Controllers\BusquedaRines.php(62): App\Controllers\BaseController->getResponse(Array)
#5 E:\SERVER\laragon\www\api\vendor\codeigniter4\framework\system\CodeIgniter.php(824): App\Controllers\BusquedaRines->show('2')
#6 E:\SERVER\laragon\www\api\vendor\codeigniter4\framework\system\CodeIgniter.php(410): CodeIgniter\CodeIgniter->runController(Object(App\Controllers\BusquedaRines))
#7 E:\SERVER\laragon\www\api\vendor\codeigniter4\framework\system\CodeIgniter.php(318): CodeIgniter\CodeIgniter->handleRequest(NULL, Object(Config\Cache), false)
#8 E:\SERVER\laragon\www\api\public\index.php(41): CodeIgniter\CodeIgniter->run()
#9 {main}
CRITICAL - 2022-06-11 12:07:15 --> Failed to parse json string, error: "Type is not supported".
#0 E:\SERVER\laragon\www\api\vendor\codeigniter4\framework\system\Format\JSONFormatter.php(41): CodeIgniter\Format\Exceptions\FormatException::forInvalidJSON('Type is not sup...')
#1 E:\SERVER\laragon\www\api\vendor\codeigniter4\framework\system\HTTP\ResponseTrait.php(317): CodeIgniter\Format\JSONFormatter->format(Array)
#2 E:\SERVER\laragon\www\api\vendor\codeigniter4\framework\system\HTTP\ResponseTrait.php(243): CodeIgniter\HTTP\Response->formatBody(Array, 'json')
#3 E:\SERVER\laragon\www\api\app\Controllers\BaseController.php(43): CodeIgniter\HTTP\Response->setJSON(Array)
#4 E:\SERVER\laragon\www\api\app\Controllers\BusquedaRines.php(62): App\Controllers\BaseController->getResponse(Array)
#5 E:\SERVER\laragon\www\api\vendor\codeigniter4\framework\system\CodeIgniter.php(824): App\Controllers\BusquedaRines->show('2')
#6 E:\SERVER\laragon\www\api\vendor\codeigniter4\framework\system\CodeIgniter.php(410): CodeIgniter\CodeIgniter->runController(Object(App\Controllers\BusquedaRines))
#7 E:\SERVER\laragon\www\api\vendor\codeigniter4\framework\system\CodeIgniter.php(318): CodeIgniter\CodeIgniter->handleRequest(NULL, Object(Config\Cache), false)
#8 E:\SERVER\laragon\www\api\public\index.php(41): CodeIgniter\CodeIgniter->run()
#9 {main}
CRITICAL - 2022-06-11 12:08:06 --> Failed to parse json string, error: "Type is not supported".
#0 E:\SERVER\laragon\www\api\vendor\codeigniter4\framework\system\Format\JSONFormatter.php(41): CodeIgniter\Format\Exceptions\FormatException::forInvalidJSON('Type is not sup...')
#1 E:\SERVER\laragon\www\api\vendor\codeigniter4\framework\system\HTTP\ResponseTrait.php(317): CodeIgniter\Format\JSONFormatter->format(Array)
#2 E:\SERVER\laragon\www\api\vendor\codeigniter4\framework\system\HTTP\ResponseTrait.php(243): CodeIgniter\HTTP\Response->formatBody(Array, 'json')
#3 E:\SERVER\laragon\www\api\app\Controllers\BaseController.php(43): CodeIgniter\HTTP\Response->setJSON(Array)
#4 E:\SERVER\laragon\www\api\app\Controllers\BusquedaRines.php(62): App\Controllers\BaseController->getResponse(Array)
#5 E:\SERVER\laragon\www\api\vendor\codeigniter4\framework\system\CodeIgniter.php(824): App\Controllers\BusquedaRines->show('1')
#6 E:\SERVER\laragon\www\api\vendor\codeigniter4\framework\system\CodeIgniter.php(410): CodeIgniter\CodeIgniter->runController(Object(App\Controllers\BusquedaRines))
#7 E:\SERVER\laragon\www\api\vendor\codeigniter4\framework\system\CodeIgniter.php(318): CodeIgniter\CodeIgniter->handleRequest(NULL, Object(Config\Cache), false)
#8 E:\SERVER\laragon\www\api\public\index.php(41): CodeIgniter\CodeIgniter->run()
#9 {main}
CRITICAL - 2022-06-11 12:08:06 --> Uncaught CodeIgniter\Format\Exceptions\FormatException: Failed to parse json string, error: "Type is not supported". in E:\SERVER\laragon\www\api\vendor\codeigniter4\framework\system\Format\JSONFormatter.php:41
Stack trace:
#0 E:\SERVER\laragon\www\api\vendor\codeigniter4\framework\system\Format\JSONFormatter.php(41): CodeIgniter\Format\Exceptions\FormatException::forInvalidJSON('Type is not sup...')
#1 E:\SERVER\laragon\www\api\vendor\codeigniter4\framework\system\API\ResponseTrait.php(341): CodeIgniter\Format\JSONFormatter->format(Array)
#2 E:\SERVER\laragon\www\api\vendor\codeigniter4\framework\system\API\ResponseTrait.php(99): CodeIgniter\Debug\Exceptions->format(Array)
#3 E:\SERVER\laragon\www\api\vendor\codeigniter4\framework\system\Debug\Exceptions.php(110): CodeIgniter\Debug\Exceptions->respond(Array, 500)
#4 [internal function]: CodeIgniter\Debug\Exceptions->exceptionHandler(Object(CodeIgniter\Format\Exceptions\FormatException))
#5 {main}
  thrown
#0 [internal function]: CodeIgniter\Debug\Exceptions->shutdownHandler()
#1 {main}
CRITICAL - 2022-06-11 12:08:34 --> Failed to parse json string, error: "Type is not supported".
#0 E:\SERVER\laragon\www\api\vendor\codeigniter4\framework\system\Format\JSONFormatter.php(41): CodeIgniter\Format\Exceptions\FormatException::forInvalidJSON('Type is not sup...')
#1 E:\SERVER\laragon\www\api\vendor\codeigniter4\framework\system\HTTP\ResponseTrait.php(317): CodeIgniter\Format\JSONFormatter->format(Array)
#2 E:\SERVER\laragon\www\api\vendor\codeigniter4\framework\system\HTTP\ResponseTrait.php(243): CodeIgniter\HTTP\Response->formatBody(Array, 'json')
#3 E:\SERVER\laragon\www\api\app\Controllers\BaseController.php(43): CodeIgniter\HTTP\Response->setJSON(Array)
#4 E:\SERVER\laragon\www\api\app\Controllers\BusquedaRines.php(62): App\Controllers\BaseController->getResponse(Array)
#5 E:\SERVER\laragon\www\api\vendor\codeigniter4\framework\system\CodeIgniter.php(824): App\Controllers\BusquedaRines->show('1')
#6 E:\SERVER\laragon\www\api\vendor\codeigniter4\framework\system\CodeIgniter.php(410): CodeIgniter\CodeIgniter->runController(Object(App\Controllers\BusquedaRines))
#7 E:\SERVER\laragon\www\api\vendor\codeigniter4\framework\system\CodeIgniter.php(318): CodeIgniter\CodeIgniter->handleRequest(NULL, Object(Config\Cache), false)
#8 E:\SERVER\laragon\www\api\public\index.php(41): CodeIgniter\CodeIgniter->run()
#9 {main}
CRITICAL - 2022-06-11 12:08:58 --> Failed to parse json string, error: "Type is not supported".
#0 E:\SERVER\laragon\www\api\vendor\codeigniter4\framework\system\Format\JSONFormatter.php(41): CodeIgniter\Format\Exceptions\FormatException::forInvalidJSON('Type is not sup...')
#1 E:\SERVER\laragon\www\api\vendor\codeigniter4\framework\system\HTTP\ResponseTrait.php(317): CodeIgniter\Format\JSONFormatter->format(Array)
#2 E:\SERVER\laragon\www\api\vendor\codeigniter4\framework\system\HTTP\ResponseTrait.php(243): CodeIgniter\HTTP\Response->formatBody(Array, 'json')
#3 E:\SERVER\laragon\www\api\app\Controllers\BaseController.php(43): CodeIgniter\HTTP\Response->setJSON(Array)
#4 E:\SERVER\laragon\www\api\app\Controllers\BusquedaRines.php(62): App\Controllers\BaseController->getResponse(Array)
#5 E:\SERVER\laragon\www\api\vendor\codeigniter4\framework\system\CodeIgniter.php(824): App\Controllers\BusquedaRines->show('1')
#6 E:\SERVER\laragon\www\api\vendor\codeigniter4\framework\system\CodeIgniter.php(410): CodeIgniter\CodeIgniter->runController(Object(App\Controllers\BusquedaRines))
#7 E:\SERVER\laragon\www\api\vendor\codeigniter4\framework\system\CodeIgniter.php(318): CodeIgniter\CodeIgniter->handleRequest(NULL, Object(Config\Cache), false)
#8 E:\SERVER\laragon\www\api\public\index.php(41): CodeIgniter\CodeIgniter->run()
#9 {main}
CRITICAL - 2022-06-11 12:13:02 --> Failed to parse json string, error: "Type is not supported".
#0 E:\SERVER\laragon\www\api\vendor\codeigniter4\framework\system\Format\JSONFormatter.php(41): CodeIgniter\Format\Exceptions\FormatException::forInvalidJSON('Type is not sup...')
#1 E:\SERVER\laragon\www\api\vendor\codeigniter4\framework\system\HTTP\ResponseTrait.php(317): CodeIgniter\Format\JSONFormatter->format(Array)
#2 E:\SERVER\laragon\www\api\vendor\codeigniter4\framework\system\HTTP\ResponseTrait.php(243): CodeIgniter\HTTP\Response->formatBody(Array, 'json')
#3 E:\SERVER\laragon\www\api\app\Controllers\BaseController.php(43): CodeIgniter\HTTP\Response->setJSON(Array)
#4 E:\SERVER\laragon\www\api\app\Controllers\BusquedaRines.php(62): App\Controllers\BaseController->getResponse(Array)
#5 E:\SERVER\laragon\www\api\vendor\codeigniter4\framework\system\CodeIgniter.php(824): App\Controllers\BusquedaRines->show('1')
#6 E:\SERVER\laragon\www\api\vendor\codeigniter4\framework\system\CodeIgniter.php(410): CodeIgniter\CodeIgniter->runController(Object(App\Controllers\BusquedaRines))
#7 E:\SERVER\laragon\www\api\vendor\codeigniter4\framework\system\CodeIgniter.php(318): CodeIgniter\CodeIgniter->handleRequest(NULL, Object(Config\Cache), false)
#8 E:\SERVER\laragon\www\api\public\index.php(41): CodeIgniter\CodeIgniter->run()
#9 {main}
CRITICAL - 2022-06-11 12:22:40 --> Failed to parse json string, error: "Type is not supported".
#0 E:\SERVER\laragon\www\api\vendor\codeigniter4\framework\system\Format\JSONFormatter.php(41): CodeIgniter\Format\Exceptions\FormatException::forInvalidJSON('Type is not sup...')
#1 E:\SERVER\laragon\www\api\vendor\codeigniter4\framework\system\HTTP\ResponseTrait.php(317): CodeIgniter\Format\JSONFormatter->format(Array)
#2 E:\SERVER\laragon\www\api\vendor\codeigniter4\framework\system\HTTP\ResponseTrait.php(243): CodeIgniter\HTTP\Response->formatBody(Array, 'json')
#3 E:\SERVER\laragon\www\api\app\Controllers\BaseController.php(43): CodeIgniter\HTTP\Response->setJSON(Array)
#4 E:\SERVER\laragon\www\api\app\Controllers\BusquedaRines.php(62): App\Controllers\BaseController->getResponse(Array)
#5 E:\SERVER\laragon\www\api\vendor\codeigniter4\framework\system\CodeIgniter.php(824): App\Controllers\BusquedaRines->show('1')
#6 E:\SERVER\laragon\www\api\vendor\codeigniter4\framework\system\CodeIgniter.php(410): CodeIgniter\CodeIgniter->runController(Object(App\Controllers\BusquedaRines))
#7 E:\SERVER\laragon\www\api\vendor\codeigniter4\framework\system\CodeIgniter.php(318): CodeIgniter\CodeIgniter->handleRequest(NULL, Object(Config\Cache), false)
#8 E:\SERVER\laragon\www\api\public\index.php(41): CodeIgniter\CodeIgniter->run()
#9 {main}
CRITICAL - 2022-06-11 12:23:04 --> Failed to parse json string, error: "Type is not supported".
#0 E:\SERVER\laragon\www\api\vendor\codeigniter4\framework\system\Format\JSONFormatter.php(41): CodeIgniter\Format\Exceptions\FormatException::forInvalidJSON('Type is not sup...')
#1 E:\SERVER\laragon\www\api\vendor\codeigniter4\framework\system\HTTP\ResponseTrait.php(317): CodeIgniter\Format\JSONFormatter->format(Array)
#2 E:\SERVER\laragon\www\api\vendor\codeigniter4\framework\system\HTTP\ResponseTrait.php(243): CodeIgniter\HTTP\Response->formatBody(Array, 'json')
#3 E:\SERVER\laragon\www\api\app\Controllers\BaseController.php(43): CodeIgniter\HTTP\Response->setJSON(Array)
#4 E:\SERVER\laragon\www\api\app\Controllers\BusquedaRines.php(62): App\Controllers\BaseController->getResponse(Array)
#5 E:\SERVER\laragon\www\api\vendor\codeigniter4\framework\system\CodeIgniter.php(824): App\Controllers\BusquedaRines->show('2')
#6 E:\SERVER\laragon\www\api\vendor\codeigniter4\framework\system\CodeIgniter.php(410): CodeIgniter\CodeIgniter->runController(Object(App\Controllers\BusquedaRines))
#7 E:\SERVER\laragon\www\api\vendor\codeigniter4\framework\system\CodeIgniter.php(318): CodeIgniter\CodeIgniter->handleRequest(NULL, Object(Config\Cache), false)
#8 E:\SERVER\laragon\www\api\public\index.php(41): CodeIgniter\CodeIgniter->run()
#9 {main}
CRITICAL - 2022-06-11 12:23:04 --> Uncaught CodeIgniter\Format\Exceptions\FormatException: Failed to parse json string, error: "Type is not supported". in E:\SERVER\laragon\www\api\vendor\codeigniter4\framework\system\Format\JSONFormatter.php:41
Stack trace:
#0 E:\SERVER\laragon\www\api\vendor\codeigniter4\framework\system\Format\JSONFormatter.php(41): CodeIgniter\Format\Exceptions\FormatException::forInvalidJSON('Type is not sup...')
#1 E:\SERVER\laragon\www\api\vendor\codeigniter4\framework\system\API\ResponseTrait.php(341): CodeIgniter\Format\JSONFormatter->format(Array)
#2 E:\SERVER\laragon\www\api\vendor\codeigniter4\framework\system\API\ResponseTrait.php(99): CodeIgniter\Debug\Exceptions->format(Array)
#3 E:\SERVER\laragon\www\api\vendor\codeigniter4\framework\system\Debug\Exceptions.php(110): CodeIgniter\Debug\Exceptions->respond(Array, 500)
#4 [internal function]: CodeIgniter\Debug\Exceptions->exceptionHandler(Object(CodeIgniter\Format\Exceptions\FormatException))
#5 {main}
  thrown
#0 [internal function]: CodeIgniter\Debug\Exceptions->shutdownHandler()
#1 {main}
CRITICAL - 2022-06-11 12:23:36 --> Failed to parse json string, error: "Type is not supported".
#0 E:\SERVER\laragon\www\api\vendor\codeigniter4\framework\system\Format\JSONFormatter.php(41): CodeIgniter\Format\Exceptions\FormatException::forInvalidJSON('Type is not sup...')
#1 E:\SERVER\laragon\www\api\vendor\codeigniter4\framework\system\HTTP\ResponseTrait.php(317): CodeIgniter\Format\JSONFormatter->format(Array)
#2 E:\SERVER\laragon\www\api\vendor\codeigniter4\framework\system\HTTP\ResponseTrait.php(243): CodeIgniter\HTTP\Response->formatBody(Array, 'json')
#3 E:\SERVER\laragon\www\api\app\Controllers\BaseController.php(43): CodeIgniter\HTTP\Response->setJSON(Array)
#4 E:\SERVER\laragon\www\api\app\Controllers\BusquedaRines.php(62): App\Controllers\BaseController->getResponse(Array)
#5 E:\SERVER\laragon\www\api\vendor\codeigniter4\framework\system\CodeIgniter.php(824): App\Controllers\BusquedaRines->show('1')
#6 E:\SERVER\laragon\www\api\vendor\codeigniter4\framework\system\CodeIgniter.php(410): CodeIgniter\CodeIgniter->runController(Object(App\Controllers\BusquedaRines))
#7 E:\SERVER\laragon\www\api\vendor\codeigniter4\framework\system\CodeIgniter.php(318): CodeIgniter\CodeIgniter->handleRequest(NULL, Object(Config\Cache), false)
#8 E:\SERVER\laragon\www\api\public\index.php(41): CodeIgniter\CodeIgniter->run()
#9 {main}
CRITICAL - 2022-06-11 12:23:36 --> Uncaught CodeIgniter\Format\Exceptions\FormatException: Failed to parse json string, error: "Type is not supported". in E:\SERVER\laragon\www\api\vendor\codeigniter4\framework\system\Format\JSONFormatter.php:41
Stack trace:
#0 E:\SERVER\laragon\www\api\vendor\codeigniter4\framework\system\Format\JSONFormatter.php(41): CodeIgniter\Format\Exceptions\FormatException::forInvalidJSON('Type is not sup...')
#1 E:\SERVER\laragon\www\api\vendor\codeigniter4\framework\system\API\ResponseTrait.php(341): CodeIgniter\Format\JSONFormatter->format(Array)
#2 E:\SERVER\laragon\www\api\vendor\codeigniter4\framework\system\API\ResponseTrait.php(99): CodeIgniter\Debug\Exceptions->format(Array)
#3 E:\SERVER\laragon\www\api\vendor\codeigniter4\framework\system\Debug\Exceptions.php(110): CodeIgniter\Debug\Exceptions->respond(Array, 500)
#4 [internal function]: CodeIgniter\Debug\Exceptions->exceptionHandler(Object(CodeIgniter\Format\Exceptions\FormatException))
#5 {main}
  thrown
#0 [internal function]: CodeIgniter\Debug\Exceptions->shutdownHandler()
#1 {main}
ERROR - 2022-06-11 12:25:08 --> Memory limit of 10240 KB exceeded for buffered query
CRITICAL - 2022-06-11 12:25:08 --> Call to a member function getResult() on bool
#0 E:\SERVER\laragon\www\api\app\Controllers\BusquedaRines.php(57): App\Models\BusquedaRines_Model->BusquedaRines(0, 0, 0, NULL, NULL, '2', '1051', '1062', '13,14,15,16,17', NULL, NULL, NULL, NULL, NULL, 'N', 'C', 0, 0, 0, 'B-51')
#1 E:\SERVER\laragon\www\api\vendor\codeigniter4\framework\system\CodeIgniter.php(824): App\Controllers\BusquedaRines->show('2')
#2 E:\SERVER\laragon\www\api\vendor\codeigniter4\framework\system\CodeIgniter.php(410): CodeIgniter\CodeIgniter->runController(Object(App\Controllers\BusquedaRines))
#3 E:\SERVER\laragon\www\api\vendor\codeigniter4\framework\system\CodeIgniter.php(318): CodeIgniter\CodeIgniter->handleRequest(NULL, Object(Config\Cache), false)
#4 E:\SERVER\laragon\www\api\public\index.php(41): CodeIgniter\CodeIgniter->run()
#5 {main}
ERROR - 2022-06-11 12:25:28 --> Memory limit of 10240 KB exceeded for buffered query
CRITICAL - 2022-06-11 12:25:28 --> Call to a member function getResult() on bool
#0 E:\SERVER\laragon\www\api\app\Controllers\BusquedaRines.php(57): App\Models\BusquedaRines_Model->BusquedaRines(0, 0, 0, NULL, NULL, '2', '1051', '1062', '13,14,15,16,17', NULL, NULL, NULL, NULL, NULL, 'N', 'C', 0, 0, 0, 'B-51')
#1 E:\SERVER\laragon\www\api\vendor\codeigniter4\framework\system\CodeIgniter.php(824): App\Controllers\BusquedaRines->show('2')
#2 E:\SERVER\laragon\www\api\vendor\codeigniter4\framework\system\CodeIgniter.php(410): CodeIgniter\CodeIgniter->runController(Object(App\Controllers\BusquedaRines))
#3 E:\SERVER\laragon\www\api\vendor\codeigniter4\framework\system\CodeIgniter.php(318): CodeIgniter\CodeIgniter->handleRequest(NULL, Object(Config\Cache), false)
#4 E:\SERVER\laragon\www\api\public\index.php(41): CodeIgniter\CodeIgniter->run()
#5 {main}
ERROR - 2022-06-11 12:28:25 --> Memory limit of 10240 KB exceeded for buffered query
CRITICAL - 2022-06-11 12:28:25 --> Call to a member function getResult() on bool
#0 E:\SERVER\laragon\www\api\app\Controllers\BusquedaRines.php(57): App\Models\BusquedaRines_Model->BusquedaRines(0, 0, 0, NULL, NULL, '2', '1051', '1062', '13,14,15,16,17', NULL, NULL, NULL, NULL, NULL, 'N', 'C', 0, 0, 0, 'B-51')
#1 E:\SERVER\laragon\www\api\vendor\codeigniter4\framework\system\CodeIgniter.php(824): App\Controllers\BusquedaRines->show('2')
#2 E:\SERVER\laragon\www\api\vendor\codeigniter4\framework\system\CodeIgniter.php(410): CodeIgniter\CodeIgniter->runController(Object(App\Controllers\BusquedaRines))
#3 E:\SERVER\laragon\www\api\vendor\codeigniter4\framework\system\CodeIgniter.php(318): CodeIgniter\CodeIgniter->handleRequest(NULL, Object(Config\Cache), false)
#4 E:\SERVER\laragon\www\api\public\index.php(41): CodeIgniter\CodeIgniter->run()
#5 {main}
ERROR - 2022-06-11 12:28:31 --> Memory limit of 10240 KB exceeded for buffered query
CRITICAL - 2022-06-11 12:28:31 --> Call to a member function getResult() on bool
#0 E:\SERVER\laragon\www\api\app\Controllers\BusquedaRines.php(57): App\Models\BusquedaRines_Model->BusquedaRines(0, 0, 0, NULL, NULL, '2', '1051', '1062', '13,14,15,16,17', NULL, NULL, NULL, NULL, NULL, 'N', 'C', 0, 0, 0, 'B-51')
#1 E:\SERVER\laragon\www\api\vendor\codeigniter4\framework\system\CodeIgniter.php(824): App\Controllers\BusquedaRines->show('2')
#2 E:\SERVER\laragon\www\api\vendor\codeigniter4\framework\system\CodeIgniter.php(410): CodeIgniter\CodeIgniter->runController(Object(App\Controllers\BusquedaRines))
#3 E:\SERVER\laragon\www\api\vendor\codeigniter4\framework\system\CodeIgniter.php(318): CodeIgniter\CodeIgniter->handleRequest(NULL, Object(Config\Cache), false)
#4 E:\SERVER\laragon\www\api\public\index.php(41): CodeIgniter\CodeIgniter->run()
#5 {main}
ERROR - 2022-06-11 12:28:41 --> Memory limit of 10240 KB exceeded for buffered query
CRITICAL - 2022-06-11 12:28:42 --> Call to a member function getResult() on bool
#0 E:\SERVER\laragon\www\api\app\Controllers\BusquedaRines.php(57): App\Models\BusquedaRines_Model->BusquedaRines(0, 0, 0, NULL, NULL, '2', '1051', '1062', '13,14,15,16,17', NULL, NULL, NULL, NULL, NULL, 'N', 'C', 0, 0, 0, 'B-51')
#1 E:\SERVER\laragon\www\api\vendor\codeigniter4\framework\system\CodeIgniter.php(824): App\Controllers\BusquedaRines->show('2')
#2 E:\SERVER\laragon\www\api\vendor\codeigniter4\framework\system\CodeIgniter.php(410): CodeIgniter\CodeIgniter->runController(Object(App\Controllers\BusquedaRines))
#3 E:\SERVER\laragon\www\api\vendor\codeigniter4\framework\system\CodeIgniter.php(318): CodeIgniter\CodeIgniter->handleRequest(NULL, Object(Config\Cache), false)
#4 E:\SERVER\laragon\www\api\public\index.php(41): CodeIgniter\CodeIgniter->run()
#5 {main}
ERROR - 2022-06-11 12:28:54 --> Memory limit of 10240 KB exceeded for buffered query
CRITICAL - 2022-06-11 12:28:54 --> Call to a member function getResult() on bool
#0 E:\SERVER\laragon\www\api\app\Controllers\BusquedaRines.php(57): App\Models\BusquedaRines_Model->BusquedaRines(0, 0, 0, NULL, NULL, '2', '1051', '1062', '13,14,15,16,17', NULL, NULL, NULL, NULL, NULL, 'N', 'C', 0, 0, 0, 'B-51')
#1 E:\SERVER\laragon\www\api\vendor\codeigniter4\framework\system\CodeIgniter.php(824): App\Controllers\BusquedaRines->show('2')
#2 E:\SERVER\laragon\www\api\vendor\codeigniter4\framework\system\CodeIgniter.php(410): CodeIgniter\CodeIgniter->runController(Object(App\Controllers\BusquedaRines))
#3 E:\SERVER\laragon\www\api\vendor\codeigniter4\framework\system\CodeIgniter.php(318): CodeIgniter\CodeIgniter->handleRequest(NULL, Object(Config\Cache), false)
#4 E:\SERVER\laragon\www\api\public\index.php(41): CodeIgniter\CodeIgniter->run()
#5 {main}
ERROR - 2022-06-11 12:28:54 --> Memory limit of 10240 KB exceeded for buffered query
CRITICAL - 2022-06-11 12:28:54 --> Call to a member function getResult() on bool
#0 E:\SERVER\laragon\www\api\app\Controllers\BusquedaRines.php(57): App\Models\BusquedaRines_Model->BusquedaRines(0, 0, 0, NULL, NULL, '2', '1051', '1062', '13,14,15,16,17', NULL, NULL, NULL, NULL, NULL, 'N', 'C', 0, 0, 0, 'B-51')
#1 E:\SERVER\laragon\www\api\vendor\codeigniter4\framework\system\CodeIgniter.php(824): App\Controllers\BusquedaRines->show('2')
#2 E:\SERVER\laragon\www\api\vendor\codeigniter4\framework\system\CodeIgniter.php(410): CodeIgniter\CodeIgniter->runController(Object(App\Controllers\BusquedaRines))
#3 E:\SERVER\laragon\www\api\vendor\codeigniter4\framework\system\CodeIgniter.php(318): CodeIgniter\CodeIgniter->handleRequest(NULL, Object(Config\Cache), false)
#4 E:\SERVER\laragon\www\api\public\index.php(41): CodeIgniter\CodeIgniter->run()
#5 {main}
ERROR - 2022-06-11 12:28:55 --> Memory limit of 10240 KB exceeded for buffered query
CRITICAL - 2022-06-11 12:28:55 --> Call to a member function getResult() on bool
#0 E:\SERVER\laragon\www\api\app\Controllers\BusquedaRines.php(57): App\Models\BusquedaRines_Model->BusquedaRines(0, 0, 0, NULL, NULL, '2', '1051', '1062', '13,14,15,16,17', NULL, NULL, NULL, NULL, NULL, 'N', 'C', 0, 0, 0, 'B-51')
#1 E:\SERVER\laragon\www\api\vendor\codeigniter4\framework\system\CodeIgniter.php(824): App\Controllers\BusquedaRines->show('2')
#2 E:\SERVER\laragon\www\api\vendor\codeigniter4\framework\system\CodeIgniter.php(410): CodeIgniter\CodeIgniter->runController(Object(App\Controllers\BusquedaRines))
#3 E:\SERVER\laragon\www\api\vendor\codeigniter4\framework\system\CodeIgniter.php(318): CodeIgniter\CodeIgniter->handleRequest(NULL, Object(Config\Cache), false)
#4 E:\SERVER\laragon\www\api\public\index.php(41): CodeIgniter\CodeIgniter->run()
#5 {main}
ERROR - 2022-06-11 12:29:07 --> Memory limit of 10240 KB exceeded for buffered query
CRITICAL - 2022-06-11 12:29:07 --> Call to a member function getResult() on bool
#0 E:\SERVER\laragon\www\api\app\Controllers\BusquedaRines.php(57): App\Models\BusquedaRines_Model->BusquedaRines(0, 0, 0, NULL, NULL, '2', '1051', '1062', '13,14,15,16,17', NULL, NULL, NULL, NULL, NULL, 'N', 'C', 0, 0, 0, 'B-51')
#1 E:\SERVER\laragon\www\api\vendor\codeigniter4\framework\system\CodeIgniter.php(824): App\Controllers\BusquedaRines->show('2')
#2 E:\SERVER\laragon\www\api\vendor\codeigniter4\framework\system\CodeIgniter.php(410): CodeIgniter\CodeIgniter->runController(Object(App\Controllers\BusquedaRines))
#3 E:\SERVER\laragon\www\api\vendor\codeigniter4\framework\system\CodeIgniter.php(318): CodeIgniter\CodeIgniter->handleRequest(NULL, Object(Config\Cache), false)
#4 E:\SERVER\laragon\www\api\public\index.php(41): CodeIgniter\CodeIgniter->run()
#5 {main}
ERROR - 2022-06-11 12:29:52 --> Memory limit of 10240 KB exceeded for buffered query
CRITICAL - 2022-06-11 12:29:52 --> Call to a member function getResult() on bool
#0 E:\SERVER\laragon\www\api\app\Controllers\BusquedaRines.php(57): App\Models\BusquedaRines_Model->BusquedaRines(0, 0, 0, NULL, NULL, '2', '1051', '1062', '13,14,15,16,17', NULL, NULL, NULL, NULL, NULL, 'N', 'C', 0, 0, 0, 'B-51')
#1 E:\SERVER\laragon\www\api\vendor\codeigniter4\framework\system\CodeIgniter.php(824): App\Controllers\BusquedaRines->show('2')
#2 E:\SERVER\laragon\www\api\vendor\codeigniter4\framework\system\CodeIgniter.php(410): CodeIgniter\CodeIgniter->runController(Object(App\Controllers\BusquedaRines))
#3 E:\SERVER\laragon\www\api\vendor\codeigniter4\framework\system\CodeIgniter.php(318): CodeIgniter\CodeIgniter->handleRequest(NULL, Object(Config\Cache), false)
#4 E:\SERVER\laragon\www\api\public\index.php(41): CodeIgniter\CodeIgniter->run()
#5 {main}
ERROR - 2022-06-11 12:29:54 --> Memory limit of 10240 KB exceeded for buffered query
CRITICAL - 2022-06-11 12:29:54 --> Call to a member function getResult() on bool
#0 E:\SERVER\laragon\www\api\app\Controllers\BusquedaRines.php(57): App\Models\BusquedaRines_Model->BusquedaRines(0, 0, 0, NULL, NULL, '2', '1051', '1062', '13,14,15,16,17', NULL, NULL, NULL, NULL, NULL, 'N', 'C', 0, 0, 0, 'B-51')
#1 E:\SERVER\laragon\www\api\vendor\codeigniter4\framework\system\CodeIgniter.php(824): App\Controllers\BusquedaRines->show('2')
#2 E:\SERVER\laragon\www\api\vendor\codeigniter4\framework\system\CodeIgniter.php(410): CodeIgniter\CodeIgniter->runController(Object(App\Controllers\BusquedaRines))
#3 E:\SERVER\laragon\www\api\vendor\codeigniter4\framework\system\CodeIgniter.php(318): CodeIgniter\CodeIgniter->handleRequest(NULL, Object(Config\Cache), false)
#4 E:\SERVER\laragon\www\api\public\index.php(41): CodeIgniter\CodeIgniter->run()
#5 {main}
ERROR - 2022-06-11 12:30:30 --> Memory limit of 10240 KB exceeded for buffered query
CRITICAL - 2022-06-11 12:30:30 --> Call to a member function getResult() on bool
#0 E:\SERVER\laragon\www\api\app\Controllers\BusquedaRines.php(57): App\Models\BusquedaRines_Model->BusquedaRines(0, 0, 0, NULL, NULL, '2', '1051', '1062', '13,14,15,16,17', NULL, NULL, NULL, NULL, NULL, 'N', 'C', 0, 0, 0, 'B-51')
#1 E:\SERVER\laragon\www\api\vendor\codeigniter4\framework\system\CodeIgniter.php(824): App\Controllers\BusquedaRines->show('2')
#2 E:\SERVER\laragon\www\api\vendor\codeigniter4\framework\system\CodeIgniter.php(410): CodeIgniter\CodeIgniter->runController(Object(App\Controllers\BusquedaRines))
#3 E:\SERVER\laragon\www\api\vendor\codeigniter4\framework\system\CodeIgniter.php(318): CodeIgniter\CodeIgniter->handleRequest(NULL, Object(Config\Cache), false)
#4 E:\SERVER\laragon\www\api\public\index.php(41): CodeIgniter\CodeIgniter->run()
#5 {main}
ERROR - 2022-06-11 12:30:57 --> Memory limit of 10240 KB exceeded for buffered query
ERROR - 2022-06-11 12:32:32 --> Memory limit of 10240 KB exceeded for buffered query
ERROR - 2022-06-11 12:32:47 --> Memory limit of 10240 KB exceeded for buffered query
ERROR - 2022-06-11 12:33:00 --> Memory limit of 10240 KB exceeded for buffered query
CRITICAL - 2022-06-11 12:33:00 --> Call to a member function getResult() on bool
#0 E:\SERVER\laragon\www\api\app\Controllers\BusquedaRines.php(57): App\Models\BusquedaRines_Model->BusquedaRines(0, 0, 0, NULL, NULL, '2', '1051', '1062', '13,14,15,16,17', NULL, NULL, NULL, NULL, NULL, 'N', 'C', 0, 0, 0, 'B-51')
#1 E:\SERVER\laragon\www\api\vendor\codeigniter4\framework\system\CodeIgniter.php(824): App\Controllers\BusquedaRines->show('2')
#2 E:\SERVER\laragon\www\api\vendor\codeigniter4\framework\system\CodeIgniter.php(410): CodeIgniter\CodeIgniter->runController(Object(App\Controllers\BusquedaRines))
#3 E:\SERVER\laragon\www\api\vendor\codeigniter4\framework\system\CodeIgniter.php(318): CodeIgniter\CodeIgniter->handleRequest(NULL, Object(Config\Cache), false)
#4 E:\SERVER\laragon\www\api\public\index.php(41): CodeIgniter\CodeIgniter->run()
#5 {main}
ERROR - 2022-06-11 12:33:01 --> Memory limit of 10240 KB exceeded for buffered query
CRITICAL - 2022-06-11 12:33:01 --> Call to a member function getResult() on bool
#0 E:\SERVER\laragon\www\api\app\Controllers\BusquedaRines.php(57): App\Models\BusquedaRines_Model->BusquedaRines(0, 0, 0, NULL, NULL, '2', '1051', '1062', '13,14,15,16,17', NULL, NULL, NULL, NULL, NULL, 'N', 'C', 0, 0, 0, 'B-51')
#1 E:\SERVER\laragon\www\api\vendor\codeigniter4\framework\system\CodeIgniter.php(824): App\Controllers\BusquedaRines->show('2')
#2 E:\SERVER\laragon\www\api\vendor\codeigniter4\framework\system\CodeIgniter.php(410): CodeIgniter\CodeIgniter->runController(Object(App\Controllers\BusquedaRines))
#3 E:\SERVER\laragon\www\api\vendor\codeigniter4\framework\system\CodeIgniter.php(318): CodeIgniter\CodeIgniter->handleRequest(NULL, Object(Config\Cache), false)
#4 E:\SERVER\laragon\www\api\public\index.php(41): CodeIgniter\CodeIgniter->run()
#5 {main}
ERROR - 2022-06-11 12:34:21 --> Memory limit of 10240 KB exceeded for buffered query
CRITICAL - 2022-06-11 12:34:21 --> Call to a member function getResult() on bool
#0 E:\SERVER\laragon\www\api\app\Controllers\BusquedaRines.php(57): App\Models\BusquedaRines_Model->BusquedaRines(0, 0, 0, NULL, NULL, '2', '1051', '1062', '13,14,15,16,17', NULL, NULL, NULL, NULL, NULL, 'N', 'C', 0, 0, 0, 'B-51')
#1 E:\SERVER\laragon\www\api\vendor\codeigniter4\framework\system\CodeIgniter.php(824): App\Controllers\BusquedaRines->show('2')
#2 E:\SERVER\laragon\www\api\vendor\codeigniter4\framework\system\CodeIgniter.php(410): CodeIgniter\CodeIgniter->runController(Object(App\Controllers\BusquedaRines))
#3 E:\SERVER\laragon\www\api\vendor\codeigniter4\framework\system\CodeIgniter.php(318): CodeIgniter\CodeIgniter->handleRequest(NULL, Object(Config\Cache), false)
#4 E:\SERVER\laragon\www\api\public\index.php(41): CodeIgniter\CodeIgniter->run()
#5 {main}
ERROR - 2022-06-11 12:34:57 --> Memory limit of 10240 KB exceeded for buffered query
CRITICAL - 2022-06-11 12:34:57 --> Call to a member function getResult() on bool
#0 E:\SERVER\laragon\www\api\app\Controllers\BusquedaRines.php(57): App\Models\BusquedaRines_Model->BusquedaRines(0, 0, 0, NULL, NULL, '2', '1051', '1062', '15,16,17,18,20', NULL, NULL, NULL, NULL, NULL, 'N', 'C', 0, 0, 0, 'B-51')
#1 E:\SERVER\laragon\www\api\vendor\codeigniter4\framework\system\CodeIgniter.php(824): App\Controllers\BusquedaRines->show('2')
#2 E:\SERVER\laragon\www\api\vendor\codeigniter4\framework\system\CodeIgniter.php(410): CodeIgniter\CodeIgniter->runController(Object(App\Controllers\BusquedaRines))
#3 E:\SERVER\laragon\www\api\vendor\codeigniter4\framework\system\CodeIgniter.php(318): CodeIgniter\CodeIgniter->handleRequest(NULL, Object(Config\Cache), false)
#4 E:\SERVER\laragon\www\api\public\index.php(41): CodeIgniter\CodeIgniter->run()
#5 {main}
ERROR - 2022-06-11 12:35:16 --> Memory limit of 10240 KB exceeded for buffered query
CRITICAL - 2022-06-11 12:35:16 --> Call to a member function getResult() on bool
#0 E:\SERVER\laragon\www\api\app\Controllers\BusquedaRines.php(57): App\Models\BusquedaRines_Model->BusquedaRines(0, 0, 0, NULL, NULL, '2', '1051', '1062', '15,16,17,18,20', NULL, NULL, NULL, NULL, NULL, 'N', 'C', 0, 0, 0, 'B-51')
#1 E:\SERVER\laragon\www\api\vendor\codeigniter4\framework\system\CodeIgniter.php(824): App\Controllers\BusquedaRines->show('2')
#2 E:\SERVER\laragon\www\api\vendor\codeigniter4\framework\system\CodeIgniter.php(410): CodeIgniter\CodeIgniter->runController(Object(App\Controllers\BusquedaRines))
#3 E:\SERVER\laragon\www\api\vendor\codeigniter4\framework\system\CodeIgniter.php(318): CodeIgniter\CodeIgniter->handleRequest(NULL, Object(Config\Cache), false)
#4 E:\SERVER\laragon\www\api\public\index.php(41): CodeIgniter\CodeIgniter->run()
#5 {main}
ERROR - 2022-06-11 12:40:21 --> Memory limit of 10240 KB exceeded for buffered query
CRITICAL - 2022-06-11 12:40:21 --> Call to a member function getResult() on bool
#0 E:\SERVER\laragon\www\api\app\Controllers\BusquedaRines.php(57): App\Models\BusquedaRines_Model->BusquedaRines(0, 0, 0, NULL, NULL, '2', '1051', '1062', '15,16,17,18,20', NULL, NULL, NULL, NULL, NULL, 'N', 'C', 0, 0, 0, 'B-51')
#1 E:\SERVER\laragon\www\api\vendor\codeigniter4\framework\system\CodeIgniter.php(824): App\Controllers\BusquedaRines->show('2')
#2 E:\SERVER\laragon\www\api\vendor\codeigniter4\framework\system\CodeIgniter.php(410): CodeIgniter\CodeIgniter->runController(Object(App\Controllers\BusquedaRines))
#3 E:\SERVER\laragon\www\api\vendor\codeigniter4\framework\system\CodeIgniter.php(318): CodeIgniter\CodeIgniter->handleRequest(NULL, Object(Config\Cache), false)
#4 E:\SERVER\laragon\www\api\public\index.php(41): CodeIgniter\CodeIgniter->run()
#5 {main}
ERROR - 2022-06-11 12:40:29 --> Memory limit of 10240 KB exceeded for buffered query
CRITICAL - 2022-06-11 12:40:29 --> Call to a member function getResult() on bool
#0 E:\SERVER\laragon\www\api\app\Controllers\BusquedaRines.php(57): App\Models\BusquedaRines_Model->BusquedaRines(0, 0, 0, NULL, NULL, '2', '1051', '1062', '15,16,17,18', NULL, NULL, NULL, NULL, NULL, 'N', 'C', 0, 0, 0, 'B-51')
#1 E:\SERVER\laragon\www\api\vendor\codeigniter4\framework\system\CodeIgniter.php(824): App\Controllers\BusquedaRines->show('2')
#2 E:\SERVER\laragon\www\api\vendor\codeigniter4\framework\system\CodeIgniter.php(410): CodeIgniter\CodeIgniter->runController(Object(App\Controllers\BusquedaRines))
#3 E:\SERVER\laragon\www\api\vendor\codeigniter4\framework\system\CodeIgniter.php(318): CodeIgniter\CodeIgniter->handleRequest(NULL, Object(Config\Cache), false)
#4 E:\SERVER\laragon\www\api\public\index.php(41): CodeIgniter\CodeIgniter->run()
#5 {main}
ERROR - 2022-06-11 12:40:42 --> Memory limit of 10240 KB exceeded for buffered query
CRITICAL - 2022-06-11 12:40:42 --> Call to a member function getResult() on bool
#0 E:\SERVER\laragon\www\api\app\Controllers\BusquedaRines.php(57): App\Models\BusquedaRines_Model->BusquedaRines(0, 0, 0, NULL, NULL, '2', '1051', '1062', '15,16,17', NULL, NULL, NULL, NULL, NULL, 'N', 'C', 0, 0, 0, 'B-51')
#1 E:\SERVER\laragon\www\api\vendor\codeigniter4\framework\system\CodeIgniter.php(824): App\Controllers\BusquedaRines->show('2')
#2 E:\SERVER\laragon\www\api\vendor\codeigniter4\framework\system\CodeIgniter.php(410): CodeIgniter\CodeIgniter->runController(Object(App\Controllers\BusquedaRines))
#3 E:\SERVER\laragon\www\api\vendor\codeigniter4\framework\system\CodeIgniter.php(318): CodeIgniter\CodeIgniter->handleRequest(NULL, Object(Config\Cache), false)
#4 E:\SERVER\laragon\www\api\public\index.php(41): CodeIgniter\CodeIgniter->run()
#5 {main}
ERROR - 2022-06-11 12:41:01 --> Memory limit of 10240 KB exceeded for buffered query
CRITICAL - 2022-06-11 12:41:01 --> Call to a member function getResult() on bool
#0 E:\SERVER\laragon\www\api\app\Controllers\BusquedaRines.php(57): App\Models\BusquedaRines_Model->BusquedaRines(0, 0, 0, NULL, NULL, '2', '1051', '1062', '15,16,17', NULL, NULL, NULL, NULL, NULL, 'N', 'C', 0, 0, 0, 'B-51')
#1 E:\SERVER\laragon\www\api\vendor\codeigniter4\framework\system\CodeIgniter.php(824): App\Controllers\BusquedaRines->show('2')
#2 E:\SERVER\laragon\www\api\vendor\codeigniter4\framework\system\CodeIgniter.php(410): CodeIgniter\CodeIgniter->runController(Object(App\Controllers\BusquedaRines))
#3 E:\SERVER\laragon\www\api\vendor\codeigniter4\framework\system\CodeIgniter.php(318): CodeIgniter\CodeIgniter->handleRequest(NULL, Object(Config\Cache), false)
#4 E:\SERVER\laragon\www\api\public\index.php(41): CodeIgniter\CodeIgniter->run()
#5 {main}
ERROR - 2022-06-11 12:41:02 --> Memory limit of 10240 KB exceeded for buffered query
CRITICAL - 2022-06-11 12:41:02 --> Call to a member function getResult() on bool
#0 E:\SERVER\laragon\www\api\app\Controllers\BusquedaRines.php(57): App\Models\BusquedaRines_Model->BusquedaRines(0, 0, 0, NULL, NULL, '2', '1051', '1062', '15,16,17', NULL, NULL, NULL, NULL, NULL, 'N', 'C', 0, 0, 0, 'B-51')
#1 E:\SERVER\laragon\www\api\vendor\codeigniter4\framework\system\CodeIgniter.php(824): App\Controllers\BusquedaRines->show('2')
#2 E:\SERVER\laragon\www\api\vendor\codeigniter4\framework\system\CodeIgniter.php(410): CodeIgniter\CodeIgniter->runController(Object(App\Controllers\BusquedaRines))
#3 E:\SERVER\laragon\www\api\vendor\codeigniter4\framework\system\CodeIgniter.php(318): CodeIgniter\CodeIgniter->handleRequest(NULL, Object(Config\Cache), false)
#4 E:\SERVER\laragon\www\api\public\index.php(41): CodeIgniter\CodeIgniter->run()
#5 {main}
ERROR - 2022-06-11 12:41:21 --> Memory limit of 10240 KB exceeded for buffered query
CRITICAL - 2022-06-11 12:41:21 --> Call to a member function getResult() on bool
#0 E:\SERVER\laragon\www\api\app\Controllers\BusquedaRines.php(57): App\Models\BusquedaRines_Model->BusquedaRines(0, 0, 0, NULL, NULL, '2', '1051', '1062', '15,16,17', NULL, NULL, NULL, NULL, NULL, 'N', 'C', 0, 0, 0, 'B-51')
#1 E:\SERVER\laragon\www\api\vendor\codeigniter4\framework\system\CodeIgniter.php(824): App\Controllers\BusquedaRines->show('2')
#2 E:\SERVER\laragon\www\api\vendor\codeigniter4\framework\system\CodeIgniter.php(410): CodeIgniter\CodeIgniter->runController(Object(App\Controllers\BusquedaRines))
#3 E:\SERVER\laragon\www\api\vendor\codeigniter4\framework\system\CodeIgniter.php(318): CodeIgniter\CodeIgniter->handleRequest(NULL, Object(Config\Cache), false)
#4 E:\SERVER\laragon\www\api\public\index.php(41): CodeIgniter\CodeIgniter->run()
#5 {main}
ERROR - 2022-06-11 12:41:24 --> Memory limit of 10240 KB exceeded for buffered query
CRITICAL - 2022-06-11 12:41:24 --> Call to a member function getResult() on bool
#0 E:\SERVER\laragon\www\api\app\Controllers\BusquedaRines.php(57): App\Models\BusquedaRines_Model->BusquedaRines(0, 0, 0, NULL, NULL, '2', '1051', '1062', '15,16,17', NULL, NULL, NULL, NULL, NULL, 'N', 'C', 0, 0, 0, 'B-51')
#1 E:\SERVER\laragon\www\api\vendor\codeigniter4\framework\system\CodeIgniter.php(824): App\Controllers\BusquedaRines->show('2')
#2 E:\SERVER\laragon\www\api\vendor\codeigniter4\framework\system\CodeIgniter.php(410): CodeIgniter\CodeIgniter->runController(Object(App\Controllers\BusquedaRines))
#3 E:\SERVER\laragon\www\api\vendor\codeigniter4\framework\system\CodeIgniter.php(318): CodeIgniter\CodeIgniter->handleRequest(NULL, Object(Config\Cache), false)
#4 E:\SERVER\laragon\www\api\public\index.php(41): CodeIgniter\CodeIgniter->run()
#5 {main}
ERROR - 2022-06-11 12:42:09 --> Memory limit of 10240 KB exceeded for buffered query
CRITICAL - 2022-06-11 12:42:09 --> Call to a member function getResult() on bool
#0 E:\SERVER\laragon\www\api\app\Controllers\BusquedaRines.php(57): App\Models\BusquedaRines_Model->BusquedaRines(0, 0, 0, NULL, NULL, '2', '1051', '1062', '15,16,17', NULL, NULL, NULL, NULL, NULL, 'N', 'C', 0, 0, 0, 'B-51')
#1 E:\SERVER\laragon\www\api\vendor\codeigniter4\framework\system\CodeIgniter.php(824): App\Controllers\BusquedaRines->show('2')
#2 E:\SERVER\laragon\www\api\vendor\codeigniter4\framework\system\CodeIgniter.php(410): CodeIgniter\CodeIgniter->runController(Object(App\Controllers\BusquedaRines))
#3 E:\SERVER\laragon\www\api\vendor\codeigniter4\framework\system\CodeIgniter.php(318): CodeIgniter\CodeIgniter->handleRequest(NULL, Object(Config\Cache), false)
#4 E:\SERVER\laragon\www\api\public\index.php(41): CodeIgniter\CodeIgniter->run()
#5 {main}
ERROR - 2022-06-11 12:42:19 --> Memory limit of 10240 KB exceeded for buffered query
CRITICAL - 2022-06-11 12:42:19 --> Call to a member function getResult() on bool
#0 E:\SERVER\laragon\www\api\app\Controllers\BusquedaRines.php(57): App\Models\BusquedaRines_Model->BusquedaRines(0, 0, 0, NULL, NULL, '2', '1051', '1062', '15,16,17', NULL, NULL, NULL, NULL, NULL, 'N', 'C', 0, 0, 0, 'B-51')
#1 E:\SERVER\laragon\www\api\vendor\codeigniter4\framework\system\CodeIgniter.php(824): App\Controllers\BusquedaRines->show('2')
#2 E:\SERVER\laragon\www\api\vendor\codeigniter4\framework\system\CodeIgniter.php(410): CodeIgniter\CodeIgniter->runController(Object(App\Controllers\BusquedaRines))
#3 E:\SERVER\laragon\www\api\vendor\codeigniter4\framework\system\CodeIgniter.php(318): CodeIgniter\CodeIgniter->handleRequest(NULL, Object(Config\Cache), false)
#4 E:\SERVER\laragon\www\api\public\index.php(41): CodeIgniter\CodeIgniter->run()
#5 {main}
ERROR - 2022-06-11 12:42:22 --> Memory limit of 10240 KB exceeded for buffered query
CRITICAL - 2022-06-11 12:42:22 --> Call to a member function getResult() on bool
#0 E:\SERVER\laragon\www\api\app\Controllers\BusquedaRines.php(57): App\Models\BusquedaRines_Model->BusquedaRines(0, 0, 0, NULL, NULL, '2', '1051', '1062', '15,16,17', NULL, NULL, NULL, NULL, NULL, 'N', 'C', 0, 0, 0, 'B-51')
#1 E:\SERVER\laragon\www\api\vendor\codeigniter4\framework\system\CodeIgniter.php(824): App\Controllers\BusquedaRines->show('2')
#2 E:\SERVER\laragon\www\api\vendor\codeigniter4\framework\system\CodeIgniter.php(410): CodeIgniter\CodeIgniter->runController(Object(App\Controllers\BusquedaRines))
#3 E:\SERVER\laragon\www\api\vendor\codeigniter4\framework\system\CodeIgniter.php(318): CodeIgniter\CodeIgniter->handleRequest(NULL, Object(Config\Cache), false)
#4 E:\SERVER\laragon\www\api\public\index.php(41): CodeIgniter\CodeIgniter->run()
#5 {main}
ERROR - 2022-06-11 12:42:22 --> Memory limit of 10240 KB exceeded for buffered query
CRITICAL - 2022-06-11 12:42:22 --> Call to a member function getResult() on bool
#0 E:\SERVER\laragon\www\api\app\Controllers\BusquedaRines.php(57): App\Models\BusquedaRines_Model->BusquedaRines(0, 0, 0, NULL, NULL, '2', '1051', '1062', '15,16,17', NULL, NULL, NULL, NULL, NULL, 'N', 'C', 0, 0, 0, 'B-51')
#1 E:\SERVER\laragon\www\api\vendor\codeigniter4\framework\system\CodeIgniter.php(824): App\Controllers\BusquedaRines->show('2')
#2 E:\SERVER\laragon\www\api\vendor\codeigniter4\framework\system\CodeIgniter.php(410): CodeIgniter\CodeIgniter->runController(Object(App\Controllers\BusquedaRines))
#3 E:\SERVER\laragon\www\api\vendor\codeigniter4\framework\system\CodeIgniter.php(318): CodeIgniter\CodeIgniter->handleRequest(NULL, Object(Config\Cache), false)
#4 E:\SERVER\laragon\www\api\public\index.php(41): CodeIgniter\CodeIgniter->run()
#5 {main}
ERROR - 2022-06-11 12:43:01 --> Memory limit of 10240 KB exceeded for buffered query
CRITICAL - 2022-06-11 12:43:01 --> Call to a member function getResult() on bool
#0 E:\SERVER\laragon\www\api\app\Controllers\BusquedaRines.php(57): App\Models\BusquedaRines_Model->BusquedaRines(0, 0, 0, NULL, NULL, '2', '1051', '1062', '15,16,17', NULL, NULL, NULL, NULL, NULL, 'N', 'C', 0, 0, 0, 'B-51')
#1 E:\SERVER\laragon\www\api\vendor\codeigniter4\framework\system\CodeIgniter.php(824): App\Controllers\BusquedaRines->show('2')
#2 E:\SERVER\laragon\www\api\vendor\codeigniter4\framework\system\CodeIgniter.php(410): CodeIgniter\CodeIgniter->runController(Object(App\Controllers\BusquedaRines))
#3 E:\SERVER\laragon\www\api\vendor\codeigniter4\framework\system\CodeIgniter.php(318): CodeIgniter\CodeIgniter->handleRequest(NULL, Object(Config\Cache), false)
#4 E:\SERVER\laragon\www\api\public\index.php(41): CodeIgniter\CodeIgniter->run()
#5 {main}
ERROR - 2022-06-11 12:43:07 --> Memory limit of 10240 KB exceeded for buffered query
CRITICAL - 2022-06-11 12:43:07 --> Call to a member function getResult() on bool
#0 E:\SERVER\laragon\www\api\app\Controllers\BusquedaRines.php(57): App\Models\BusquedaRines_Model->BusquedaRines(0, 0, 0, NULL, NULL, '2', '1051', '1062', '15,16,17', NULL, NULL, NULL, NULL, NULL, 'N', 'C', 0, 0, 0, 'B-51')
#1 E:\SERVER\laragon\www\api\vendor\codeigniter4\framework\system\CodeIgniter.php(824): App\Controllers\BusquedaRines->show('2')
#2 E:\SERVER\laragon\www\api\vendor\codeigniter4\framework\system\CodeIgniter.php(410): CodeIgniter\CodeIgniter->runController(Object(App\Controllers\BusquedaRines))
#3 E:\SERVER\laragon\www\api\vendor\codeigniter4\framework\system\CodeIgniter.php(318): CodeIgniter\CodeIgniter->handleRequest(NULL, Object(Config\Cache), false)
#4 E:\SERVER\laragon\www\api\public\index.php(41): CodeIgniter\CodeIgniter->run()
#5 {main}
ERROR - 2022-06-11 12:43:31 --> Memory limit of 10240 KB exceeded for buffered query
CRITICAL - 2022-06-11 12:43:31 --> Call to a member function getResult() on bool
#0 E:\SERVER\laragon\www\api\app\Controllers\BusquedaRines.php(57): App\Models\BusquedaRines_Model->BusquedaRines(0, 0, 0, NULL, NULL, '2', '1051', '1062', '15,16,17', NULL, NULL, NULL, NULL, NULL, 'N', 'C', 0, 0, 0, 'B-51')
#1 E:\SERVER\laragon\www\api\vendor\codeigniter4\framework\system\CodeIgniter.php(824): App\Controllers\BusquedaRines->show('2')
#2 E:\SERVER\laragon\www\api\vendor\codeigniter4\framework\system\CodeIgniter.php(410): CodeIgniter\CodeIgniter->runController(Object(App\Controllers\BusquedaRines))
#3 E:\SERVER\laragon\www\api\vendor\codeigniter4\framework\system\CodeIgniter.php(318): CodeIgniter\CodeIgniter->handleRequest(NULL, Object(Config\Cache), false)
#4 E:\SERVER\laragon\www\api\public\index.php(41): CodeIgniter\CodeIgniter->run()
#5 {main}
ERROR - 2022-06-11 12:43:32 --> Memory limit of 10240 KB exceeded for buffered query
CRITICAL - 2022-06-11 12:43:32 --> Call to a member function getResult() on bool
#0 E:\SERVER\laragon\www\api\app\Controllers\BusquedaRines.php(57): App\Models\BusquedaRines_Model->BusquedaRines(0, 0, 0, NULL, NULL, '2', '1051', '1062', '15,16,17', NULL, NULL, NULL, NULL, NULL, 'N', 'C', 0, 0, 0, 'B-51')
#1 E:\SERVER\laragon\www\api\vendor\codeigniter4\framework\system\CodeIgniter.php(824): App\Controllers\BusquedaRines->show('2')
#2 E:\SERVER\laragon\www\api\vendor\codeigniter4\framework\system\CodeIgniter.php(410): CodeIgniter\CodeIgniter->runController(Object(App\Controllers\BusquedaRines))
#3 E:\SERVER\laragon\www\api\vendor\codeigniter4\framework\system\CodeIgniter.php(318): CodeIgniter\CodeIgniter->handleRequest(NULL, Object(Config\Cache), false)
#4 E:\SERVER\laragon\www\api\public\index.php(41): CodeIgniter\CodeIgniter->run()
#5 {main}
ERROR - 2022-06-11 12:44:55 --> Memory limit of 10240 KB exceeded for buffered query
CRITICAL - 2022-06-11 12:44:55 --> Call to a member function getResult() on bool
#0 E:\SERVER\laragon\www\api\app\Controllers\BusquedaRines.php(57): App\Models\BusquedaRines_Model->BusquedaRines(0, 0, 0, NULL, NULL, '2', '1051', '1062', '15,16,17', NULL, NULL, NULL, NULL, NULL, 'N', 'C', 0, 0, 0, 'B-51')
#1 E:\SERVER\laragon\www\api\vendor\codeigniter4\framework\system\CodeIgniter.php(824): App\Controllers\BusquedaRines->show('2')
#2 E:\SERVER\laragon\www\api\vendor\codeigniter4\framework\system\CodeIgniter.php(410): CodeIgniter\CodeIgniter->runController(Object(App\Controllers\BusquedaRines))
#3 E:\SERVER\laragon\www\api\vendor\codeigniter4\framework\system\CodeIgniter.php(318): CodeIgniter\CodeIgniter->handleRequest(NULL, Object(Config\Cache), false)
#4 E:\SERVER\laragon\www\api\public\index.php(41): CodeIgniter\CodeIgniter->run()
#5 {main}
ERROR - 2022-06-11 12:45:00 --> Memory limit of 10240 KB exceeded for buffered query
CRITICAL - 2022-06-11 12:45:00 --> Call to a member function getResult() on bool
#0 E:\SERVER\laragon\www\api\app\Controllers\BusquedaRines.php(57): App\Models\BusquedaRines_Model->BusquedaRines(0, 0, 0, NULL, NULL, '2', '1051', '1062', '13,14,15,16,17', NULL, NULL, NULL, NULL, NULL, 'N', 'C', 0, 0, 0, 'B-51')
#1 E:\SERVER\laragon\www\api\vendor\codeigniter4\framework\system\CodeIgniter.php(824): App\Controllers\BusquedaRines->show('2')
#2 E:\SERVER\laragon\www\api\vendor\codeigniter4\framework\system\CodeIgniter.php(410): CodeIgniter\CodeIgniter->runController(Object(App\Controllers\BusquedaRines))
#3 E:\SERVER\laragon\www\api\vendor\codeigniter4\framework\system\CodeIgniter.php(318): CodeIgniter\CodeIgniter->handleRequest(NULL, Object(Config\Cache), false)
#4 E:\SERVER\laragon\www\api\public\index.php(41): CodeIgniter\CodeIgniter->run()
#5 {main}
ERROR - 2022-06-11 12:54:27 --> Memory limit of 10240 KB exceeded for buffered query
CRITICAL - 2022-06-11 12:54:27 --> Call to a member function getResult() on bool
#0 E:\SERVER\laragon\www\api\app\Controllers\BusquedaRines.php(57): App\Models\BusquedaRines_Model->BusquedaRines(0, 0, 0, NULL, NULL, '2', '1051', '1062', '13,14,15,16,17', NULL, NULL, NULL, NULL, NULL, 'N', 'C', 0, 0, 0, 'B-51')
#1 E:\SERVER\laragon\www\api\vendor\codeigniter4\framework\system\CodeIgniter.php(824): App\Controllers\BusquedaRines->show('2')
#2 E:\SERVER\laragon\www\api\vendor\codeigniter4\framework\system\CodeIgniter.php(410): CodeIgniter\CodeIgniter->runController(Object(App\Controllers\BusquedaRines))
#3 E:\SERVER\laragon\www\api\vendor\codeigniter4\framework\system\CodeIgniter.php(318): CodeIgniter\CodeIgniter->handleRequest(NULL, Object(Config\Cache), false)
#4 E:\SERVER\laragon\www\api\public\index.php(41): CodeIgniter\CodeIgniter->run()
#5 {main}
