ERROR - 2024-02-21 14:58:34 --> [Microsoft][ODBC Driver 17 for SQL Server][SQL Server]Procedure or function 'sp_getSecciones' expects parameter '@pbodega', which was not supplied.
CRITICAL - 2024-02-21 14:58:34 --> [Microsoft][ODBC Driver 17 for SQL Server][SQL Server]Procedure or function 'sp_getSecciones' expects parameter '@pbodega', which was not supplied.
#0 /opt/lampp/htdocs/api8097/public_html/vendor/codeigniter4/framework/system/Database/BaseConnection.php(670): CodeIgniter\Database\SQLSRV\Connection->execute('ECOMMERCE.sp_ge...')
#1 /opt/lampp/htdocs/api8097/public_html/vendor/codeigniter4/framework/system/Database/BaseConnection.php(598): CodeIgniter\Database\BaseConnection->simpleQuery('ECOMMERCE.sp_ge...')
#2 /opt/lampp/htdocs/api8097/public_html/app/Models/SeccionesModel.php(49): CodeIgniter\Database\BaseConnection->query('ECOMMERCE.sp_ge...', Array)
#3 /opt/lampp/htdocs/api8097/public_html/app/Controllers/Secciones.php(48): App\Models\SeccionesModel->BusquedaSecciones('1020', '3044', NULL, 0, NULL, 'B-02')
#4 /opt/lampp/htdocs/api8097/public_html/vendor/codeigniter4/framework/system/CodeIgniter.php(824): App\Controllers\Secciones->show('3', '1020')
#5 /opt/lampp/htdocs/api8097/public_html/vendor/codeigniter4/framework/system/CodeIgniter.php(410): CodeIgniter\CodeIgniter->runController(Object(App\Controllers\Secciones))
#6 /opt/lampp/htdocs/api8097/public_html/vendor/codeigniter4/framework/system/CodeIgniter.php(318): CodeIgniter\CodeIgniter->handleRequest(NULL, Object(Config\Cache), false)
#7 /opt/lampp/htdocs/api8097/public_html/public/index.php(41): CodeIgniter\CodeIgniter->run()
#8 {main}
ERROR - 2024-02-21 14:59:48 --> [Microsoft][ODBC Driver 17 for SQL Server][SQL Server]Procedure or function 'sp_getSecciones' expects parameter '@pbodega', which was not supplied.
CRITICAL - 2024-02-21 14:59:48 --> [Microsoft][ODBC Driver 17 for SQL Server][SQL Server]Procedure or function 'sp_getSecciones' expects parameter '@pbodega', which was not supplied.
#0 /opt/lampp/htdocs/api8097/public_html/vendor/codeigniter4/framework/system/Database/BaseConnection.php(670): CodeIgniter\Database\SQLSRV\Connection->execute('ECOMMERCE.sp_ge...')
#1 /opt/lampp/htdocs/api8097/public_html/vendor/codeigniter4/framework/system/Database/BaseConnection.php(598): CodeIgniter\Database\BaseConnection->simpleQuery('ECOMMERCE.sp_ge...')
#2 /opt/lampp/htdocs/api8097/public_html/app/Models/SeccionesModel.php(49): CodeIgniter\Database\BaseConnection->query('ECOMMERCE.sp_ge...', Array)
#3 /opt/lampp/htdocs/api8097/public_html/app/Controllers/Secciones.php(48): App\Models\SeccionesModel->BusquedaSecciones('1020', '3040', NULL, 0, NULL, 'B-02')
#4 /opt/lampp/htdocs/api8097/public_html/vendor/codeigniter4/framework/system/CodeIgniter.php(824): App\Controllers\Secciones->show('3', '1020')
#5 /opt/lampp/htdocs/api8097/public_html/vendor/codeigniter4/framework/system/CodeIgniter.php(410): CodeIgniter\CodeIgniter->runController(Object(App\Controllers\Secciones))
#6 /opt/lampp/htdocs/api8097/public_html/vendor/codeigniter4/framework/system/CodeIgniter.php(318): CodeIgniter\CodeIgniter->handleRequest(NULL, Object(Config\Cache), false)
#7 /opt/lampp/htdocs/api8097/public_html/public/index.php(41): CodeIgniter\CodeIgniter->run()
#8 {main}
ERROR - 2024-02-21 15:09:46 --> [Microsoft][ODBC Driver 17 for SQL Server][SQL Server]Procedure or function 'sp_getSecciones' expects parameter '@pbodega', which was not supplied.
CRITICAL - 2024-02-21 15:09:46 --> [Microsoft][ODBC Driver 17 for SQL Server][SQL Server]Procedure or function 'sp_getSecciones' expects parameter '@pbodega', which was not supplied.
#0 /opt/lampp/htdocs/api8097/public_html/vendor/codeigniter4/framework/system/Database/BaseConnection.php(670): CodeIgniter\Database\SQLSRV\Connection->execute('ECOMMERCE.sp_ge...')
#1 /opt/lampp/htdocs/api8097/public_html/vendor/codeigniter4/framework/system/Database/BaseConnection.php(598): CodeIgniter\Database\BaseConnection->simpleQuery('ECOMMERCE.sp_ge...')
#2 /opt/lampp/htdocs/api8097/public_html/app/Models/SeccionesModel.php(49): CodeIgniter\Database\BaseConnection->query('ECOMMERCE.sp_ge...', Array)
#3 /opt/lampp/htdocs/api8097/public_html/app/Controllers/Secciones.php(48): App\Models\SeccionesModel->BusquedaSecciones('1050', '3020', NULL, 0, NULL, 'B-02')
#4 /opt/lampp/htdocs/api8097/public_html/vendor/codeigniter4/framework/system/CodeIgniter.php(824): App\Controllers\Secciones->show('3', '1050')
#5 /opt/lampp/htdocs/api8097/public_html/vendor/codeigniter4/framework/system/CodeIgniter.php(410): CodeIgniter\CodeIgniter->runController(Object(App\Controllers\Secciones))
#6 /opt/lampp/htdocs/api8097/public_html/vendor/codeigniter4/framework/system/CodeIgniter.php(318): CodeIgniter\CodeIgniter->handleRequest(NULL, Object(Config\Cache), false)
#7 /opt/lampp/htdocs/api8097/public_html/public/index.php(41): CodeIgniter\CodeIgniter->run()
#8 {main}
ERROR - 2024-02-21 15:10:08 --> [Microsoft][ODBC Driver 17 for SQL Server][SQL Server]Procedure or function 'sp_getSecciones' expects parameter '@pbodega', which was not supplied.
CRITICAL - 2024-02-21 15:10:08 --> [Microsoft][ODBC Driver 17 for SQL Server][SQL Server]Procedure or function 'sp_getSecciones' expects parameter '@pbodega', which was not supplied.
#0 /opt/lampp/htdocs/api8097/public_html/vendor/codeigniter4/framework/system/Database/BaseConnection.php(670): CodeIgniter\Database\SQLSRV\Connection->execute('ECOMMERCE.sp_ge...')
#1 /opt/lampp/htdocs/api8097/public_html/vendor/codeigniter4/framework/system/Database/BaseConnection.php(598): CodeIgniter\Database\BaseConnection->simpleQuery('ECOMMERCE.sp_ge...')
#2 /opt/lampp/htdocs/api8097/public_html/app/Models/SeccionesModel.php(49): CodeIgniter\Database\BaseConnection->query('ECOMMERCE.sp_ge...', Array)
#3 /opt/lampp/htdocs/api8097/public_html/app/Controllers/Secciones.php(48): App\Models\SeccionesModel->BusquedaSecciones('1050', '3020', NULL, 0, NULL, 'B-02')
#4 /opt/lampp/htdocs/api8097/public_html/vendor/codeigniter4/framework/system/CodeIgniter.php(824): App\Controllers\Secciones->show('3', '1050')
#5 /opt/lampp/htdocs/api8097/public_html/vendor/codeigniter4/framework/system/CodeIgniter.php(410): CodeIgniter\CodeIgniter->runController(Object(App\Controllers\Secciones))
#6 /opt/lampp/htdocs/api8097/public_html/vendor/codeigniter4/framework/system/CodeIgniter.php(318): CodeIgniter\CodeIgniter->handleRequest(NULL, Object(Config\Cache), false)
#7 /opt/lampp/htdocs/api8097/public_html/public/index.php(41): CodeIgniter\CodeIgniter->run()
#8 {main}
ERROR - 2024-02-21 15:10:31 --> [Microsoft][ODBC Driver 17 for SQL Server][SQL Server]Procedure or function 'sp_getSecciones' expects parameter '@pbodega', which was not supplied.
CRITICAL - 2024-02-21 15:10:31 --> [Microsoft][ODBC Driver 17 for SQL Server][SQL Server]Procedure or function 'sp_getSecciones' expects parameter '@pbodega', which was not supplied.
#0 /opt/lampp/htdocs/api8097/public_html/vendor/codeigniter4/framework/system/Database/BaseConnection.php(670): CodeIgniter\Database\SQLSRV\Connection->execute('ECOMMERCE.sp_ge...')
#1 /opt/lampp/htdocs/api8097/public_html/vendor/codeigniter4/framework/system/Database/BaseConnection.php(598): CodeIgniter\Database\BaseConnection->simpleQuery('ECOMMERCE.sp_ge...')
#2 /opt/lampp/htdocs/api8097/public_html/app/Models/SeccionesModel.php(49): CodeIgniter\Database\BaseConnection->query('ECOMMERCE.sp_ge...', Array)
#3 /opt/lampp/htdocs/api8097/public_html/app/Controllers/Secciones.php(48): App\Models\SeccionesModel->BusquedaSecciones('1050', '3020', NULL, 0, NULL, 'B-02')
#4 /opt/lampp/htdocs/api8097/public_html/vendor/codeigniter4/framework/system/CodeIgniter.php(824): App\Controllers\Secciones->show('3', '1050')
#5 /opt/lampp/htdocs/api8097/public_html/vendor/codeigniter4/framework/system/CodeIgniter.php(410): CodeIgniter\CodeIgniter->runController(Object(App\Controllers\Secciones))
#6 /opt/lampp/htdocs/api8097/public_html/vendor/codeigniter4/framework/system/CodeIgniter.php(318): CodeIgniter\CodeIgniter->handleRequest(NULL, Object(Config\Cache), false)
#7 /opt/lampp/htdocs/api8097/public_html/public/index.php(41): CodeIgniter\CodeIgniter->run()
#8 {main}
ERROR - 2024-02-21 15:10:53 --> [Microsoft][ODBC Driver 17 for SQL Server][SQL Server]Procedure or function 'sp_getSecciones' expects parameter '@pbodega', which was not supplied.
CRITICAL - 2024-02-21 15:10:53 --> [Microsoft][ODBC Driver 17 for SQL Server][SQL Server]Procedure or function 'sp_getSecciones' expects parameter '@pbodega', which was not supplied.
#0 /opt/lampp/htdocs/api8097/public_html/vendor/codeigniter4/framework/system/Database/BaseConnection.php(670): CodeIgniter\Database\SQLSRV\Connection->execute('ECOMMERCE.sp_ge...')
#1 /opt/lampp/htdocs/api8097/public_html/vendor/codeigniter4/framework/system/Database/BaseConnection.php(598): CodeIgniter\Database\BaseConnection->simpleQuery('ECOMMERCE.sp_ge...')
#2 /opt/lampp/htdocs/api8097/public_html/app/Models/SeccionesModel.php(49): CodeIgniter\Database\BaseConnection->query('ECOMMERCE.sp_ge...', Array)
#3 /opt/lampp/htdocs/api8097/public_html/app/Controllers/Secciones.php(48): App\Models\SeccionesModel->BusquedaSecciones('1050', '3020', NULL, 0, NULL, 'B-02')
#4 /opt/lampp/htdocs/api8097/public_html/vendor/codeigniter4/framework/system/CodeIgniter.php(824): App\Controllers\Secciones->show('3', '1050')
#5 /opt/lampp/htdocs/api8097/public_html/vendor/codeigniter4/framework/system/CodeIgniter.php(410): CodeIgniter\CodeIgniter->runController(Object(App\Controllers\Secciones))
#6 /opt/lampp/htdocs/api8097/public_html/vendor/codeigniter4/framework/system/CodeIgniter.php(318): CodeIgniter\CodeIgniter->handleRequest(NULL, Object(Config\Cache), false)
#7 /opt/lampp/htdocs/api8097/public_html/public/index.php(41): CodeIgniter\CodeIgniter->run()
#8 {main}
ERROR - 2024-02-21 15:11:38 --> [Microsoft][ODBC Driver 17 for SQL Server][SQL Server]Procedure or function 'sp_getSecciones' expects parameter '@pbodega', which was not supplied.
CRITICAL - 2024-02-21 15:11:38 --> [Microsoft][ODBC Driver 17 for SQL Server][SQL Server]Procedure or function 'sp_getSecciones' expects parameter '@pbodega', which was not supplied.
#0 /opt/lampp/htdocs/api8097/public_html/vendor/codeigniter4/framework/system/Database/BaseConnection.php(670): CodeIgniter\Database\SQLSRV\Connection->execute('ECOMMERCE.sp_ge...')
#1 /opt/lampp/htdocs/api8097/public_html/vendor/codeigniter4/framework/system/Database/BaseConnection.php(598): CodeIgniter\Database\BaseConnection->simpleQuery('ECOMMERCE.sp_ge...')
#2 /opt/lampp/htdocs/api8097/public_html/app/Models/SeccionesModel.php(49): CodeIgniter\Database\BaseConnection->query('ECOMMERCE.sp_ge...', Array)
#3 /opt/lampp/htdocs/api8097/public_html/app/Controllers/Secciones.php(48): App\Models\SeccionesModel->BusquedaSecciones('1050', '3020', NULL, 0, NULL, 'B-02')
#4 /opt/lampp/htdocs/api8097/public_html/vendor/codeigniter4/framework/system/CodeIgniter.php(824): App\Controllers\Secciones->show('3', '1050')
#5 /opt/lampp/htdocs/api8097/public_html/vendor/codeigniter4/framework/system/CodeIgniter.php(410): CodeIgniter\CodeIgniter->runController(Object(App\Controllers\Secciones))
#6 /opt/lampp/htdocs/api8097/public_html/vendor/codeigniter4/framework/system/CodeIgniter.php(318): CodeIgniter\CodeIgniter->handleRequest(NULL, Object(Config\Cache), false)
#7 /opt/lampp/htdocs/api8097/public_html/public/index.php(41): CodeIgniter\CodeIgniter->run()
#8 {main}
ERROR - 2024-02-21 15:21:40 --> [Microsoft][ODBC Driver 17 for SQL Server][SQL Server]Procedure or function 'sp_getSecciones' expects parameter '@pbodega', which was not supplied.
CRITICAL - 2024-02-21 15:21:40 --> [Microsoft][ODBC Driver 17 for SQL Server][SQL Server]Procedure or function 'sp_getSecciones' expects parameter '@pbodega', which was not supplied.
#0 /opt/lampp/htdocs/api8097/public_html/vendor/codeigniter4/framework/system/Database/BaseConnection.php(670): CodeIgniter\Database\SQLSRV\Connection->execute('ECOMMERCE.sp_ge...')
#1 /opt/lampp/htdocs/api8097/public_html/vendor/codeigniter4/framework/system/Database/BaseConnection.php(598): CodeIgniter\Database\BaseConnection->simpleQuery('ECOMMERCE.sp_ge...')
#2 /opt/lampp/htdocs/api8097/public_html/app/Models/SeccionesModel.php(49): CodeIgniter\Database\BaseConnection->query('ECOMMERCE.sp_ge...', Array)
#3 /opt/lampp/htdocs/api8097/public_html/app/Controllers/Secciones.php(48): App\Models\SeccionesModel->BusquedaSecciones('1050', '3020', NULL, NULL, 0, NULL, 'B-02')
#4 /opt/lampp/htdocs/api8097/public_html/vendor/codeigniter4/framework/system/CodeIgniter.php(824): App\Controllers\Secciones->show('3', '1050')
#5 /opt/lampp/htdocs/api8097/public_html/vendor/codeigniter4/framework/system/CodeIgniter.php(410): CodeIgniter\CodeIgniter->runController(Object(App\Controllers\Secciones))
#6 /opt/lampp/htdocs/api8097/public_html/vendor/codeigniter4/framework/system/CodeIgniter.php(318): CodeIgniter\CodeIgniter->handleRequest(NULL, Object(Config\Cache), false)
#7 /opt/lampp/htdocs/api8097/public_html/public/index.php(41): CodeIgniter\CodeIgniter->run()
#8 {main}
ERROR - 2024-02-21 15:26:57 --> [Microsoft][ODBC Driver 17 for SQL Server][SQL Server]Procedure or function 'sp_getSecciones' expects parameter '@pbodega', which was not supplied.
CRITICAL - 2024-02-21 15:26:57 --> [Microsoft][ODBC Driver 17 for SQL Server][SQL Server]Procedure or function 'sp_getSecciones' expects parameter '@pbodega', which was not supplied.
#0 /opt/lampp/htdocs/api8097/public_html/vendor/codeigniter4/framework/system/Database/BaseConnection.php(670): CodeIgniter\Database\SQLSRV\Connection->execute('ECOMMERCE.sp_ge...')
#1 /opt/lampp/htdocs/api8097/public_html/vendor/codeigniter4/framework/system/Database/BaseConnection.php(598): CodeIgniter\Database\BaseConnection->simpleQuery('ECOMMERCE.sp_ge...')
#2 /opt/lampp/htdocs/api8097/public_html/app/Models/SeccionesModel.php(49): CodeIgniter\Database\BaseConnection->query('ECOMMERCE.sp_ge...', Array)
#3 /opt/lampp/htdocs/api8097/public_html/app/Controllers/Secciones.php(48): App\Models\SeccionesModel->BusquedaSecciones('1050', '3020', NULL, 0, NULL, 'B-02')
#4 /opt/lampp/htdocs/api8097/public_html/vendor/codeigniter4/framework/system/CodeIgniter.php(824): App\Controllers\Secciones->show('3', '1050')
#5 /opt/lampp/htdocs/api8097/public_html/vendor/codeigniter4/framework/system/CodeIgniter.php(410): CodeIgniter\CodeIgniter->runController(Object(App\Controllers\Secciones))
#6 /opt/lampp/htdocs/api8097/public_html/vendor/codeigniter4/framework/system/CodeIgniter.php(318): CodeIgniter\CodeIgniter->handleRequest(NULL, Object(Config\Cache), false)
#7 /opt/lampp/htdocs/api8097/public_html/public/index.php(41): CodeIgniter\CodeIgniter->run()
#8 {main}
CRITICAL - 2024-02-21 15:54:38 --> Undefined variable: arrMenu
#0 /opt/lampp/htdocs/api8097/public_html/app/Controllers/Menu.php(111): CodeIgniter\Debug\Exceptions->errorHandler(8, 'Undefined varia...', '/opt/lampp/htdo...', 111, Array)
#1 /opt/lampp/htdocs/api8097/public_html/vendor/codeigniter4/framework/system/CodeIgniter.php(824): App\Controllers\Menu->show('1')
#2 /opt/lampp/htdocs/api8097/public_html/vendor/codeigniter4/framework/system/CodeIgniter.php(410): CodeIgniter\CodeIgniter->runController(Object(App\Controllers\Menu))
#3 /opt/lampp/htdocs/api8097/public_html/vendor/codeigniter4/framework/system/CodeIgniter.php(318): CodeIgniter\CodeIgniter->handleRequest(NULL, Object(Config\Cache), false)
#4 /opt/lampp/htdocs/api8097/public_html/public/index.php(41): CodeIgniter\CodeIgniter->run()
#5 {main}
