ERROR - 2022-09-05 10:43:21 --> [Microsoft][ODBC Driver 17 for SQL Server]TCP Provider: Se ha forzado la interrupción de una conexión existente por el host remoto.

ERROR - 2022-09-05 10:43:21 --> Error connecting to the database: [Microsoft][ODBC Driver 17 for SQL Server]TCP Provider: Se ha forzado la interrupción de una conexión existente por el host remoto.

ERROR - 2022-09-05 10:43:21 --> [Microsoft][ODBC Driver 17 for SQL Server]SMux Provider: Physical connection is not usable [xFFFFFFFF]. 
ERROR - 2022-09-05 10:43:28 --> [Microsoft][ODBC Driver 17 for SQL Server]TCP Provider: Se ha forzado la interrupción de una conexión existente por el host remoto.

ERROR - 2022-09-05 10:43:28 --> Error connecting to the database: [Microsoft][ODBC Driver 17 for SQL Server]TCP Provider: Se ha forzado la interrupción de una conexión existente por el host remoto.

ERROR - 2022-09-05 10:43:28 --> [Microsoft][ODBC Driver 17 for SQL Server]TCP Provider: Se ha forzado la interrupción de una conexión existente por el host remoto.

ERROR - 2022-09-05 10:43:28 --> [Microsoft][ODBC Driver 17 for SQL Server]TCP Provider: Se ha forzado la interrupción de una conexión existente por el host remoto.

ERROR - 2022-09-05 10:43:28 --> Error connecting to the database: [Microsoft][ODBC Driver 17 for SQL Server]TCP Provider: Se ha forzado la interrupción de una conexión existente por el host remoto.

ERROR - 2022-09-05 10:43:28 --> [Microsoft][ODBC Driver 17 for SQL Server]TCP Provider: Se ha forzado la interrupción de una conexión existente por el host remoto.

ERROR - 2022-09-05 11:25:29 --> [Microsoft][ODBC Driver 17 for SQL Server]TCP Provider: Se ha forzado la interrupción de una conexión existente por el host remoto.

ERROR - 2022-09-05 11:25:29 --> Error connecting to the database: [Microsoft][ODBC Driver 17 for SQL Server]TCP Provider: Se ha forzado la interrupción de una conexión existente por el host remoto.

ERROR - 2022-09-05 11:25:29 --> [Microsoft][ODBC Driver 17 for SQL Server]TCP Provider: Se ha forzado la interrupción de una conexión existente por el host remoto.

ERROR - 2022-09-05 11:25:29 --> [Microsoft][ODBC Driver 17 for SQL Server]TCP Provider: Se ha forzado la interrupción de una conexión existente por el host remoto.

ERROR - 2022-09-05 11:25:29 --> Error connecting to the database: [Microsoft][ODBC Driver 17 for SQL Server]TCP Provider: Se ha forzado la interrupción de una conexión existente por el host remoto.

ERROR - 2022-09-05 11:25:29 --> [Microsoft][ODBC Driver 17 for SQL Server]TCP Provider: Se ha forzado la interrupción de una conexión existente por el host remoto.

ERROR - 2022-09-05 11:25:29 --> [Microsoft][ODBC Driver 17 for SQL Server]TCP Provider: Se ha forzado la interrupción de una conexión existente por el host remoto.

ERROR - 2022-09-05 11:25:29 --> Error connecting to the database: [Microsoft][ODBC Driver 17 for SQL Server]TCP Provider: Se ha forzado la interrupción de una conexión existente por el host remoto.

ERROR - 2022-09-05 11:25:29 --> [Microsoft][ODBC Driver 17 for SQL Server]TCP Provider: Se ha forzado la interrupción de una conexión existente por el host remoto.

ERROR - 2022-09-05 11:26:13 --> Error connecting to the database: . 
Login timeout expired
A network-related or instance-specific error has occurred while establishing a connection to SQL Server. Server is not found or not accessible. Check if instance name is correct and if SQL Server is configured to allow remote connections. For more information see SQL Server Books Online.
ERROR - 2022-09-05 11:26:13 --> Error connecting to the database: . 
Login timeout expired
A network-related or instance-specific error has occurred while establishing a connection to SQL Server. Server is not found or not accessible. Check if instance name is correct and if SQL Server is configured to allow remote connections. For more information see SQL Server Books Online.
ERROR - 2022-09-05 11:26:13 --> Error connecting to the database: . 
Login timeout expired
A network-related or instance-specific error has occurred while establishing a connection to SQL Server. Server is not found or not accessible. Check if instance name is correct and if SQL Server is configured to allow remote connections. For more information see SQL Server Books Online.
CRITICAL - 2022-09-05 11:26:13 --> Unable to connect to the database.
Main connection [sqlsrv]: . 
Login timeout expired
A network-related or instance-specific error has occurred while establishing a connection to SQL Server. Server is not found or not accessible. Check if instance name is correct and if SQL Server is configured to allow remote connections. For more information see SQL Server Books Online.
#0 E:\SERVER\laragon\www\api\vendor\codeigniter4\framework\system\Database\BaseConnection.php(577): CodeIgniter\Database\BaseConnection->initialize()
#1 E:\SERVER\laragon\www\api\app\Models\Promociones_Model.php(17): CodeIgniter\Database\BaseConnection->query('ECOMMERCE.sp_ge...', Array)
#2 E:\SERVER\laragon\www\api\app\Controllers\Promociones.php(77): App\Models\Promociones_Model->sp_get_promociones_web('JOSEPGREN', NULL, NULL, NULL, 'E')
#3 E:\SERVER\laragon\www\api\vendor\codeigniter4\framework\system\CodeIgniter.php(824): App\Controllers\Promociones->show('1')
#4 E:\SERVER\laragon\www\api\vendor\codeigniter4\framework\system\CodeIgniter.php(410): CodeIgniter\CodeIgniter->runController(Object(App\Controllers\Promociones))
#5 E:\SERVER\laragon\www\api\vendor\codeigniter4\framework\system\CodeIgniter.php(318): CodeIgniter\CodeIgniter->handleRequest(NULL, Object(Config\Cache), false)
#6 E:\SERVER\laragon\www\api\public\index.php(41): CodeIgniter\CodeIgniter->run()
#7 {main}
CRITICAL - 2022-09-05 11:26:13 --> Unable to connect to the database.
Main connection [sqlsrv]: . 
Login timeout expired
A network-related or instance-specific error has occurred while establishing a connection to SQL Server. Server is not found or not accessible. Check if instance name is correct and if SQL Server is configured to allow remote connections. For more information see SQL Server Books Online.
#0 E:\SERVER\laragon\www\api\vendor\codeigniter4\framework\system\Database\BaseConnection.php(577): CodeIgniter\Database\BaseConnection->initialize()
#1 E:\SERVER\laragon\www\api\app\Models\Menu_Model.php(17): CodeIgniter\Database\BaseConnection->query('CLSA.sp_getModu...', Array)
#2 E:\SERVER\laragon\www\api\app\Controllers\Menu.php(70): App\Models\Menu_Model->sp_getModulosUsuario('JOSEPGREN', 'W', NULL)
#3 E:\SERVER\laragon\www\api\vendor\codeigniter4\framework\system\CodeIgniter.php(824): App\Controllers\Menu->show('1')
#4 E:\SERVER\laragon\www\api\vendor\codeigniter4\framework\system\CodeIgniter.php(410): CodeIgniter\CodeIgniter->runController(Object(App\Controllers\Menu))
#5 E:\SERVER\laragon\www\api\vendor\codeigniter4\framework\system\CodeIgniter.php(318): CodeIgniter\CodeIgniter->handleRequest(NULL, Object(Config\Cache), false)
#6 E:\SERVER\laragon\www\api\public\index.php(41): CodeIgniter\CodeIgniter->run()
#7 {main}
CRITICAL - 2022-09-05 11:26:13 --> Unable to connect to the database.
Main connection [sqlsrv]: . 
Login timeout expired
A network-related or instance-specific error has occurred while establishing a connection to SQL Server. Server is not found or not accessible. Check if instance name is correct and if SQL Server is configured to allow remote connections. For more information see SQL Server Books Online.
#0 E:\SERVER\laragon\www\api\vendor\codeigniter4\framework\system\Database\BaseConnection.php(577): CodeIgniter\Database\BaseConnection->initialize()
#1 E:\SERVER\laragon\www\api\app\Models\SeccionesModel.php(65): CodeIgniter\Database\BaseConnection->query('{CALL [CLSA].[s...', Array)
#2 E:\SERVER\laragon\www\api\app\Controllers\DetalleProducto.php(79): App\Models\SeccionesModel->precioArticulo('JOSEPGREN', 'AMA 4T QT')
#3 E:\SERVER\laragon\www\api\vendor\codeigniter4\framework\system\CodeIgniter.php(824): App\Controllers\DetalleProducto->show('1020')
#4 E:\SERVER\laragon\www\api\vendor\codeigniter4\framework\system\CodeIgniter.php(410): CodeIgniter\CodeIgniter->runController(Object(App\Controllers\DetalleProducto))
#5 E:\SERVER\laragon\www\api\vendor\codeigniter4\framework\system\CodeIgniter.php(318): CodeIgniter\CodeIgniter->handleRequest(NULL, Object(Config\Cache), false)
#6 E:\SERVER\laragon\www\api\public\index.php(41): CodeIgniter\CodeIgniter->run()
#7 {main}
ERROR - 2022-09-05 11:26:38 --> Error connecting to the database: . 
Login timeout expired
A network-related or instance-specific error has occurred while establishing a connection to SQL Server. Server is not found or not accessible. Check if instance name is correct and if SQL Server is configured to allow remote connections. For more information see SQL Server Books Online.
CRITICAL - 2022-09-05 11:26:38 --> Unable to connect to the database.
Main connection [sqlsrv]: . 
Login timeout expired
A network-related or instance-specific error has occurred while establishing a connection to SQL Server. Server is not found or not accessible. Check if instance name is correct and if SQL Server is configured to allow remote connections. For more information see SQL Server Books Online.
#0 E:\SERVER\laragon\www\api\vendor\codeigniter4\framework\system\Database\BaseConnection.php(577): CodeIgniter\Database\BaseConnection->initialize()
#1 E:\SERVER\laragon\www\api\app\Models\Menu_Model.php(17): CodeIgniter\Database\BaseConnection->query('CLSA.sp_getModu...', Array)
#2 E:\SERVER\laragon\www\api\app\Controllers\Menu.php(70): App\Models\Menu_Model->sp_getModulosUsuario('JOSEPGREN', 'W', NULL)
#3 E:\SERVER\laragon\www\api\vendor\codeigniter4\framework\system\CodeIgniter.php(824): App\Controllers\Menu->show('1')
#4 E:\SERVER\laragon\www\api\vendor\codeigniter4\framework\system\CodeIgniter.php(410): CodeIgniter\CodeIgniter->runController(Object(App\Controllers\Menu))
#5 E:\SERVER\laragon\www\api\vendor\codeigniter4\framework\system\CodeIgniter.php(318): CodeIgniter\CodeIgniter->handleRequest(NULL, Object(Config\Cache), false)
#6 E:\SERVER\laragon\www\api\public\index.php(41): CodeIgniter\CodeIgniter->run()
#7 {main}
ERROR - 2022-09-05 11:26:38 --> Error connecting to the database: . 
Login timeout expired
A network-related or instance-specific error has occurred while establishing a connection to SQL Server. Server is not found or not accessible. Check if instance name is correct and if SQL Server is configured to allow remote connections. For more information see SQL Server Books Online.
CRITICAL - 2022-09-05 11:26:38 --> Unable to connect to the database.
Main connection [sqlsrv]: . 
Login timeout expired
A network-related or instance-specific error has occurred while establishing a connection to SQL Server. Server is not found or not accessible. Check if instance name is correct and if SQL Server is configured to allow remote connections. For more information see SQL Server Books Online.
#0 E:\SERVER\laragon\www\api\vendor\codeigniter4\framework\system\Database\BaseConnection.php(577): CodeIgniter\Database\BaseConnection->initialize()
#1 E:\SERVER\laragon\www\api\app\Models\SeccionesModel.php(65): CodeIgniter\Database\BaseConnection->query('{CALL [CLSA].[s...', Array)
#2 E:\SERVER\laragon\www\api\app\Controllers\DetalleProducto.php(79): App\Models\SeccionesModel->precioArticulo('JOSEPGREN', 'AMA 4T QT')
#3 E:\SERVER\laragon\www\api\vendor\codeigniter4\framework\system\CodeIgniter.php(824): App\Controllers\DetalleProducto->show('1020')
#4 E:\SERVER\laragon\www\api\vendor\codeigniter4\framework\system\CodeIgniter.php(410): CodeIgniter\CodeIgniter->runController(Object(App\Controllers\DetalleProducto))
#5 E:\SERVER\laragon\www\api\vendor\codeigniter4\framework\system\CodeIgniter.php(318): CodeIgniter\CodeIgniter->handleRequest(NULL, Object(Config\Cache), false)
#6 E:\SERVER\laragon\www\api\public\index.php(41): CodeIgniter\CodeIgniter->run()
#7 {main}
ERROR - 2022-09-05 11:26:38 --> Error connecting to the database: . 
Login timeout expired
A network-related or instance-specific error has occurred while establishing a connection to SQL Server. Server is not found or not accessible. Check if instance name is correct and if SQL Server is configured to allow remote connections. For more information see SQL Server Books Online.
CRITICAL - 2022-09-05 11:26:38 --> Unable to connect to the database.
Main connection [sqlsrv]: . 
Login timeout expired
A network-related or instance-specific error has occurred while establishing a connection to SQL Server. Server is not found or not accessible. Check if instance name is correct and if SQL Server is configured to allow remote connections. For more information see SQL Server Books Online.
#0 E:\SERVER\laragon\www\api\vendor\codeigniter4\framework\system\Database\BaseConnection.php(577): CodeIgniter\Database\BaseConnection->initialize()
#1 E:\SERVER\laragon\www\api\app\Models\Promociones_Model.php(17): CodeIgniter\Database\BaseConnection->query('ECOMMERCE.sp_ge...', Array)
#2 E:\SERVER\laragon\www\api\app\Controllers\Promociones.php(77): App\Models\Promociones_Model->sp_get_promociones_web('JOSEPGREN', NULL, NULL, NULL, 'E')
#3 E:\SERVER\laragon\www\api\vendor\codeigniter4\framework\system\CodeIgniter.php(824): App\Controllers\Promociones->show('1')
#4 E:\SERVER\laragon\www\api\vendor\codeigniter4\framework\system\CodeIgniter.php(410): CodeIgniter\CodeIgniter->runController(Object(App\Controllers\Promociones))
#5 E:\SERVER\laragon\www\api\vendor\codeigniter4\framework\system\CodeIgniter.php(318): CodeIgniter\CodeIgniter->handleRequest(NULL, Object(Config\Cache), false)
#6 E:\SERVER\laragon\www\api\public\index.php(41): CodeIgniter\CodeIgniter->run()
#7 {main}
ERROR - 2022-09-05 11:29:33 --> Error connecting to the database: . 
Login timeout expired
A network-related or instance-specific error has occurred while establishing a connection to SQL Server. Server is not found or not accessible. Check if instance name is correct and if SQL Server is configured to allow remote connections. For more information see SQL Server Books Online.
ERROR - 2022-09-05 11:29:33 --> Error connecting to the database: . 
Login timeout expired
A network-related or instance-specific error has occurred while establishing a connection to SQL Server. Server is not found or not accessible. Check if instance name is correct and if SQL Server is configured to allow remote connections. For more information see SQL Server Books Online.
CRITICAL - 2022-09-05 11:29:33 --> Unable to connect to the database.
Main connection [sqlsrv]: . 
Login timeout expired
A network-related or instance-specific error has occurred while establishing a connection to SQL Server. Server is not found or not accessible. Check if instance name is correct and if SQL Server is configured to allow remote connections. For more information see SQL Server Books Online.
#0 E:\SERVER\laragon\www\api\vendor\codeigniter4\framework\system\Database\BaseConnection.php(577): CodeIgniter\Database\BaseConnection->initialize()
#1 E:\SERVER\laragon\www\api\app\Models\Promociones_Model.php(17): CodeIgniter\Database\BaseConnection->query('ECOMMERCE.sp_ge...', Array)
#2 E:\SERVER\laragon\www\api\app\Controllers\Promociones.php(77): App\Models\Promociones_Model->sp_get_promociones_web('JOSEPGREN', NULL, NULL, NULL, 'E')
#3 E:\SERVER\laragon\www\api\vendor\codeigniter4\framework\system\CodeIgniter.php(824): App\Controllers\Promociones->show('1')
#4 E:\SERVER\laragon\www\api\vendor\codeigniter4\framework\system\CodeIgniter.php(410): CodeIgniter\CodeIgniter->runController(Object(App\Controllers\Promociones))
#5 E:\SERVER\laragon\www\api\vendor\codeigniter4\framework\system\CodeIgniter.php(318): CodeIgniter\CodeIgniter->handleRequest(NULL, Object(Config\Cache), false)
#6 E:\SERVER\laragon\www\api\public\index.php(41): CodeIgniter\CodeIgniter->run()
#7 {main}
CRITICAL - 2022-09-05 11:29:33 --> Unable to connect to the database.
Main connection [sqlsrv]: . 
Login timeout expired
A network-related or instance-specific error has occurred while establishing a connection to SQL Server. Server is not found or not accessible. Check if instance name is correct and if SQL Server is configured to allow remote connections. For more information see SQL Server Books Online.
#0 E:\SERVER\laragon\www\api\vendor\codeigniter4\framework\system\Database\BaseConnection.php(577): CodeIgniter\Database\BaseConnection->initialize()
#1 E:\SERVER\laragon\www\api\app\Models\Menu_Model.php(17): CodeIgniter\Database\BaseConnection->query('CLSA.sp_getModu...', Array)
#2 E:\SERVER\laragon\www\api\app\Controllers\Menu.php(70): App\Models\Menu_Model->sp_getModulosUsuario('JOSEPGREN', 'W', NULL)
#3 E:\SERVER\laragon\www\api\vendor\codeigniter4\framework\system\CodeIgniter.php(824): App\Controllers\Menu->show('1')
#4 E:\SERVER\laragon\www\api\vendor\codeigniter4\framework\system\CodeIgniter.php(410): CodeIgniter\CodeIgniter->runController(Object(App\Controllers\Menu))
#5 E:\SERVER\laragon\www\api\vendor\codeigniter4\framework\system\CodeIgniter.php(318): CodeIgniter\CodeIgniter->handleRequest(NULL, Object(Config\Cache), false)
#6 E:\SERVER\laragon\www\api\public\index.php(41): CodeIgniter\CodeIgniter->run()
#7 {main}
ERROR - 2022-09-05 11:29:33 --> Error connecting to the database: . 
Login timeout expired
A network-related or instance-specific error has occurred while establishing a connection to SQL Server. Server is not found or not accessible. Check if instance name is correct and if SQL Server is configured to allow remote connections. For more information see SQL Server Books Online.
CRITICAL - 2022-09-05 11:29:33 --> Unable to connect to the database.
Main connection [sqlsrv]: . 
Login timeout expired
A network-related or instance-specific error has occurred while establishing a connection to SQL Server. Server is not found or not accessible. Check if instance name is correct and if SQL Server is configured to allow remote connections. For more information see SQL Server Books Online.
#0 E:\SERVER\laragon\www\api\vendor\codeigniter4\framework\system\Database\BaseConnection.php(577): CodeIgniter\Database\BaseConnection->initialize()
#1 E:\SERVER\laragon\www\api\app\Models\SeccionesModel.php(65): CodeIgniter\Database\BaseConnection->query('{CALL [CLSA].[s...', Array)
#2 E:\SERVER\laragon\www\api\app\Controllers\DetalleProducto.php(79): App\Models\SeccionesModel->precioArticulo('JOSEPGREN', 'AMA 4T QT')
#3 E:\SERVER\laragon\www\api\vendor\codeigniter4\framework\system\CodeIgniter.php(824): App\Controllers\DetalleProducto->show('1020')
#4 E:\SERVER\laragon\www\api\vendor\codeigniter4\framework\system\CodeIgniter.php(410): CodeIgniter\CodeIgniter->runController(Object(App\Controllers\DetalleProducto))
#5 E:\SERVER\laragon\www\api\vendor\codeigniter4\framework\system\CodeIgniter.php(318): CodeIgniter\CodeIgniter->handleRequest(NULL, Object(Config\Cache), false)
#6 E:\SERVER\laragon\www\api\public\index.php(41): CodeIgniter\CodeIgniter->run()
#7 {main}
CRITICAL - 2022-09-05 17:37:23 --> Undefined property: stdClass::$CANTIDAD
#0 E:\SERVER\laragon\www\api\app\Controllers\Promociones.php(121): CodeIgniter\Debug\Exceptions->errorHandler(2, 'Undefined prope...', 'E:\\SERVER\\larag...', 121)
#1 E:\SERVER\laragon\www\api\vendor\codeigniter4\framework\system\CodeIgniter.php(824): App\Controllers\Promociones->show('2')
#2 E:\SERVER\laragon\www\api\vendor\codeigniter4\framework\system\CodeIgniter.php(410): CodeIgniter\CodeIgniter->runController(Object(App\Controllers\Promociones))
#3 E:\SERVER\laragon\www\api\vendor\codeigniter4\framework\system\CodeIgniter.php(318): CodeIgniter\CodeIgniter->handleRequest(NULL, Object(Config\Cache), false)
#4 E:\SERVER\laragon\www\api\public\index.php(41): CodeIgniter\CodeIgniter->run()
#5 {main}
