CRITICAL - 2024-02-23 10:58:46 --> Undefined variable: pPedido
#0 /opt/lampp/htdocs/api8097/public_html/app/Controllers/GetGuardadoParcial.php(86): CodeIgniter\Debug\Exceptions->errorHandler(8, 'Undefined varia...', '/opt/lampp/htdo...', 86, Array)
#1 /opt/lampp/htdocs/api8097/public_html/vendor/codeigniter4/framework/system/CodeIgniter.php(824): App\Controllers\GetGuardadoParcial->show('D')
#2 /opt/lampp/htdocs/api8097/public_html/vendor/codeigniter4/framework/system/CodeIgniter.php(410): CodeIgniter\CodeIgniter->runController(Object(App\Controllers\GetGuardadoParcial))
#3 /opt/lampp/htdocs/api8097/public_html/vendor/codeigniter4/framework/system/CodeIgniter.php(318): CodeIgniter\CodeIgniter->handleRequest(NULL, Object(Config\Cache), false)
#4 /opt/lampp/htdocs/api8097/public_html/public/index.php(41): CodeIgniter\CodeIgniter->run()
#5 {main}
CRITICAL - 2024-02-23 10:58:58 --> Undefined variable: pPedido
#0 /opt/lampp/htdocs/api8097/public_html/app/Controllers/GetGuardadoParcial.php(86): CodeIgniter\Debug\Exceptions->errorHandler(8, 'Undefined varia...', '/opt/lampp/htdo...', 86, Array)
#1 /opt/lampp/htdocs/api8097/public_html/vendor/codeigniter4/framework/system/CodeIgniter.php(824): App\Controllers\GetGuardadoParcial->show('D')
#2 /opt/lampp/htdocs/api8097/public_html/vendor/codeigniter4/framework/system/CodeIgniter.php(410): CodeIgniter\CodeIgniter->runController(Object(App\Controllers\GetGuardadoParcial))
#3 /opt/lampp/htdocs/api8097/public_html/vendor/codeigniter4/framework/system/CodeIgniter.php(318): CodeIgniter\CodeIgniter->handleRequest(NULL, Object(Config\Cache), false)
#4 /opt/lampp/htdocs/api8097/public_html/public/index.php(41): CodeIgniter\CodeIgniter->run()
#5 {main}
CRITICAL - 2024-02-23 11:00:14 --> Undefined variable: pPedido
#0 /opt/lampp/htdocs/api8097/public_html/app/Controllers/GetGuardadoParcial.php(86): CodeIgniter\Debug\Exceptions->errorHandler(8, 'Undefined varia...', '/opt/lampp/htdo...', 86, Array)
#1 /opt/lampp/htdocs/api8097/public_html/vendor/codeigniter4/framework/system/CodeIgniter.php(824): App\Controllers\GetGuardadoParcial->show('D')
#2 /opt/lampp/htdocs/api8097/public_html/vendor/codeigniter4/framework/system/CodeIgniter.php(410): CodeIgniter\CodeIgniter->runController(Object(App\Controllers\GetGuardadoParcial))
#3 /opt/lampp/htdocs/api8097/public_html/vendor/codeigniter4/framework/system/CodeIgniter.php(318): CodeIgniter\CodeIgniter->handleRequest(NULL, Object(Config\Cache), false)
#4 /opt/lampp/htdocs/api8097/public_html/public/index.php(41): CodeIgniter\CodeIgniter->run()
#5 {main}
CRITICAL - 2024-02-23 11:00:18 --> Undefined variable: pPedido
#0 /opt/lampp/htdocs/api8097/public_html/app/Controllers/GetGuardadoParcial.php(86): CodeIgniter\Debug\Exceptions->errorHandler(8, 'Undefined varia...', '/opt/lampp/htdo...', 86, Array)
#1 /opt/lampp/htdocs/api8097/public_html/vendor/codeigniter4/framework/system/CodeIgniter.php(824): App\Controllers\GetGuardadoParcial->show('D')
#2 /opt/lampp/htdocs/api8097/public_html/vendor/codeigniter4/framework/system/CodeIgniter.php(410): CodeIgniter\CodeIgniter->runController(Object(App\Controllers\GetGuardadoParcial))
#3 /opt/lampp/htdocs/api8097/public_html/vendor/codeigniter4/framework/system/CodeIgniter.php(318): CodeIgniter\CodeIgniter->handleRequest(NULL, Object(Config\Cache), false)
#4 /opt/lampp/htdocs/api8097/public_html/public/index.php(41): CodeIgniter\CodeIgniter->run()
#5 {main}
ERROR - 2024-02-23 11:09:00 --> [Microsoft][ODBC Driver 17 for SQL Server][SQL Server]The ROLLBACK TRANSACTION request has no corresponding BEGIN TRANSACTION.
CRITICAL - 2024-02-23 11:14:36 --> Undefined variable: arrMenu
#0 /opt/lampp/htdocs/api8097/public_html/app/Controllers/Menu.php(111): CodeIgniter\Debug\Exceptions->errorHandler(8, 'Undefined varia...', '/opt/lampp/htdo...', 111, Array)
#1 /opt/lampp/htdocs/api8097/public_html/vendor/codeigniter4/framework/system/CodeIgniter.php(824): App\Controllers\Menu->show('1')
#2 /opt/lampp/htdocs/api8097/public_html/vendor/codeigniter4/framework/system/CodeIgniter.php(410): CodeIgniter\CodeIgniter->runController(Object(App\Controllers\Menu))
#3 /opt/lampp/htdocs/api8097/public_html/vendor/codeigniter4/framework/system/CodeIgniter.php(318): CodeIgniter\CodeIgniter->handleRequest(NULL, Object(Config\Cache), false)
#4 /opt/lampp/htdocs/api8097/public_html/public/index.php(41): CodeIgniter\CodeIgniter->run()
#5 {main}
ERROR - 2024-02-23 12:10:53 --> [Microsoft][ODBC Driver 17 for SQL Server][SQL Server]The ROLLBACK TRANSACTION request has no corresponding BEGIN TRANSACTION.
ERROR - 2024-02-23 12:11:02 --> [Microsoft][ODBC Driver 17 for SQL Server][SQL Server]The ROLLBACK TRANSACTION request has no corresponding BEGIN TRANSACTION.
CRITICAL - 2024-02-23 12:22:29 --> Undefined variable: pPedido
#0 /opt/lampp/htdocs/api8097/public_html/app/Models/GetGuardadoParcial_Model.php(32): CodeIgniter\Debug\Exceptions->errorHandler(8, 'Undefined varia...', '/opt/lampp/htdo...', 32, Array)
#1 /opt/lampp/htdocs/api8097/public_html/app/Controllers/GetGuardadoParcial.php(86): App\Models\GetGuardadoParcial_Model->devolverArticulo('P02-10248053', '')
#2 /opt/lampp/htdocs/api8097/public_html/vendor/codeigniter4/framework/system/CodeIgniter.php(824): App\Controllers\GetGuardadoParcial->show('D')
#3 /opt/lampp/htdocs/api8097/public_html/vendor/codeigniter4/framework/system/CodeIgniter.php(410): CodeIgniter\CodeIgniter->runController(Object(App\Controllers\GetGuardadoParcial))
#4 /opt/lampp/htdocs/api8097/public_html/vendor/codeigniter4/framework/system/CodeIgniter.php(318): CodeIgniter\CodeIgniter->handleRequest(NULL, Object(Config\Cache), false)
#5 /opt/lampp/htdocs/api8097/public_html/public/index.php(41): CodeIgniter\CodeIgniter->run()
#6 {main}
CRITICAL - 2024-02-23 12:22:32 --> Undefined variable: pPedido
#0 /opt/lampp/htdocs/api8097/public_html/app/Models/GetGuardadoParcial_Model.php(32): CodeIgniter\Debug\Exceptions->errorHandler(8, 'Undefined varia...', '/opt/lampp/htdo...', 32, Array)
#1 /opt/lampp/htdocs/api8097/public_html/app/Controllers/GetGuardadoParcial.php(86): App\Models\GetGuardadoParcial_Model->devolverArticulo('P02-10248053', '')
#2 /opt/lampp/htdocs/api8097/public_html/vendor/codeigniter4/framework/system/CodeIgniter.php(824): App\Controllers\GetGuardadoParcial->show('D')
#3 /opt/lampp/htdocs/api8097/public_html/vendor/codeigniter4/framework/system/CodeIgniter.php(410): CodeIgniter\CodeIgniter->runController(Object(App\Controllers\GetGuardadoParcial))
#4 /opt/lampp/htdocs/api8097/public_html/vendor/codeigniter4/framework/system/CodeIgniter.php(318): CodeIgniter\CodeIgniter->handleRequest(NULL, Object(Config\Cache), false)
#5 /opt/lampp/htdocs/api8097/public_html/public/index.php(41): CodeIgniter\CodeIgniter->run()
#6 {main}
ERROR - 2024-02-23 13:58:32 --> [Microsoft][ODBC Driver 17 for SQL Server][SQL Server]The ROLLBACK TRANSACTION request has no corresponding BEGIN TRANSACTION.
ERROR - 2024-02-23 13:59:24 --> [Microsoft][ODBC Driver 17 for SQL Server][SQL Server]The ROLLBACK TRANSACTION request has no corresponding BEGIN TRANSACTION.
ERROR - 2024-02-23 14:00:37 --> [Microsoft][ODBC Driver 17 for SQL Server][SQL Server]The ROLLBACK TRANSACTION request has no corresponding BEGIN TRANSACTION.
ERROR - 2024-02-23 14:02:13 --> [Microsoft][ODBC Driver 17 for SQL Server][SQL Server]The ROLLBACK TRANSACTION request has no corresponding BEGIN TRANSACTION.
ERROR - 2024-02-23 14:02:31 --> [Microsoft][ODBC Driver 17 for SQL Server][SQL Server]The ROLLBACK TRANSACTION request has no corresponding BEGIN TRANSACTION.
ERROR - 2024-02-23 14:02:33 --> [Microsoft][ODBC Driver 17 for SQL Server][SQL Server]The ROLLBACK TRANSACTION request has no corresponding BEGIN TRANSACTION.
CRITICAL - 2024-02-23 14:08:10 --> Undefined variable: pPedido
#0 /opt/lampp/htdocs/api8097/public_html/app/Controllers/GetGuardadoParcial.php(86): CodeIgniter\Debug\Exceptions->errorHandler(8, 'Undefined varia...', '/opt/lampp/htdo...', 86, Array)
#1 /opt/lampp/htdocs/api8097/public_html/vendor/codeigniter4/framework/system/CodeIgniter.php(824): App\Controllers\GetGuardadoParcial->show('D')
#2 /opt/lampp/htdocs/api8097/public_html/vendor/codeigniter4/framework/system/CodeIgniter.php(410): CodeIgniter\CodeIgniter->runController(Object(App\Controllers\GetGuardadoParcial))
#3 /opt/lampp/htdocs/api8097/public_html/vendor/codeigniter4/framework/system/CodeIgniter.php(318): CodeIgniter\CodeIgniter->handleRequest(NULL, Object(Config\Cache), false)
#4 /opt/lampp/htdocs/api8097/public_html/public/index.php(41): CodeIgniter\CodeIgniter->run()
#5 {main}
CRITICAL - 2024-02-23 14:14:06 --> Undefined variable: pPedido
#0 /opt/lampp/htdocs/api8097/public_html/app/Controllers/GetGuardadoParcial.php(86): CodeIgniter\Debug\Exceptions->errorHandler(8, 'Undefined varia...', '/opt/lampp/htdo...', 86, Array)
#1 /opt/lampp/htdocs/api8097/public_html/vendor/codeigniter4/framework/system/CodeIgniter.php(824): App\Controllers\GetGuardadoParcial->show('D')
#2 /opt/lampp/htdocs/api8097/public_html/vendor/codeigniter4/framework/system/CodeIgniter.php(410): CodeIgniter\CodeIgniter->runController(Object(App\Controllers\GetGuardadoParcial))
#3 /opt/lampp/htdocs/api8097/public_html/vendor/codeigniter4/framework/system/CodeIgniter.php(318): CodeIgniter\CodeIgniter->handleRequest(NULL, Object(Config\Cache), false)
#4 /opt/lampp/htdocs/api8097/public_html/public/index.php(41): CodeIgniter\CodeIgniter->run()
#5 {main}
CRITICAL - 2024-02-23 14:48:04 --> Undefined variable: arrMenu
#0 /opt/lampp/htdocs/api8097/public_html/app/Controllers/Menu.php(111): CodeIgniter\Debug\Exceptions->errorHandler(8, 'Undefined varia...', '/opt/lampp/htdo...', 111, Array)
#1 /opt/lampp/htdocs/api8097/public_html/vendor/codeigniter4/framework/system/CodeIgniter.php(824): App\Controllers\Menu->show('1')
#2 /opt/lampp/htdocs/api8097/public_html/vendor/codeigniter4/framework/system/CodeIgniter.php(410): CodeIgniter\CodeIgniter->runController(Object(App\Controllers\Menu))
#3 /opt/lampp/htdocs/api8097/public_html/vendor/codeigniter4/framework/system/CodeIgniter.php(318): CodeIgniter\CodeIgniter->handleRequest(NULL, Object(Config\Cache), false)
#4 /opt/lampp/htdocs/api8097/public_html/public/index.php(41): CodeIgniter\CodeIgniter->run()
#5 {main}
CRITICAL - 2024-02-23 14:48:25 --> Undefined variable: arrMenu
#0 /opt/lampp/htdocs/api8097/public_html/app/Controllers/Menu.php(111): CodeIgniter\Debug\Exceptions->errorHandler(8, 'Undefined varia...', '/opt/lampp/htdo...', 111, Array)
#1 /opt/lampp/htdocs/api8097/public_html/vendor/codeigniter4/framework/system/CodeIgniter.php(824): App\Controllers\Menu->show('1')
#2 /opt/lampp/htdocs/api8097/public_html/vendor/codeigniter4/framework/system/CodeIgniter.php(410): CodeIgniter\CodeIgniter->runController(Object(App\Controllers\Menu))
#3 /opt/lampp/htdocs/api8097/public_html/vendor/codeigniter4/framework/system/CodeIgniter.php(318): CodeIgniter\CodeIgniter->handleRequest(NULL, Object(Config\Cache), false)
#4 /opt/lampp/htdocs/api8097/public_html/public/index.php(41): CodeIgniter\CodeIgniter->run()
#5 {main}
