ERROR - 2022-06-14 09:42:26 --> [Microsoft][ODBC Driver 17 for SQL Server][SQL Server]Incorrect syntax near ','.
ERROR - 2022-06-14 09:43:53 --> [Microsoft][ODBC Driver 17 for SQL Server][SQL Server]Incorrect syntax near ','.
ERROR - 2022-06-14 09:44:43 --> [Microsoft][ODBC Driver 17 for SQL Server]COUNT field incorrect or syntax error
ERROR - 2022-06-14 09:45:03 --> [Microsoft][ODBC Driver 17 for SQL Server]COUNT field incorrect or syntax error
ERROR - 2022-06-14 09:45:05 --> [Microsoft][ODBC Driver 17 for SQL Server]COUNT field incorrect or syntax error
ERROR - 2022-06-14 16:30:48 --> [Microsoft][ODBC Driver 17 for SQL Server][SQL Server]Conversion failed when converting the varchar value 'R' to data type int.
CRITICAL - 2022-06-14 16:30:48 --> Call to a member function getResult() on bool
#0 E:\SERVER\laragon\www\api\app\Controllers\BusquedaRines.php(57): App\Models\BusquedaRines_Model->BusquedaRines(0, 0, 0, NULL, NULL, '2', '1051', '1062', '13', NULL, NULL, NULL, NULL, NULL, 'N', 'C', 0, 0, 0, 'B-51')
#1 E:\SERVER\laragon\www\api\vendor\codeigniter4\framework\system\CodeIgniter.php(824): App\Controllers\BusquedaRines->show('2')
#2 E:\SERVER\laragon\www\api\vendor\codeigniter4\framework\system\CodeIgniter.php(410): CodeIgniter\CodeIgniter->runController(Object(App\Controllers\BusquedaRines))
#3 E:\SERVER\laragon\www\api\vendor\codeigniter4\framework\system\CodeIgniter.php(318): CodeIgniter\CodeIgniter->handleRequest(NULL, Object(Config\Cache), false)
#4 E:\SERVER\laragon\www\api\public\index.php(41): CodeIgniter\CodeIgniter->run()
#5 {main}
ERROR - 2022-06-14 16:30:57 --> [Microsoft][ODBC Driver 17 for SQL Server][SQL Server]Conversion failed when converting the varchar value 'N' to data type int.
CRITICAL - 2022-06-14 16:30:57 --> Call to a member function getResult() on bool
#0 E:\SERVER\laragon\www\api\app\Controllers\BusquedaRines.php(57): App\Models\BusquedaRines_Model->BusquedaRines(0, 0, 0, NULL, NULL, '2', '1051', '1062', '13', NULL, NULL, NULL, NULL, NULL, 'N', 'C', 0, 0, 0, 'B-51')
#1 E:\SERVER\laragon\www\api\vendor\codeigniter4\framework\system\CodeIgniter.php(824): App\Controllers\BusquedaRines->show('2')
#2 E:\SERVER\laragon\www\api\vendor\codeigniter4\framework\system\CodeIgniter.php(410): CodeIgniter\CodeIgniter->runController(Object(App\Controllers\BusquedaRines))
#3 E:\SERVER\laragon\www\api\vendor\codeigniter4\framework\system\CodeIgniter.php(318): CodeIgniter\CodeIgniter->handleRequest(NULL, Object(Config\Cache), false)
#4 E:\SERVER\laragon\www\api\public\index.php(41): CodeIgniter\CodeIgniter->run()
#5 {main}
ERROR - 2022-06-14 16:31:00 --> [Microsoft][ODBC Driver 17 for SQL Server][SQL Server]Conversion failed when converting the varchar value 'N' to data type int.
CRITICAL - 2022-06-14 16:31:00 --> Call to a member function getResult() on bool
#0 E:\SERVER\laragon\www\api\app\Controllers\BusquedaRines.php(57): App\Models\BusquedaRines_Model->BusquedaRines(0, 0, 0, NULL, NULL, '2', '1051', '1062', '13', NULL, NULL, NULL, NULL, NULL, 'N', 'C', 0, 0, 0, 'B-51')
#1 E:\SERVER\laragon\www\api\vendor\codeigniter4\framework\system\CodeIgniter.php(824): App\Controllers\BusquedaRines->show('2')
#2 E:\SERVER\laragon\www\api\vendor\codeigniter4\framework\system\CodeIgniter.php(410): CodeIgniter\CodeIgniter->runController(Object(App\Controllers\BusquedaRines))
#3 E:\SERVER\laragon\www\api\vendor\codeigniter4\framework\system\CodeIgniter.php(318): CodeIgniter\CodeIgniter->handleRequest(NULL, Object(Config\Cache), false)
#4 E:\SERVER\laragon\www\api\public\index.php(41): CodeIgniter\CodeIgniter->run()
#5 {main}
ERROR - 2022-06-14 16:31:01 --> [Microsoft][ODBC Driver 17 for SQL Server][SQL Server]Conversion failed when converting the varchar value 'N' to data type int.
CRITICAL - 2022-06-14 16:31:01 --> Call to a member function getResult() on bool
#0 E:\SERVER\laragon\www\api\app\Controllers\BusquedaRines.php(57): App\Models\BusquedaRines_Model->BusquedaRines(0, 0, 0, NULL, NULL, '2', '1051', '1062', '13', NULL, NULL, NULL, NULL, NULL, 'N', 'C', 0, 0, 0, 'B-51')
#1 E:\SERVER\laragon\www\api\vendor\codeigniter4\framework\system\CodeIgniter.php(824): App\Controllers\BusquedaRines->show('2')
#2 E:\SERVER\laragon\www\api\vendor\codeigniter4\framework\system\CodeIgniter.php(410): CodeIgniter\CodeIgniter->runController(Object(App\Controllers\BusquedaRines))
#3 E:\SERVER\laragon\www\api\vendor\codeigniter4\framework\system\CodeIgniter.php(318): CodeIgniter\CodeIgniter->handleRequest(NULL, Object(Config\Cache), false)
#4 E:\SERVER\laragon\www\api\public\index.php(41): CodeIgniter\CodeIgniter->run()
#5 {main}
ERROR - 2022-06-14 16:31:02 --> [Microsoft][ODBC Driver 17 for SQL Server][SQL Server]Conversion failed when converting the varchar value 'R' to data type int.
CRITICAL - 2022-06-14 16:31:02 --> Call to a member function getResult() on bool
#0 E:\SERVER\laragon\www\api\app\Controllers\BusquedaRines.php(57): App\Models\BusquedaRines_Model->BusquedaRines(0, 0, 0, NULL, NULL, '2', '1051', '1062', '13', NULL, NULL, NULL, NULL, NULL, 'N', 'C', 0, 0, 0, 'B-51')
#1 E:\SERVER\laragon\www\api\vendor\codeigniter4\framework\system\CodeIgniter.php(824): App\Controllers\BusquedaRines->show('2')
#2 E:\SERVER\laragon\www\api\vendor\codeigniter4\framework\system\CodeIgniter.php(410): CodeIgniter\CodeIgniter->runController(Object(App\Controllers\BusquedaRines))
#3 E:\SERVER\laragon\www\api\vendor\codeigniter4\framework\system\CodeIgniter.php(318): CodeIgniter\CodeIgniter->handleRequest(NULL, Object(Config\Cache), false)
#4 E:\SERVER\laragon\www\api\public\index.php(41): CodeIgniter\CodeIgniter->run()
#5 {main}
ERROR - 2022-06-14 16:31:03 --> [Microsoft][ODBC Driver 17 for SQL Server][SQL Server]Conversion failed when converting the varchar value 'N' to data type int.
CRITICAL - 2022-06-14 16:31:03 --> Call to a member function getResult() on bool
#0 E:\SERVER\laragon\www\api\app\Controllers\BusquedaRines.php(57): App\Models\BusquedaRines_Model->BusquedaRines(0, 0, 0, NULL, NULL, '2', '1051', '1062', '13', NULL, NULL, NULL, NULL, NULL, 'N', 'C', 0, 0, 0, 'B-51')
#1 E:\SERVER\laragon\www\api\vendor\codeigniter4\framework\system\CodeIgniter.php(824): App\Controllers\BusquedaRines->show('2')
#2 E:\SERVER\laragon\www\api\vendor\codeigniter4\framework\system\CodeIgniter.php(410): CodeIgniter\CodeIgniter->runController(Object(App\Controllers\BusquedaRines))
#3 E:\SERVER\laragon\www\api\vendor\codeigniter4\framework\system\CodeIgniter.php(318): CodeIgniter\CodeIgniter->handleRequest(NULL, Object(Config\Cache), false)
#4 E:\SERVER\laragon\www\api\public\index.php(41): CodeIgniter\CodeIgniter->run()
#5 {main}
ERROR - 2022-06-14 16:31:04 --> [Microsoft][ODBC Driver 17 for SQL Server][SQL Server]Conversion failed when converting the varchar value 'N' to data type int.
CRITICAL - 2022-06-14 16:31:04 --> Call to a member function getResult() on bool
#0 E:\SERVER\laragon\www\api\app\Controllers\BusquedaRines.php(57): App\Models\BusquedaRines_Model->BusquedaRines(0, 0, 0, NULL, NULL, '2', '1051', '1062', '13', NULL, NULL, NULL, NULL, NULL, 'N', 'C', 0, 0, 0, 'B-51')
#1 E:\SERVER\laragon\www\api\vendor\codeigniter4\framework\system\CodeIgniter.php(824): App\Controllers\BusquedaRines->show('2')
#2 E:\SERVER\laragon\www\api\vendor\codeigniter4\framework\system\CodeIgniter.php(410): CodeIgniter\CodeIgniter->runController(Object(App\Controllers\BusquedaRines))
#3 E:\SERVER\laragon\www\api\vendor\codeigniter4\framework\system\CodeIgniter.php(318): CodeIgniter\CodeIgniter->handleRequest(NULL, Object(Config\Cache), false)
#4 E:\SERVER\laragon\www\api\public\index.php(41): CodeIgniter\CodeIgniter->run()
#5 {main}
ERROR - 2022-06-14 16:31:05 --> [Microsoft][ODBC Driver 17 for SQL Server][SQL Server]Conversion failed when converting the varchar value 'R' to data type int.
CRITICAL - 2022-06-14 16:31:05 --> Call to a member function getResult() on bool
#0 E:\SERVER\laragon\www\api\app\Controllers\BusquedaRines.php(57): App\Models\BusquedaRines_Model->BusquedaRines(0, 0, 0, NULL, NULL, '2', '1051', '1062', '13', NULL, NULL, NULL, NULL, NULL, 'N', 'C', 0, 0, 0, 'B-51')
#1 E:\SERVER\laragon\www\api\vendor\codeigniter4\framework\system\CodeIgniter.php(824): App\Controllers\BusquedaRines->show('2')
#2 E:\SERVER\laragon\www\api\vendor\codeigniter4\framework\system\CodeIgniter.php(410): CodeIgniter\CodeIgniter->runController(Object(App\Controllers\BusquedaRines))
#3 E:\SERVER\laragon\www\api\vendor\codeigniter4\framework\system\CodeIgniter.php(318): CodeIgniter\CodeIgniter->handleRequest(NULL, Object(Config\Cache), false)
#4 E:\SERVER\laragon\www\api\public\index.php(41): CodeIgniter\CodeIgniter->run()
#5 {main}
ERROR - 2022-06-14 16:31:06 --> [Microsoft][ODBC Driver 17 for SQL Server][SQL Server]Conversion failed when converting the varchar value 'N' to data type int.
CRITICAL - 2022-06-14 16:31:06 --> Call to a member function getResult() on bool
#0 E:\SERVER\laragon\www\api\app\Controllers\BusquedaRines.php(57): App\Models\BusquedaRines_Model->BusquedaRines(0, 0, 0, NULL, NULL, '2', '1051', '1062', '13', NULL, NULL, NULL, NULL, NULL, 'N', 'C', 0, 0, 0, 'B-51')
#1 E:\SERVER\laragon\www\api\vendor\codeigniter4\framework\system\CodeIgniter.php(824): App\Controllers\BusquedaRines->show('2')
#2 E:\SERVER\laragon\www\api\vendor\codeigniter4\framework\system\CodeIgniter.php(410): CodeIgniter\CodeIgniter->runController(Object(App\Controllers\BusquedaRines))
#3 E:\SERVER\laragon\www\api\vendor\codeigniter4\framework\system\CodeIgniter.php(318): CodeIgniter\CodeIgniter->handleRequest(NULL, Object(Config\Cache), false)
#4 E:\SERVER\laragon\www\api\public\index.php(41): CodeIgniter\CodeIgniter->run()
#5 {main}
ERROR - 2022-06-14 16:31:06 --> [Microsoft][ODBC Driver 17 for SQL Server][SQL Server]Conversion failed when converting the varchar value 'N' to data type int.
CRITICAL - 2022-06-14 16:31:06 --> Call to a member function getResult() on bool
#0 E:\SERVER\laragon\www\api\app\Controllers\BusquedaRines.php(57): App\Models\BusquedaRines_Model->BusquedaRines(0, 0, 0, NULL, NULL, '2', '1051', '1062', '13', NULL, NULL, NULL, NULL, NULL, 'N', 'C', 0, 0, 0, 'B-51')
#1 E:\SERVER\laragon\www\api\vendor\codeigniter4\framework\system\CodeIgniter.php(824): App\Controllers\BusquedaRines->show('2')
#2 E:\SERVER\laragon\www\api\vendor\codeigniter4\framework\system\CodeIgniter.php(410): CodeIgniter\CodeIgniter->runController(Object(App\Controllers\BusquedaRines))
#3 E:\SERVER\laragon\www\api\vendor\codeigniter4\framework\system\CodeIgniter.php(318): CodeIgniter\CodeIgniter->handleRequest(NULL, Object(Config\Cache), false)
#4 E:\SERVER\laragon\www\api\public\index.php(41): CodeIgniter\CodeIgniter->run()
#5 {main}
ERROR - 2022-06-14 16:31:07 --> [Microsoft][ODBC Driver 17 for SQL Server][SQL Server]Conversion failed when converting the varchar value 'R' to data type int.
CRITICAL - 2022-06-14 16:31:07 --> Call to a member function getResult() on bool
#0 E:\SERVER\laragon\www\api\app\Controllers\BusquedaRines.php(57): App\Models\BusquedaRines_Model->BusquedaRines(0, 0, 0, NULL, NULL, '2', '1051', '1062', '13', NULL, NULL, NULL, NULL, NULL, 'N', 'C', 0, 0, 0, 'B-51')
#1 E:\SERVER\laragon\www\api\vendor\codeigniter4\framework\system\CodeIgniter.php(824): App\Controllers\BusquedaRines->show('2')
#2 E:\SERVER\laragon\www\api\vendor\codeigniter4\framework\system\CodeIgniter.php(410): CodeIgniter\CodeIgniter->runController(Object(App\Controllers\BusquedaRines))
#3 E:\SERVER\laragon\www\api\vendor\codeigniter4\framework\system\CodeIgniter.php(318): CodeIgniter\CodeIgniter->handleRequest(NULL, Object(Config\Cache), false)
#4 E:\SERVER\laragon\www\api\public\index.php(41): CodeIgniter\CodeIgniter->run()
#5 {main}
ERROR - 2022-06-14 16:31:08 --> [Microsoft][ODBC Driver 17 for SQL Server][SQL Server]Conversion failed when converting the varchar value 'N' to data type int.
CRITICAL - 2022-06-14 16:31:08 --> Call to a member function getResult() on bool
#0 E:\SERVER\laragon\www\api\app\Controllers\BusquedaRines.php(57): App\Models\BusquedaRines_Model->BusquedaRines(0, 0, 0, NULL, NULL, '2', '1051', '1062', '13', NULL, NULL, NULL, NULL, NULL, 'N', 'C', 0, 0, 0, 'B-51')
#1 E:\SERVER\laragon\www\api\vendor\codeigniter4\framework\system\CodeIgniter.php(824): App\Controllers\BusquedaRines->show('2')
#2 E:\SERVER\laragon\www\api\vendor\codeigniter4\framework\system\CodeIgniter.php(410): CodeIgniter\CodeIgniter->runController(Object(App\Controllers\BusquedaRines))
#3 E:\SERVER\laragon\www\api\vendor\codeigniter4\framework\system\CodeIgniter.php(318): CodeIgniter\CodeIgniter->handleRequest(NULL, Object(Config\Cache), false)
#4 E:\SERVER\laragon\www\api\public\index.php(41): CodeIgniter\CodeIgniter->run()
#5 {main}
ERROR - 2022-06-14 16:31:09 --> [Microsoft][ODBC Driver 17 for SQL Server][SQL Server]Conversion failed when converting the varchar value 'N' to data type int.
CRITICAL - 2022-06-14 16:31:09 --> Call to a member function getResult() on bool
#0 E:\SERVER\laragon\www\api\app\Controllers\BusquedaRines.php(57): App\Models\BusquedaRines_Model->BusquedaRines(0, 0, 0, NULL, NULL, '2', '1051', '1062', '13', NULL, NULL, NULL, NULL, NULL, 'N', 'C', 0, 0, 0, 'B-51')
#1 E:\SERVER\laragon\www\api\vendor\codeigniter4\framework\system\CodeIgniter.php(824): App\Controllers\BusquedaRines->show('2')
#2 E:\SERVER\laragon\www\api\vendor\codeigniter4\framework\system\CodeIgniter.php(410): CodeIgniter\CodeIgniter->runController(Object(App\Controllers\BusquedaRines))
#3 E:\SERVER\laragon\www\api\vendor\codeigniter4\framework\system\CodeIgniter.php(318): CodeIgniter\CodeIgniter->handleRequest(NULL, Object(Config\Cache), false)
#4 E:\SERVER\laragon\www\api\public\index.php(41): CodeIgniter\CodeIgniter->run()
#5 {main}
ERROR - 2022-06-14 16:31:10 --> [Microsoft][ODBC Driver 17 for SQL Server][SQL Server]Conversion failed when converting the varchar value 'R' to data type int.
CRITICAL - 2022-06-14 16:31:10 --> Call to a member function getResult() on bool
#0 E:\SERVER\laragon\www\api\app\Controllers\BusquedaRines.php(57): App\Models\BusquedaRines_Model->BusquedaRines(0, 0, 0, NULL, NULL, '2', '1051', '1062', '13', NULL, NULL, NULL, NULL, NULL, 'N', 'C', 0, 0, 0, 'B-51')
#1 E:\SERVER\laragon\www\api\vendor\codeigniter4\framework\system\CodeIgniter.php(824): App\Controllers\BusquedaRines->show('2')
#2 E:\SERVER\laragon\www\api\vendor\codeigniter4\framework\system\CodeIgniter.php(410): CodeIgniter\CodeIgniter->runController(Object(App\Controllers\BusquedaRines))
#3 E:\SERVER\laragon\www\api\vendor\codeigniter4\framework\system\CodeIgniter.php(318): CodeIgniter\CodeIgniter->handleRequest(NULL, Object(Config\Cache), false)
#4 E:\SERVER\laragon\www\api\public\index.php(41): CodeIgniter\CodeIgniter->run()
#5 {main}
ERROR - 2022-06-14 16:31:11 --> [Microsoft][ODBC Driver 17 for SQL Server][SQL Server]Conversion failed when converting the varchar value 'R' to data type int.
CRITICAL - 2022-06-14 16:31:11 --> Call to a member function getResult() on bool
#0 E:\SERVER\laragon\www\api\app\Controllers\BusquedaRines.php(57): App\Models\BusquedaRines_Model->BusquedaRines(0, 0, 0, NULL, NULL, '2', '1051', '1062', '13', NULL, NULL, NULL, NULL, NULL, 'N', 'C', 0, 0, 0, 'B-51')
#1 E:\SERVER\laragon\www\api\vendor\codeigniter4\framework\system\CodeIgniter.php(824): App\Controllers\BusquedaRines->show('2')
#2 E:\SERVER\laragon\www\api\vendor\codeigniter4\framework\system\CodeIgniter.php(410): CodeIgniter\CodeIgniter->runController(Object(App\Controllers\BusquedaRines))
#3 E:\SERVER\laragon\www\api\vendor\codeigniter4\framework\system\CodeIgniter.php(318): CodeIgniter\CodeIgniter->handleRequest(NULL, Object(Config\Cache), false)
#4 E:\SERVER\laragon\www\api\public\index.php(41): CodeIgniter\CodeIgniter->run()
#5 {main}
ERROR - 2022-06-14 16:31:11 --> [Microsoft][ODBC Driver 17 for SQL Server][SQL Server]Conversion failed when converting the varchar value 'R' to data type int.
CRITICAL - 2022-06-14 16:31:11 --> Call to a member function getResult() on bool
#0 E:\SERVER\laragon\www\api\app\Controllers\BusquedaRines.php(57): App\Models\BusquedaRines_Model->BusquedaRines(0, 0, 0, NULL, NULL, '2', '1051', '1062', '13', NULL, NULL, NULL, NULL, NULL, 'N', 'C', 0, 0, 0, 'B-51')
#1 E:\SERVER\laragon\www\api\vendor\codeigniter4\framework\system\CodeIgniter.php(824): App\Controllers\BusquedaRines->show('2')
#2 E:\SERVER\laragon\www\api\vendor\codeigniter4\framework\system\CodeIgniter.php(410): CodeIgniter\CodeIgniter->runController(Object(App\Controllers\BusquedaRines))
#3 E:\SERVER\laragon\www\api\vendor\codeigniter4\framework\system\CodeIgniter.php(318): CodeIgniter\CodeIgniter->handleRequest(NULL, Object(Config\Cache), false)
#4 E:\SERVER\laragon\www\api\public\index.php(41): CodeIgniter\CodeIgniter->run()
#5 {main}
ERROR - 2022-06-14 16:31:12 --> [Microsoft][ODBC Driver 17 for SQL Server][SQL Server]Conversion failed when converting the varchar value 'R' to data type int.
CRITICAL - 2022-06-14 16:31:12 --> Call to a member function getResult() on bool
#0 E:\SERVER\laragon\www\api\app\Controllers\BusquedaRines.php(57): App\Models\BusquedaRines_Model->BusquedaRines(0, 0, 0, NULL, NULL, '2', '1051', '1062', '13', NULL, NULL, NULL, NULL, NULL, 'N', 'C', 0, 0, 0, 'B-51')
#1 E:\SERVER\laragon\www\api\vendor\codeigniter4\framework\system\CodeIgniter.php(824): App\Controllers\BusquedaRines->show('2')
#2 E:\SERVER\laragon\www\api\vendor\codeigniter4\framework\system\CodeIgniter.php(410): CodeIgniter\CodeIgniter->runController(Object(App\Controllers\BusquedaRines))
#3 E:\SERVER\laragon\www\api\vendor\codeigniter4\framework\system\CodeIgniter.php(318): CodeIgniter\CodeIgniter->handleRequest(NULL, Object(Config\Cache), false)
#4 E:\SERVER\laragon\www\api\public\index.php(41): CodeIgniter\CodeIgniter->run()
#5 {main}
ERROR - 2022-06-14 16:31:13 --> [Microsoft][ODBC Driver 17 for SQL Server][SQL Server]Conversion failed when converting the varchar value 'N' to data type int.
CRITICAL - 2022-06-14 16:31:13 --> Call to a member function getResult() on bool
#0 E:\SERVER\laragon\www\api\app\Controllers\BusquedaRines.php(57): App\Models\BusquedaRines_Model->BusquedaRines(0, 0, 0, NULL, NULL, '2', '1051', '1062', '13', NULL, NULL, NULL, NULL, NULL, 'N', 'C', 0, 0, 0, 'B-51')
#1 E:\SERVER\laragon\www\api\vendor\codeigniter4\framework\system\CodeIgniter.php(824): App\Controllers\BusquedaRines->show('2')
#2 E:\SERVER\laragon\www\api\vendor\codeigniter4\framework\system\CodeIgniter.php(410): CodeIgniter\CodeIgniter->runController(Object(App\Controllers\BusquedaRines))
#3 E:\SERVER\laragon\www\api\vendor\codeigniter4\framework\system\CodeIgniter.php(318): CodeIgniter\CodeIgniter->handleRequest(NULL, Object(Config\Cache), false)
#4 E:\SERVER\laragon\www\api\public\index.php(41): CodeIgniter\CodeIgniter->run()
#5 {main}
ERROR - 2022-06-14 16:31:14 --> [Microsoft][ODBC Driver 17 for SQL Server][SQL Server]Conversion failed when converting the varchar value 'N' to data type int.
CRITICAL - 2022-06-14 16:31:14 --> Call to a member function getResult() on bool
#0 E:\SERVER\laragon\www\api\app\Controllers\BusquedaRines.php(57): App\Models\BusquedaRines_Model->BusquedaRines(0, 0, 0, NULL, NULL, '2', '1051', '1062', '13', NULL, NULL, NULL, NULL, NULL, 'N', 'C', 0, 0, 0, 'B-51')
#1 E:\SERVER\laragon\www\api\vendor\codeigniter4\framework\system\CodeIgniter.php(824): App\Controllers\BusquedaRines->show('2')
#2 E:\SERVER\laragon\www\api\vendor\codeigniter4\framework\system\CodeIgniter.php(410): CodeIgniter\CodeIgniter->runController(Object(App\Controllers\BusquedaRines))
#3 E:\SERVER\laragon\www\api\vendor\codeigniter4\framework\system\CodeIgniter.php(318): CodeIgniter\CodeIgniter->handleRequest(NULL, Object(Config\Cache), false)
#4 E:\SERVER\laragon\www\api\public\index.php(41): CodeIgniter\CodeIgniter->run()
#5 {main}
ERROR - 2022-06-14 16:31:17 --> [Microsoft][ODBC Driver 17 for SQL Server][SQL Server]Conversion failed when converting the varchar value 'N' to data type int.
CRITICAL - 2022-06-14 16:31:17 --> Call to a member function getResult() on bool
#0 E:\SERVER\laragon\www\api\app\Controllers\BusquedaRines.php(57): App\Models\BusquedaRines_Model->BusquedaRines(0, 0, 0, NULL, NULL, '2', '1051', '1062', '13', NULL, NULL, NULL, NULL, NULL, 'N', 'C', 0, 0, 0, 'B-51')
#1 E:\SERVER\laragon\www\api\vendor\codeigniter4\framework\system\CodeIgniter.php(824): App\Controllers\BusquedaRines->show('2')
#2 E:\SERVER\laragon\www\api\vendor\codeigniter4\framework\system\CodeIgniter.php(410): CodeIgniter\CodeIgniter->runController(Object(App\Controllers\BusquedaRines))
#3 E:\SERVER\laragon\www\api\vendor\codeigniter4\framework\system\CodeIgniter.php(318): CodeIgniter\CodeIgniter->handleRequest(NULL, Object(Config\Cache), false)
#4 E:\SERVER\laragon\www\api\public\index.php(41): CodeIgniter\CodeIgniter->run()
#5 {main}
ERROR - 2022-06-14 16:31:17 --> [Microsoft][ODBC Driver 17 for SQL Server][SQL Server]Conversion failed when converting the varchar value 'N' to data type int.
CRITICAL - 2022-06-14 16:31:17 --> Call to a member function getResult() on bool
#0 E:\SERVER\laragon\www\api\app\Controllers\BusquedaRines.php(57): App\Models\BusquedaRines_Model->BusquedaRines(0, 0, 0, NULL, NULL, '2', '1051', '1062', '13', NULL, NULL, NULL, NULL, NULL, 'N', 'C', 0, 0, 0, 'B-51')
#1 E:\SERVER\laragon\www\api\vendor\codeigniter4\framework\system\CodeIgniter.php(824): App\Controllers\BusquedaRines->show('2')
#2 E:\SERVER\laragon\www\api\vendor\codeigniter4\framework\system\CodeIgniter.php(410): CodeIgniter\CodeIgniter->runController(Object(App\Controllers\BusquedaRines))
#3 E:\SERVER\laragon\www\api\vendor\codeigniter4\framework\system\CodeIgniter.php(318): CodeIgniter\CodeIgniter->handleRequest(NULL, Object(Config\Cache), false)
#4 E:\SERVER\laragon\www\api\public\index.php(41): CodeIgniter\CodeIgniter->run()
#5 {main}
ERROR - 2022-06-14 16:31:18 --> [Microsoft][ODBC Driver 17 for SQL Server][SQL Server]Conversion failed when converting the varchar value 'N' to data type int.
CRITICAL - 2022-06-14 16:31:18 --> Call to a member function getResult() on bool
#0 E:\SERVER\laragon\www\api\app\Controllers\BusquedaRines.php(57): App\Models\BusquedaRines_Model->BusquedaRines(0, 0, 0, NULL, NULL, '2', '1051', '1062', '13', NULL, NULL, NULL, NULL, NULL, 'N', 'C', 0, 0, 0, 'B-51')
#1 E:\SERVER\laragon\www\api\vendor\codeigniter4\framework\system\CodeIgniter.php(824): App\Controllers\BusquedaRines->show('2')
#2 E:\SERVER\laragon\www\api\vendor\codeigniter4\framework\system\CodeIgniter.php(410): CodeIgniter\CodeIgniter->runController(Object(App\Controllers\BusquedaRines))
#3 E:\SERVER\laragon\www\api\vendor\codeigniter4\framework\system\CodeIgniter.php(318): CodeIgniter\CodeIgniter->handleRequest(NULL, Object(Config\Cache), false)
#4 E:\SERVER\laragon\www\api\public\index.php(41): CodeIgniter\CodeIgniter->run()
#5 {main}
ERROR - 2022-06-14 16:31:19 --> [Microsoft][ODBC Driver 17 for SQL Server][SQL Server]Conversion failed when converting the varchar value 'N' to data type int.
CRITICAL - 2022-06-14 16:31:19 --> Call to a member function getResult() on bool
#0 E:\SERVER\laragon\www\api\app\Controllers\BusquedaRines.php(57): App\Models\BusquedaRines_Model->BusquedaRines(0, 0, 0, NULL, NULL, '2', '1051', '1062', '13', NULL, NULL, NULL, NULL, NULL, 'N', 'C', 0, 0, 0, 'B-51')
#1 E:\SERVER\laragon\www\api\vendor\codeigniter4\framework\system\CodeIgniter.php(824): App\Controllers\BusquedaRines->show('2')
#2 E:\SERVER\laragon\www\api\vendor\codeigniter4\framework\system\CodeIgniter.php(410): CodeIgniter\CodeIgniter->runController(Object(App\Controllers\BusquedaRines))
#3 E:\SERVER\laragon\www\api\vendor\codeigniter4\framework\system\CodeIgniter.php(318): CodeIgniter\CodeIgniter->handleRequest(NULL, Object(Config\Cache), false)
#4 E:\SERVER\laragon\www\api\public\index.php(41): CodeIgniter\CodeIgniter->run()
#5 {main}
ERROR - 2022-06-14 16:31:20 --> [Microsoft][ODBC Driver 17 for SQL Server][SQL Server]Conversion failed when converting the varchar value 'N' to data type int.
CRITICAL - 2022-06-14 16:31:20 --> Call to a member function getResult() on bool
#0 E:\SERVER\laragon\www\api\app\Controllers\BusquedaRines.php(57): App\Models\BusquedaRines_Model->BusquedaRines(0, 0, 0, NULL, NULL, '2', '1051', '1062', '13', NULL, NULL, NULL, NULL, NULL, 'N', 'C', 0, 0, 0, 'B-51')
#1 E:\SERVER\laragon\www\api\vendor\codeigniter4\framework\system\CodeIgniter.php(824): App\Controllers\BusquedaRines->show('2')
#2 E:\SERVER\laragon\www\api\vendor\codeigniter4\framework\system\CodeIgniter.php(410): CodeIgniter\CodeIgniter->runController(Object(App\Controllers\BusquedaRines))
#3 E:\SERVER\laragon\www\api\vendor\codeigniter4\framework\system\CodeIgniter.php(318): CodeIgniter\CodeIgniter->handleRequest(NULL, Object(Config\Cache), false)
#4 E:\SERVER\laragon\www\api\public\index.php(41): CodeIgniter\CodeIgniter->run()
#5 {main}
ERROR - 2022-06-14 16:31:20 --> [Microsoft][ODBC Driver 17 for SQL Server][SQL Server]Conversion failed when converting the varchar value 'N' to data type int.
CRITICAL - 2022-06-14 16:31:20 --> Call to a member function getResult() on bool
#0 E:\SERVER\laragon\www\api\app\Controllers\BusquedaRines.php(57): App\Models\BusquedaRines_Model->BusquedaRines(0, 0, 0, NULL, NULL, '2', '1051', '1062', '13', NULL, NULL, NULL, NULL, NULL, 'N', 'C', 0, 0, 0, 'B-51')
#1 E:\SERVER\laragon\www\api\vendor\codeigniter4\framework\system\CodeIgniter.php(824): App\Controllers\BusquedaRines->show('2')
#2 E:\SERVER\laragon\www\api\vendor\codeigniter4\framework\system\CodeIgniter.php(410): CodeIgniter\CodeIgniter->runController(Object(App\Controllers\BusquedaRines))
#3 E:\SERVER\laragon\www\api\vendor\codeigniter4\framework\system\CodeIgniter.php(318): CodeIgniter\CodeIgniter->handleRequest(NULL, Object(Config\Cache), false)
#4 E:\SERVER\laragon\www\api\public\index.php(41): CodeIgniter\CodeIgniter->run()
#5 {main}
ERROR - 2022-06-14 16:31:21 --> [Microsoft][ODBC Driver 17 for SQL Server][SQL Server]Conversion failed when converting the varchar value 'N' to data type int.
CRITICAL - 2022-06-14 16:31:21 --> Call to a member function getResult() on bool
#0 E:\SERVER\laragon\www\api\app\Controllers\BusquedaRines.php(57): App\Models\BusquedaRines_Model->BusquedaRines(0, 0, 0, NULL, NULL, '2', '1051', '1062', '13', NULL, NULL, NULL, NULL, NULL, 'N', 'C', 0, 0, 0, 'B-51')
#1 E:\SERVER\laragon\www\api\vendor\codeigniter4\framework\system\CodeIgniter.php(824): App\Controllers\BusquedaRines->show('2')
#2 E:\SERVER\laragon\www\api\vendor\codeigniter4\framework\system\CodeIgniter.php(410): CodeIgniter\CodeIgniter->runController(Object(App\Controllers\BusquedaRines))
#3 E:\SERVER\laragon\www\api\vendor\codeigniter4\framework\system\CodeIgniter.php(318): CodeIgniter\CodeIgniter->handleRequest(NULL, Object(Config\Cache), false)
#4 E:\SERVER\laragon\www\api\public\index.php(41): CodeIgniter\CodeIgniter->run()
#5 {main}
ERROR - 2022-06-14 16:31:22 --> [Microsoft][ODBC Driver 17 for SQL Server][SQL Server]Conversion failed when converting the varchar value 'R' to data type int.
CRITICAL - 2022-06-14 16:31:22 --> Call to a member function getResult() on bool
#0 E:\SERVER\laragon\www\api\app\Controllers\BusquedaRines.php(57): App\Models\BusquedaRines_Model->BusquedaRines(0, 0, 0, NULL, NULL, '2', '1051', '1062', '13', NULL, NULL, NULL, NULL, NULL, 'N', 'C', 0, 0, 0, 'B-51')
#1 E:\SERVER\laragon\www\api\vendor\codeigniter4\framework\system\CodeIgniter.php(824): App\Controllers\BusquedaRines->show('2')
#2 E:\SERVER\laragon\www\api\vendor\codeigniter4\framework\system\CodeIgniter.php(410): CodeIgniter\CodeIgniter->runController(Object(App\Controllers\BusquedaRines))
#3 E:\SERVER\laragon\www\api\vendor\codeigniter4\framework\system\CodeIgniter.php(318): CodeIgniter\CodeIgniter->handleRequest(NULL, Object(Config\Cache), false)
#4 E:\SERVER\laragon\www\api\public\index.php(41): CodeIgniter\CodeIgniter->run()
#5 {main}
ERROR - 2022-06-14 16:31:23 --> [Microsoft][ODBC Driver 17 for SQL Server][SQL Server]Conversion failed when converting the varchar value 'N' to data type int.
CRITICAL - 2022-06-14 16:31:23 --> Call to a member function getResult() on bool
#0 E:\SERVER\laragon\www\api\app\Controllers\BusquedaRines.php(57): App\Models\BusquedaRines_Model->BusquedaRines(0, 0, 0, NULL, NULL, '2', '1051', '1062', '13', NULL, NULL, NULL, NULL, NULL, 'N', 'C', 0, 0, 0, 'B-51')
#1 E:\SERVER\laragon\www\api\vendor\codeigniter4\framework\system\CodeIgniter.php(824): App\Controllers\BusquedaRines->show('2')
#2 E:\SERVER\laragon\www\api\vendor\codeigniter4\framework\system\CodeIgniter.php(410): CodeIgniter\CodeIgniter->runController(Object(App\Controllers\BusquedaRines))
#3 E:\SERVER\laragon\www\api\vendor\codeigniter4\framework\system\CodeIgniter.php(318): CodeIgniter\CodeIgniter->handleRequest(NULL, Object(Config\Cache), false)
#4 E:\SERVER\laragon\www\api\public\index.php(41): CodeIgniter\CodeIgniter->run()
#5 {main}
ERROR - 2022-06-14 16:31:23 --> [Microsoft][ODBC Driver 17 for SQL Server][SQL Server]Conversion failed when converting the varchar value 'N' to data type int.
CRITICAL - 2022-06-14 16:31:23 --> Call to a member function getResult() on bool
#0 E:\SERVER\laragon\www\api\app\Controllers\BusquedaRines.php(57): App\Models\BusquedaRines_Model->BusquedaRines(0, 0, 0, NULL, NULL, '2', '1051', '1062', '13', NULL, NULL, NULL, NULL, NULL, 'N', 'C', 0, 0, 0, 'B-51')
#1 E:\SERVER\laragon\www\api\vendor\codeigniter4\framework\system\CodeIgniter.php(824): App\Controllers\BusquedaRines->show('2')
#2 E:\SERVER\laragon\www\api\vendor\codeigniter4\framework\system\CodeIgniter.php(410): CodeIgniter\CodeIgniter->runController(Object(App\Controllers\BusquedaRines))
#3 E:\SERVER\laragon\www\api\vendor\codeigniter4\framework\system\CodeIgniter.php(318): CodeIgniter\CodeIgniter->handleRequest(NULL, Object(Config\Cache), false)
#4 E:\SERVER\laragon\www\api\public\index.php(41): CodeIgniter\CodeIgniter->run()
#5 {main}
