CRITICAL - 2023-07-21 09:53:15 --> Cannot declare class App\Controllers\Insertar_Pedido, because the name is already in use
#0 [internal function]: CodeIgniter\Debug\Exceptions->shutdownHandler()
#1 {main}
CRITICAL - 2023-07-21 09:54:49 --> syntax error, unexpected end of file, expecting function (T_FUNCTION) or const (T_CONST)
#0 /opt/lampp/htdocs/api8097/public_html/vendor/codeigniter4/framework/system/Autoloader/Autoloader.php(241): CodeIgniter\Autoloader\Autoloader->includeFile('/opt/lampp/htdo...')
#1 /opt/lampp/htdocs/api8097/public_html/vendor/codeigniter4/framework/system/Autoloader/Autoloader.php(219): CodeIgniter\Autoloader\Autoloader->loadInNamespace('App\\Models\\veri...')
#2 [internal function]: CodeIgniter\Autoloader\Autoloader->loadClass('App\\Models\\veri...')
#3 /opt/lampp/htdocs/api8097/public_html/app/Controllers/verificarOrdenTaller.php(34): spl_autoload_call('App\\Models\\veri...')
#4 /opt/lampp/htdocs/api8097/public_html/vendor/codeigniter4/framework/system/CodeIgniter.php(824): App\Controllers\verificarOrdenTaller->create('$1')
#5 /opt/lampp/htdocs/api8097/public_html/vendor/codeigniter4/framework/system/CodeIgniter.php(410): CodeIgniter\CodeIgniter->runController(Object(App\Controllers\verificarOrdenTaller))
#6 /opt/lampp/htdocs/api8097/public_html/vendor/codeigniter4/framework/system/CodeIgniter.php(318): CodeIgniter\CodeIgniter->handleRequest(NULL, Object(Config\Cache), false)
#7 /opt/lampp/htdocs/api8097/public_html/public/index.php(41): CodeIgniter\CodeIgniter->run()
#8 {main}
CRITICAL - 2023-07-21 10:11:51 --> Undefined offset: 0
#0 /opt/lampp/htdocs/api8097/public_html/app/Models/verificarOrdenTaller_Model.php(18): CodeIgniter\Debug\Exceptions->errorHandler(8, 'Undefined offse...', '/opt/lampp/htdo...', 18, Array)
#1 /opt/lampp/htdocs/api8097/public_html/app/Controllers/verificarOrdenTaller.php(41): App\Models\verificarOrdenTaller_Model->verificarOrdenTaller(NULL)
#2 /opt/lampp/htdocs/api8097/public_html/vendor/codeigniter4/framework/system/CodeIgniter.php(824): App\Controllers\verificarOrdenTaller->create('$1')
#3 /opt/lampp/htdocs/api8097/public_html/vendor/codeigniter4/framework/system/CodeIgniter.php(410): CodeIgniter\CodeIgniter->runController(Object(App\Controllers\verificarOrdenTaller))
#4 /opt/lampp/htdocs/api8097/public_html/vendor/codeigniter4/framework/system/CodeIgniter.php(318): CodeIgniter\CodeIgniter->handleRequest(NULL, Object(Config\Cache), false)
#5 /opt/lampp/htdocs/api8097/public_html/public/index.php(41): CodeIgniter\CodeIgniter->run()
#6 {main}
CRITICAL - 2023-07-21 14:02:43 --> Too few arguments to function App\Controllers\verificarOrdenTaller::create(), 0 passed in /opt/lampp/htdocs/api8097/public_html/vendor/codeigniter4/framework/system/CodeIgniter.php on line 824 and exactly 1 expected
#0 /opt/lampp/htdocs/api8097/public_html/vendor/codeigniter4/framework/system/CodeIgniter.php(824): App\Controllers\verificarOrdenTaller->create()
#1 /opt/lampp/htdocs/api8097/public_html/vendor/codeigniter4/framework/system/CodeIgniter.php(410): CodeIgniter\CodeIgniter->runController(Object(App\Controllers\verificarOrdenTaller))
#2 /opt/lampp/htdocs/api8097/public_html/vendor/codeigniter4/framework/system/CodeIgniter.php(318): CodeIgniter\CodeIgniter->handleRequest(NULL, Object(Config\Cache), false)
#3 /opt/lampp/htdocs/api8097/public_html/public/index.php(41): CodeIgniter\CodeIgniter->run()
#4 {main}
CRITICAL - 2023-07-21 16:40:25 --> Undefined offset: 0
#0 /opt/lampp/htdocs/api8097/public_html/app/Models/verificarOrdenTaller_Model.php(18): CodeIgniter\Debug\Exceptions->errorHandler(8, 'Undefined offse...', '/opt/lampp/htdo...', 18, Array)
#1 /opt/lampp/htdocs/api8097/public_html/app/Controllers/verificarOrdenTaller.php(32): App\Models\verificarOrdenTaller_Model->verificarOrdenTaller('4')
#2 /opt/lampp/htdocs/api8097/public_html/vendor/codeigniter4/framework/system/CodeIgniter.php(824): App\Controllers\verificarOrdenTaller->create('4')
#3 /opt/lampp/htdocs/api8097/public_html/vendor/codeigniter4/framework/system/CodeIgniter.php(410): CodeIgniter\CodeIgniter->runController(Object(App\Controllers\verificarOrdenTaller))
#4 /opt/lampp/htdocs/api8097/public_html/vendor/codeigniter4/framework/system/CodeIgniter.php(318): CodeIgniter\CodeIgniter->handleRequest(NULL, Object(Config\Cache), false)
#5 /opt/lampp/htdocs/api8097/public_html/public/index.php(41): CodeIgniter\CodeIgniter->run()
#6 {main}
CRITICAL - 2023-07-21 16:47:34 --> Undefined offset: 0
#0 /opt/lampp/htdocs/api8097/public_html/app/Models/verificarOrdenTaller_Model.php(18): CodeIgniter\Debug\Exceptions->errorHandler(8, 'Undefined offse...', '/opt/lampp/htdo...', 18, Array)
#1 /opt/lampp/htdocs/api8097/public_html/app/Controllers/verificarOrdenTaller.php(32): App\Models\verificarOrdenTaller_Model->verificarOrdenTaller('4')
#2 /opt/lampp/htdocs/api8097/public_html/vendor/codeigniter4/framework/system/CodeIgniter.php(824): App\Controllers\verificarOrdenTaller->create('4')
#3 /opt/lampp/htdocs/api8097/public_html/vendor/codeigniter4/framework/system/CodeIgniter.php(410): CodeIgniter\CodeIgniter->runController(Object(App\Controllers\verificarOrdenTaller))
#4 /opt/lampp/htdocs/api8097/public_html/vendor/codeigniter4/framework/system/CodeIgniter.php(318): CodeIgniter\CodeIgniter->handleRequest(NULL, Object(Config\Cache), false)
#5 /opt/lampp/htdocs/api8097/public_html/public/index.php(41): CodeIgniter\CodeIgniter->run()
#6 {main}
CRITICAL - 2023-07-21 16:50:02 --> Undefined offset: 0
#0 /opt/lampp/htdocs/api8097/public_html/app/Models/verificarOrdenTaller_Model.php(18): CodeIgniter\Debug\Exceptions->errorHandler(8, 'Undefined offse...', '/opt/lampp/htdo...', 18, Array)
#1 /opt/lampp/htdocs/api8097/public_html/app/Controllers/verificarOrdenTaller.php(32): App\Models\verificarOrdenTaller_Model->verificarOrdenTaller('4')
#2 /opt/lampp/htdocs/api8097/public_html/vendor/codeigniter4/framework/system/CodeIgniter.php(824): App\Controllers\verificarOrdenTaller->create('4')
#3 /opt/lampp/htdocs/api8097/public_html/vendor/codeigniter4/framework/system/CodeIgniter.php(410): CodeIgniter\CodeIgniter->runController(Object(App\Controllers\verificarOrdenTaller))
#4 /opt/lampp/htdocs/api8097/public_html/vendor/codeigniter4/framework/system/CodeIgniter.php(318): CodeIgniter\CodeIgniter->handleRequest(NULL, Object(Config\Cache), false)
#5 /opt/lampp/htdocs/api8097/public_html/public/index.php(41): CodeIgniter\CodeIgniter->run()
#6 {main}
CRITICAL - 2023-07-21 16:50:06 --> Undefined offset: 0
#0 /opt/lampp/htdocs/api8097/public_html/app/Models/verificarOrdenTaller_Model.php(18): CodeIgniter\Debug\Exceptions->errorHandler(8, 'Undefined offse...', '/opt/lampp/htdo...', 18, Array)
#1 /opt/lampp/htdocs/api8097/public_html/app/Controllers/verificarOrdenTaller.php(32): App\Models\verificarOrdenTaller_Model->verificarOrdenTaller('4')
#2 /opt/lampp/htdocs/api8097/public_html/vendor/codeigniter4/framework/system/CodeIgniter.php(824): App\Controllers\verificarOrdenTaller->create('4')
#3 /opt/lampp/htdocs/api8097/public_html/vendor/codeigniter4/framework/system/CodeIgniter.php(410): CodeIgniter\CodeIgniter->runController(Object(App\Controllers\verificarOrdenTaller))
#4 /opt/lampp/htdocs/api8097/public_html/vendor/codeigniter4/framework/system/CodeIgniter.php(318): CodeIgniter\CodeIgniter->handleRequest(NULL, Object(Config\Cache), false)
#5 /opt/lampp/htdocs/api8097/public_html/public/index.php(41): CodeIgniter\CodeIgniter->run()
#6 {main}
CRITICAL - 2023-07-21 16:51:56 --> Undefined offset: 0
#0 /opt/lampp/htdocs/api8097/public_html/app/Models/verificarOrdenTaller_Model.php(18): CodeIgniter\Debug\Exceptions->errorHandler(8, 'Undefined offse...', '/opt/lampp/htdo...', 18, Array)
#1 /opt/lampp/htdocs/api8097/public_html/app/Controllers/verificarOrdenTaller.php(32): App\Models\verificarOrdenTaller_Model->verificarOrdenTaller('4')
#2 /opt/lampp/htdocs/api8097/public_html/vendor/codeigniter4/framework/system/CodeIgniter.php(824): App\Controllers\verificarOrdenTaller->create('4')
#3 /opt/lampp/htdocs/api8097/public_html/vendor/codeigniter4/framework/system/CodeIgniter.php(410): CodeIgniter\CodeIgniter->runController(Object(App\Controllers\verificarOrdenTaller))
#4 /opt/lampp/htdocs/api8097/public_html/vendor/codeigniter4/framework/system/CodeIgniter.php(318): CodeIgniter\CodeIgniter->handleRequest(NULL, Object(Config\Cache), false)
#5 /opt/lampp/htdocs/api8097/public_html/public/index.php(41): CodeIgniter\CodeIgniter->run()
#6 {main}
CRITICAL - 2023-07-21 22:55:28 --> Undefined variable: arrMenu
#0 /opt/lampp/htdocs/api8097/public_html/app/Controllers/Menu.php(111): CodeIgniter\Debug\Exceptions->errorHandler(8, 'Undefined varia...', '/opt/lampp/htdo...', 111, Array)
#1 /opt/lampp/htdocs/api8097/public_html/vendor/codeigniter4/framework/system/CodeIgniter.php(824): App\Controllers\Menu->show('1')
#2 /opt/lampp/htdocs/api8097/public_html/vendor/codeigniter4/framework/system/CodeIgniter.php(410): CodeIgniter\CodeIgniter->runController(Object(App\Controllers\Menu))
#3 /opt/lampp/htdocs/api8097/public_html/vendor/codeigniter4/framework/system/CodeIgniter.php(318): CodeIgniter\CodeIgniter->handleRequest(NULL, Object(Config\Cache), false)
#4 /opt/lampp/htdocs/api8097/public_html/public/index.php(41): CodeIgniter\CodeIgniter->run()
#5 {main}
