ERROR - 2024-02-28 15:46:59 --> [Microsoft][ODBC Driver 17 for SQL Server][SQL Server]Incorrect syntax near the keyword 'FROM'.
CRITICAL - 2024-02-28 15:46:59 --> [Microsoft][ODBC Driver 17 for SQL Server][SQL Server]Incorrect syntax near the keyword 'FROM'.
#0 /opt/lampp/htdocs/api8097/public_html/vendor/codeigniter4/framework/system/Database/BaseConnection.php(670): CodeIgniter\Database\SQLSRV\Connection->execute('{CALL [CLSA].[W...')
#1 /opt/lampp/htdocs/api8097/public_html/vendor/codeigniter4/framework/system/Database/BaseConnection.php(598): CodeIgniter\Database\BaseConnection->simpleQuery('{CALL [CLSA].[W...')
#2 /opt/lampp/htdocs/api8097/public_html/app/Models/GetFiltrosWMS_Model.php(16): CodeIgniter\Database\BaseConnection->query('{CALL [CLSA].[W...', Array)
#3 /opt/lampp/htdocs/api8097/public_html/app/Controllers/GetFiltrosWMS.php(31): App\Models\GetFiltrosWMS_Model->GetFiltros('S', 'undefined', 'undefined', 'undefined', 'undefined', 'undefined', 'undefined')
#4 /opt/lampp/htdocs/api8097/public_html/vendor/codeigniter4/framework/system/CodeIgniter.php(824): App\Controllers\GetFiltrosWMS->index()
#5 /opt/lampp/htdocs/api8097/public_html/vendor/codeigniter4/framework/system/CodeIgniter.php(410): CodeIgniter\CodeIgniter->runController(Object(App\Controllers\GetFiltrosWMS))
#6 /opt/lampp/htdocs/api8097/public_html/vendor/codeigniter4/framework/system/CodeIgniter.php(318): CodeIgniter\CodeIgniter->handleRequest(NULL, Object(Config\Cache), false)
#7 /opt/lampp/htdocs/api8097/public_html/public/index.php(41): CodeIgniter\CodeIgniter->run()
#8 {main}
ERROR - 2024-02-28 15:49:46 --> [Microsoft][ODBC Driver 17 for SQL Server][SQL Server]Incorrect syntax near the keyword 'FROM'.
CRITICAL - 2024-02-28 15:49:46 --> [Microsoft][ODBC Driver 17 for SQL Server][SQL Server]Incorrect syntax near the keyword 'FROM'.
#0 /opt/lampp/htdocs/api8097/public_html/vendor/codeigniter4/framework/system/Database/BaseConnection.php(670): CodeIgniter\Database\SQLSRV\Connection->execute('{CALL [CLSA].[W...')
#1 /opt/lampp/htdocs/api8097/public_html/vendor/codeigniter4/framework/system/Database/BaseConnection.php(598): CodeIgniter\Database\BaseConnection->simpleQuery('{CALL [CLSA].[W...')
#2 /opt/lampp/htdocs/api8097/public_html/app/Models/GetFiltrosWMS_Model.php(16): CodeIgniter\Database\BaseConnection->query('{CALL [CLSA].[W...', Array)
#3 /opt/lampp/htdocs/api8097/public_html/app/Controllers/GetFiltrosWMS.php(31): App\Models\GetFiltrosWMS_Model->GetFiltros('S', 'undefined', 'undefined', 'undefined', 'undefined', 'undefined', 'undefined')
#4 /opt/lampp/htdocs/api8097/public_html/vendor/codeigniter4/framework/system/CodeIgniter.php(824): App\Controllers\GetFiltrosWMS->index()
#5 /opt/lampp/htdocs/api8097/public_html/vendor/codeigniter4/framework/system/CodeIgniter.php(410): CodeIgniter\CodeIgniter->runController(Object(App\Controllers\GetFiltrosWMS))
#6 /opt/lampp/htdocs/api8097/public_html/vendor/codeigniter4/framework/system/CodeIgniter.php(318): CodeIgniter\CodeIgniter->handleRequest(NULL, Object(Config\Cache), false)
#7 /opt/lampp/htdocs/api8097/public_html/public/index.php(41): CodeIgniter\CodeIgniter->run()
#8 {main}
ERROR - 2024-02-28 15:51:51 --> [Microsoft][ODBC Driver 17 for SQL Server][SQL Server]Incorrect syntax near the keyword 'FROM'.
CRITICAL - 2024-02-28 15:51:51 --> [Microsoft][ODBC Driver 17 for SQL Server][SQL Server]Incorrect syntax near the keyword 'FROM'.
#0 /opt/lampp/htdocs/api8097/public_html/vendor/codeigniter4/framework/system/Database/BaseConnection.php(670): CodeIgniter\Database\SQLSRV\Connection->execute('{CALL [CLSA].[W...')
#1 /opt/lampp/htdocs/api8097/public_html/vendor/codeigniter4/framework/system/Database/BaseConnection.php(598): CodeIgniter\Database\BaseConnection->simpleQuery('{CALL [CLSA].[W...')
#2 /opt/lampp/htdocs/api8097/public_html/app/Models/GetFiltrosWMS_Model.php(16): CodeIgniter\Database\BaseConnection->query('{CALL [CLSA].[W...', Array)
#3 /opt/lampp/htdocs/api8097/public_html/app/Controllers/GetFiltrosWMS.php(31): App\Models\GetFiltrosWMS_Model->GetFiltros('S', 'undefined', 'undefined', 'undefined', 'undefined', 'undefined', 'undefined')
#4 /opt/lampp/htdocs/api8097/public_html/vendor/codeigniter4/framework/system/CodeIgniter.php(824): App\Controllers\GetFiltrosWMS->index()
#5 /opt/lampp/htdocs/api8097/public_html/vendor/codeigniter4/framework/system/CodeIgniter.php(410): CodeIgniter\CodeIgniter->runController(Object(App\Controllers\GetFiltrosWMS))
#6 /opt/lampp/htdocs/api8097/public_html/vendor/codeigniter4/framework/system/CodeIgniter.php(318): CodeIgniter\CodeIgniter->handleRequest(NULL, Object(Config\Cache), false)
#7 /opt/lampp/htdocs/api8097/public_html/public/index.php(41): CodeIgniter\CodeIgniter->run()
#8 {main}
ERROR - 2024-02-28 15:53:41 --> [Microsoft][ODBC Driver 17 for SQL Server][SQL Server]Incorrect syntax near the keyword 'FROM'.
CRITICAL - 2024-02-28 15:53:41 --> [Microsoft][ODBC Driver 17 for SQL Server][SQL Server]Incorrect syntax near the keyword 'FROM'.
#0 /opt/lampp/htdocs/api8097/public_html/vendor/codeigniter4/framework/system/Database/BaseConnection.php(670): CodeIgniter\Database\SQLSRV\Connection->execute('{CALL [CLSA].[W...')
#1 /opt/lampp/htdocs/api8097/public_html/vendor/codeigniter4/framework/system/Database/BaseConnection.php(598): CodeIgniter\Database\BaseConnection->simpleQuery('{CALL [CLSA].[W...')
#2 /opt/lampp/htdocs/api8097/public_html/app/Models/GetFiltrosWMS_Model.php(16): CodeIgniter\Database\BaseConnection->query('{CALL [CLSA].[W...', Array)
#3 /opt/lampp/htdocs/api8097/public_html/app/Controllers/GetFiltrosWMS.php(31): App\Models\GetFiltrosWMS_Model->GetFiltros('S', 'null', 'null', 'null', 'null', 'null', 'null')
#4 /opt/lampp/htdocs/api8097/public_html/vendor/codeigniter4/framework/system/CodeIgniter.php(824): App\Controllers\GetFiltrosWMS->index()
#5 /opt/lampp/htdocs/api8097/public_html/vendor/codeigniter4/framework/system/CodeIgniter.php(410): CodeIgniter\CodeIgniter->runController(Object(App\Controllers\GetFiltrosWMS))
#6 /opt/lampp/htdocs/api8097/public_html/vendor/codeigniter4/framework/system/CodeIgniter.php(318): CodeIgniter\CodeIgniter->handleRequest(NULL, Object(Config\Cache), false)
#7 /opt/lampp/htdocs/api8097/public_html/public/index.php(41): CodeIgniter\CodeIgniter->run()
#8 {main}
ERROR - 2024-02-28 15:54:33 --> [Microsoft][ODBC Driver 17 for SQL Server][SQL Server]Incorrect syntax near the keyword 'FROM'.
CRITICAL - 2024-02-28 15:54:33 --> [Microsoft][ODBC Driver 17 for SQL Server][SQL Server]Incorrect syntax near the keyword 'FROM'.
#0 /opt/lampp/htdocs/api8097/public_html/vendor/codeigniter4/framework/system/Database/BaseConnection.php(670): CodeIgniter\Database\SQLSRV\Connection->execute('{CALL [CLSA].[W...')
#1 /opt/lampp/htdocs/api8097/public_html/vendor/codeigniter4/framework/system/Database/BaseConnection.php(598): CodeIgniter\Database\BaseConnection->simpleQuery('{CALL [CLSA].[W...')
#2 /opt/lampp/htdocs/api8097/public_html/app/Models/GetFiltrosWMS_Model.php(16): CodeIgniter\Database\BaseConnection->query('{CALL [CLSA].[W...', Array)
#3 /opt/lampp/htdocs/api8097/public_html/app/Controllers/GetFiltrosWMS.php(31): App\Models\GetFiltrosWMS_Model->GetFiltros('S', 'null', 'null', 'null', 'null', 'null', 'null')
#4 /opt/lampp/htdocs/api8097/public_html/vendor/codeigniter4/framework/system/CodeIgniter.php(824): App\Controllers\GetFiltrosWMS->index()
#5 /opt/lampp/htdocs/api8097/public_html/vendor/codeigniter4/framework/system/CodeIgniter.php(410): CodeIgniter\CodeIgniter->runController(Object(App\Controllers\GetFiltrosWMS))
#6 /opt/lampp/htdocs/api8097/public_html/vendor/codeigniter4/framework/system/CodeIgniter.php(318): CodeIgniter\CodeIgniter->handleRequest(NULL, Object(Config\Cache), false)
#7 /opt/lampp/htdocs/api8097/public_html/public/index.php(41): CodeIgniter\CodeIgniter->run()
#8 {main}
